[0.011s] Invoking command in '/home/e/ros2_ws/build/shape_msgs': AMENT_PREFIX_PATH=/home/e/ros2_ws/install/geometry_msgs:/home/e/ros2_ws/install/std_msgs:/home/e/ros2_ws/install/builtin_interfaces:${AMENT_PREFIX_PATH} CMAKE_PREFIX_PATH=/home/e/ros2_ws/install/geometry_msgs:/home/e/ros2_ws/install/std_msgs:/home/e/ros2_ws/install/builtin_interfaces:/home/e/ros2_ws/install/rosidl_typesupport_microxrcedds_cpp:/home/e/ros2_ws/install/rosidl_typesupport_microxrcedds_c:/home/e/ros2_ws/install/microcdr:/home/e/ros2_ws/install/micro_ros_setup:/opt/ros/humble LD_LIBRARY_PATH=/home/e/ros2_ws/install/geometry_msgs/lib:/home/e/ros2_ws/install/std_msgs/lib:/home/e/ros2_ws/install/builtin_interfaces/lib:${LD_LIBRARY_PATH} PYTHONPATH=/home/e/ros2_ws/install/geometry_msgs/local/lib/python3.10/dist-packages:/home/e/ros2_ws/install/std_msgs/local/lib/python3.10/dist-packages:/home/e/ros2_ws/install/builtin_interfaces/local/lib/python3.10/dist-packages:${PYTHONPATH} /usr/bin/cmake /home/e/ros2_ws/src/ros2/common_interfaces/shape_msgs -DBUILD_TESTING=OFF -DBUILD_SHARED_LIBS=ON -DCMAKE_INSTALL_PREFIX=/home/e/ros2_ws/install/shape_msgs
[0.073s] -- The C compiler identification is GNU 11.4.0
[0.131s] -- The CXX compiler identification is GNU 11.4.0
[0.139s] -- Detecting C compiler ABI info
[0.210s] -- Detecting C compiler ABI info - done
[0.217s] -- Check for working C compiler: /usr/bin/cc - skipped
[0.217s] -- Detecting C compile features
[0.217s] -- Detecting C compile features - done
[0.219s] -- Detecting CXX compiler ABI info
[0.302s] -- Detecting CXX compiler ABI info - done
[0.309s] -- Check for working CXX compiler: /usr/bin/c++ - skipped
[0.310s] -- Detecting CXX compile features
[0.310s] -- Detecting CXX compile features - done
[0.312s] -- Found ament_cmake: 1.3.12 (/opt/ros/humble/share/ament_cmake/cmake)
[0.465s] -- Found Python3: /usr/bin/python3 (found version "3.10.12") found components: Interpreter 
[0.554s] -- Found geometry_msgs: 4.9.0 (/home/e/ros2_ws/install/geometry_msgs/share/geometry_msgs/cmake)
[0.584s] -- Found rosidl_generator_c: 3.1.7 (/opt/ros/humble/share/rosidl_generator_c/cmake)
[0.589s] -- Found rosidl_adapter: 3.1.7 (/opt/ros/humble/share/rosidl_adapter/cmake)
[0.599s] -- Found rosidl_generator_cpp: 3.1.7 (/opt/ros/humble/share/rosidl_generator_cpp/cmake)
[0.611s] -- Using all available rosidl_typesupport_c: rosidl_typesupport_microxrcedds_c;rosidl_typesupport_fastrtps_c;rosidl_typesupport_introspection_c
[0.631s] -- Using all available rosidl_typesupport_cpp: rosidl_typesupport_microxrcedds_cpp;rosidl_typesupport_fastrtps_cpp;rosidl_typesupport_introspection_cpp
[0.681s] -- Found rosidl_default_generators: 1.2.0 (/opt/ros/humble/share/rosidl_default_generators/cmake)
[0.993s] -- Found ament_cmake_ros: 0.10.0 (/opt/ros/humble/share/ament_cmake_ros/cmake)
[1.520s] -- Using all available rosidl_typesupport_c: rosidl_typesupport_microxrcedds_c;rosidl_typesupport_fastrtps_c;rosidl_typesupport_introspection_c
[1.747s] -- Using all available rosidl_typesupport_cpp: rosidl_typesupport_microxrcedds_cpp;rosidl_typesupport_fastrtps_cpp;rosidl_typesupport_introspection_cpp
[1.769s] -- Found PythonInterp: /usr/bin/python3 (found suitable version "3.10.12", minimum required is "3.6") 
[1.770s] -- Found python_cmake_module: 0.10.0 (/opt/ros/humble/share/python_cmake_module/cmake)
[1.793s] -- Found PythonLibs: /usr/lib/x86_64-linux-gnu/libpython3.10.so (found suitable version "3.10.12", minimum required is "3.5") 
[1.794s] -- Using PYTHON_EXECUTABLE: /usr/bin/python3
[1.794s] -- Using PYTHON_INCLUDE_DIRS: /usr/include/python3.10
[1.794s] -- Using PYTHON_LIBRARIES: /usr/lib/x86_64-linux-gnu/libpython3.10.so
[1.814s] -- Found PythonExtra: .so  
[1.888s] -- Configuring done
[1.943s] -- Generating done
[1.955s] -- Build files have been written to: /home/e/ros2_ws/build/shape_msgs
[1.964s] Invoked command in '/home/e/ros2_ws/build/shape_msgs' returned '0': AMENT_PREFIX_PATH=/home/e/ros2_ws/install/geometry_msgs:/home/e/ros2_ws/install/std_msgs:/home/e/ros2_ws/install/builtin_interfaces:${AMENT_PREFIX_PATH} CMAKE_PREFIX_PATH=/home/e/ros2_ws/install/geometry_msgs:/home/e/ros2_ws/install/std_msgs:/home/e/ros2_ws/install/builtin_interfaces:/home/e/ros2_ws/install/rosidl_typesupport_microxrcedds_cpp:/home/e/ros2_ws/install/rosidl_typesupport_microxrcedds_c:/home/e/ros2_ws/install/microcdr:/home/e/ros2_ws/install/micro_ros_setup:/opt/ros/humble LD_LIBRARY_PATH=/home/e/ros2_ws/install/geometry_msgs/lib:/home/e/ros2_ws/install/std_msgs/lib:/home/e/ros2_ws/install/builtin_interfaces/lib:${LD_LIBRARY_PATH} PYTHONPATH=/home/e/ros2_ws/install/geometry_msgs/local/lib/python3.10/dist-packages:/home/e/ros2_ws/install/std_msgs/local/lib/python3.10/dist-packages:/home/e/ros2_ws/install/builtin_interfaces/local/lib/python3.10/dist-packages:${PYTHONPATH} /usr/bin/cmake /home/e/ros2_ws/src/ros2/common_interfaces/shape_msgs -DBUILD_TESTING=OFF -DBUILD_SHARED_LIBS=ON -DCMAKE_INSTALL_PREFIX=/home/e/ros2_ws/install/shape_msgs
[1.969s] Invoking command in '/home/e/ros2_ws/build/shape_msgs': AMENT_PREFIX_PATH=/home/e/ros2_ws/install/geometry_msgs:/home/e/ros2_ws/install/std_msgs:/home/e/ros2_ws/install/builtin_interfaces:${AMENT_PREFIX_PATH} CMAKE_PREFIX_PATH=/home/e/ros2_ws/install/geometry_msgs:/home/e/ros2_ws/install/std_msgs:/home/e/ros2_ws/install/builtin_interfaces:/home/e/ros2_ws/install/rosidl_typesupport_microxrcedds_cpp:/home/e/ros2_ws/install/rosidl_typesupport_microxrcedds_c:/home/e/ros2_ws/install/microcdr:/home/e/ros2_ws/install/micro_ros_setup:/opt/ros/humble LD_LIBRARY_PATH=/home/e/ros2_ws/install/geometry_msgs/lib:/home/e/ros2_ws/install/std_msgs/lib:/home/e/ros2_ws/install/builtin_interfaces/lib:${LD_LIBRARY_PATH} PYTHONPATH=/home/e/ros2_ws/install/geometry_msgs/local/lib/python3.10/dist-packages:/home/e/ros2_ws/install/std_msgs/local/lib/python3.10/dist-packages:/home/e/ros2_ws/install/builtin_interfaces/local/lib/python3.10/dist-packages:${PYTHONPATH} /usr/bin/cmake --build /home/e/ros2_ws/build/shape_msgs -- -j2 -l2
[2.021s] [  1%] [34m[1mGenerating C++ code for ROS interfaces[0m
[2.732s] [  1%] Built target shape_msgs__cpp
[2.746s] [  2%] [34m[1mGenerating C code for ROS interfaces[0m
[3.464s] [  4%] [32mBuilding C object CMakeFiles/shape_msgs__rosidl_generator_c.dir/rosidl_generator_c/shape_msgs/msg/detail/mesh__functions.c.o[0m
[3.524s] [  5%] [32mBuilding C object CMakeFiles/shape_msgs__rosidl_generator_c.dir/rosidl_generator_c/shape_msgs/msg/detail/mesh_triangle__functions.c.o[0m
[3.572s] [  7%] [32mBuilding C object CMakeFiles/shape_msgs__rosidl_generator_c.dir/rosidl_generator_c/shape_msgs/msg/detail/plane__functions.c.o[0m
[3.619s] [  8%] [32mBuilding C object CMakeFiles/shape_msgs__rosidl_generator_c.dir/rosidl_generator_c/shape_msgs/msg/detail/solid_primitive__functions.c.o[0m
[3.675s] [ 10%] [32m[1mLinking C shared library libshape_msgs__rosidl_generator_c.so[0m
[3.713s] [ 10%] Built target shape_msgs__rosidl_generator_c
[3.750s] [ 10%] Built target ament_cmake_python_copy_shape_msgs
[3.762s] [ 11%] [34m[1mGenerating C++ type support dispatch for ROS interfaces[0m
[4.239s] [ 13%] [32mBuilding CXX object CMakeFiles/shape_msgs__rosidl_typesupport_cpp.dir/rosidl_typesupport_cpp/shape_msgs/msg/mesh__type_support.cpp.o[0m
[4.467s] [ 14%] [32mBuilding CXX object CMakeFiles/shape_msgs__rosidl_typesupport_cpp.dir/rosidl_typesupport_cpp/shape_msgs/msg/mesh_triangle__type_support.cpp.o[0m
[4.713s] [ 15%] [32mBuilding CXX object CMakeFiles/shape_msgs__rosidl_typesupport_cpp.dir/rosidl_typesupport_cpp/shape_msgs/msg/plane__type_support.cpp.o[0m
[4.981s] [ 17%] [32mBuilding CXX object CMakeFiles/shape_msgs__rosidl_typesupport_cpp.dir/rosidl_typesupport_cpp/shape_msgs/msg/solid_primitive__type_support.cpp.o[0m
[5.211s] [ 18%] [32m[1mLinking CXX shared library libshape_msgs__rosidl_typesupport_cpp.so[0m
[5.251s] [ 18%] Built target shape_msgs__rosidl_typesupport_cpp
[5.263s] [ 20%] [34m[1mGenerating C type support for eProsima Fast-RTPS[0m
[5.834s] [ 21%] [32mBuilding CXX object CMakeFiles/shape_msgs__rosidl_typesupport_fastrtps_c.dir/rosidl_typesupport_fastrtps_c/shape_msgs/msg/detail/mesh__type_support_c.cpp.o[0m
[6.154s] [ 23%] [32mBuilding CXX object CMakeFiles/shape_msgs__rosidl_typesupport_fastrtps_c.dir/rosidl_typesupport_fastrtps_c/shape_msgs/msg/detail/mesh_triangle__type_support_c.cpp.o[0m
[6.467s] [ 24%] [32mBuilding CXX object CMakeFiles/shape_msgs__rosidl_typesupport_fastrtps_c.dir/rosidl_typesupport_fastrtps_c/shape_msgs/msg/detail/plane__type_support_c.cpp.o[0m
[6.756s] [ 26%] [32mBuilding CXX object CMakeFiles/shape_msgs__rosidl_typesupport_fastrtps_c.dir/rosidl_typesupport_fastrtps_c/shape_msgs/msg/detail/solid_primitive__type_support_c.cpp.o[0m
[7.079s] [ 27%] [32m[1mLinking CXX shared library libshape_msgs__rosidl_typesupport_fastrtps_c.so[0m
[7.176s] [ 27%] Built target shape_msgs__rosidl_typesupport_fastrtps_c
[7.188s] [ 28%] [34m[1mGenerating C++ type support for eProsima Fast-RTPS[0m
[7.778s] [ 30%] [32mBuilding CXX object CMakeFiles/shape_msgs__rosidl_typesupport_fastrtps_cpp.dir/rosidl_typesupport_fastrtps_cpp/shape_msgs/msg/detail/dds_fastrtps/mesh__type_support.cpp.o[0m
[8.191s] [ 31%] [32mBuilding CXX object CMakeFiles/shape_msgs__rosidl_typesupport_fastrtps_cpp.dir/rosidl_typesupport_fastrtps_cpp/shape_msgs/msg/detail/dds_fastrtps/mesh_triangle__type_support.cpp.o[0m
[8.542s] [ 33%] [32mBuilding CXX object CMakeFiles/shape_msgs__rosidl_typesupport_fastrtps_cpp.dir/rosidl_typesupport_fastrtps_cpp/shape_msgs/msg/detail/dds_fastrtps/plane__type_support.cpp.o[0m
[8.886s] [ 34%] [32mBuilding CXX object CMakeFiles/shape_msgs__rosidl_typesupport_fastrtps_cpp.dir/rosidl_typesupport_fastrtps_cpp/shape_msgs/msg/detail/dds_fastrtps/solid_primitive__type_support.cpp.o[0m
[9.283s] [ 36%] [32m[1mLinking CXX shared library libshape_msgs__rosidl_typesupport_fastrtps_cpp.so[0m
[9.381s] [ 36%] Built target shape_msgs__rosidl_typesupport_fastrtps_cpp
[9.389s] [ 37%] [34m[1mGenerating C type support for eProsima Micro XRCE-DDS[0m
[9.960s] [ 39%] [32mBuilding C object CMakeFiles/shape_msgs__rosidl_typesupport_microxrcedds_c.dir/rosidl_typesupport_microxrcedds_c/shape_msgs/msg/detail/microxrcedds/mesh__type_support_c.c.o[0m
[10.004s] [ 40%] [32mBuilding C object CMakeFiles/shape_msgs__rosidl_typesupport_microxrcedds_c.dir/rosidl_typesupport_microxrcedds_c/shape_msgs/msg/detail/microxrcedds/mesh_triangle__type_support_c.c.o[0m
[10.049s] [ 42%] [32mBuilding C object CMakeFiles/shape_msgs__rosidl_typesupport_microxrcedds_c.dir/rosidl_typesupport_microxrcedds_c/shape_msgs/msg/detail/microxrcedds/plane__type_support_c.c.o[0m
[10.090s] [ 43%] [32mBuilding C object CMakeFiles/shape_msgs__rosidl_typesupport_microxrcedds_c.dir/rosidl_typesupport_microxrcedds_c/shape_msgs/msg/detail/microxrcedds/solid_primitive__type_support_c.c.o[0m
[10.134s] [ 44%] [32m[1mLinking C shared library libshape_msgs__rosidl_typesupport_microxrcedds_c.so[0m
[10.176s] [ 44%] Built target shape_msgs__rosidl_typesupport_microxrcedds_c
[10.187s] [ 46%] [34m[1mGenerating C introspection for ROS interfaces[0m
[10.717s] [ 47%] [32mBuilding C object CMakeFiles/shape_msgs__rosidl_typesupport_introspection_c.dir/rosidl_typesupport_introspection_c/shape_msgs/msg/detail/mesh__type_support.c.o[0m
[10.758s] [ 49%] [32mBuilding C object CMakeFiles/shape_msgs__rosidl_typesupport_introspection_c.dir/rosidl_typesupport_introspection_c/shape_msgs/msg/detail/mesh_triangle__type_support.c.o[0m
[10.793s] [ 50%] [32mBuilding C object CMakeFiles/shape_msgs__rosidl_typesupport_introspection_c.dir/rosidl_typesupport_introspection_c/shape_msgs/msg/detail/plane__type_support.c.o[0m
[10.826s] [ 52%] [32mBuilding C object CMakeFiles/shape_msgs__rosidl_typesupport_introspection_c.dir/rosidl_typesupport_introspection_c/shape_msgs/msg/detail/solid_primitive__type_support.c.o[0m
[10.864s] [ 53%] [32m[1mLinking C shared library libshape_msgs__rosidl_typesupport_introspection_c.so[0m
[10.897s] [ 53%] Built target shape_msgs__rosidl_typesupport_introspection_c
[10.909s] [ 55%] [34m[1mGenerating C type support dispatch for ROS interfaces[0m
[11.395s] [ 56%] [32mBuilding CXX object CMakeFiles/shape_msgs__rosidl_typesupport_c.dir/rosidl_typesupport_c/shape_msgs/msg/mesh__type_support.cpp.o[0m
[11.423s] [ 57%] [32mBuilding CXX object CMakeFiles/shape_msgs__rosidl_typesupport_c.dir/rosidl_typesupport_c/shape_msgs/msg/mesh_triangle__type_support.cpp.o[0m
[11.454s] [ 59%] [32mBuilding CXX object CMakeFiles/shape_msgs__rosidl_typesupport_c.dir/rosidl_typesupport_c/shape_msgs/msg/plane__type_support.cpp.o[0m
[11.484s] [ 60%] [32mBuilding CXX object CMakeFiles/shape_msgs__rosidl_typesupport_c.dir/rosidl_typesupport_c/shape_msgs/msg/solid_primitive__type_support.cpp.o[0m
[11.514s] [ 62%] [32m[1mLinking CXX shared library libshape_msgs__rosidl_typesupport_c.so[0m
[11.558s] [ 62%] Built target shape_msgs__rosidl_typesupport_c
[11.569s] [ 63%] [34m[1mGenerating C++ type support for eProsima Micro XRCE-DDS[0m
[12.150s] [ 65%] [32mBuilding CXX object CMakeFiles/shape_msgs__rosidl_typesupport_microxrcedds_cpp.dir/rosidl_typesupport_microxrcedds_cpp/shape_msgs/msg/detail/microxrcedds/mesh__type_support_cpp.cpp.o[0m
[12.467s] [ 66%] [32mBuilding CXX object CMakeFiles/shape_msgs__rosidl_typesupport_microxrcedds_cpp.dir/rosidl_typesupport_microxrcedds_cpp/shape_msgs/msg/detail/microxrcedds/mesh_triangle__type_support_cpp.cpp.o[0m
[12.936s] [ 68%] [32mBuilding CXX object CMakeFiles/shape_msgs__rosidl_typesupport_microxrcedds_cpp.dir/rosidl_typesupport_microxrcedds_cpp/shape_msgs/msg/detail/microxrcedds/plane__type_support_cpp.cpp.o[0m
[13.245s] [ 69%] [32mBuilding CXX object CMakeFiles/shape_msgs__rosidl_typesupport_microxrcedds_cpp.dir/rosidl_typesupport_microxrcedds_cpp/shape_msgs/msg/detail/microxrcedds/solid_primitive__type_support_cpp.cpp.o[0m
[13.637s] [ 71%] [32m[1mLinking CXX shared library libshape_msgs__rosidl_typesupport_microxrcedds_cpp.so[0m
[13.728s] [ 71%] Built target shape_msgs__rosidl_typesupport_microxrcedds_cpp
[13.741s] [ 72%] [34m[1mGenerating C++ introspection for ROS interfaces[0m
[14.287s] [ 73%] [32mBuilding CXX object CMakeFiles/shape_msgs__rosidl_typesupport_introspection_cpp.dir/rosidl_typesupport_introspection_cpp/shape_msgs/msg/detail/mesh__type_support.cpp.o[0m
[14.702s] [ 75%] [32mBuilding CXX object CMakeFiles/shape_msgs__rosidl_typesupport_introspection_cpp.dir/rosidl_typesupport_introspection_cpp/shape_msgs/msg/detail/mesh_triangle__type_support.cpp.o[0m
[15.040s] [ 76%] [32mBuilding CXX object CMakeFiles/shape_msgs__rosidl_typesupport_introspection_cpp.dir/rosidl_typesupport_introspection_cpp/shape_msgs/msg/detail/plane__type_support.cpp.o[0m
[15.363s] [ 78%] [32mBuilding CXX object CMakeFiles/shape_msgs__rosidl_typesupport_introspection_cpp.dir/rosidl_typesupport_introspection_cpp/shape_msgs/msg/detail/solid_primitive__type_support.cpp.o[0m
[15.777s] [ 79%] [32m[1mLinking CXX shared library libshape_msgs__rosidl_typesupport_introspection_cpp.so[0m
[15.863s] [ 79%] Built target shape_msgs__rosidl_typesupport_introspection_cpp
[16.086s] running egg_info
[16.087s] creating shape_msgs.egg-info
[16.087s] writing shape_msgs.egg-info/PKG-INFO
[16.087s] writing dependency_links to shape_msgs.egg-info/dependency_links.txt
[16.087s] writing top-level names to shape_msgs.egg-info/top_level.txt
[16.089s] writing manifest file 'shape_msgs.egg-info/SOURCES.txt'
[16.089s] reading manifest file 'shape_msgs.egg-info/SOURCES.txt'
[16.090s] writing manifest file 'shape_msgs.egg-info/SOURCES.txt'
[16.121s] [ 79%] Built target ament_cmake_python_build_shape_msgs_egg
[16.143s] [ 79%] Built target shape_msgs
[16.164s] [ 81%] [34m[1mGenerating Python code for ROS interfaces[0m
[17.105s] [ 81%] Built target shape_msgs__py
[17.135s] [ 82%] [32mBuilding C object CMakeFiles/shape_msgs__rosidl_generator_py.dir/rosidl_generator_py/shape_msgs/msg/_mesh_s.c.o[0m
[17.223s] [ 84%] [32mBuilding C object CMakeFiles/shape_msgs__rosidl_generator_py.dir/rosidl_generator_py/shape_msgs/msg/_mesh_triangle_s.c.o[0m
[17.328s] [ 85%] [32mBuilding C object CMakeFiles/shape_msgs__rosidl_generator_py.dir/rosidl_generator_py/shape_msgs/msg/_plane_s.c.o[0m
[17.415s] [ 86%] [32mBuilding C object CMakeFiles/shape_msgs__rosidl_generator_py.dir/rosidl_generator_py/shape_msgs/msg/_solid_primitive_s.c.o[0m
[17.532s] [ 88%] [32m[1mLinking C shared library rosidl_generator_py/shape_msgs/libshape_msgs__rosidl_generator_py.so[0m
[17.578s] [ 88%] Built target shape_msgs__rosidl_generator_py
[17.601s] [ 89%] [32mBuilding C object CMakeFiles/shape_msgs__rosidl_typesupport_microxrcedds_c__pyext.dir/rosidl_generator_py/shape_msgs/_shape_msgs_s.ep.rosidl_typesupport_microxrcedds_c.c.o[0m
[17.701s] [ 91%] [32m[1mLinking C shared library rosidl_generator_py/shape_msgs/shape_msgs_s__rosidl_typesupport_microxrcedds_c.cpython-310-x86_64-linux-gnu.so[0m
[17.777s] [ 91%] Built target shape_msgs__rosidl_typesupport_microxrcedds_c__pyext
[17.816s] [ 92%] [32mBuilding C object CMakeFiles/shape_msgs__rosidl_typesupport_fastrtps_c__pyext.dir/rosidl_generator_py/shape_msgs/_shape_msgs_s.ep.rosidl_typesupport_fastrtps_c.c.o[0m
[17.958s] [ 94%] [32m[1mLinking C shared library rosidl_generator_py/shape_msgs/shape_msgs_s__rosidl_typesupport_fastrtps_c.cpython-310-x86_64-linux-gnu.so[0m
[18.007s] [ 94%] Built target shape_msgs__rosidl_typesupport_fastrtps_c__pyext
[18.031s] [ 95%] [32mBuilding C object CMakeFiles/shape_msgs__rosidl_typesupport_introspection_c__pyext.dir/rosidl_generator_py/shape_msgs/_shape_msgs_s.ep.rosidl_typesupport_introspection_c.c.o[0m
[18.133s] [ 97%] [32m[1mLinking C shared library rosidl_generator_py/shape_msgs/shape_msgs_s__rosidl_typesupport_introspection_c.cpython-310-x86_64-linux-gnu.so[0m
[18.174s] [ 97%] Built target shape_msgs__rosidl_typesupport_introspection_c__pyext
[18.194s] [ 98%] [32mBuilding C object CMakeFiles/shape_msgs__rosidl_typesupport_c__pyext.dir/rosidl_generator_py/shape_msgs/_shape_msgs_s.ep.rosidl_typesupport_c.c.o[0m
[18.296s] [100%] [32m[1mLinking C shared library rosidl_generator_py/shape_msgs/shape_msgs_s__rosidl_typesupport_c.cpython-310-x86_64-linux-gnu.so[0m
[18.339s] [100%] Built target shape_msgs__rosidl_typesupport_c__pyext
[18.354s] Invoked command in '/home/e/ros2_ws/build/shape_msgs' returned '0': AMENT_PREFIX_PATH=/home/e/ros2_ws/install/geometry_msgs:/home/e/ros2_ws/install/std_msgs:/home/e/ros2_ws/install/builtin_interfaces:${AMENT_PREFIX_PATH} CMAKE_PREFIX_PATH=/home/e/ros2_ws/install/geometry_msgs:/home/e/ros2_ws/install/std_msgs:/home/e/ros2_ws/install/builtin_interfaces:/home/e/ros2_ws/install/rosidl_typesupport_microxrcedds_cpp:/home/e/ros2_ws/install/rosidl_typesupport_microxrcedds_c:/home/e/ros2_ws/install/microcdr:/home/e/ros2_ws/install/micro_ros_setup:/opt/ros/humble LD_LIBRARY_PATH=/home/e/ros2_ws/install/geometry_msgs/lib:/home/e/ros2_ws/install/std_msgs/lib:/home/e/ros2_ws/install/builtin_interfaces/lib:${LD_LIBRARY_PATH} PYTHONPATH=/home/e/ros2_ws/install/geometry_msgs/local/lib/python3.10/dist-packages:/home/e/ros2_ws/install/std_msgs/local/lib/python3.10/dist-packages:/home/e/ros2_ws/install/builtin_interfaces/local/lib/python3.10/dist-packages:${PYTHONPATH} /usr/bin/cmake --build /home/e/ros2_ws/build/shape_msgs -- -j2 -l2
[18.354s] Invoking command in '/home/e/ros2_ws/build/shape_msgs': AMENT_PREFIX_PATH=/home/e/ros2_ws/install/geometry_msgs:/home/e/ros2_ws/install/std_msgs:/home/e/ros2_ws/install/builtin_interfaces:${AMENT_PREFIX_PATH} CMAKE_PREFIX_PATH=/home/e/ros2_ws/install/geometry_msgs:/home/e/ros2_ws/install/std_msgs:/home/e/ros2_ws/install/builtin_interfaces:/home/e/ros2_ws/install/rosidl_typesupport_microxrcedds_cpp:/home/e/ros2_ws/install/rosidl_typesupport_microxrcedds_c:/home/e/ros2_ws/install/microcdr:/home/e/ros2_ws/install/micro_ros_setup:/opt/ros/humble LD_LIBRARY_PATH=/home/e/ros2_ws/install/geometry_msgs/lib:/home/e/ros2_ws/install/std_msgs/lib:/home/e/ros2_ws/install/builtin_interfaces/lib:${LD_LIBRARY_PATH} PYTHONPATH=/home/e/ros2_ws/install/geometry_msgs/local/lib/python3.10/dist-packages:/home/e/ros2_ws/install/std_msgs/local/lib/python3.10/dist-packages:/home/e/ros2_ws/install/builtin_interfaces/local/lib/python3.10/dist-packages:${PYTHONPATH} /usr/bin/cmake --install /home/e/ros2_ws/build/shape_msgs
[18.365s] -- Install configuration: ""
[18.365s] -- Installing: /home/e/ros2_ws/install/shape_msgs/share/ament_index/resource_index/rosidl_interfaces/shape_msgs
[18.365s] -- Installing: /home/e/ros2_ws/install/shape_msgs/include/shape_msgs/shape_msgs
[18.365s] -- Installing: /home/e/ros2_ws/install/shape_msgs/include/shape_msgs/shape_msgs/msg
[18.365s] -- Installing: /home/e/ros2_ws/install/shape_msgs/include/shape_msgs/shape_msgs/msg/rosidl_generator_c__visibility_control.h
[18.365s] -- Installing: /home/e/ros2_ws/install/shape_msgs/include/shape_msgs/shape_msgs/msg/mesh_triangle.h
[18.365s] -- Installing: /home/e/ros2_ws/install/shape_msgs/include/shape_msgs/shape_msgs/msg/mesh.h
[18.365s] -- Installing: /home/e/ros2_ws/install/shape_msgs/include/shape_msgs/shape_msgs/msg/detail
[18.365s] -- Installing: /home/e/ros2_ws/install/shape_msgs/include/shape_msgs/shape_msgs/msg/detail/mesh_triangle__struct.h
[18.365s] -- Installing: /home/e/ros2_ws/install/shape_msgs/include/shape_msgs/shape_msgs/msg/detail/plane__type_support.h
[18.365s] -- Installing: /home/e/ros2_ws/install/shape_msgs/include/shape_msgs/shape_msgs/msg/detail/plane__functions.h
[18.365s] -- Installing: /home/e/ros2_ws/install/shape_msgs/include/shape_msgs/shape_msgs/msg/detail/plane__struct.h
[18.365s] -- Installing: /home/e/ros2_ws/install/shape_msgs/include/shape_msgs/shape_msgs/msg/detail/solid_primitive__functions.c
[18.365s] -- Installing: /home/e/ros2_ws/install/shape_msgs/include/shape_msgs/shape_msgs/msg/detail/mesh__struct.h
[18.365s] -- Installing: /home/e/ros2_ws/install/shape_msgs/include/shape_msgs/shape_msgs/msg/detail/solid_primitive__functions.h
[18.365s] -- Installing: /home/e/ros2_ws/install/shape_msgs/include/shape_msgs/shape_msgs/msg/detail/solid_primitive__struct.h
[18.365s] -- Installing: /home/e/ros2_ws/install/shape_msgs/include/shape_msgs/shape_msgs/msg/detail/mesh__type_support.h
[18.365s] -- Installing: /home/e/ros2_ws/install/shape_msgs/include/shape_msgs/shape_msgs/msg/detail/mesh_triangle__functions.c
[18.365s] -- Installing: /home/e/ros2_ws/install/shape_msgs/include/shape_msgs/shape_msgs/msg/detail/mesh__functions.h
[18.365s] -- Installing: /home/e/ros2_ws/install/shape_msgs/include/shape_msgs/shape_msgs/msg/detail/plane__functions.c
[18.365s] -- Installing: /home/e/ros2_ws/install/shape_msgs/include/shape_msgs/shape_msgs/msg/detail/mesh__functions.c
[18.365s] -- Installing: /home/e/ros2_ws/install/shape_msgs/include/shape_msgs/shape_msgs/msg/detail/solid_primitive__type_support.h
[18.365s] -- Installing: /home/e/ros2_ws/install/shape_msgs/include/shape_msgs/shape_msgs/msg/detail/mesh_triangle__type_support.h
[18.366s] -- Installing: /home/e/ros2_ws/install/shape_msgs/include/shape_msgs/shape_msgs/msg/detail/mesh_triangle__functions.h
[18.366s] -- Installing: /home/e/ros2_ws/install/shape_msgs/include/shape_msgs/shape_msgs/msg/plane.h
[18.366s] -- Installing: /home/e/ros2_ws/install/shape_msgs/include/shape_msgs/shape_msgs/msg/solid_primitive.h
[18.366s] -- Installing: /home/e/ros2_ws/install/shape_msgs/share/shape_msgs/environment/library_path.sh
[18.366s] -- Installing: /home/e/ros2_ws/install/shape_msgs/share/shape_msgs/environment/library_path.dsv
[18.367s] -- Installing: /home/e/ros2_ws/install/shape_msgs/lib/libshape_msgs__rosidl_generator_c.so
[18.367s] -- Set runtime path of "/home/e/ros2_ws/install/shape_msgs/lib/libshape_msgs__rosidl_generator_c.so" to ""
[18.367s] -- Up-to-date: /home/e/ros2_ws/install/shape_msgs/include/shape_msgs/shape_msgs
[18.367s] -- Up-to-date: /home/e/ros2_ws/install/shape_msgs/include/shape_msgs/shape_msgs/msg
[18.367s] -- Up-to-date: /home/e/ros2_ws/install/shape_msgs/include/shape_msgs/shape_msgs/msg/detail
[18.368s] -- Installing: /home/e/ros2_ws/install/shape_msgs/include/shape_msgs/shape_msgs/msg/detail/mesh__rosidl_typesupport_fastrtps_c.h
[18.368s] -- Installing: /home/e/ros2_ws/install/shape_msgs/include/shape_msgs/shape_msgs/msg/detail/plane__rosidl_typesupport_fastrtps_c.h
[18.368s] -- Installing: /home/e/ros2_ws/install/shape_msgs/include/shape_msgs/shape_msgs/msg/detail/mesh_triangle__rosidl_typesupport_fastrtps_c.h
[18.368s] -- Installing: /home/e/ros2_ws/install/shape_msgs/include/shape_msgs/shape_msgs/msg/detail/solid_primitive__rosidl_typesupport_fastrtps_c.h
[18.368s] -- Installing: /home/e/ros2_ws/install/shape_msgs/include/shape_msgs/shape_msgs/msg/rosidl_typesupport_fastrtps_c__visibility_control.h
[18.369s] -- Installing: /home/e/ros2_ws/install/shape_msgs/lib/libshape_msgs__rosidl_typesupport_fastrtps_c.so
[18.369s] -- Set runtime path of "/home/e/ros2_ws/install/shape_msgs/lib/libshape_msgs__rosidl_typesupport_fastrtps_c.so" to ""
[18.369s] -- Up-to-date: /home/e/ros2_ws/install/shape_msgs/include/shape_msgs/shape_msgs
[18.370s] -- Up-to-date: /home/e/ros2_ws/install/shape_msgs/include/shape_msgs/shape_msgs/msg
[18.370s] -- Installing: /home/e/ros2_ws/install/shape_msgs/include/shape_msgs/shape_msgs/msg/mesh_triangle.hpp
[18.370s] -- Installing: /home/e/ros2_ws/install/shape_msgs/include/shape_msgs/shape_msgs/msg/plane.hpp
[18.370s] -- Installing: /home/e/ros2_ws/install/shape_msgs/include/shape_msgs/shape_msgs/msg/mesh.hpp
[18.370s] -- Installing: /home/e/ros2_ws/install/shape_msgs/include/shape_msgs/shape_msgs/msg/rosidl_generator_cpp__visibility_control.hpp
[18.370s] -- Up-to-date: /home/e/ros2_ws/install/shape_msgs/include/shape_msgs/shape_msgs/msg/detail
[18.370s] -- Installing: /home/e/ros2_ws/install/shape_msgs/include/shape_msgs/shape_msgs/msg/detail/mesh__traits.hpp
[18.370s] -- Installing: /home/e/ros2_ws/install/shape_msgs/include/shape_msgs/shape_msgs/msg/detail/solid_primitive__traits.hpp
[18.371s] -- Installing: /home/e/ros2_ws/install/shape_msgs/include/shape_msgs/shape_msgs/msg/detail/plane__struct.hpp
[18.371s] -- Installing: /home/e/ros2_ws/install/shape_msgs/include/shape_msgs/shape_msgs/msg/detail/solid_primitive__builder.hpp
[18.371s] -- Installing: /home/e/ros2_ws/install/shape_msgs/include/shape_msgs/shape_msgs/msg/detail/mesh__type_support.hpp
[18.371s] -- Installing: /home/e/ros2_ws/install/shape_msgs/include/shape_msgs/shape_msgs/msg/detail/mesh_triangle__traits.hpp
[18.371s] -- Installing: /home/e/ros2_ws/install/shape_msgs/include/shape_msgs/shape_msgs/msg/detail/mesh_triangle__builder.hpp
[18.372s] -- Installing: /home/e/ros2_ws/install/shape_msgs/include/shape_msgs/shape_msgs/msg/detail/mesh_triangle__type_support.hpp
[18.372s] -- Installing: /home/e/ros2_ws/install/shape_msgs/include/shape_msgs/shape_msgs/msg/detail/plane__builder.hpp
[18.373s] -- Installing: /home/e/ros2_ws/install/shape_msgs/include/shape_msgs/shape_msgs/msg/detail/mesh_triangle__struct.hpp
[18.373s] -- Installing: /home/e/ros2_ws/install/shape_msgs/include/shape_msgs/shape_msgs/msg/detail/plane__traits.hpp
[18.373s] -- Installing: /home/e/ros2_ws/install/shape_msgs/include/shape_msgs/shape_msgs/msg/detail/mesh__struct.hpp
[18.373s] -- Installing: /home/e/ros2_ws/install/shape_msgs/include/shape_msgs/shape_msgs/msg/detail/mesh__builder.hpp
[18.373s] -- Installing: /home/e/ros2_ws/install/shape_msgs/include/shape_msgs/shape_msgs/msg/detail/solid_primitive__struct.hpp
[18.373s] -- Installing: /home/e/ros2_ws/install/shape_msgs/include/shape_msgs/shape_msgs/msg/detail/plane__type_support.hpp
[18.374s] -- Installing: /home/e/ros2_ws/install/shape_msgs/include/shape_msgs/shape_msgs/msg/detail/solid_primitive__type_support.hpp
[18.374s] -- Installing: /home/e/ros2_ws/install/shape_msgs/include/shape_msgs/shape_msgs/msg/solid_primitive.hpp
[18.374s] -- Up-to-date: /home/e/ros2_ws/install/shape_msgs/include/shape_msgs/shape_msgs
[18.374s] -- Up-to-date: /home/e/ros2_ws/install/shape_msgs/include/shape_msgs/shape_msgs/msg
[18.374s] -- Installing: /home/e/ros2_ws/install/shape_msgs/include/shape_msgs/shape_msgs/msg/rosidl_typesupport_fastrtps_cpp__visibility_control.h
[18.374s] -- Up-to-date: /home/e/ros2_ws/install/shape_msgs/include/shape_msgs/shape_msgs/msg/detail
[18.375s] -- Installing: /home/e/ros2_ws/install/shape_msgs/include/shape_msgs/shape_msgs/msg/detail/solid_primitive__rosidl_typesupport_fastrtps_cpp.hpp
[18.375s] -- Installing: /home/e/ros2_ws/install/shape_msgs/include/shape_msgs/shape_msgs/msg/detail/mesh_triangle__rosidl_typesupport_fastrtps_cpp.hpp
[18.375s] -- Installing: /home/e/ros2_ws/install/shape_msgs/include/shape_msgs/shape_msgs/msg/detail/dds_fastrtps
[18.375s] -- Installing: /home/e/ros2_ws/install/shape_msgs/include/shape_msgs/shape_msgs/msg/detail/plane__rosidl_typesupport_fastrtps_cpp.hpp
[18.375s] -- Installing: /home/e/ros2_ws/install/shape_msgs/include/shape_msgs/shape_msgs/msg/detail/mesh__rosidl_typesupport_fastrtps_cpp.hpp
[18.375s] -- Installing: /home/e/ros2_ws/install/shape_msgs/lib/libshape_msgs__rosidl_typesupport_fastrtps_cpp.so
[18.376s] -- Set runtime path of "/home/e/ros2_ws/install/shape_msgs/lib/libshape_msgs__rosidl_typesupport_fastrtps_cpp.so" to ""
[18.376s] -- Up-to-date: /home/e/ros2_ws/install/shape_msgs/include/shape_msgs/shape_msgs
[18.376s] -- Up-to-date: /home/e/ros2_ws/install/shape_msgs/include/shape_msgs/shape_msgs/msg
[18.376s] -- Installing: /home/e/ros2_ws/install/shape_msgs/include/shape_msgs/shape_msgs/msg/rosidl_typesupport_microxrcedds_c__visibility_control.h
[18.376s] -- Up-to-date: /home/e/ros2_ws/install/shape_msgs/include/shape_msgs/shape_msgs/msg/detail
[18.376s] -- Installing: /home/e/ros2_ws/install/shape_msgs/include/shape_msgs/shape_msgs/msg/detail/mesh__rosidl_typesupport_microxrcedds_c.h
[18.377s] -- Installing: /home/e/ros2_ws/install/shape_msgs/include/shape_msgs/shape_msgs/msg/detail/microxrcedds
[18.377s] -- Installing: /home/e/ros2_ws/install/shape_msgs/include/shape_msgs/shape_msgs/msg/detail/solid_primitive__rosidl_typesupport_microxrcedds_c.h
[18.377s] -- Installing: /home/e/ros2_ws/install/shape_msgs/include/shape_msgs/shape_msgs/msg/detail/mesh_triangle__rosidl_typesupport_microxrcedds_c.h
[18.377s] -- Installing: /home/e/ros2_ws/install/shape_msgs/include/shape_msgs/shape_msgs/msg/detail/plane__rosidl_typesupport_microxrcedds_c.h
[18.377s] -- Installing: /home/e/ros2_ws/install/shape_msgs/lib/libshape_msgs__rosidl_typesupport_microxrcedds_c.so
[18.377s] -- Set runtime path of "/home/e/ros2_ws/install/shape_msgs/lib/libshape_msgs__rosidl_typesupport_microxrcedds_c.so" to ""
[18.378s] -- Up-to-date: /home/e/ros2_ws/install/shape_msgs/include/shape_msgs/shape_msgs
[18.378s] -- Up-to-date: /home/e/ros2_ws/install/shape_msgs/include/shape_msgs/shape_msgs/msg
[18.378s] -- Up-to-date: /home/e/ros2_ws/install/shape_msgs/include/shape_msgs/shape_msgs/msg/detail
[18.378s] -- Installing: /home/e/ros2_ws/install/shape_msgs/include/shape_msgs/shape_msgs/msg/detail/mesh_triangle__rosidl_typesupport_introspection_c.h
[18.378s] -- Installing: /home/e/ros2_ws/install/shape_msgs/include/shape_msgs/shape_msgs/msg/detail/mesh_triangle__type_support.c
[18.378s] -- Installing: /home/e/ros2_ws/install/shape_msgs/include/shape_msgs/shape_msgs/msg/detail/plane__type_support.c
[18.378s] -- Installing: /home/e/ros2_ws/install/shape_msgs/include/shape_msgs/shape_msgs/msg/detail/mesh__rosidl_typesupport_introspection_c.h
[18.379s] -- Installing: /home/e/ros2_ws/install/shape_msgs/include/shape_msgs/shape_msgs/msg/detail/solid_primitive__rosidl_typesupport_introspection_c.h
[18.379s] -- Installing: /home/e/ros2_ws/install/shape_msgs/include/shape_msgs/shape_msgs/msg/detail/mesh__type_support.c
[18.379s] -- Installing: /home/e/ros2_ws/install/shape_msgs/include/shape_msgs/shape_msgs/msg/detail/solid_primitive__type_support.c
[18.379s] -- Installing: /home/e/ros2_ws/install/shape_msgs/include/shape_msgs/shape_msgs/msg/detail/plane__rosidl_typesupport_introspection_c.h
[18.379s] -- Installing: /home/e/ros2_ws/install/shape_msgs/include/shape_msgs/shape_msgs/msg/rosidl_typesupport_introspection_c__visibility_control.h
[18.379s] -- Installing: /home/e/ros2_ws/install/shape_msgs/lib/libshape_msgs__rosidl_typesupport_introspection_c.so
[18.380s] -- Set runtime path of "/home/e/ros2_ws/install/shape_msgs/lib/libshape_msgs__rosidl_typesupport_introspection_c.so" to ""
[18.380s] -- Installing: /home/e/ros2_ws/install/shape_msgs/lib/libshape_msgs__rosidl_typesupport_c.so
[18.380s] -- Set runtime path of "/home/e/ros2_ws/install/shape_msgs/lib/libshape_msgs__rosidl_typesupport_c.so" to ""
[18.380s] -- Up-to-date: /home/e/ros2_ws/install/shape_msgs/include/shape_msgs/shape_msgs
[18.380s] -- Up-to-date: /home/e/ros2_ws/install/shape_msgs/include/shape_msgs/shape_msgs/msg
[18.380s] -- Installing: /home/e/ros2_ws/install/shape_msgs/include/shape_msgs/shape_msgs/msg/rosidl_typesupport_microxrcedds_cpp__visibility_control.h
[18.381s] -- Up-to-date: /home/e/ros2_ws/install/shape_msgs/include/shape_msgs/shape_msgs/msg/detail
[18.381s] -- Up-to-date: /home/e/ros2_ws/install/shape_msgs/include/shape_msgs/shape_msgs/msg/detail/microxrcedds
[18.381s] -- Installing: /home/e/ros2_ws/install/shape_msgs/include/shape_msgs/shape_msgs/msg/detail/mesh__rosidl_typesupport_microxrcedds_cpp.hpp
[18.381s] -- Installing: /home/e/ros2_ws/install/shape_msgs/include/shape_msgs/shape_msgs/msg/detail/solid_primitive__rosidl_typesupport_microxrcedds_cpp.hpp
[18.381s] -- Installing: /home/e/ros2_ws/install/shape_msgs/include/shape_msgs/shape_msgs/msg/detail/plane__rosidl_typesupport_microxrcedds_cpp.hpp
[18.381s] -- Installing: /home/e/ros2_ws/install/shape_msgs/include/shape_msgs/shape_msgs/msg/detail/mesh_triangle__rosidl_typesupport_microxrcedds_cpp.hpp
[18.382s] -- Installing: /home/e/ros2_ws/install/shape_msgs/lib/libshape_msgs__rosidl_typesupport_microxrcedds_cpp.so
[18.382s] -- Set runtime path of "/home/e/ros2_ws/install/shape_msgs/lib/libshape_msgs__rosidl_typesupport_microxrcedds_cpp.so" to ""
[18.382s] -- Up-to-date: /home/e/ros2_ws/install/shape_msgs/include/shape_msgs/shape_msgs
[18.382s] -- Up-to-date: /home/e/ros2_ws/install/shape_msgs/include/shape_msgs/shape_msgs/msg
[18.382s] -- Up-to-date: /home/e/ros2_ws/install/shape_msgs/include/shape_msgs/shape_msgs/msg/detail
[18.382s] -- Installing: /home/e/ros2_ws/install/shape_msgs/include/shape_msgs/shape_msgs/msg/detail/mesh_triangle__type_support.cpp
[18.382s] -- Installing: /home/e/ros2_ws/install/shape_msgs/include/shape_msgs/shape_msgs/msg/detail/solid_primitive__type_support.cpp
[18.383s] -- Installing: /home/e/ros2_ws/install/shape_msgs/include/shape_msgs/shape_msgs/msg/detail/plane__rosidl_typesupport_introspection_cpp.hpp
[18.383s] -- Installing: /home/e/ros2_ws/install/shape_msgs/include/shape_msgs/shape_msgs/msg/detail/mesh__type_support.cpp
[18.383s] -- Installing: /home/e/ros2_ws/install/shape_msgs/include/shape_msgs/shape_msgs/msg/detail/mesh__rosidl_typesupport_introspection_cpp.hpp
[18.383s] -- Installing: /home/e/ros2_ws/install/shape_msgs/include/shape_msgs/shape_msgs/msg/detail/solid_primitive__rosidl_typesupport_introspection_cpp.hpp
[18.383s] -- Installing: /home/e/ros2_ws/install/shape_msgs/include/shape_msgs/shape_msgs/msg/detail/plane__type_support.cpp
[18.383s] -- Installing: /home/e/ros2_ws/install/shape_msgs/include/shape_msgs/shape_msgs/msg/detail/mesh_triangle__rosidl_typesupport_introspection_cpp.hpp
[18.384s] -- Installing: /home/e/ros2_ws/install/shape_msgs/lib/libshape_msgs__rosidl_typesupport_introspection_cpp.so
[18.384s] -- Set runtime path of "/home/e/ros2_ws/install/shape_msgs/lib/libshape_msgs__rosidl_typesupport_introspection_cpp.so" to ""
[18.385s] -- Installing: /home/e/ros2_ws/install/shape_msgs/lib/libshape_msgs__rosidl_typesupport_cpp.so
[18.385s] -- Set runtime path of "/home/e/ros2_ws/install/shape_msgs/lib/libshape_msgs__rosidl_typesupport_cpp.so" to ""
[18.385s] -- Installing: /home/e/ros2_ws/install/shape_msgs/share/shape_msgs/environment/pythonpath.sh
[18.385s] -- Installing: /home/e/ros2_ws/install/shape_msgs/share/shape_msgs/environment/pythonpath.dsv
[18.385s] -- Installing: /home/e/ros2_ws/install/shape_msgs/local/lib/python3.10/dist-packages/shape_msgs-4.9.0-py3.10.egg-info
[18.385s] -- Installing: /home/e/ros2_ws/install/shape_msgs/local/lib/python3.10/dist-packages/shape_msgs-4.9.0-py3.10.egg-info/PKG-INFO
[18.386s] -- Installing: /home/e/ros2_ws/install/shape_msgs/local/lib/python3.10/dist-packages/shape_msgs-4.9.0-py3.10.egg-info/top_level.txt
[18.386s] -- Installing: /home/e/ros2_ws/install/shape_msgs/local/lib/python3.10/dist-packages/shape_msgs-4.9.0-py3.10.egg-info/SOURCES.txt
[18.386s] -- Installing: /home/e/ros2_ws/install/shape_msgs/local/lib/python3.10/dist-packages/shape_msgs-4.9.0-py3.10.egg-info/dependency_links.txt
[18.386s] -- Installing: /home/e/ros2_ws/install/shape_msgs/local/lib/python3.10/dist-packages/shape_msgs
[18.386s] -- Installing: /home/e/ros2_ws/install/shape_msgs/local/lib/python3.10/dist-packages/shape_msgs/_shape_msgs_s.ep.rosidl_typesupport_c.c
[18.386s] -- Installing: /home/e/ros2_ws/install/shape_msgs/local/lib/python3.10/dist-packages/shape_msgs/msg
[18.387s] -- Installing: /home/e/ros2_ws/install/shape_msgs/local/lib/python3.10/dist-packages/shape_msgs/msg/_mesh_triangle_s.c
[18.387s] -- Installing: /home/e/ros2_ws/install/shape_msgs/local/lib/python3.10/dist-packages/shape_msgs/msg/_solid_primitive.py
[18.387s] -- Installing: /home/e/ros2_ws/install/shape_msgs/local/lib/python3.10/dist-packages/shape_msgs/msg/__init__.py
[18.387s] -- Installing: /home/e/ros2_ws/install/shape_msgs/local/lib/python3.10/dist-packages/shape_msgs/msg/_mesh_triangle.py
[18.387s] -- Installing: /home/e/ros2_ws/install/shape_msgs/local/lib/python3.10/dist-packages/shape_msgs/msg/_solid_primitive_s.c
[18.387s] -- Installing: /home/e/ros2_ws/install/shape_msgs/local/lib/python3.10/dist-packages/shape_msgs/msg/_mesh.py
[18.387s] -- Installing: /home/e/ros2_ws/install/shape_msgs/local/lib/python3.10/dist-packages/shape_msgs/msg/_plane_s.c
[18.388s] -- Installing: /home/e/ros2_ws/install/shape_msgs/local/lib/python3.10/dist-packages/shape_msgs/msg/_mesh_s.c
[18.388s] -- Installing: /home/e/ros2_ws/install/shape_msgs/local/lib/python3.10/dist-packages/shape_msgs/msg/_plane.py
[18.388s] -- Installing: /home/e/ros2_ws/install/shape_msgs/local/lib/python3.10/dist-packages/shape_msgs/_shape_msgs_s.ep.rosidl_typesupport_fastrtps_c.c
[18.388s] -- Installing: /home/e/ros2_ws/install/shape_msgs/local/lib/python3.10/dist-packages/shape_msgs/shape_msgs_s__rosidl_typesupport_introspection_c.cpython-310-x86_64-linux-gnu.so
[18.388s] -- Installing: /home/e/ros2_ws/install/shape_msgs/local/lib/python3.10/dist-packages/shape_msgs/_shape_msgs_s.ep.rosidl_typesupport_introspection_c.c
[18.389s] -- Installing: /home/e/ros2_ws/install/shape_msgs/local/lib/python3.10/dist-packages/shape_msgs/shape_msgs_s__rosidl_typesupport_fastrtps_c.cpython-310-x86_64-linux-gnu.so
[18.389s] -- Installing: /home/e/ros2_ws/install/shape_msgs/local/lib/python3.10/dist-packages/shape_msgs/_shape_msgs_s.ep.rosidl_typesupport_microxrcedds_c.c
[18.389s] -- Installing: /home/e/ros2_ws/install/shape_msgs/local/lib/python3.10/dist-packages/shape_msgs/__init__.py
[18.389s] -- Installing: /home/e/ros2_ws/install/shape_msgs/local/lib/python3.10/dist-packages/shape_msgs/shape_msgs_s__rosidl_typesupport_c.cpython-310-x86_64-linux-gnu.so
[18.389s] -- Installing: /home/e/ros2_ws/install/shape_msgs/local/lib/python3.10/dist-packages/shape_msgs/libshape_msgs__rosidl_generator_py.so
[18.389s] -- Installing: /home/e/ros2_ws/install/shape_msgs/local/lib/python3.10/dist-packages/shape_msgs/shape_msgs_s__rosidl_typesupport_microxrcedds_c.cpython-310-x86_64-linux-gnu.so
[18.430s] Listing '/home/e/ros2_ws/install/shape_msgs/local/lib/python3.10/dist-packages/shape_msgs'...
[18.430s] Compiling '/home/e/ros2_ws/install/shape_msgs/local/lib/python3.10/dist-packages/shape_msgs/__init__.py'...
[18.430s] Listing '/home/e/ros2_ws/install/shape_msgs/local/lib/python3.10/dist-packages/shape_msgs/msg'...
[18.430s] Compiling '/home/e/ros2_ws/install/shape_msgs/local/lib/python3.10/dist-packages/shape_msgs/msg/__init__.py'...
[18.430s] Compiling '/home/e/ros2_ws/install/shape_msgs/local/lib/python3.10/dist-packages/shape_msgs/msg/_mesh.py'...
[18.430s] Compiling '/home/e/ros2_ws/install/shape_msgs/local/lib/python3.10/dist-packages/shape_msgs/msg/_mesh_triangle.py'...
[18.430s] Compiling '/home/e/ros2_ws/install/shape_msgs/local/lib/python3.10/dist-packages/shape_msgs/msg/_plane.py'...
[18.430s] Compiling '/home/e/ros2_ws/install/shape_msgs/local/lib/python3.10/dist-packages/shape_msgs/msg/_solid_primitive.py'...
[18.435s] -- Installing: /home/e/ros2_ws/install/shape_msgs/local/lib/python3.10/dist-packages/shape_msgs/shape_msgs_s__rosidl_typesupport_microxrcedds_c.cpython-310-x86_64-linux-gnu.so
[18.436s] -- Set runtime path of "/home/e/ros2_ws/install/shape_msgs/local/lib/python3.10/dist-packages/shape_msgs/shape_msgs_s__rosidl_typesupport_microxrcedds_c.cpython-310-x86_64-linux-gnu.so" to ""
[18.436s] -- Installing: /home/e/ros2_ws/install/shape_msgs/local/lib/python3.10/dist-packages/shape_msgs/shape_msgs_s__rosidl_typesupport_fastrtps_c.cpython-310-x86_64-linux-gnu.so
[18.436s] -- Set runtime path of "/home/e/ros2_ws/install/shape_msgs/local/lib/python3.10/dist-packages/shape_msgs/shape_msgs_s__rosidl_typesupport_fastrtps_c.cpython-310-x86_64-linux-gnu.so" to ""
[18.437s] -- Installing: /home/e/ros2_ws/install/shape_msgs/local/lib/python3.10/dist-packages/shape_msgs/shape_msgs_s__rosidl_typesupport_introspection_c.cpython-310-x86_64-linux-gnu.so
[18.437s] -- Set runtime path of "/home/e/ros2_ws/install/shape_msgs/local/lib/python3.10/dist-packages/shape_msgs/shape_msgs_s__rosidl_typesupport_introspection_c.cpython-310-x86_64-linux-gnu.so" to ""
[18.437s] -- Installing: /home/e/ros2_ws/install/shape_msgs/local/lib/python3.10/dist-packages/shape_msgs/shape_msgs_s__rosidl_typesupport_c.cpython-310-x86_64-linux-gnu.so
[18.438s] -- Set runtime path of "/home/e/ros2_ws/install/shape_msgs/local/lib/python3.10/dist-packages/shape_msgs/shape_msgs_s__rosidl_typesupport_c.cpython-310-x86_64-linux-gnu.so" to ""
[18.438s] -- Installing: /home/e/ros2_ws/install/shape_msgs/lib/libshape_msgs__rosidl_generator_py.so
[18.438s] -- Set runtime path of "/home/e/ros2_ws/install/shape_msgs/lib/libshape_msgs__rosidl_generator_py.so" to ""
[18.439s] -- Installing: /home/e/ros2_ws/install/shape_msgs/share/shape_msgs/msg/Mesh.idl
[18.439s] -- Installing: /home/e/ros2_ws/install/shape_msgs/share/shape_msgs/msg/MeshTriangle.idl
[18.440s] -- Installing: /home/e/ros2_ws/install/shape_msgs/share/shape_msgs/msg/Plane.idl
[18.440s] -- Installing: /home/e/ros2_ws/install/shape_msgs/share/shape_msgs/msg/SolidPrimitive.idl
[18.440s] -- Installing: /home/e/ros2_ws/install/shape_msgs/share/shape_msgs/msg/Mesh.msg
[18.440s] -- Installing: /home/e/ros2_ws/install/shape_msgs/share/shape_msgs/msg/MeshTriangle.msg
[18.440s] -- Installing: /home/e/ros2_ws/install/shape_msgs/share/shape_msgs/msg/Plane.msg
[18.441s] -- Installing: /home/e/ros2_ws/install/shape_msgs/share/shape_msgs/msg/SolidPrimitive.msg
[18.441s] -- Installing: /home/e/ros2_ws/install/shape_msgs/share/ament_index/resource_index/package_run_dependencies/shape_msgs
[18.441s] -- Installing: /home/e/ros2_ws/install/shape_msgs/share/ament_index/resource_index/parent_prefix_path/shape_msgs
[18.441s] -- Installing: /home/e/ros2_ws/install/shape_msgs/share/shape_msgs/environment/ament_prefix_path.sh
[18.441s] -- Installing: /home/e/ros2_ws/install/shape_msgs/share/shape_msgs/environment/ament_prefix_path.dsv
[18.442s] -- Installing: /home/e/ros2_ws/install/shape_msgs/share/shape_msgs/environment/path.sh
[18.442s] -- Installing: /home/e/ros2_ws/install/shape_msgs/share/shape_msgs/environment/path.dsv
[18.442s] -- Installing: /home/e/ros2_ws/install/shape_msgs/share/shape_msgs/local_setup.bash
[18.442s] -- Installing: /home/e/ros2_ws/install/shape_msgs/share/shape_msgs/local_setup.sh
[18.442s] -- Installing: /home/e/ros2_ws/install/shape_msgs/share/shape_msgs/local_setup.zsh
[18.443s] -- Installing: /home/e/ros2_ws/install/shape_msgs/share/shape_msgs/local_setup.dsv
[18.444s] -- Installing: /home/e/ros2_ws/install/shape_msgs/share/shape_msgs/package.dsv
[18.444s] -- Installing: /home/e/ros2_ws/install/shape_msgs/share/ament_index/resource_index/packages/shape_msgs
[18.444s] -- Installing: /home/e/ros2_ws/install/shape_msgs/share/shape_msgs/cmake/export_shape_msgs__rosidl_generator_cExport.cmake
[18.444s] -- Installing: /home/e/ros2_ws/install/shape_msgs/share/shape_msgs/cmake/export_shape_msgs__rosidl_generator_cExport-noconfig.cmake
[18.445s] -- Installing: /home/e/ros2_ws/install/shape_msgs/share/shape_msgs/cmake/export_shape_msgs__rosidl_typesupport_fastrtps_cExport.cmake
[18.445s] -- Installing: /home/e/ros2_ws/install/shape_msgs/share/shape_msgs/cmake/export_shape_msgs__rosidl_typesupport_fastrtps_cExport-noconfig.cmake
[18.445s] -- Installing: /home/e/ros2_ws/install/shape_msgs/share/shape_msgs/cmake/export_shape_msgs__rosidl_generator_cppExport.cmake
[18.445s] -- Installing: /home/e/ros2_ws/install/shape_msgs/share/shape_msgs/cmake/export_shape_msgs__rosidl_typesupport_fastrtps_cppExport.cmake
[18.445s] -- Installing: /home/e/ros2_ws/install/shape_msgs/share/shape_msgs/cmake/export_shape_msgs__rosidl_typesupport_fastrtps_cppExport-noconfig.cmake
[18.446s] -- Installing: /home/e/ros2_ws/install/shape_msgs/share/shape_msgs/cmake/shape_msgs__rosidl_typesupport_introspection_cExport.cmake
[18.446s] -- Installing: /home/e/ros2_ws/install/shape_msgs/share/shape_msgs/cmake/shape_msgs__rosidl_typesupport_introspection_cExport-noconfig.cmake
[18.446s] -- Installing: /home/e/ros2_ws/install/shape_msgs/share/shape_msgs/cmake/shape_msgs__rosidl_typesupport_cExport.cmake
[18.446s] -- Installing: /home/e/ros2_ws/install/shape_msgs/share/shape_msgs/cmake/shape_msgs__rosidl_typesupport_cExport-noconfig.cmake
[18.446s] -- Installing: /home/e/ros2_ws/install/shape_msgs/share/shape_msgs/cmake/shape_msgs__rosidl_typesupport_introspection_cppExport.cmake
[18.447s] -- Installing: /home/e/ros2_ws/install/shape_msgs/share/shape_msgs/cmake/shape_msgs__rosidl_typesupport_introspection_cppExport-noconfig.cmake
[18.447s] -- Installing: /home/e/ros2_ws/install/shape_msgs/share/shape_msgs/cmake/shape_msgs__rosidl_typesupport_cppExport.cmake
[18.447s] -- Installing: /home/e/ros2_ws/install/shape_msgs/share/shape_msgs/cmake/shape_msgs__rosidl_typesupport_cppExport-noconfig.cmake
[18.447s] -- Installing: /home/e/ros2_ws/install/shape_msgs/share/shape_msgs/cmake/export_shape_msgs__rosidl_generator_pyExport.cmake
[18.447s] -- Installing: /home/e/ros2_ws/install/shape_msgs/share/shape_msgs/cmake/export_shape_msgs__rosidl_generator_pyExport-noconfig.cmake
[18.448s] -- Installing: /home/e/ros2_ws/install/shape_msgs/share/shape_msgs/cmake/rosidl_cmake-extras.cmake
[18.448s] -- Installing: /home/e/ros2_ws/install/shape_msgs/share/shape_msgs/cmake/ament_cmake_export_dependencies-extras.cmake
[18.448s] -- Installing: /home/e/ros2_ws/install/shape_msgs/share/shape_msgs/cmake/ament_cmake_export_include_directories-extras.cmake
[18.448s] -- Installing: /home/e/ros2_ws/install/shape_msgs/share/shape_msgs/cmake/ament_cmake_export_libraries-extras.cmake
[18.448s] -- Installing: /home/e/ros2_ws/install/shape_msgs/share/shape_msgs/cmake/ament_cmake_export_targets-extras.cmake
[18.449s] -- Installing: /home/e/ros2_ws/install/shape_msgs/share/shape_msgs/cmake/rosidl_cmake_export_typesupport_targets-extras.cmake
[18.449s] -- Installing: /home/e/ros2_ws/install/shape_msgs/share/shape_msgs/cmake/rosidl_cmake_export_typesupport_libraries-extras.cmake
[18.449s] -- Installing: /home/e/ros2_ws/install/shape_msgs/share/shape_msgs/cmake/shape_msgsConfig.cmake
[18.449s] -- Installing: /home/e/ros2_ws/install/shape_msgs/share/shape_msgs/cmake/shape_msgsConfig-version.cmake
[18.449s] -- Installing: /home/e/ros2_ws/install/shape_msgs/share/shape_msgs/package.xml
[18.452s] Invoked command in '/home/e/ros2_ws/build/shape_msgs' returned '0': AMENT_PREFIX_PATH=/home/e/ros2_ws/install/geometry_msgs:/home/e/ros2_ws/install/std_msgs:/home/e/ros2_ws/install/builtin_interfaces:${AMENT_PREFIX_PATH} CMAKE_PREFIX_PATH=/home/e/ros2_ws/install/geometry_msgs:/home/e/ros2_ws/install/std_msgs:/home/e/ros2_ws/install/builtin_interfaces:/home/e/ros2_ws/install/rosidl_typesupport_microxrcedds_cpp:/home/e/ros2_ws/install/rosidl_typesupport_microxrcedds_c:/home/e/ros2_ws/install/microcdr:/home/e/ros2_ws/install/micro_ros_setup:/opt/ros/humble LD_LIBRARY_PATH=/home/e/ros2_ws/install/geometry_msgs/lib:/home/e/ros2_ws/install/std_msgs/lib:/home/e/ros2_ws/install/builtin_interfaces/lib:${LD_LIBRARY_PATH} PYTHONPATH=/home/e/ros2_ws/install/geometry_msgs/local/lib/python3.10/dist-packages:/home/e/ros2_ws/install/std_msgs/local/lib/python3.10/dist-packages:/home/e/ros2_ws/install/builtin_interfaces/local/lib/python3.10/dist-packages:${PYTHONPATH} /usr/bin/cmake --install /home/e/ros2_ws/build/shape_msgs
