[0.014s] Invoking command in '/home/e/ros2_ws/build/action_msgs': AMENT_PREFIX_PATH=/home/e/ros2_ws/install/unique_identifier_msgs:/home/e/ros2_ws/install/builtin_interfaces:${AMENT_PREFIX_PATH} CMAKE_PREFIX_PATH=/home/e/ros2_ws/install/unique_identifier_msgs:/home/e/ros2_ws/install/builtin_interfaces:/home/e/ros2_ws/install/rosidl_typesupport_microxrcedds_cpp:/home/e/ros2_ws/install/rosidl_typesupport_microxrcedds_c:/home/e/ros2_ws/install/microcdr:/home/e/ros2_ws/install/micro_ros_setup:/opt/ros/humble LD_LIBRARY_PATH=/home/e/ros2_ws/install/unique_identifier_msgs/lib:/home/e/ros2_ws/install/builtin_interfaces/lib:${LD_LIBRARY_PATH} PYTHONPATH=/home/e/ros2_ws/install/unique_identifier_msgs/local/lib/python3.10/dist-packages:/home/e/ros2_ws/install/builtin_interfaces/local/lib/python3.10/dist-packages:${PYTHONPATH} /usr/bin/cmake /home/e/ros2_ws/src/ros2/rcl_interfaces/action_msgs -DBUILD_TESTING=OFF -DBUILD_SHARED_LIBS=ON -DCMAKE_INSTALL_PREFIX=/home/e/ros2_ws/install/action_msgs
[0.071s] -- The C compiler identification is GNU 11.4.0
[0.126s] -- The CXX compiler identification is GNU 11.4.0
[0.139s] -- Detecting C compiler ABI info
[0.312s] -- Detecting C compiler ABI info - done
[0.337s] -- Check for working C compiler: /usr/bin/cc - skipped
[0.337s] -- Detecting C compile features
[0.337s] -- Detecting C compile features - done
[0.343s] -- Detecting CXX compiler ABI info
[0.510s] -- Detecting CXX compiler ABI info - done
[0.524s] -- Check for working CXX compiler: /usr/bin/c++ - skipped
[0.524s] -- Detecting CXX compile features
[0.525s] -- Detecting CXX compile features - done
[0.534s] -- Found ament_cmake: 1.3.12 (/opt/ros/humble/share/ament_cmake/cmake)
[0.715s] -- Found Python3: /usr/bin/python3 (found version "3.10.12") found components: Interpreter 
[0.873s] -- Found builtin_interfaces: 1.2.2 (/home/e/ros2_ws/install/builtin_interfaces/share/builtin_interfaces/cmake)
[0.936s] -- Found rosidl_generator_c: 3.1.7 (/opt/ros/humble/share/rosidl_generator_c/cmake)
[0.945s] -- Found rosidl_adapter: 3.1.7 (/opt/ros/humble/share/rosidl_adapter/cmake)
[0.959s] -- Found rosidl_generator_cpp: 3.1.7 (/opt/ros/humble/share/rosidl_generator_cpp/cmake)
[0.984s] -- Using all available rosidl_typesupport_c: rosidl_typesupport_microxrcedds_c;rosidl_typesupport_fastrtps_c;rosidl_typesupport_introspection_c
[1.015s] -- Using all available rosidl_typesupport_cpp: rosidl_typesupport_microxrcedds_cpp;rosidl_typesupport_fastrtps_cpp;rosidl_typesupport_introspection_cpp
[1.031s] -- Found rosidl_default_generators: 1.2.0 (/opt/ros/humble/share/rosidl_default_generators/cmake)
[1.037s] -- Found unique_identifier_msgs: 2.2.1 (/home/e/ros2_ws/install/unique_identifier_msgs/share/unique_identifier_msgs/cmake)
[1.494s] -- Found ament_cmake_ros: 0.10.0 (/opt/ros/humble/share/ament_cmake_ros/cmake)
[2.228s] -- Using all available rosidl_typesupport_c: rosidl_typesupport_microxrcedds_c;rosidl_typesupport_fastrtps_c;rosidl_typesupport_introspection_c
[2.481s] -- Using all available rosidl_typesupport_cpp: rosidl_typesupport_microxrcedds_cpp;rosidl_typesupport_fastrtps_cpp;rosidl_typesupport_introspection_cpp
[2.509s] -- Found PythonInterp: /usr/bin/python3 (found suitable version "3.10.12", minimum required is "3.6") 
[2.513s] -- Found python_cmake_module: 0.10.0 (/opt/ros/humble/share/python_cmake_module/cmake)
[2.554s] -- Found PythonLibs: /usr/lib/x86_64-linux-gnu/libpython3.10.so (found suitable version "3.10.12", minimum required is "3.5") 
[2.554s] -- Using PYTHON_EXECUTABLE: /usr/bin/python3
[2.554s] -- Using PYTHON_INCLUDE_DIRS: /usr/include/python3.10
[2.554s] -- Using PYTHON_LIBRARIES: /usr/lib/x86_64-linux-gnu/libpython3.10.so
[2.578s] -- Found PythonExtra: .so  
[2.636s] -- Configuring done
[2.682s] -- Generating done
[2.694s] -- Build files have been written to: /home/e/ros2_ws/build/action_msgs
[2.702s] Invoked command in '/home/e/ros2_ws/build/action_msgs' returned '0': AMENT_PREFIX_PATH=/home/e/ros2_ws/install/unique_identifier_msgs:/home/e/ros2_ws/install/builtin_interfaces:${AMENT_PREFIX_PATH} CMAKE_PREFIX_PATH=/home/e/ros2_ws/install/unique_identifier_msgs:/home/e/ros2_ws/install/builtin_interfaces:/home/e/ros2_ws/install/rosidl_typesupport_microxrcedds_cpp:/home/e/ros2_ws/install/rosidl_typesupport_microxrcedds_c:/home/e/ros2_ws/install/microcdr:/home/e/ros2_ws/install/micro_ros_setup:/opt/ros/humble LD_LIBRARY_PATH=/home/e/ros2_ws/install/unique_identifier_msgs/lib:/home/e/ros2_ws/install/builtin_interfaces/lib:${LD_LIBRARY_PATH} PYTHONPATH=/home/e/ros2_ws/install/unique_identifier_msgs/local/lib/python3.10/dist-packages:/home/e/ros2_ws/install/builtin_interfaces/local/lib/python3.10/dist-packages:${PYTHONPATH} /usr/bin/cmake /home/e/ros2_ws/src/ros2/rcl_interfaces/action_msgs -DBUILD_TESTING=OFF -DBUILD_SHARED_LIBS=ON -DCMAKE_INSTALL_PREFIX=/home/e/ros2_ws/install/action_msgs
[2.706s] Invoking command in '/home/e/ros2_ws/build/action_msgs': AMENT_PREFIX_PATH=/home/e/ros2_ws/install/unique_identifier_msgs:/home/e/ros2_ws/install/builtin_interfaces:${AMENT_PREFIX_PATH} CMAKE_PREFIX_PATH=/home/e/ros2_ws/install/unique_identifier_msgs:/home/e/ros2_ws/install/builtin_interfaces:/home/e/ros2_ws/install/rosidl_typesupport_microxrcedds_cpp:/home/e/ros2_ws/install/rosidl_typesupport_microxrcedds_c:/home/e/ros2_ws/install/microcdr:/home/e/ros2_ws/install/micro_ros_setup:/opt/ros/humble LD_LIBRARY_PATH=/home/e/ros2_ws/install/unique_identifier_msgs/lib:/home/e/ros2_ws/install/builtin_interfaces/lib:${LD_LIBRARY_PATH} PYTHONPATH=/home/e/ros2_ws/install/unique_identifier_msgs/local/lib/python3.10/dist-packages:/home/e/ros2_ws/install/builtin_interfaces/local/lib/python3.10/dist-packages:${PYTHONPATH} /usr/bin/cmake --build /home/e/ros2_ws/build/action_msgs -- -j2 -l2
[2.763s] [  1%] [34m[1mGenerating C code for ROS interfaces[0m
[2.783s] [  2%] [34m[1mGenerating C++ code for ROS interfaces[0m
[4.311s] [  4%] [32mBuilding C object CMakeFiles/action_msgs__rosidl_generator_c.dir/rosidl_generator_c/action_msgs/msg/detail/goal_info__functions.c.o[0m
[4.327s] [  4%] Built target action_msgs__cpp
[4.390s] [  5%] [32mBuilding C object CMakeFiles/action_msgs__rosidl_generator_c.dir/rosidl_generator_c/action_msgs/msg/detail/goal_status__functions.c.o[0m
[4.401s] [  5%] Built target ament_cmake_python_copy_action_msgs
[4.418s] [  7%] [32mBuilding C object CMakeFiles/action_msgs__rosidl_generator_c.dir/rosidl_generator_c/action_msgs/msg/detail/goal_status_array__functions.c.o[0m
[4.483s] [  8%] [32mBuilding C object CMakeFiles/action_msgs__rosidl_generator_c.dir/rosidl_generator_c/action_msgs/srv/detail/cancel_goal__functions.c.o[0m
[4.512s] [ 10%] [34m[1mGenerating C++ type support dispatch for ROS interfaces[0m
[4.593s] [ 11%] [32m[1mLinking C shared library libaction_msgs__rosidl_generator_c.so[0m
[4.668s] [ 11%] Built target action_msgs__rosidl_generator_c
[4.687s] [ 13%] [34m[1mGenerating C++ type support for eProsima Fast-RTPS[0m
[5.595s] [ 14%] [32mBuilding CXX object CMakeFiles/action_msgs__rosidl_typesupport_cpp.dir/rosidl_typesupport_cpp/action_msgs/msg/goal_info__type_support.cpp.o[0m
[6.004s] [ 15%] [32mBuilding CXX object CMakeFiles/action_msgs__rosidl_typesupport_cpp.dir/rosidl_typesupport_cpp/action_msgs/msg/goal_status__type_support.cpp.o[0m
[6.054s] [ 17%] [32mBuilding CXX object CMakeFiles/action_msgs__rosidl_typesupport_fastrtps_cpp.dir/rosidl_typesupport_fastrtps_cpp/action_msgs/msg/detail/dds_fastrtps/goal_info__type_support.cpp.o[0m
[6.342s] [ 18%] [32mBuilding CXX object CMakeFiles/action_msgs__rosidl_typesupport_cpp.dir/rosidl_typesupport_cpp/action_msgs/msg/goal_status_array__type_support.cpp.o[0m
[6.815s] [ 20%] [32mBuilding CXX object CMakeFiles/action_msgs__rosidl_typesupport_cpp.dir/rosidl_typesupport_cpp/action_msgs/srv/cancel_goal__type_support.cpp.o[0m
[6.844s] [ 21%] [32mBuilding CXX object CMakeFiles/action_msgs__rosidl_typesupport_fastrtps_cpp.dir/rosidl_typesupport_fastrtps_cpp/action_msgs/msg/detail/dds_fastrtps/goal_status__type_support.cpp.o[0m
[7.344s] [ 23%] [32m[1mLinking CXX shared library libaction_msgs__rosidl_typesupport_cpp.so[0m
[7.406s] [ 23%] Built target action_msgs__rosidl_typesupport_cpp
[7.429s] [ 24%] [34m[1mGenerating C type support for eProsima Micro XRCE-DDS[0m
[7.620s] [ 26%] [32mBuilding CXX object CMakeFiles/action_msgs__rosidl_typesupport_fastrtps_cpp.dir/rosidl_typesupport_fastrtps_cpp/action_msgs/msg/detail/dds_fastrtps/goal_status_array__type_support.cpp.o[0m
[8.433s] [ 27%] [32mBuilding CXX object CMakeFiles/action_msgs__rosidl_typesupport_fastrtps_cpp.dir/rosidl_typesupport_fastrtps_cpp/action_msgs/srv/detail/dds_fastrtps/cancel_goal__type_support.cpp.o[0m
[8.772s] [ 28%] [32mBuilding C object CMakeFiles/action_msgs__rosidl_typesupport_microxrcedds_c.dir/rosidl_typesupport_microxrcedds_c/action_msgs/msg/detail/microxrcedds/goal_info__type_support_c.c.o[0m
[8.837s] [ 30%] [32mBuilding C object CMakeFiles/action_msgs__rosidl_typesupport_microxrcedds_c.dir/rosidl_typesupport_microxrcedds_c/action_msgs/msg/detail/microxrcedds/goal_status__type_support_c.c.o[0m
[8.900s] [ 31%] [32mBuilding C object CMakeFiles/action_msgs__rosidl_typesupport_microxrcedds_c.dir/rosidl_typesupport_microxrcedds_c/action_msgs/msg/detail/microxrcedds/goal_status_array__type_support_c.c.o[0m
[8.987s] [ 33%] [32mBuilding C object CMakeFiles/action_msgs__rosidl_typesupport_microxrcedds_c.dir/rosidl_typesupport_microxrcedds_c/action_msgs/srv/detail/microxrcedds/cancel_goal__type_support_c.c.o[0m
[9.108s] [ 34%] [32m[1mLinking C shared library libaction_msgs__rosidl_typesupport_microxrcedds_c.so[0m
[9.196s] [ 34%] Built target action_msgs__rosidl_typesupport_microxrcedds_c
[9.224s] [ 36%] [34m[1mGenerating C introspection for ROS interfaces[0m
[9.374s] [ 37%] [32m[1mLinking CXX shared library libaction_msgs__rosidl_typesupport_fastrtps_cpp.so[0m
[9.532s] [ 37%] Built target action_msgs__rosidl_typesupport_fastrtps_cpp
[9.557s] [ 39%] [34m[1mGenerating C type support dispatch for ROS interfaces[0m
[10.527s] [ 40%] [32mBuilding C object CMakeFiles/action_msgs__rosidl_typesupport_introspection_c.dir/rosidl_typesupport_introspection_c/action_msgs/msg/detail/goal_info__type_support.c.o[0m
[10.597s] [ 42%] [32mBuilding C object CMakeFiles/action_msgs__rosidl_typesupport_introspection_c.dir/rosidl_typesupport_introspection_c/action_msgs/msg/detail/goal_status__type_support.c.o[0m
[10.655s] [ 43%] [32mBuilding C object CMakeFiles/action_msgs__rosidl_typesupport_introspection_c.dir/rosidl_typesupport_introspection_c/action_msgs/msg/detail/goal_status_array__type_support.c.o[0m
[10.667s] [ 44%] [32mBuilding CXX object CMakeFiles/action_msgs__rosidl_typesupport_c.dir/rosidl_typesupport_c/action_msgs/msg/goal_info__type_support.cpp.o[0m
[10.728s] [ 46%] [32mBuilding C object CMakeFiles/action_msgs__rosidl_typesupport_introspection_c.dir/rosidl_typesupport_introspection_c/action_msgs/srv/detail/cancel_goal__type_support.c.o[0m
[10.730s] [ 47%] [32mBuilding CXX object CMakeFiles/action_msgs__rosidl_typesupport_c.dir/rosidl_typesupport_c/action_msgs/msg/goal_status__type_support.cpp.o[0m
[10.795s] [ 49%] [32mBuilding CXX object CMakeFiles/action_msgs__rosidl_typesupport_c.dir/rosidl_typesupport_c/action_msgs/msg/goal_status_array__type_support.cpp.o[0m
[10.823s] [ 50%] [32m[1mLinking C shared library libaction_msgs__rosidl_typesupport_introspection_c.so[0m
[10.867s] [ 52%] [32mBuilding CXX object CMakeFiles/action_msgs__rosidl_typesupport_c.dir/rosidl_typesupport_c/action_msgs/srv/cancel_goal__type_support.cpp.o[0m
[10.887s] [ 52%] Built target action_msgs__rosidl_typesupport_introspection_c
[10.906s] [ 53%] [34m[1mGenerating C++ type support for eProsima Micro XRCE-DDS[0m
[10.931s] [ 55%] [32m[1mLinking CXX shared library libaction_msgs__rosidl_typesupport_c.so[0m
[11.015s] [ 55%] Built target action_msgs__rosidl_typesupport_c
[11.899s] [ 56%] [32mBuilding CXX object CMakeFiles/action_msgs__rosidl_typesupport_microxrcedds_cpp.dir/rosidl_typesupport_microxrcedds_cpp/action_msgs/msg/detail/microxrcedds/goal_info__type_support_cpp.cpp.o[0m
[12.372s] [ 57%] [32mBuilding CXX object CMakeFiles/action_msgs__rosidl_typesupport_microxrcedds_cpp.dir/rosidl_typesupport_microxrcedds_cpp/action_msgs/msg/detail/microxrcedds/goal_status__type_support_cpp.cpp.o[0m
[12.720s] [ 59%] [32mBuilding CXX object CMakeFiles/action_msgs__rosidl_typesupport_microxrcedds_cpp.dir/rosidl_typesupport_microxrcedds_cpp/action_msgs/msg/detail/microxrcedds/goal_status_array__type_support_cpp.cpp.o[0m
[13.085s] [ 60%] [32mBuilding CXX object CMakeFiles/action_msgs__rosidl_typesupport_microxrcedds_cpp.dir/rosidl_typesupport_microxrcedds_cpp/action_msgs/srv/detail/microxrcedds/cancel_goal__type_support_cpp.cpp.o[0m
[13.371s] [ 62%] [32m[1mLinking CXX shared library libaction_msgs__rosidl_typesupport_microxrcedds_cpp.so[0m
[13.454s] [ 62%] Built target action_msgs__rosidl_typesupport_microxrcedds_cpp
[13.466s] [ 63%] [34m[1mGenerating C++ introspection for ROS interfaces[0m
[14.049s] [ 65%] [32mBuilding CXX object CMakeFiles/action_msgs__rosidl_typesupport_introspection_cpp.dir/rosidl_typesupport_introspection_cpp/action_msgs/msg/detail/goal_info__type_support.cpp.o[0m
[14.389s] [ 66%] [32mBuilding CXX object CMakeFiles/action_msgs__rosidl_typesupport_introspection_cpp.dir/rosidl_typesupport_introspection_cpp/action_msgs/msg/detail/goal_status__type_support.cpp.o[0m
[14.721s] [ 68%] [32mBuilding CXX object CMakeFiles/action_msgs__rosidl_typesupport_introspection_cpp.dir/rosidl_typesupport_introspection_cpp/action_msgs/msg/detail/goal_status_array__type_support.cpp.o[0m
[15.096s] [ 69%] [32mBuilding CXX object CMakeFiles/action_msgs__rosidl_typesupport_introspection_cpp.dir/rosidl_typesupport_introspection_cpp/action_msgs/srv/detail/cancel_goal__type_support.cpp.o[0m
[15.454s] [ 71%] [32m[1mLinking CXX shared library libaction_msgs__rosidl_typesupport_introspection_cpp.so[0m
[15.532s] [ 71%] Built target action_msgs__rosidl_typesupport_introspection_cpp
[15.748s] running egg_info
[15.748s] creating action_msgs.egg-info
[15.749s] writing action_msgs.egg-info/PKG-INFO
[15.749s] writing dependency_links to action_msgs.egg-info/dependency_links.txt
[15.749s] writing top-level names to action_msgs.egg-info/top_level.txt
[15.749s] writing manifest file 'action_msgs.egg-info/SOURCES.txt'
[15.751s] reading manifest file 'action_msgs.egg-info/SOURCES.txt'
[15.752s] writing manifest file 'action_msgs.egg-info/SOURCES.txt'
[15.781s] [ 71%] Built target ament_cmake_python_build_action_msgs_egg
[15.792s] [ 72%] [34m[1mGenerating C type support for eProsima Fast-RTPS[0m
[16.422s] [ 73%] [32mBuilding CXX object CMakeFiles/action_msgs__rosidl_typesupport_fastrtps_c.dir/rosidl_typesupport_fastrtps_c/action_msgs/msg/detail/goal_info__type_support_c.cpp.o[0m
[16.698s] [ 75%] [32mBuilding CXX object CMakeFiles/action_msgs__rosidl_typesupport_fastrtps_c.dir/rosidl_typesupport_fastrtps_c/action_msgs/msg/detail/goal_status__type_support_c.cpp.o[0m
[16.970s] [ 76%] [32mBuilding CXX object CMakeFiles/action_msgs__rosidl_typesupport_fastrtps_c.dir/rosidl_typesupport_fastrtps_c/action_msgs/msg/detail/goal_status_array__type_support_c.cpp.o[0m
[17.246s] [ 78%] [32mBuilding CXX object CMakeFiles/action_msgs__rosidl_typesupport_fastrtps_c.dir/rosidl_typesupport_fastrtps_c/action_msgs/srv/detail/cancel_goal__type_support_c.cpp.o[0m
[17.558s] [ 79%] [32m[1mLinking CXX shared library libaction_msgs__rosidl_typesupport_fastrtps_c.so[0m
[17.638s] [ 79%] Built target action_msgs__rosidl_typesupport_fastrtps_c
[17.658s] [ 79%] Built target action_msgs
[17.684s] [ 81%] [34m[1mGenerating Python code for ROS interfaces[0m
[18.790s] [ 81%] Built target action_msgs__py
[18.808s] [ 82%] [32mBuilding C object CMakeFiles/action_msgs__rosidl_generator_py.dir/rosidl_generator_py/action_msgs/msg/_goal_info_s.c.o[0m
[18.898s] [ 84%] [32mBuilding C object CMakeFiles/action_msgs__rosidl_generator_py.dir/rosidl_generator_py/action_msgs/msg/_goal_status_s.c.o[0m
[18.978s] [ 85%] [32mBuilding C object CMakeFiles/action_msgs__rosidl_generator_py.dir/rosidl_generator_py/action_msgs/msg/_goal_status_array_s.c.o[0m
[19.100s] [ 86%] [32mBuilding C object CMakeFiles/action_msgs__rosidl_generator_py.dir/rosidl_generator_py/action_msgs/srv/_cancel_goal_s.c.o[0m
[19.311s] [ 88%] [32m[1mLinking C shared library rosidl_generator_py/action_msgs/libaction_msgs__rosidl_generator_py.so[0m
[19.404s] [ 88%] Built target action_msgs__rosidl_generator_py
[19.470s] [ 89%] [32mBuilding C object CMakeFiles/action_msgs__rosidl_typesupport_microxrcedds_c__pyext.dir/rosidl_generator_py/action_msgs/_action_msgs_s.ep.rosidl_typesupport_microxrcedds_c.c.o[0m
[19.621s] [ 91%] [32m[1mLinking C shared library rosidl_generator_py/action_msgs/action_msgs_s__rosidl_typesupport_microxrcedds_c.cpython-310-x86_64-linux-gnu.so[0m
[19.706s] [ 91%] Built target action_msgs__rosidl_typesupport_microxrcedds_c__pyext
[19.773s] [ 92%] [32mBuilding C object CMakeFiles/action_msgs__rosidl_typesupport_fastrtps_c__pyext.dir/rosidl_generator_py/action_msgs/_action_msgs_s.ep.rosidl_typesupport_fastrtps_c.c.o[0m
[20.039s] [ 94%] [32m[1mLinking C shared library rosidl_generator_py/action_msgs/action_msgs_s__rosidl_typesupport_fastrtps_c.cpython-310-x86_64-linux-gnu.so[0m
[20.119s] [ 94%] Built target action_msgs__rosidl_typesupport_fastrtps_c__pyext
[20.211s] [ 95%] [32mBuilding C object CMakeFiles/action_msgs__rosidl_typesupport_introspection_c__pyext.dir/rosidl_generator_py/action_msgs/_action_msgs_s.ep.rosidl_typesupport_introspection_c.c.o[0m
[20.435s] [ 97%] [32m[1mLinking C shared library rosidl_generator_py/action_msgs/action_msgs_s__rosidl_typesupport_introspection_c.cpython-310-x86_64-linux-gnu.so[0m
[20.517s] [ 97%] Built target action_msgs__rosidl_typesupport_introspection_c__pyext
[20.580s] [ 98%] [32mBuilding C object CMakeFiles/action_msgs__rosidl_typesupport_c__pyext.dir/rosidl_generator_py/action_msgs/_action_msgs_s.ep.rosidl_typesupport_c.c.o[0m
[20.771s] [100%] [32m[1mLinking C shared library rosidl_generator_py/action_msgs/action_msgs_s__rosidl_typesupport_c.cpython-310-x86_64-linux-gnu.so[0m
[20.824s] [100%] Built target action_msgs__rosidl_typesupport_c__pyext
[20.838s] Invoked command in '/home/e/ros2_ws/build/action_msgs' returned '0': AMENT_PREFIX_PATH=/home/e/ros2_ws/install/unique_identifier_msgs:/home/e/ros2_ws/install/builtin_interfaces:${AMENT_PREFIX_PATH} CMAKE_PREFIX_PATH=/home/e/ros2_ws/install/unique_identifier_msgs:/home/e/ros2_ws/install/builtin_interfaces:/home/e/ros2_ws/install/rosidl_typesupport_microxrcedds_cpp:/home/e/ros2_ws/install/rosidl_typesupport_microxrcedds_c:/home/e/ros2_ws/install/microcdr:/home/e/ros2_ws/install/micro_ros_setup:/opt/ros/humble LD_LIBRARY_PATH=/home/e/ros2_ws/install/unique_identifier_msgs/lib:/home/e/ros2_ws/install/builtin_interfaces/lib:${LD_LIBRARY_PATH} PYTHONPATH=/home/e/ros2_ws/install/unique_identifier_msgs/local/lib/python3.10/dist-packages:/home/e/ros2_ws/install/builtin_interfaces/local/lib/python3.10/dist-packages:${PYTHONPATH} /usr/bin/cmake --build /home/e/ros2_ws/build/action_msgs -- -j2 -l2
[20.843s] Invoking command in '/home/e/ros2_ws/build/action_msgs': AMENT_PREFIX_PATH=/home/e/ros2_ws/install/unique_identifier_msgs:/home/e/ros2_ws/install/builtin_interfaces:${AMENT_PREFIX_PATH} CMAKE_PREFIX_PATH=/home/e/ros2_ws/install/unique_identifier_msgs:/home/e/ros2_ws/install/builtin_interfaces:/home/e/ros2_ws/install/rosidl_typesupport_microxrcedds_cpp:/home/e/ros2_ws/install/rosidl_typesupport_microxrcedds_c:/home/e/ros2_ws/install/microcdr:/home/e/ros2_ws/install/micro_ros_setup:/opt/ros/humble LD_LIBRARY_PATH=/home/e/ros2_ws/install/unique_identifier_msgs/lib:/home/e/ros2_ws/install/builtin_interfaces/lib:${LD_LIBRARY_PATH} PYTHONPATH=/home/e/ros2_ws/install/unique_identifier_msgs/local/lib/python3.10/dist-packages:/home/e/ros2_ws/install/builtin_interfaces/local/lib/python3.10/dist-packages:${PYTHONPATH} /usr/bin/cmake --install /home/e/ros2_ws/build/action_msgs
[20.845s] -- Install configuration: ""
[20.845s] -- Installing: /home/e/ros2_ws/install/action_msgs/share/ament_index/resource_index/rosidl_interfaces/action_msgs
[20.845s] -- Installing: /home/e/ros2_ws/install/action_msgs/include/action_msgs/action_msgs
[20.845s] -- Installing: /home/e/ros2_ws/install/action_msgs/include/action_msgs/action_msgs/msg
[20.845s] -- Installing: /home/e/ros2_ws/install/action_msgs/include/action_msgs/action_msgs/msg/goal_status.h
[20.845s] -- Installing: /home/e/ros2_ws/install/action_msgs/include/action_msgs/action_msgs/msg/goal_status_array.h
[20.845s] -- Installing: /home/e/ros2_ws/install/action_msgs/include/action_msgs/action_msgs/msg/rosidl_generator_c__visibility_control.h
[20.846s] -- Installing: /home/e/ros2_ws/install/action_msgs/include/action_msgs/action_msgs/msg/goal_info.h
[20.848s] -- Installing: /home/e/ros2_ws/install/action_msgs/include/action_msgs/action_msgs/msg/detail
[20.848s] -- Installing: /home/e/ros2_ws/install/action_msgs/include/action_msgs/action_msgs/msg/detail/goal_status_array__functions.h
[20.848s] -- Installing: /home/e/ros2_ws/install/action_msgs/include/action_msgs/action_msgs/msg/detail/goal_info__functions.h
[20.848s] -- Installing: /home/e/ros2_ws/install/action_msgs/include/action_msgs/action_msgs/msg/detail/goal_status__type_support.h
[20.848s] -- Installing: /home/e/ros2_ws/install/action_msgs/include/action_msgs/action_msgs/msg/detail/goal_info__type_support.h
[20.848s] -- Installing: /home/e/ros2_ws/install/action_msgs/include/action_msgs/action_msgs/msg/detail/goal_status__functions.c
[20.848s] -- Installing: /home/e/ros2_ws/install/action_msgs/include/action_msgs/action_msgs/msg/detail/goal_info__functions.c
[20.848s] -- Installing: /home/e/ros2_ws/install/action_msgs/include/action_msgs/action_msgs/msg/detail/goal_status_array__functions.c
[20.848s] -- Installing: /home/e/ros2_ws/install/action_msgs/include/action_msgs/action_msgs/msg/detail/goal_status_array__struct.h
[20.848s] -- Installing: /home/e/ros2_ws/install/action_msgs/include/action_msgs/action_msgs/msg/detail/goal_status__functions.h
[20.848s] -- Installing: /home/e/ros2_ws/install/action_msgs/include/action_msgs/action_msgs/msg/detail/goal_status_array__type_support.h
[20.848s] -- Installing: /home/e/ros2_ws/install/action_msgs/include/action_msgs/action_msgs/msg/detail/goal_status__struct.h
[20.850s] -- Installing: /home/e/ros2_ws/install/action_msgs/include/action_msgs/action_msgs/msg/detail/goal_info__struct.h
[20.851s] -- Installing: /home/e/ros2_ws/install/action_msgs/include/action_msgs/action_msgs/srv
[20.851s] -- Installing: /home/e/ros2_ws/install/action_msgs/include/action_msgs/action_msgs/srv/cancel_goal.h
[20.851s] -- Installing: /home/e/ros2_ws/install/action_msgs/include/action_msgs/action_msgs/srv/detail
[20.851s] -- Installing: /home/e/ros2_ws/install/action_msgs/include/action_msgs/action_msgs/srv/detail/cancel_goal__struct.h
[20.852s] -- Installing: /home/e/ros2_ws/install/action_msgs/include/action_msgs/action_msgs/srv/detail/cancel_goal__functions.h
[20.853s] -- Installing: /home/e/ros2_ws/install/action_msgs/include/action_msgs/action_msgs/srv/detail/cancel_goal__type_support.h
[20.853s] -- Installing: /home/e/ros2_ws/install/action_msgs/include/action_msgs/action_msgs/srv/detail/cancel_goal__functions.c
[20.853s] -- Installing: /home/e/ros2_ws/install/action_msgs/share/action_msgs/environment/library_path.sh
[20.853s] -- Installing: /home/e/ros2_ws/install/action_msgs/share/action_msgs/environment/library_path.dsv
[20.853s] -- Installing: /home/e/ros2_ws/install/action_msgs/lib/libaction_msgs__rosidl_generator_c.so
[20.853s] -- Set runtime path of "/home/e/ros2_ws/install/action_msgs/lib/libaction_msgs__rosidl_generator_c.so" to ""
[20.853s] -- Up-to-date: /home/e/ros2_ws/install/action_msgs/include/action_msgs/action_msgs
[20.853s] -- Up-to-date: /home/e/ros2_ws/install/action_msgs/include/action_msgs/action_msgs/msg
[20.853s] -- Up-to-date: /home/e/ros2_ws/install/action_msgs/include/action_msgs/action_msgs/msg/detail
[20.853s] -- Installing: /home/e/ros2_ws/install/action_msgs/include/action_msgs/action_msgs/msg/detail/goal_status__rosidl_typesupport_fastrtps_c.h
[20.853s] -- Installing: /home/e/ros2_ws/install/action_msgs/include/action_msgs/action_msgs/msg/detail/goal_info__rosidl_typesupport_fastrtps_c.h
[20.853s] -- Installing: /home/e/ros2_ws/install/action_msgs/include/action_msgs/action_msgs/msg/detail/goal_status_array__rosidl_typesupport_fastrtps_c.h
[20.857s] -- Installing: /home/e/ros2_ws/install/action_msgs/include/action_msgs/action_msgs/msg/rosidl_typesupport_fastrtps_c__visibility_control.h
[20.857s] -- Up-to-date: /home/e/ros2_ws/install/action_msgs/include/action_msgs/action_msgs/srv
[20.857s] -- Up-to-date: /home/e/ros2_ws/install/action_msgs/include/action_msgs/action_msgs/srv/detail
[20.857s] -- Installing: /home/e/ros2_ws/install/action_msgs/include/action_msgs/action_msgs/srv/detail/cancel_goal__rosidl_typesupport_fastrtps_c.h
[20.857s] -- Installing: /home/e/ros2_ws/install/action_msgs/lib/libaction_msgs__rosidl_typesupport_fastrtps_c.so
[20.857s] -- Set runtime path of "/home/e/ros2_ws/install/action_msgs/lib/libaction_msgs__rosidl_typesupport_fastrtps_c.so" to ""
[20.858s] -- Up-to-date: /home/e/ros2_ws/install/action_msgs/include/action_msgs/action_msgs
[20.858s] -- Up-to-date: /home/e/ros2_ws/install/action_msgs/include/action_msgs/action_msgs/msg
[20.858s] -- Installing: /home/e/ros2_ws/install/action_msgs/include/action_msgs/action_msgs/msg/goal_info.hpp
[20.858s] -- Installing: /home/e/ros2_ws/install/action_msgs/include/action_msgs/action_msgs/msg/goal_status.hpp
[20.858s] -- Installing: /home/e/ros2_ws/install/action_msgs/include/action_msgs/action_msgs/msg/rosidl_generator_cpp__visibility_control.hpp
[20.858s] -- Up-to-date: /home/e/ros2_ws/install/action_msgs/include/action_msgs/action_msgs/msg/detail
[20.858s] -- Installing: /home/e/ros2_ws/install/action_msgs/include/action_msgs/action_msgs/msg/detail/goal_status__traits.hpp
[20.858s] -- Installing: /home/e/ros2_ws/install/action_msgs/include/action_msgs/action_msgs/msg/detail/goal_status_array__struct.hpp
[20.858s] -- Installing: /home/e/ros2_ws/install/action_msgs/include/action_msgs/action_msgs/msg/detail/goal_status_array__type_support.hpp
[20.858s] -- Installing: /home/e/ros2_ws/install/action_msgs/include/action_msgs/action_msgs/msg/detail/goal_info__type_support.hpp
[20.858s] -- Installing: /home/e/ros2_ws/install/action_msgs/include/action_msgs/action_msgs/msg/detail/goal_status__builder.hpp
[20.858s] -- Installing: /home/e/ros2_ws/install/action_msgs/include/action_msgs/action_msgs/msg/detail/goal_status_array__traits.hpp
[20.858s] -- Installing: /home/e/ros2_ws/install/action_msgs/include/action_msgs/action_msgs/msg/detail/goal_status__struct.hpp
[20.858s] -- Installing: /home/e/ros2_ws/install/action_msgs/include/action_msgs/action_msgs/msg/detail/goal_info__traits.hpp
[20.858s] -- Installing: /home/e/ros2_ws/install/action_msgs/include/action_msgs/action_msgs/msg/detail/goal_info__struct.hpp
[20.858s] -- Installing: /home/e/ros2_ws/install/action_msgs/include/action_msgs/action_msgs/msg/detail/goal_status_array__builder.hpp
[20.858s] -- Installing: /home/e/ros2_ws/install/action_msgs/include/action_msgs/action_msgs/msg/detail/goal_info__builder.hpp
[20.858s] -- Installing: /home/e/ros2_ws/install/action_msgs/include/action_msgs/action_msgs/msg/detail/goal_status__type_support.hpp
[20.858s] -- Installing: /home/e/ros2_ws/install/action_msgs/include/action_msgs/action_msgs/msg/goal_status_array.hpp
[20.858s] -- Up-to-date: /home/e/ros2_ws/install/action_msgs/include/action_msgs/action_msgs/srv
[20.858s] -- Installing: /home/e/ros2_ws/install/action_msgs/include/action_msgs/action_msgs/srv/cancel_goal.hpp
[20.858s] -- Up-to-date: /home/e/ros2_ws/install/action_msgs/include/action_msgs/action_msgs/srv/detail
[20.858s] -- Installing: /home/e/ros2_ws/install/action_msgs/include/action_msgs/action_msgs/srv/detail/cancel_goal__struct.hpp
[20.858s] -- Installing: /home/e/ros2_ws/install/action_msgs/include/action_msgs/action_msgs/srv/detail/cancel_goal__builder.hpp
[20.863s] -- Installing: /home/e/ros2_ws/install/action_msgs/include/action_msgs/action_msgs/srv/detail/cancel_goal__traits.hpp
[20.863s] -- Installing: /home/e/ros2_ws/install/action_msgs/include/action_msgs/action_msgs/srv/detail/cancel_goal__type_support.hpp
[20.863s] -- Up-to-date: /home/e/ros2_ws/install/action_msgs/include/action_msgs/action_msgs
[20.863s] -- Up-to-date: /home/e/ros2_ws/install/action_msgs/include/action_msgs/action_msgs/msg
[20.863s] -- Installing: /home/e/ros2_ws/install/action_msgs/include/action_msgs/action_msgs/msg/rosidl_typesupport_fastrtps_cpp__visibility_control.h
[20.863s] -- Up-to-date: /home/e/ros2_ws/install/action_msgs/include/action_msgs/action_msgs/msg/detail
[20.863s] -- Installing: /home/e/ros2_ws/install/action_msgs/include/action_msgs/action_msgs/msg/detail/dds_fastrtps
[20.863s] -- Installing: /home/e/ros2_ws/install/action_msgs/include/action_msgs/action_msgs/msg/detail/goal_status__rosidl_typesupport_fastrtps_cpp.hpp
[20.864s] -- Installing: /home/e/ros2_ws/install/action_msgs/include/action_msgs/action_msgs/msg/detail/goal_info__rosidl_typesupport_fastrtps_cpp.hpp
[20.864s] -- Installing: /home/e/ros2_ws/install/action_msgs/include/action_msgs/action_msgs/msg/detail/goal_status_array__rosidl_typesupport_fastrtps_cpp.hpp
[20.864s] -- Up-to-date: /home/e/ros2_ws/install/action_msgs/include/action_msgs/action_msgs/srv
[20.864s] -- Up-to-date: /home/e/ros2_ws/install/action_msgs/include/action_msgs/action_msgs/srv/detail
[20.864s] -- Installing: /home/e/ros2_ws/install/action_msgs/include/action_msgs/action_msgs/srv/detail/cancel_goal__rosidl_typesupport_fastrtps_cpp.hpp
[20.864s] -- Installing: /home/e/ros2_ws/install/action_msgs/include/action_msgs/action_msgs/srv/detail/dds_fastrtps
[20.864s] -- Installing: /home/e/ros2_ws/install/action_msgs/lib/libaction_msgs__rosidl_typesupport_fastrtps_cpp.so
[20.864s] -- Set runtime path of "/home/e/ros2_ws/install/action_msgs/lib/libaction_msgs__rosidl_typesupport_fastrtps_cpp.so" to ""
[20.864s] -- Up-to-date: /home/e/ros2_ws/install/action_msgs/include/action_msgs/action_msgs
[20.864s] -- Up-to-date: /home/e/ros2_ws/install/action_msgs/include/action_msgs/action_msgs/msg
[20.864s] -- Installing: /home/e/ros2_ws/install/action_msgs/include/action_msgs/action_msgs/msg/rosidl_typesupport_microxrcedds_c__visibility_control.h
[20.864s] -- Up-to-date: /home/e/ros2_ws/install/action_msgs/include/action_msgs/action_msgs/msg/detail
[20.864s] -- Installing: /home/e/ros2_ws/install/action_msgs/include/action_msgs/action_msgs/msg/detail/microxrcedds
[20.864s] -- Installing: /home/e/ros2_ws/install/action_msgs/include/action_msgs/action_msgs/msg/detail/goal_status_array__rosidl_typesupport_microxrcedds_c.h
[20.864s] -- Installing: /home/e/ros2_ws/install/action_msgs/include/action_msgs/action_msgs/msg/detail/goal_status__rosidl_typesupport_microxrcedds_c.h
[20.864s] -- Installing: /home/e/ros2_ws/install/action_msgs/include/action_msgs/action_msgs/msg/detail/goal_info__rosidl_typesupport_microxrcedds_c.h
[20.864s] -- Up-to-date: /home/e/ros2_ws/install/action_msgs/include/action_msgs/action_msgs/srv
[20.864s] -- Up-to-date: /home/e/ros2_ws/install/action_msgs/include/action_msgs/action_msgs/srv/detail
[20.864s] -- Installing: /home/e/ros2_ws/install/action_msgs/include/action_msgs/action_msgs/srv/detail/microxrcedds
[20.864s] -- Installing: /home/e/ros2_ws/install/action_msgs/include/action_msgs/action_msgs/srv/detail/cancel_goal__rosidl_typesupport_microxrcedds_c.h
[20.864s] -- Installing: /home/e/ros2_ws/install/action_msgs/lib/libaction_msgs__rosidl_typesupport_microxrcedds_c.so
[20.864s] -- Set runtime path of "/home/e/ros2_ws/install/action_msgs/lib/libaction_msgs__rosidl_typesupport_microxrcedds_c.so" to ""
[20.864s] -- Up-to-date: /home/e/ros2_ws/install/action_msgs/include/action_msgs/action_msgs
[20.864s] -- Up-to-date: /home/e/ros2_ws/install/action_msgs/include/action_msgs/action_msgs/msg
[20.864s] -- Up-to-date: /home/e/ros2_ws/install/action_msgs/include/action_msgs/action_msgs/msg/detail
[20.864s] -- Installing: /home/e/ros2_ws/install/action_msgs/include/action_msgs/action_msgs/msg/detail/goal_status__rosidl_typesupport_introspection_c.h
[20.865s] -- Installing: /home/e/ros2_ws/install/action_msgs/include/action_msgs/action_msgs/msg/detail/goal_status__type_support.c
[20.865s] -- Installing: /home/e/ros2_ws/install/action_msgs/include/action_msgs/action_msgs/msg/detail/goal_info__type_support.c
[20.865s] -- Installing: /home/e/ros2_ws/install/action_msgs/include/action_msgs/action_msgs/msg/detail/goal_status_array__rosidl_typesupport_introspection_c.h
[20.865s] -- Installing: /home/e/ros2_ws/install/action_msgs/include/action_msgs/action_msgs/msg/detail/goal_status_array__type_support.c
[20.865s] -- Installing: /home/e/ros2_ws/install/action_msgs/include/action_msgs/action_msgs/msg/detail/goal_info__rosidl_typesupport_introspection_c.h
[20.865s] -- Installing: /home/e/ros2_ws/install/action_msgs/include/action_msgs/action_msgs/msg/rosidl_typesupport_introspection_c__visibility_control.h
[20.865s] -- Up-to-date: /home/e/ros2_ws/install/action_msgs/include/action_msgs/action_msgs/srv
[20.865s] -- Up-to-date: /home/e/ros2_ws/install/action_msgs/include/action_msgs/action_msgs/srv/detail
[20.865s] -- Installing: /home/e/ros2_ws/install/action_msgs/include/action_msgs/action_msgs/srv/detail/cancel_goal__type_support.c
[20.865s] -- Installing: /home/e/ros2_ws/install/action_msgs/include/action_msgs/action_msgs/srv/detail/cancel_goal__rosidl_typesupport_introspection_c.h
[20.865s] -- Installing: /home/e/ros2_ws/install/action_msgs/lib/libaction_msgs__rosidl_typesupport_introspection_c.so
[20.865s] -- Set runtime path of "/home/e/ros2_ws/install/action_msgs/lib/libaction_msgs__rosidl_typesupport_introspection_c.so" to ""
[20.865s] -- Installing: /home/e/ros2_ws/install/action_msgs/lib/libaction_msgs__rosidl_typesupport_c.so
[20.865s] -- Set runtime path of "/home/e/ros2_ws/install/action_msgs/lib/libaction_msgs__rosidl_typesupport_c.so" to ""
[20.865s] -- Up-to-date: /home/e/ros2_ws/install/action_msgs/include/action_msgs/action_msgs
[20.865s] -- Up-to-date: /home/e/ros2_ws/install/action_msgs/include/action_msgs/action_msgs/msg
[20.865s] -- Installing: /home/e/ros2_ws/install/action_msgs/include/action_msgs/action_msgs/msg/rosidl_typesupport_microxrcedds_cpp__visibility_control.h
[20.865s] -- Up-to-date: /home/e/ros2_ws/install/action_msgs/include/action_msgs/action_msgs/msg/detail
[20.865s] -- Installing: /home/e/ros2_ws/install/action_msgs/include/action_msgs/action_msgs/msg/detail/goal_status__rosidl_typesupport_microxrcedds_cpp.hpp
[20.865s] -- Up-to-date: /home/e/ros2_ws/install/action_msgs/include/action_msgs/action_msgs/msg/detail/microxrcedds
[20.865s] -- Installing: /home/e/ros2_ws/install/action_msgs/include/action_msgs/action_msgs/msg/detail/goal_info__rosidl_typesupport_microxrcedds_cpp.hpp
[20.865s] -- Installing: /home/e/ros2_ws/install/action_msgs/include/action_msgs/action_msgs/msg/detail/goal_status_array__rosidl_typesupport_microxrcedds_cpp.hpp
[20.865s] -- Up-to-date: /home/e/ros2_ws/install/action_msgs/include/action_msgs/action_msgs/srv
[20.865s] -- Up-to-date: /home/e/ros2_ws/install/action_msgs/include/action_msgs/action_msgs/srv/detail
[20.865s] -- Up-to-date: /home/e/ros2_ws/install/action_msgs/include/action_msgs/action_msgs/srv/detail/microxrcedds
[20.865s] -- Installing: /home/e/ros2_ws/install/action_msgs/include/action_msgs/action_msgs/srv/detail/cancel_goal__rosidl_typesupport_microxrcedds_cpp.hpp
[20.865s] -- Installing: /home/e/ros2_ws/install/action_msgs/lib/libaction_msgs__rosidl_typesupport_microxrcedds_cpp.so
[20.865s] -- Set runtime path of "/home/e/ros2_ws/install/action_msgs/lib/libaction_msgs__rosidl_typesupport_microxrcedds_cpp.so" to ""
[20.866s] -- Up-to-date: /home/e/ros2_ws/install/action_msgs/include/action_msgs/action_msgs
[20.866s] -- Up-to-date: /home/e/ros2_ws/install/action_msgs/include/action_msgs/action_msgs/msg
[20.866s] -- Up-to-date: /home/e/ros2_ws/install/action_msgs/include/action_msgs/action_msgs/msg/detail
[20.866s] -- Installing: /home/e/ros2_ws/install/action_msgs/include/action_msgs/action_msgs/msg/detail/goal_status__type_support.cpp
[20.866s] -- Installing: /home/e/ros2_ws/install/action_msgs/include/action_msgs/action_msgs/msg/detail/goal_info__type_support.cpp
[20.866s] -- Installing: /home/e/ros2_ws/install/action_msgs/include/action_msgs/action_msgs/msg/detail/goal_status__rosidl_typesupport_introspection_cpp.hpp
[20.866s] -- Installing: /home/e/ros2_ws/install/action_msgs/include/action_msgs/action_msgs/msg/detail/goal_status_array__rosidl_typesupport_introspection_cpp.hpp
[20.866s] -- Installing: /home/e/ros2_ws/install/action_msgs/include/action_msgs/action_msgs/msg/detail/goal_status_array__type_support.cpp
[20.866s] -- Installing: /home/e/ros2_ws/install/action_msgs/include/action_msgs/action_msgs/msg/detail/goal_info__rosidl_typesupport_introspection_cpp.hpp
[20.866s] -- Up-to-date: /home/e/ros2_ws/install/action_msgs/include/action_msgs/action_msgs/srv
[20.866s] -- Up-to-date: /home/e/ros2_ws/install/action_msgs/include/action_msgs/action_msgs/srv/detail
[20.866s] -- Installing: /home/e/ros2_ws/install/action_msgs/include/action_msgs/action_msgs/srv/detail/cancel_goal__rosidl_typesupport_introspection_cpp.hpp
[20.866s] -- Installing: /home/e/ros2_ws/install/action_msgs/include/action_msgs/action_msgs/srv/detail/cancel_goal__type_support.cpp
[20.866s] -- Installing: /home/e/ros2_ws/install/action_msgs/lib/libaction_msgs__rosidl_typesupport_introspection_cpp.so
[20.866s] -- Set runtime path of "/home/e/ros2_ws/install/action_msgs/lib/libaction_msgs__rosidl_typesupport_introspection_cpp.so" to ""
[20.866s] -- Installing: /home/e/ros2_ws/install/action_msgs/lib/libaction_msgs__rosidl_typesupport_cpp.so
[20.866s] -- Set runtime path of "/home/e/ros2_ws/install/action_msgs/lib/libaction_msgs__rosidl_typesupport_cpp.so" to ""
[20.866s] -- Installing: /home/e/ros2_ws/install/action_msgs/share/action_msgs/environment/pythonpath.sh
[20.866s] -- Installing: /home/e/ros2_ws/install/action_msgs/share/action_msgs/environment/pythonpath.dsv
[20.866s] -- Installing: /home/e/ros2_ws/install/action_msgs/local/lib/python3.10/dist-packages/action_msgs-1.2.2-py3.10.egg-info
[20.866s] -- Installing: /home/e/ros2_ws/install/action_msgs/local/lib/python3.10/dist-packages/action_msgs-1.2.2-py3.10.egg-info/PKG-INFO
[20.866s] -- Installing: /home/e/ros2_ws/install/action_msgs/local/lib/python3.10/dist-packages/action_msgs-1.2.2-py3.10.egg-info/top_level.txt
[20.866s] -- Installing: /home/e/ros2_ws/install/action_msgs/local/lib/python3.10/dist-packages/action_msgs-1.2.2-py3.10.egg-info/SOURCES.txt
[20.866s] -- Installing: /home/e/ros2_ws/install/action_msgs/local/lib/python3.10/dist-packages/action_msgs-1.2.2-py3.10.egg-info/dependency_links.txt
[20.871s] -- Installing: /home/e/ros2_ws/install/action_msgs/local/lib/python3.10/dist-packages/action_msgs
[20.871s] -- Installing: /home/e/ros2_ws/install/action_msgs/local/lib/python3.10/dist-packages/action_msgs/action_msgs_s__rosidl_typesupport_microxrcedds_c.cpython-310-x86_64-linux-gnu.so
[20.871s] -- Installing: /home/e/ros2_ws/install/action_msgs/local/lib/python3.10/dist-packages/action_msgs/action_msgs_s__rosidl_typesupport_c.cpython-310-x86_64-linux-gnu.so
[20.871s] -- Installing: /home/e/ros2_ws/install/action_msgs/local/lib/python3.10/dist-packages/action_msgs/msg
[20.871s] -- Installing: /home/e/ros2_ws/install/action_msgs/local/lib/python3.10/dist-packages/action_msgs/msg/_goal_info.py
[20.871s] -- Installing: /home/e/ros2_ws/install/action_msgs/local/lib/python3.10/dist-packages/action_msgs/msg/_goal_info_s.c
[20.871s] -- Installing: /home/e/ros2_ws/install/action_msgs/local/lib/python3.10/dist-packages/action_msgs/msg/_goal_status.py
[20.871s] -- Installing: /home/e/ros2_ws/install/action_msgs/local/lib/python3.10/dist-packages/action_msgs/msg/_goal_status_array_s.c
[20.871s] -- Installing: /home/e/ros2_ws/install/action_msgs/local/lib/python3.10/dist-packages/action_msgs/msg/_goal_status_s.c
[20.871s] -- Installing: /home/e/ros2_ws/install/action_msgs/local/lib/python3.10/dist-packages/action_msgs/msg/__init__.py
[20.871s] -- Installing: /home/e/ros2_ws/install/action_msgs/local/lib/python3.10/dist-packages/action_msgs/msg/_goal_status_array.py
[20.871s] -- Installing: /home/e/ros2_ws/install/action_msgs/local/lib/python3.10/dist-packages/action_msgs/_action_msgs_s.ep.rosidl_typesupport_microxrcedds_c.c
[20.871s] -- Installing: /home/e/ros2_ws/install/action_msgs/local/lib/python3.10/dist-packages/action_msgs/srv
[20.871s] -- Installing: /home/e/ros2_ws/install/action_msgs/local/lib/python3.10/dist-packages/action_msgs/srv/_cancel_goal.py
[20.871s] -- Installing: /home/e/ros2_ws/install/action_msgs/local/lib/python3.10/dist-packages/action_msgs/srv/__init__.py
[20.872s] -- Installing: /home/e/ros2_ws/install/action_msgs/local/lib/python3.10/dist-packages/action_msgs/srv/_cancel_goal_s.c
[20.872s] -- Installing: /home/e/ros2_ws/install/action_msgs/local/lib/python3.10/dist-packages/action_msgs/action_msgs_s__rosidl_typesupport_fastrtps_c.cpython-310-x86_64-linux-gnu.so
[20.872s] -- Installing: /home/e/ros2_ws/install/action_msgs/local/lib/python3.10/dist-packages/action_msgs/_action_msgs_s.ep.rosidl_typesupport_introspection_c.c
[20.872s] -- Installing: /home/e/ros2_ws/install/action_msgs/local/lib/python3.10/dist-packages/action_msgs/_action_msgs_s.ep.rosidl_typesupport_fastrtps_c.c
[20.872s] -- Installing: /home/e/ros2_ws/install/action_msgs/local/lib/python3.10/dist-packages/action_msgs/_action_msgs_s.ep.rosidl_typesupport_c.c
[20.872s] -- Installing: /home/e/ros2_ws/install/action_msgs/local/lib/python3.10/dist-packages/action_msgs/libaction_msgs__rosidl_generator_py.so
[20.872s] -- Installing: /home/e/ros2_ws/install/action_msgs/local/lib/python3.10/dist-packages/action_msgs/__init__.py
[20.872s] -- Installing: /home/e/ros2_ws/install/action_msgs/local/lib/python3.10/dist-packages/action_msgs/action_msgs_s__rosidl_typesupport_introspection_c.cpython-310-x86_64-linux-gnu.so
[20.907s] Listing '/home/e/ros2_ws/install/action_msgs/local/lib/python3.10/dist-packages/action_msgs'...
[20.907s] Compiling '/home/e/ros2_ws/install/action_msgs/local/lib/python3.10/dist-packages/action_msgs/__init__.py'...
[20.907s] Listing '/home/e/ros2_ws/install/action_msgs/local/lib/python3.10/dist-packages/action_msgs/msg'...
[20.907s] Compiling '/home/e/ros2_ws/install/action_msgs/local/lib/python3.10/dist-packages/action_msgs/msg/__init__.py'...
[20.907s] Compiling '/home/e/ros2_ws/install/action_msgs/local/lib/python3.10/dist-packages/action_msgs/msg/_goal_info.py'...
[20.907s] Compiling '/home/e/ros2_ws/install/action_msgs/local/lib/python3.10/dist-packages/action_msgs/msg/_goal_status.py'...
[20.907s] Compiling '/home/e/ros2_ws/install/action_msgs/local/lib/python3.10/dist-packages/action_msgs/msg/_goal_status_array.py'...
[20.907s] Listing '/home/e/ros2_ws/install/action_msgs/local/lib/python3.10/dist-packages/action_msgs/srv'...
[20.907s] Compiling '/home/e/ros2_ws/install/action_msgs/local/lib/python3.10/dist-packages/action_msgs/srv/__init__.py'...
[20.907s] Compiling '/home/e/ros2_ws/install/action_msgs/local/lib/python3.10/dist-packages/action_msgs/srv/_cancel_goal.py'...
[20.912s] -- Installing: /home/e/ros2_ws/install/action_msgs/local/lib/python3.10/dist-packages/action_msgs/action_msgs_s__rosidl_typesupport_microxrcedds_c.cpython-310-x86_64-linux-gnu.so
[20.912s] -- Set runtime path of "/home/e/ros2_ws/install/action_msgs/local/lib/python3.10/dist-packages/action_msgs/action_msgs_s__rosidl_typesupport_microxrcedds_c.cpython-310-x86_64-linux-gnu.so" to ""
[20.912s] -- Installing: /home/e/ros2_ws/install/action_msgs/local/lib/python3.10/dist-packages/action_msgs/action_msgs_s__rosidl_typesupport_fastrtps_c.cpython-310-x86_64-linux-gnu.so
[20.913s] -- Set runtime path of "/home/e/ros2_ws/install/action_msgs/local/lib/python3.10/dist-packages/action_msgs/action_msgs_s__rosidl_typesupport_fastrtps_c.cpython-310-x86_64-linux-gnu.so" to ""
[20.913s] -- Installing: /home/e/ros2_ws/install/action_msgs/local/lib/python3.10/dist-packages/action_msgs/action_msgs_s__rosidl_typesupport_introspection_c.cpython-310-x86_64-linux-gnu.so
[20.913s] -- Set runtime path of "/home/e/ros2_ws/install/action_msgs/local/lib/python3.10/dist-packages/action_msgs/action_msgs_s__rosidl_typesupport_introspection_c.cpython-310-x86_64-linux-gnu.so" to ""
[20.913s] -- Installing: /home/e/ros2_ws/install/action_msgs/local/lib/python3.10/dist-packages/action_msgs/action_msgs_s__rosidl_typesupport_c.cpython-310-x86_64-linux-gnu.so
[20.914s] -- Set runtime path of "/home/e/ros2_ws/install/action_msgs/local/lib/python3.10/dist-packages/action_msgs/action_msgs_s__rosidl_typesupport_c.cpython-310-x86_64-linux-gnu.so" to ""
[20.914s] -- Installing: /home/e/ros2_ws/install/action_msgs/lib/libaction_msgs__rosidl_generator_py.so
[20.915s] -- Set runtime path of "/home/e/ros2_ws/install/action_msgs/lib/libaction_msgs__rosidl_generator_py.so" to ""
[20.915s] -- Installing: /home/e/ros2_ws/install/action_msgs/share/action_msgs/msg/GoalInfo.idl
[20.915s] -- Installing: /home/e/ros2_ws/install/action_msgs/share/action_msgs/msg/GoalStatus.idl
[20.915s] -- Installing: /home/e/ros2_ws/install/action_msgs/share/action_msgs/msg/GoalStatusArray.idl
[20.916s] -- Installing: /home/e/ros2_ws/install/action_msgs/share/action_msgs/srv/CancelGoal.idl
[20.916s] -- Installing: /home/e/ros2_ws/install/action_msgs/share/action_msgs/msg/GoalInfo.msg
[20.916s] -- Installing: /home/e/ros2_ws/install/action_msgs/share/action_msgs/msg/GoalStatus.msg
[20.916s] -- Installing: /home/e/ros2_ws/install/action_msgs/share/action_msgs/msg/GoalStatusArray.msg
[20.916s] -- Installing: /home/e/ros2_ws/install/action_msgs/share/action_msgs/srv/CancelGoal.srv
[20.916s] -- Installing: /home/e/ros2_ws/install/action_msgs/share/action_msgs/srv/CancelGoal_Request.msg
[20.917s] -- Installing: /home/e/ros2_ws/install/action_msgs/share/action_msgs/srv/CancelGoal_Response.msg
[20.917s] -- Installing: /home/e/ros2_ws/install/action_msgs/share/ament_index/resource_index/package_run_dependencies/action_msgs
[20.917s] -- Installing: /home/e/ros2_ws/install/action_msgs/share/ament_index/resource_index/parent_prefix_path/action_msgs
[20.917s] -- Installing: /home/e/ros2_ws/install/action_msgs/share/action_msgs/environment/ament_prefix_path.sh
[20.917s] -- Installing: /home/e/ros2_ws/install/action_msgs/share/action_msgs/environment/ament_prefix_path.dsv
[20.918s] -- Installing: /home/e/ros2_ws/install/action_msgs/share/action_msgs/environment/path.sh
[20.918s] -- Installing: /home/e/ros2_ws/install/action_msgs/share/action_msgs/environment/path.dsv
[20.918s] -- Installing: /home/e/ros2_ws/install/action_msgs/share/action_msgs/local_setup.bash
[20.918s] -- Installing: /home/e/ros2_ws/install/action_msgs/share/action_msgs/local_setup.sh
[20.918s] -- Installing: /home/e/ros2_ws/install/action_msgs/share/action_msgs/local_setup.zsh
[20.918s] -- Installing: /home/e/ros2_ws/install/action_msgs/share/action_msgs/local_setup.dsv
[20.919s] -- Installing: /home/e/ros2_ws/install/action_msgs/share/action_msgs/package.dsv
[20.919s] -- Installing: /home/e/ros2_ws/install/action_msgs/share/ament_index/resource_index/packages/action_msgs
[20.919s] -- Installing: /home/e/ros2_ws/install/action_msgs/share/action_msgs/cmake/export_action_msgs__rosidl_generator_cExport.cmake
[20.919s] -- Installing: /home/e/ros2_ws/install/action_msgs/share/action_msgs/cmake/export_action_msgs__rosidl_generator_cExport-noconfig.cmake
[20.919s] -- Installing: /home/e/ros2_ws/install/action_msgs/share/action_msgs/cmake/export_action_msgs__rosidl_typesupport_fastrtps_cExport.cmake
[20.920s] -- Installing: /home/e/ros2_ws/install/action_msgs/share/action_msgs/cmake/export_action_msgs__rosidl_typesupport_fastrtps_cExport-noconfig.cmake
[20.920s] -- Installing: /home/e/ros2_ws/install/action_msgs/share/action_msgs/cmake/export_action_msgs__rosidl_generator_cppExport.cmake
[20.920s] -- Installing: /home/e/ros2_ws/install/action_msgs/share/action_msgs/cmake/export_action_msgs__rosidl_typesupport_fastrtps_cppExport.cmake
[20.920s] -- Installing: /home/e/ros2_ws/install/action_msgs/share/action_msgs/cmake/export_action_msgs__rosidl_typesupport_fastrtps_cppExport-noconfig.cmake
[20.921s] -- Installing: /home/e/ros2_ws/install/action_msgs/share/action_msgs/cmake/action_msgs__rosidl_typesupport_introspection_cExport.cmake
[20.921s] -- Installing: /home/e/ros2_ws/install/action_msgs/share/action_msgs/cmake/action_msgs__rosidl_typesupport_introspection_cExport-noconfig.cmake
[20.921s] -- Installing: /home/e/ros2_ws/install/action_msgs/share/action_msgs/cmake/action_msgs__rosidl_typesupport_cExport.cmake
[20.921s] -- Installing: /home/e/ros2_ws/install/action_msgs/share/action_msgs/cmake/action_msgs__rosidl_typesupport_cExport-noconfig.cmake
[20.921s] -- Installing: /home/e/ros2_ws/install/action_msgs/share/action_msgs/cmake/action_msgs__rosidl_typesupport_introspection_cppExport.cmake
[20.922s] -- Installing: /home/e/ros2_ws/install/action_msgs/share/action_msgs/cmake/action_msgs__rosidl_typesupport_introspection_cppExport-noconfig.cmake
[20.922s] -- Installing: /home/e/ros2_ws/install/action_msgs/share/action_msgs/cmake/action_msgs__rosidl_typesupport_cppExport.cmake
[20.922s] -- Installing: /home/e/ros2_ws/install/action_msgs/share/action_msgs/cmake/action_msgs__rosidl_typesupport_cppExport-noconfig.cmake
[20.922s] -- Installing: /home/e/ros2_ws/install/action_msgs/share/action_msgs/cmake/export_action_msgs__rosidl_generator_pyExport.cmake
[20.922s] -- Installing: /home/e/ros2_ws/install/action_msgs/share/action_msgs/cmake/export_action_msgs__rosidl_generator_pyExport-noconfig.cmake
[20.922s] -- Installing: /home/e/ros2_ws/install/action_msgs/share/action_msgs/cmake/rosidl_cmake-extras.cmake
[20.923s] -- Installing: /home/e/ros2_ws/install/action_msgs/share/action_msgs/cmake/ament_cmake_export_dependencies-extras.cmake
[20.923s] -- Installing: /home/e/ros2_ws/install/action_msgs/share/action_msgs/cmake/ament_cmake_export_include_directories-extras.cmake
[20.923s] -- Installing: /home/e/ros2_ws/install/action_msgs/share/action_msgs/cmake/ament_cmake_export_libraries-extras.cmake
[20.923s] -- Installing: /home/e/ros2_ws/install/action_msgs/share/action_msgs/cmake/ament_cmake_export_targets-extras.cmake
[20.923s] -- Installing: /home/e/ros2_ws/install/action_msgs/share/action_msgs/cmake/rosidl_cmake_export_typesupport_targets-extras.cmake
[20.923s] -- Installing: /home/e/ros2_ws/install/action_msgs/share/action_msgs/cmake/rosidl_cmake_export_typesupport_libraries-extras.cmake
[20.924s] -- Installing: /home/e/ros2_ws/install/action_msgs/share/action_msgs/cmake/action_msgsConfig.cmake
[20.924s] -- Installing: /home/e/ros2_ws/install/action_msgs/share/action_msgs/cmake/action_msgsConfig-version.cmake
[20.925s] -- Installing: /home/e/ros2_ws/install/action_msgs/share/action_msgs/package.xml
[20.928s] Invoked command in '/home/e/ros2_ws/build/action_msgs' returned '0': AMENT_PREFIX_PATH=/home/e/ros2_ws/install/unique_identifier_msgs:/home/e/ros2_ws/install/builtin_interfaces:${AMENT_PREFIX_PATH} CMAKE_PREFIX_PATH=/home/e/ros2_ws/install/unique_identifier_msgs:/home/e/ros2_ws/install/builtin_interfaces:/home/e/ros2_ws/install/rosidl_typesupport_microxrcedds_cpp:/home/e/ros2_ws/install/rosidl_typesupport_microxrcedds_c:/home/e/ros2_ws/install/microcdr:/home/e/ros2_ws/install/micro_ros_setup:/opt/ros/humble LD_LIBRARY_PATH=/home/e/ros2_ws/install/unique_identifier_msgs/lib:/home/e/ros2_ws/install/builtin_interfaces/lib:${LD_LIBRARY_PATH} PYTHONPATH=/home/e/ros2_ws/install/unique_identifier_msgs/local/lib/python3.10/dist-packages:/home/e/ros2_ws/install/builtin_interfaces/local/lib/python3.10/dist-packages:${PYTHONPATH} /usr/bin/cmake --install /home/e/ros2_ws/build/action_msgs
