[0.031s] Invoking command in '/home/e/ros2_ws/build/builtin_interfaces': CMAKE_PREFIX_PATH=${CMAKE_PREFIX_PATH}:/home/e/ros2_ws/install/sensor_msgs_py:/opt/ros/humble /usr/bin/cmake /home/e/ros2_ws/src/ros2/rcl_interfaces/builtin_interfaces -DUAGENT_BUILD_EXECUTABLE=OFF -DUAGENT_P2P_PROFILE=OFF --no-warn-unused-cli -DCMAKE_INSTALL_PREFIX=/home/e/ros2_ws/install/builtin_interfaces
[0.050s] Not searching for unused variables given on the command line.
[0.060s] -- Found ament_cmake: 1.3.12 (/opt/ros/humble/share/ament_cmake/cmake)
[0.355s] -- Found rosidl_default_generators: 1.2.0 (/opt/ros/humble/share/rosidl_default_generators/cmake)
[0.362s] -- Using all available rosidl_typesupport_c: rosidl_typesupport_microxrcedds_c;rosidl_typesupport_fastrtps_c;rosidl_typesupport_introspection_c
[0.372s] -- Found rosidl_adapter: 3.1.7 (/opt/ros/humble/share/rosidl_adapter/cmake)
[0.425s] -- Using all available rosidl_typesupport_cpp: rosidl_typesupport_microxrcedds_cpp;rosidl_typesupport_fastrtps_cpp;rosidl_typesupport_introspection_cpp
[0.816s] -- Found ament_cmake_ros: 0.10.0 (/opt/ros/humble/share/ament_cmake_ros/cmake)
[1.151s] -- Using all available rosidl_typesupport_c: rosidl_typesupport_microxrcedds_c;rosidl_typesupport_fastrtps_c;rosidl_typesupport_introspection_c
[1.518s] -- Using all available rosidl_typesupport_cpp: rosidl_typesupport_microxrcedds_cpp;rosidl_typesupport_fastrtps_cpp;rosidl_typesupport_introspection_cpp
[1.550s] -- Found python_cmake_module: 0.10.0 (/opt/ros/humble/share/python_cmake_module/cmake)
[1.579s] -- Using PYTHON_EXECUTABLE: /usr/bin/python3
[1.579s] -- Using PYTHON_INCLUDE_DIRS: /usr/include/python3.10
[1.579s] -- Using PYTHON_LIBRARIES: /usr/lib/x86_64-linux-gnu/libpython3.10.so
[1.624s] -- Configuring done
[1.775s] -- Generating done
[1.789s] -- Build files have been written to: /home/e/ros2_ws/build/builtin_interfaces
[1.803s] Invoked command in '/home/e/ros2_ws/build/builtin_interfaces' returned '0': CMAKE_PREFIX_PATH=${CMAKE_PREFIX_PATH}:/home/e/ros2_ws/install/sensor_msgs_py:/opt/ros/humble /usr/bin/cmake /home/e/ros2_ws/src/ros2/rcl_interfaces/builtin_interfaces -DUAGENT_BUILD_EXECUTABLE=OFF -DUAGENT_P2P_PROFILE=OFF --no-warn-unused-cli -DCMAKE_INSTALL_PREFIX=/home/e/ros2_ws/install/builtin_interfaces
[1.804s] Invoking command in '/home/e/ros2_ws/build/builtin_interfaces': CMAKE_PREFIX_PATH=${CMAKE_PREFIX_PATH}:/home/e/ros2_ws/install/sensor_msgs_py:/opt/ros/humble /usr/bin/cmake --build /home/e/ros2_ws/build/builtin_interfaces -- -j2 -l2
[1.877s] [35m[1mConsolidate compiler generated dependencies of target builtin_interfaces__rosidl_generator_c[0m
[1.910s] [  2%] Built target builtin_interfaces__cpp
[1.915s] [ 10%] Built target builtin_interfaces__rosidl_generator_c
[1.945s] [35m[1mConsolidate compiler generated dependencies of target builtin_interfaces__rosidl_typesupport_microxrcedds_cpp[0m
[1.969s] [ 18%] Built target builtin_interfaces__rosidl_typesupport_microxrcedds_cpp
[2.002s] [35m[1mConsolidate compiler generated dependencies of target builtin_interfaces__rosidl_typesupport_fastrtps_cpp[0m
[2.012s] [ 18%] Built target ament_cmake_python_copy_builtin_interfaces
[2.043s] [ 26%] Built target builtin_interfaces__rosidl_typesupport_fastrtps_cpp
[2.054s] [35m[1mConsolidate compiler generated dependencies of target builtin_interfaces__rosidl_typesupport_introspection_cpp[0m
[2.082s] [35m[1mConsolidate compiler generated dependencies of target builtin_interfaces__rosidl_typesupport_cpp[0m
[2.082s] [ 34%] Built target builtin_interfaces__rosidl_typesupport_introspection_cpp
[2.115s] [35m[1mConsolidate compiler generated dependencies of target builtin_interfaces__rosidl_typesupport_microxrcedds_c[0m
[2.117s] [ 42%] Built target builtin_interfaces__rosidl_typesupport_cpp
[2.147s] [ 51%] Built target builtin_interfaces__rosidl_typesupport_microxrcedds_c
[2.154s] [35m[1mConsolidate compiler generated dependencies of target builtin_interfaces__rosidl_typesupport_fastrtps_c[0m
[2.177s] [35m[1mConsolidate compiler generated dependencies of target builtin_interfaces__rosidl_typesupport_introspection_c[0m
[2.193s] [ 59%] Built target builtin_interfaces__rosidl_typesupport_fastrtps_c
[2.210s] [ 67%] Built target builtin_interfaces__rosidl_typesupport_introspection_c
[2.231s] [35m[1mConsolidate compiler generated dependencies of target builtin_interfaces__rosidl_typesupport_c[0m
[2.286s] [ 75%] Built target builtin_interfaces__rosidl_typesupport_c
[2.361s] [ 75%] Built target builtin_interfaces
[2.438s] [ 77%] Built target builtin_interfaces__py
[2.472s] [35m[1mConsolidate compiler generated dependencies of target builtin_interfaces__rosidl_generator_py[0m
[2.512s] [ 83%] Built target builtin_interfaces__rosidl_generator_py
[2.566s] [35m[1mConsolidate compiler generated dependencies of target builtin_interfaces__rosidl_typesupport_microxrcedds_c__pyext[0m
[2.615s] [ 87%] Built target builtin_interfaces__rosidl_typesupport_microxrcedds_c__pyext
[2.655s] [35m[1mConsolidate compiler generated dependencies of target builtin_interfaces__rosidl_typesupport_fastrtps_c__pyext[0m
[2.693s] [ 91%] Built target builtin_interfaces__rosidl_typesupport_fastrtps_c__pyext
[2.722s] [35m[1mConsolidate compiler generated dependencies of target builtin_interfaces__rosidl_typesupport_introspection_c__pyext[0m
[2.738s] [ 95%] Built target builtin_interfaces__rosidl_typesupport_introspection_c__pyext
[2.757s] [35m[1mConsolidate compiler generated dependencies of target builtin_interfaces__rosidl_typesupport_c__pyext[0m
[2.775s] [100%] Built target builtin_interfaces__rosidl_typesupport_c__pyext
[2.819s] running egg_info
[2.819s] writing builtin_interfaces.egg-info/PKG-INFO
[2.819s] writing dependency_links to builtin_interfaces.egg-info/dependency_links.txt
[2.820s] writing top-level names to builtin_interfaces.egg-info/top_level.txt
[2.825s] reading manifest file 'builtin_interfaces.egg-info/SOURCES.txt'
[2.827s] writing manifest file 'builtin_interfaces.egg-info/SOURCES.txt'
[2.921s] [100%] Built target ament_cmake_python_build_builtin_interfaces_egg
[2.937s] Invoked command in '/home/e/ros2_ws/build/builtin_interfaces' returned '0': CMAKE_PREFIX_PATH=${CMAKE_PREFIX_PATH}:/home/e/ros2_ws/install/sensor_msgs_py:/opt/ros/humble /usr/bin/cmake --build /home/e/ros2_ws/build/builtin_interfaces -- -j2 -l2
[2.942s] Invoking command in '/home/e/ros2_ws/build/builtin_interfaces': CMAKE_PREFIX_PATH=${CMAKE_PREFIX_PATH}:/home/e/ros2_ws/install/sensor_msgs_py:/opt/ros/humble /usr/bin/cmake --install /home/e/ros2_ws/build/builtin_interfaces
[2.957s] -- Install configuration: ""
[2.957s] -- Up-to-date: /home/e/ros2_ws/install/builtin_interfaces/share/ament_index/resource_index/rosidl_interfaces/builtin_interfaces
[2.957s] -- Up-to-date: /home/e/ros2_ws/install/builtin_interfaces/include/builtin_interfaces/builtin_interfaces
[2.957s] -- Up-to-date: /home/e/ros2_ws/install/builtin_interfaces/include/builtin_interfaces/builtin_interfaces/msg
[2.957s] -- Up-to-date: /home/e/ros2_ws/install/builtin_interfaces/include/builtin_interfaces/builtin_interfaces/msg/rosidl_generator_c__visibility_control.h
[2.958s] -- Up-to-date: /home/e/ros2_ws/install/builtin_interfaces/include/builtin_interfaces/builtin_interfaces/msg/time.h
[2.958s] -- Up-to-date: /home/e/ros2_ws/install/builtin_interfaces/include/builtin_interfaces/builtin_interfaces/msg/detail
[2.959s] -- Up-to-date: /home/e/ros2_ws/install/builtin_interfaces/include/builtin_interfaces/builtin_interfaces/msg/detail/duration__struct.h
[2.959s] -- Up-to-date: /home/e/ros2_ws/install/builtin_interfaces/include/builtin_interfaces/builtin_interfaces/msg/detail/time__functions.h
[2.960s] -- Up-to-date: /home/e/ros2_ws/install/builtin_interfaces/include/builtin_interfaces/builtin_interfaces/msg/detail/time__functions.c
[2.960s] -- Up-to-date: /home/e/ros2_ws/install/builtin_interfaces/include/builtin_interfaces/builtin_interfaces/msg/detail/time__type_support.h
[2.960s] -- Up-to-date: /home/e/ros2_ws/install/builtin_interfaces/include/builtin_interfaces/builtin_interfaces/msg/detail/duration__functions.h
[2.960s] -- Up-to-date: /home/e/ros2_ws/install/builtin_interfaces/include/builtin_interfaces/builtin_interfaces/msg/detail/duration__type_support.h
[2.962s] -- Up-to-date: /home/e/ros2_ws/install/builtin_interfaces/include/builtin_interfaces/builtin_interfaces/msg/detail/duration__functions.c
[2.962s] -- Up-to-date: /home/e/ros2_ws/install/builtin_interfaces/include/builtin_interfaces/builtin_interfaces/msg/detail/time__struct.h
[2.962s] -- Up-to-date: /home/e/ros2_ws/install/builtin_interfaces/include/builtin_interfaces/builtin_interfaces/msg/duration.h
[2.962s] -- Up-to-date: /home/e/ros2_ws/install/builtin_interfaces/share/builtin_interfaces/environment/library_path.sh
[2.962s] -- Installing: /home/e/ros2_ws/install/builtin_interfaces/share/builtin_interfaces/environment/library_path.dsv
[2.962s] -- Up-to-date: /home/e/ros2_ws/install/builtin_interfaces/lib/libbuiltin_interfaces__rosidl_generator_c.so
[2.962s] -- Up-to-date: /home/e/ros2_ws/install/builtin_interfaces/include/builtin_interfaces/builtin_interfaces
[2.962s] -- Up-to-date: /home/e/ros2_ws/install/builtin_interfaces/include/builtin_interfaces/builtin_interfaces/msg
[2.962s] -- Up-to-date: /home/e/ros2_ws/install/builtin_interfaces/include/builtin_interfaces/builtin_interfaces/msg/rosidl_typesupport_microxrcedds_c__visibility_control.h
[2.962s] -- Up-to-date: /home/e/ros2_ws/install/builtin_interfaces/include/builtin_interfaces/builtin_interfaces/msg/detail
[2.962s] -- Up-to-date: /home/e/ros2_ws/install/builtin_interfaces/include/builtin_interfaces/builtin_interfaces/msg/detail/duration__rosidl_typesupport_microxrcedds_c.h
[2.962s] -- Up-to-date: /home/e/ros2_ws/install/builtin_interfaces/include/builtin_interfaces/builtin_interfaces/msg/detail/microxrcedds
[2.962s] -- Up-to-date: /home/e/ros2_ws/install/builtin_interfaces/include/builtin_interfaces/builtin_interfaces/msg/detail/time__rosidl_typesupport_microxrcedds_c.h
[2.962s] -- Up-to-date: /home/e/ros2_ws/install/builtin_interfaces/lib/libbuiltin_interfaces__rosidl_typesupport_microxrcedds_c.so
[2.962s] -- Up-to-date: /home/e/ros2_ws/install/builtin_interfaces/include/builtin_interfaces/builtin_interfaces
[2.963s] -- Up-to-date: /home/e/ros2_ws/install/builtin_interfaces/include/builtin_interfaces/builtin_interfaces/msg
[2.963s] -- Up-to-date: /home/e/ros2_ws/install/builtin_interfaces/include/builtin_interfaces/builtin_interfaces/msg/detail
[2.963s] -- Up-to-date: /home/e/ros2_ws/install/builtin_interfaces/include/builtin_interfaces/builtin_interfaces/msg/detail/time__rosidl_typesupport_fastrtps_c.h
[2.963s] -- Up-to-date: /home/e/ros2_ws/install/builtin_interfaces/include/builtin_interfaces/builtin_interfaces/msg/detail/duration__rosidl_typesupport_fastrtps_c.h
[2.964s] -- Up-to-date: /home/e/ros2_ws/install/builtin_interfaces/include/builtin_interfaces/builtin_interfaces/msg/rosidl_typesupport_fastrtps_c__visibility_control.h
[2.965s] -- Up-to-date: /home/e/ros2_ws/install/builtin_interfaces/lib/libbuiltin_interfaces__rosidl_typesupport_fastrtps_c.so
[2.965s] -- Up-to-date: /home/e/ros2_ws/install/builtin_interfaces/include/builtin_interfaces/builtin_interfaces
[2.965s] -- Up-to-date: /home/e/ros2_ws/install/builtin_interfaces/include/builtin_interfaces/builtin_interfaces/msg
[2.965s] -- Up-to-date: /home/e/ros2_ws/install/builtin_interfaces/include/builtin_interfaces/builtin_interfaces/msg/detail
[2.965s] -- Up-to-date: /home/e/ros2_ws/install/builtin_interfaces/include/builtin_interfaces/builtin_interfaces/msg/detail/time__type_support.c
[2.965s] -- Up-to-date: /home/e/ros2_ws/install/builtin_interfaces/include/builtin_interfaces/builtin_interfaces/msg/detail/duration__type_support.c
[2.965s] -- Up-to-date: /home/e/ros2_ws/install/builtin_interfaces/include/builtin_interfaces/builtin_interfaces/msg/detail/duration__rosidl_typesupport_introspection_c.h
[2.965s] -- Up-to-date: /home/e/ros2_ws/install/builtin_interfaces/include/builtin_interfaces/builtin_interfaces/msg/detail/time__rosidl_typesupport_introspection_c.h
[2.965s] -- Up-to-date: /home/e/ros2_ws/install/builtin_interfaces/include/builtin_interfaces/builtin_interfaces/msg/rosidl_typesupport_introspection_c__visibility_control.h
[2.965s] -- Up-to-date: /home/e/ros2_ws/install/builtin_interfaces/lib/libbuiltin_interfaces__rosidl_typesupport_introspection_c.so
[2.965s] -- Up-to-date: /home/e/ros2_ws/install/builtin_interfaces/lib/libbuiltin_interfaces__rosidl_typesupport_c.so
[2.965s] -- Up-to-date: /home/e/ros2_ws/install/builtin_interfaces/include/builtin_interfaces/builtin_interfaces
[2.965s] -- Up-to-date: /home/e/ros2_ws/install/builtin_interfaces/include/builtin_interfaces/builtin_interfaces/msg
[2.965s] -- Up-to-date: /home/e/ros2_ws/install/builtin_interfaces/include/builtin_interfaces/builtin_interfaces/msg/duration.hpp
[2.965s] -- Up-to-date: /home/e/ros2_ws/install/builtin_interfaces/include/builtin_interfaces/builtin_interfaces/msg/time.hpp
[2.966s] -- Up-to-date: /home/e/ros2_ws/install/builtin_interfaces/include/builtin_interfaces/builtin_interfaces/msg/rosidl_generator_cpp__visibility_control.hpp
[2.966s] -- Up-to-date: /home/e/ros2_ws/install/builtin_interfaces/include/builtin_interfaces/builtin_interfaces/msg/detail
[2.966s] -- Up-to-date: /home/e/ros2_ws/install/builtin_interfaces/include/builtin_interfaces/builtin_interfaces/msg/detail/time__traits.hpp
[2.966s] -- Up-to-date: /home/e/ros2_ws/install/builtin_interfaces/include/builtin_interfaces/builtin_interfaces/msg/detail/duration__builder.hpp
[2.966s] -- Up-to-date: /home/e/ros2_ws/install/builtin_interfaces/include/builtin_interfaces/builtin_interfaces/msg/detail/duration__struct.hpp
[2.966s] -- Up-to-date: /home/e/ros2_ws/install/builtin_interfaces/include/builtin_interfaces/builtin_interfaces/msg/detail/duration__traits.hpp
[2.966s] -- Up-to-date: /home/e/ros2_ws/install/builtin_interfaces/include/builtin_interfaces/builtin_interfaces/msg/detail/time__struct.hpp
[2.966s] -- Up-to-date: /home/e/ros2_ws/install/builtin_interfaces/include/builtin_interfaces/builtin_interfaces/msg/detail/time__type_support.hpp
[2.966s] -- Up-to-date: /home/e/ros2_ws/install/builtin_interfaces/include/builtin_interfaces/builtin_interfaces/msg/detail/duration__type_support.hpp
[2.966s] -- Up-to-date: /home/e/ros2_ws/install/builtin_interfaces/include/builtin_interfaces/builtin_interfaces/msg/detail/time__builder.hpp
[2.966s] -- Up-to-date: /home/e/ros2_ws/install/builtin_interfaces/include/builtin_interfaces/builtin_interfaces
[2.966s] -- Up-to-date: /home/e/ros2_ws/install/builtin_interfaces/include/builtin_interfaces/builtin_interfaces/msg
[2.966s] -- Up-to-date: /home/e/ros2_ws/install/builtin_interfaces/include/builtin_interfaces/builtin_interfaces/msg/rosidl_typesupport_microxrcedds_cpp__visibility_control.h
[2.966s] -- Up-to-date: /home/e/ros2_ws/install/builtin_interfaces/include/builtin_interfaces/builtin_interfaces/msg/detail
[2.966s] -- Up-to-date: /home/e/ros2_ws/install/builtin_interfaces/include/builtin_interfaces/builtin_interfaces/msg/detail/duration__rosidl_typesupport_microxrcedds_cpp.hpp
[2.966s] -- Up-to-date: /home/e/ros2_ws/install/builtin_interfaces/include/builtin_interfaces/builtin_interfaces/msg/detail/microxrcedds
[2.966s] -- Up-to-date: /home/e/ros2_ws/install/builtin_interfaces/include/builtin_interfaces/builtin_interfaces/msg/detail/time__rosidl_typesupport_microxrcedds_cpp.hpp
[2.966s] -- Up-to-date: /home/e/ros2_ws/install/builtin_interfaces/lib/libbuiltin_interfaces__rosidl_typesupport_microxrcedds_cpp.so
[2.966s] -- Up-to-date: /home/e/ros2_ws/install/builtin_interfaces/include/builtin_interfaces/builtin_interfaces
[2.966s] -- Up-to-date: /home/e/ros2_ws/install/builtin_interfaces/include/builtin_interfaces/builtin_interfaces/msg
[2.966s] -- Up-to-date: /home/e/ros2_ws/install/builtin_interfaces/include/builtin_interfaces/builtin_interfaces/msg/rosidl_typesupport_fastrtps_cpp__visibility_control.h
[2.966s] -- Up-to-date: /home/e/ros2_ws/install/builtin_interfaces/include/builtin_interfaces/builtin_interfaces/msg/detail
[2.966s] -- Up-to-date: /home/e/ros2_ws/install/builtin_interfaces/include/builtin_interfaces/builtin_interfaces/msg/detail/time__rosidl_typesupport_fastrtps_cpp.hpp
[2.966s] -- Up-to-date: /home/e/ros2_ws/install/builtin_interfaces/include/builtin_interfaces/builtin_interfaces/msg/detail/dds_fastrtps
[2.966s] -- Up-to-date: /home/e/ros2_ws/install/builtin_interfaces/include/builtin_interfaces/builtin_interfaces/msg/detail/duration__rosidl_typesupport_fastrtps_cpp.hpp
[2.966s] -- Up-to-date: /home/e/ros2_ws/install/builtin_interfaces/lib/libbuiltin_interfaces__rosidl_typesupport_fastrtps_cpp.so
[2.966s] -- Up-to-date: /home/e/ros2_ws/install/builtin_interfaces/include/builtin_interfaces/builtin_interfaces
[2.967s] -- Up-to-date: /home/e/ros2_ws/install/builtin_interfaces/include/builtin_interfaces/builtin_interfaces/msg
[2.967s] -- Up-to-date: /home/e/ros2_ws/install/builtin_interfaces/include/builtin_interfaces/builtin_interfaces/msg/detail
[2.967s] -- Up-to-date: /home/e/ros2_ws/install/builtin_interfaces/include/builtin_interfaces/builtin_interfaces/msg/detail/time__type_support.cpp
[2.967s] -- Up-to-date: /home/e/ros2_ws/install/builtin_interfaces/include/builtin_interfaces/builtin_interfaces/msg/detail/duration__type_support.cpp
[2.967s] -- Up-to-date: /home/e/ros2_ws/install/builtin_interfaces/include/builtin_interfaces/builtin_interfaces/msg/detail/duration__rosidl_typesupport_introspection_cpp.hpp
[2.967s] -- Up-to-date: /home/e/ros2_ws/install/builtin_interfaces/include/builtin_interfaces/builtin_interfaces/msg/detail/time__rosidl_typesupport_introspection_cpp.hpp
[2.967s] -- Up-to-date: /home/e/ros2_ws/install/builtin_interfaces/lib/libbuiltin_interfaces__rosidl_typesupport_introspection_cpp.so
[2.967s] -- Up-to-date: /home/e/ros2_ws/install/builtin_interfaces/lib/libbuiltin_interfaces__rosidl_typesupport_cpp.so
[2.967s] -- Up-to-date: /home/e/ros2_ws/install/builtin_interfaces/share/builtin_interfaces/environment/pythonpath.sh
[2.967s] -- Installing: /home/e/ros2_ws/install/builtin_interfaces/share/builtin_interfaces/environment/pythonpath.dsv
[2.967s] -- Up-to-date: /home/e/ros2_ws/install/builtin_interfaces/local/lib/python3.10/dist-packages/builtin_interfaces-1.2.2-py3.10.egg-info
[2.967s] -- Installing: /home/e/ros2_ws/install/builtin_interfaces/local/lib/python3.10/dist-packages/builtin_interfaces-1.2.2-py3.10.egg-info/PKG-INFO
[2.967s] -- Installing: /home/e/ros2_ws/install/builtin_interfaces/local/lib/python3.10/dist-packages/builtin_interfaces-1.2.2-py3.10.egg-info/top_level.txt
[2.967s] -- Installing: /home/e/ros2_ws/install/builtin_interfaces/local/lib/python3.10/dist-packages/builtin_interfaces-1.2.2-py3.10.egg-info/SOURCES.txt
[2.967s] -- Installing: /home/e/ros2_ws/install/builtin_interfaces/local/lib/python3.10/dist-packages/builtin_interfaces-1.2.2-py3.10.egg-info/dependency_links.txt
[2.967s] -- Up-to-date: /home/e/ros2_ws/install/builtin_interfaces/local/lib/python3.10/dist-packages/builtin_interfaces
[2.967s] -- Up-to-date: /home/e/ros2_ws/install/builtin_interfaces/local/lib/python3.10/dist-packages/builtin_interfaces/_builtin_interfaces_s.ep.rosidl_typesupport_fastrtps_c.c
[2.967s] -- Up-to-date: /home/e/ros2_ws/install/builtin_interfaces/local/lib/python3.10/dist-packages/builtin_interfaces/_builtin_interfaces_s.ep.rosidl_typesupport_introspection_c.c
[2.967s] -- Up-to-date: /home/e/ros2_ws/install/builtin_interfaces/local/lib/python3.10/dist-packages/builtin_interfaces/libbuiltin_interfaces__rosidl_generator_py.so
[2.967s] -- Up-to-date: /home/e/ros2_ws/install/builtin_interfaces/local/lib/python3.10/dist-packages/builtin_interfaces/msg
[2.967s] -- Up-to-date: /home/e/ros2_ws/install/builtin_interfaces/local/lib/python3.10/dist-packages/builtin_interfaces/msg/_time.py
[2.967s] -- Up-to-date: /home/e/ros2_ws/install/builtin_interfaces/local/lib/python3.10/dist-packages/builtin_interfaces/msg/_duration.py
[2.967s] -- Up-to-date: /home/e/ros2_ws/install/builtin_interfaces/local/lib/python3.10/dist-packages/builtin_interfaces/msg/_time_s.c
[2.967s] -- Up-to-date: /home/e/ros2_ws/install/builtin_interfaces/local/lib/python3.10/dist-packages/builtin_interfaces/msg/__init__.py
[2.968s] -- Up-to-date: /home/e/ros2_ws/install/builtin_interfaces/local/lib/python3.10/dist-packages/builtin_interfaces/msg/_duration_s.c
[2.968s] -- Up-to-date: /home/e/ros2_ws/install/builtin_interfaces/local/lib/python3.10/dist-packages/builtin_interfaces/_builtin_interfaces_s.ep.rosidl_typesupport_microxrcedds_c.c
[2.968s] -- Up-to-date: /home/e/ros2_ws/install/builtin_interfaces/local/lib/python3.10/dist-packages/builtin_interfaces/_builtin_interfaces_s.ep.rosidl_typesupport_c.c
[2.968s] -- Up-to-date: /home/e/ros2_ws/install/builtin_interfaces/local/lib/python3.10/dist-packages/builtin_interfaces/builtin_interfaces_s__rosidl_typesupport_microxrcedds_c.cpython-310-x86_64-linux-gnu.so
[2.968s] -- Installing: /home/e/ros2_ws/install/builtin_interfaces/local/lib/python3.10/dist-packages/builtin_interfaces/__init__.py
[2.968s] -- Up-to-date: /home/e/ros2_ws/install/builtin_interfaces/local/lib/python3.10/dist-packages/builtin_interfaces/builtin_interfaces_s__rosidl_typesupport_fastrtps_c.cpython-310-x86_64-linux-gnu.so
[2.969s] -- Up-to-date: /home/e/ros2_ws/install/builtin_interfaces/local/lib/python3.10/dist-packages/builtin_interfaces/builtin_interfaces_s__rosidl_typesupport_c.cpython-310-x86_64-linux-gnu.so
[2.970s] -- Up-to-date: /home/e/ros2_ws/install/builtin_interfaces/local/lib/python3.10/dist-packages/builtin_interfaces/builtin_interfaces_s__rosidl_typesupport_introspection_c.cpython-310-x86_64-linux-gnu.so
[3.017s] Listing '/home/e/ros2_ws/install/builtin_interfaces/local/lib/python3.10/dist-packages/builtin_interfaces'...
[3.017s] Compiling '/home/e/ros2_ws/install/builtin_interfaces/local/lib/python3.10/dist-packages/builtin_interfaces/__init__.py'...
[3.017s] Listing '/home/e/ros2_ws/install/builtin_interfaces/local/lib/python3.10/dist-packages/builtin_interfaces/msg'...
[3.021s] -- Up-to-date: /home/e/ros2_ws/install/builtin_interfaces/local/lib/python3.10/dist-packages/builtin_interfaces/builtin_interfaces_s__rosidl_typesupport_microxrcedds_c.cpython-310-x86_64-linux-gnu.so
[3.021s] -- Up-to-date: /home/e/ros2_ws/install/builtin_interfaces/local/lib/python3.10/dist-packages/builtin_interfaces/builtin_interfaces_s__rosidl_typesupport_fastrtps_c.cpython-310-x86_64-linux-gnu.so
[3.021s] -- Up-to-date: /home/e/ros2_ws/install/builtin_interfaces/local/lib/python3.10/dist-packages/builtin_interfaces/builtin_interfaces_s__rosidl_typesupport_introspection_c.cpython-310-x86_64-linux-gnu.so
[3.022s] -- Up-to-date: /home/e/ros2_ws/install/builtin_interfaces/local/lib/python3.10/dist-packages/builtin_interfaces/builtin_interfaces_s__rosidl_typesupport_c.cpython-310-x86_64-linux-gnu.so
[3.023s] -- Up-to-date: /home/e/ros2_ws/install/builtin_interfaces/lib/libbuiltin_interfaces__rosidl_generator_py.so
[3.023s] -- Up-to-date: /home/e/ros2_ws/install/builtin_interfaces/share/builtin_interfaces/msg/Duration.idl
[3.023s] -- Up-to-date: /home/e/ros2_ws/install/builtin_interfaces/share/builtin_interfaces/msg/Time.idl
[3.023s] -- Up-to-date: /home/e/ros2_ws/install/builtin_interfaces/share/builtin_interfaces/msg/Duration.msg
[3.023s] -- Up-to-date: /home/e/ros2_ws/install/builtin_interfaces/share/builtin_interfaces/msg/Time.msg
[3.023s] -- Up-to-date: /home/e/ros2_ws/install/builtin_interfaces/share/ament_index/resource_index/package_run_dependencies/builtin_interfaces
[3.023s] -- Installing: /home/e/ros2_ws/install/builtin_interfaces/share/ament_index/resource_index/parent_prefix_path/builtin_interfaces
[3.023s] -- Up-to-date: /home/e/ros2_ws/install/builtin_interfaces/share/builtin_interfaces/environment/ament_prefix_path.sh
[3.023s] -- Installing: /home/e/ros2_ws/install/builtin_interfaces/share/builtin_interfaces/environment/ament_prefix_path.dsv
[3.024s] -- Up-to-date: /home/e/ros2_ws/install/builtin_interfaces/share/builtin_interfaces/environment/path.sh
[3.024s] -- Installing: /home/e/ros2_ws/install/builtin_interfaces/share/builtin_interfaces/environment/path.dsv
[3.024s] -- Up-to-date: /home/e/ros2_ws/install/builtin_interfaces/share/builtin_interfaces/local_setup.bash
[3.024s] -- Up-to-date: /home/e/ros2_ws/install/builtin_interfaces/share/builtin_interfaces/local_setup.sh
[3.024s] -- Up-to-date: /home/e/ros2_ws/install/builtin_interfaces/share/builtin_interfaces/local_setup.zsh
[3.024s] -- Installing: /home/e/ros2_ws/install/builtin_interfaces/share/builtin_interfaces/local_setup.dsv
[3.024s] -- Installing: /home/e/ros2_ws/install/builtin_interfaces/share/builtin_interfaces/package.dsv
[3.024s] -- Up-to-date: /home/e/ros2_ws/install/builtin_interfaces/share/ament_index/resource_index/packages/builtin_interfaces
[3.024s] -- Up-to-date: /home/e/ros2_ws/install/builtin_interfaces/share/builtin_interfaces/cmake/export_builtin_interfaces__rosidl_generator_cExport.cmake
[3.024s] -- Up-to-date: /home/e/ros2_ws/install/builtin_interfaces/share/builtin_interfaces/cmake/export_builtin_interfaces__rosidl_generator_cExport-noconfig.cmake
[3.024s] -- Up-to-date: /home/e/ros2_ws/install/builtin_interfaces/share/builtin_interfaces/cmake/export_builtin_interfaces__rosidl_typesupport_fastrtps_cExport.cmake
[3.024s] -- Up-to-date: /home/e/ros2_ws/install/builtin_interfaces/share/builtin_interfaces/cmake/export_builtin_interfaces__rosidl_typesupport_fastrtps_cExport-noconfig.cmake
[3.024s] -- Up-to-date: /home/e/ros2_ws/install/builtin_interfaces/share/builtin_interfaces/cmake/builtin_interfaces__rosidl_typesupport_introspection_cExport.cmake
[3.024s] -- Up-to-date: /home/e/ros2_ws/install/builtin_interfaces/share/builtin_interfaces/cmake/builtin_interfaces__rosidl_typesupport_introspection_cExport-noconfig.cmake
[3.025s] -- Up-to-date: /home/e/ros2_ws/install/builtin_interfaces/share/builtin_interfaces/cmake/builtin_interfaces__rosidl_typesupport_cExport.cmake
[3.025s] -- Up-to-date: /home/e/ros2_ws/install/builtin_interfaces/share/builtin_interfaces/cmake/builtin_interfaces__rosidl_typesupport_cExport-noconfig.cmake
[3.025s] -- Up-to-date: /home/e/ros2_ws/install/builtin_interfaces/share/builtin_interfaces/cmake/export_builtin_interfaces__rosidl_generator_cppExport.cmake
[3.025s] -- Up-to-date: /home/e/ros2_ws/install/builtin_interfaces/share/builtin_interfaces/cmake/export_builtin_interfaces__rosidl_typesupport_fastrtps_cppExport.cmake
[3.025s] -- Up-to-date: /home/e/ros2_ws/install/builtin_interfaces/share/builtin_interfaces/cmake/export_builtin_interfaces__rosidl_typesupport_fastrtps_cppExport-noconfig.cmake
[3.025s] -- Up-to-date: /home/e/ros2_ws/install/builtin_interfaces/share/builtin_interfaces/cmake/builtin_interfaces__rosidl_typesupport_introspection_cppExport.cmake
[3.025s] -- Up-to-date: /home/e/ros2_ws/install/builtin_interfaces/share/builtin_interfaces/cmake/builtin_interfaces__rosidl_typesupport_introspection_cppExport-noconfig.cmake
[3.025s] -- Up-to-date: /home/e/ros2_ws/install/builtin_interfaces/share/builtin_interfaces/cmake/builtin_interfaces__rosidl_typesupport_cppExport.cmake
[3.025s] -- Up-to-date: /home/e/ros2_ws/install/builtin_interfaces/share/builtin_interfaces/cmake/builtin_interfaces__rosidl_typesupport_cppExport-noconfig.cmake
[3.025s] -- Up-to-date: /home/e/ros2_ws/install/builtin_interfaces/share/builtin_interfaces/cmake/export_builtin_interfaces__rosidl_generator_pyExport.cmake
[3.025s] -- Up-to-date: /home/e/ros2_ws/install/builtin_interfaces/share/builtin_interfaces/cmake/export_builtin_interfaces__rosidl_generator_pyExport-noconfig.cmake
[3.026s] -- Up-to-date: /home/e/ros2_ws/install/builtin_interfaces/share/builtin_interfaces/cmake/rosidl_cmake-extras.cmake
[3.026s] -- Up-to-date: /home/e/ros2_ws/install/builtin_interfaces/share/builtin_interfaces/cmake/ament_cmake_export_include_directories-extras.cmake
[3.026s] -- Up-to-date: /home/e/ros2_ws/install/builtin_interfaces/share/builtin_interfaces/cmake/ament_cmake_export_libraries-extras.cmake
[3.026s] -- Up-to-date: /home/e/ros2_ws/install/builtin_interfaces/share/builtin_interfaces/cmake/ament_cmake_export_targets-extras.cmake
[3.026s] -- Up-to-date: /home/e/ros2_ws/install/builtin_interfaces/share/builtin_interfaces/cmake/rosidl_cmake_export_typesupport_targets-extras.cmake
[3.026s] -- Up-to-date: /home/e/ros2_ws/install/builtin_interfaces/share/builtin_interfaces/cmake/ament_cmake_export_dependencies-extras.cmake
[3.026s] -- Up-to-date: /home/e/ros2_ws/install/builtin_interfaces/share/builtin_interfaces/cmake/rosidl_cmake_export_typesupport_libraries-extras.cmake
[3.026s] -- Up-to-date: /home/e/ros2_ws/install/builtin_interfaces/share/builtin_interfaces/cmake/builtin_interfacesConfig.cmake
[3.026s] -- Up-to-date: /home/e/ros2_ws/install/builtin_interfaces/share/builtin_interfaces/cmake/builtin_interfacesConfig-version.cmake
[3.026s] -- Up-to-date: /home/e/ros2_ws/install/builtin_interfaces/share/builtin_interfaces/package.xml
[3.028s] Invoked command in '/home/e/ros2_ws/build/builtin_interfaces' returned '0': CMAKE_PREFIX_PATH=${CMAKE_PREFIX_PATH}:/home/e/ros2_ws/install/sensor_msgs_py:/opt/ros/humble /usr/bin/cmake --install /home/e/ros2_ws/build/builtin_interfaces
