[0.016s] Invoking command in '/home/e/ros2_ws/build/stereo_msgs': AMENT_PREFIX_PATH=/home/e/ros2_ws/install/sensor_msgs:/home/e/ros2_ws/install/geometry_msgs:/home/e/ros2_ws/install/std_msgs:/home/e/ros2_ws/install/builtin_interfaces:${AMENT_PREFIX_PATH} CMAKE_PREFIX_PATH=/home/e/ros2_ws/install/sensor_msgs:/home/e/ros2_ws/install/geometry_msgs:/home/e/ros2_ws/install/std_msgs:/home/e/ros2_ws/install/builtin_interfaces:/home/e/ros2_ws/install/rosidl_typesupport_microxrcedds_cpp:/home/e/ros2_ws/install/rosidl_typesupport_microxrcedds_c:/home/e/ros2_ws/install/microcdr:/home/e/ros2_ws/install/micro_ros_setup:/opt/ros/humble LD_LIBRARY_PATH=/home/e/ros2_ws/install/sensor_msgs/lib:/home/e/ros2_ws/install/geometry_msgs/lib:/home/e/ros2_ws/install/std_msgs/lib:/home/e/ros2_ws/install/builtin_interfaces/lib:${LD_LIBRARY_PATH} PYTHONPATH=/home/e/ros2_ws/install/sensor_msgs/local/lib/python3.10/dist-packages:/home/e/ros2_ws/install/geometry_msgs/local/lib/python3.10/dist-packages:/home/e/ros2_ws/install/std_msgs/local/lib/python3.10/dist-packages:/home/e/ros2_ws/install/builtin_interfaces/local/lib/python3.10/dist-packages:${PYTHONPATH} /usr/bin/cmake /home/e/ros2_ws/src/ros2/common_interfaces/stereo_msgs -DBUILD_TESTING=OFF -DBUILD_SHARED_LIBS=ON -DCMAKE_INSTALL_PREFIX=/home/e/ros2_ws/install/stereo_msgs
[0.077s] -- The C compiler identification is GNU 11.4.0
[0.129s] -- The CXX compiler identification is GNU 11.4.0
[0.136s] -- Detecting C compiler ABI info
[0.215s] -- Detecting C compiler ABI info - done
[0.220s] -- Check for working C compiler: /usr/bin/cc - skipped
[0.221s] -- Detecting C compile features
[0.223s] -- Detecting C compile features - done
[0.224s] -- Detecting CXX compiler ABI info
[0.312s] -- Detecting CXX compiler ABI info - done
[0.319s] -- Check for working CXX compiler: /usr/bin/c++ - skipped
[0.319s] -- Detecting CXX compile features
[0.320s] -- Detecting CXX compile features - done
[0.322s] -- Found ament_cmake: 1.3.12 (/opt/ros/humble/share/ament_cmake/cmake)
[0.475s] -- Found Python3: /usr/bin/python3 (found version "3.10.12") found components: Interpreter 
[0.561s] -- Found rosidl_default_generators: 1.2.0 (/opt/ros/humble/share/rosidl_default_generators/cmake)
[0.564s] -- Using all available rosidl_typesupport_c: rosidl_typesupport_microxrcedds_c;rosidl_typesupport_fastrtps_c;rosidl_typesupport_introspection_c
[0.572s] -- Found rosidl_adapter: 3.1.7 (/opt/ros/humble/share/rosidl_adapter/cmake)
[0.615s] -- Using all available rosidl_typesupport_cpp: rosidl_typesupport_microxrcedds_cpp;rosidl_typesupport_fastrtps_cpp;rosidl_typesupport_introspection_cpp
[0.647s] -- Found sensor_msgs: 4.9.0 (/home/e/ros2_ws/install/sensor_msgs/share/sensor_msgs/cmake)
[1.015s] -- Found ament_cmake_ros: 0.10.0 (/opt/ros/humble/share/ament_cmake_ros/cmake)
[1.362s] -- Using all available rosidl_typesupport_c: rosidl_typesupport_microxrcedds_c;rosidl_typesupport_fastrtps_c;rosidl_typesupport_introspection_c
[1.789s] -- Using all available rosidl_typesupport_cpp: rosidl_typesupport_microxrcedds_cpp;rosidl_typesupport_fastrtps_cpp;rosidl_typesupport_introspection_cpp
[1.810s] -- Found PythonInterp: /usr/bin/python3 (found suitable version "3.10.12", minimum required is "3.6") 
[1.813s] -- Found python_cmake_module: 0.10.0 (/opt/ros/humble/share/python_cmake_module/cmake)
[1.837s] -- Found PythonLibs: /usr/lib/x86_64-linux-gnu/libpython3.10.so (found suitable version "3.10.12", minimum required is "3.5") 
[1.838s] -- Using PYTHON_EXECUTABLE: /usr/bin/python3
[1.838s] -- Using PYTHON_INCLUDE_DIRS: /usr/include/python3.10
[1.838s] -- Using PYTHON_LIBRARIES: /usr/lib/x86_64-linux-gnu/libpython3.10.so
[1.863s] -- Found PythonExtra: .so  
[1.941s] -- Configuring done
[1.989s] -- Generating done
[2.003s] -- Build files have been written to: /home/e/ros2_ws/build/stereo_msgs
[2.014s] Invoked command in '/home/e/ros2_ws/build/stereo_msgs' returned '0': AMENT_PREFIX_PATH=/home/e/ros2_ws/install/sensor_msgs:/home/e/ros2_ws/install/geometry_msgs:/home/e/ros2_ws/install/std_msgs:/home/e/ros2_ws/install/builtin_interfaces:${AMENT_PREFIX_PATH} CMAKE_PREFIX_PATH=/home/e/ros2_ws/install/sensor_msgs:/home/e/ros2_ws/install/geometry_msgs:/home/e/ros2_ws/install/std_msgs:/home/e/ros2_ws/install/builtin_interfaces:/home/e/ros2_ws/install/rosidl_typesupport_microxrcedds_cpp:/home/e/ros2_ws/install/rosidl_typesupport_microxrcedds_c:/home/e/ros2_ws/install/microcdr:/home/e/ros2_ws/install/micro_ros_setup:/opt/ros/humble LD_LIBRARY_PATH=/home/e/ros2_ws/install/sensor_msgs/lib:/home/e/ros2_ws/install/geometry_msgs/lib:/home/e/ros2_ws/install/std_msgs/lib:/home/e/ros2_ws/install/builtin_interfaces/lib:${LD_LIBRARY_PATH} PYTHONPATH=/home/e/ros2_ws/install/sensor_msgs/local/lib/python3.10/dist-packages:/home/e/ros2_ws/install/geometry_msgs/local/lib/python3.10/dist-packages:/home/e/ros2_ws/install/std_msgs/local/lib/python3.10/dist-packages:/home/e/ros2_ws/install/builtin_interfaces/local/lib/python3.10/dist-packages:${PYTHONPATH} /usr/bin/cmake /home/e/ros2_ws/src/ros2/common_interfaces/stereo_msgs -DBUILD_TESTING=OFF -DBUILD_SHARED_LIBS=ON -DCMAKE_INSTALL_PREFIX=/home/e/ros2_ws/install/stereo_msgs
[2.015s] Invoking command in '/home/e/ros2_ws/build/stereo_msgs': AMENT_PREFIX_PATH=/home/e/ros2_ws/install/sensor_msgs:/home/e/ros2_ws/install/geometry_msgs:/home/e/ros2_ws/install/std_msgs:/home/e/ros2_ws/install/builtin_interfaces:${AMENT_PREFIX_PATH} CMAKE_PREFIX_PATH=/home/e/ros2_ws/install/sensor_msgs:/home/e/ros2_ws/install/geometry_msgs:/home/e/ros2_ws/install/std_msgs:/home/e/ros2_ws/install/builtin_interfaces:/home/e/ros2_ws/install/rosidl_typesupport_microxrcedds_cpp:/home/e/ros2_ws/install/rosidl_typesupport_microxrcedds_c:/home/e/ros2_ws/install/microcdr:/home/e/ros2_ws/install/micro_ros_setup:/opt/ros/humble LD_LIBRARY_PATH=/home/e/ros2_ws/install/sensor_msgs/lib:/home/e/ros2_ws/install/geometry_msgs/lib:/home/e/ros2_ws/install/std_msgs/lib:/home/e/ros2_ws/install/builtin_interfaces/lib:${LD_LIBRARY_PATH} PYTHONPATH=/home/e/ros2_ws/install/sensor_msgs/local/lib/python3.10/dist-packages:/home/e/ros2_ws/install/geometry_msgs/local/lib/python3.10/dist-packages:/home/e/ros2_ws/install/std_msgs/local/lib/python3.10/dist-packages:/home/e/ros2_ws/install/builtin_interfaces/local/lib/python3.10/dist-packages:${PYTHONPATH} /usr/bin/cmake --build /home/e/ros2_ws/build/stereo_msgs -- -j2 -l2
[2.070s] [  2%] [34m[1mGenerating C++ code for ROS interfaces[0m
[2.405s] [  2%] Built target stereo_msgs__cpp
[2.417s] [  5%] [34m[1mGenerating C code for ROS interfaces[0m
[2.783s] [  7%] [32mBuilding C object CMakeFiles/stereo_msgs__rosidl_generator_c.dir/rosidl_generator_c/stereo_msgs/msg/detail/disparity_image__functions.c.o[0m
[2.845s] [ 10%] [32m[1mLinking C shared library libstereo_msgs__rosidl_generator_c.so[0m
[2.891s] [ 10%] Built target stereo_msgs__rosidl_generator_c
[2.923s] [ 10%] Built target ament_cmake_python_copy_stereo_msgs
[2.935s] [ 12%] [34m[1mGenerating C++ type support dispatch for ROS interfaces[0m
[3.273s] [ 15%] [32mBuilding CXX object CMakeFiles/stereo_msgs__rosidl_typesupport_cpp.dir/rosidl_typesupport_cpp/stereo_msgs/msg/disparity_image__type_support.cpp.o[0m
[3.501s] [ 17%] [32m[1mLinking CXX shared library libstereo_msgs__rosidl_typesupport_cpp.so[0m
[3.542s] [ 17%] Built target stereo_msgs__rosidl_typesupport_cpp
[3.555s] [ 20%] [34m[1mGenerating C type support for eProsima Micro XRCE-DDS[0m
[3.867s] [ 23%] [32mBuilding C object CMakeFiles/stereo_msgs__rosidl_typesupport_microxrcedds_c.dir/rosidl_typesupport_microxrcedds_c/stereo_msgs/msg/detail/microxrcedds/disparity_image__type_support_c.c.o[0m
[3.918s] [ 25%] [32m[1mLinking C shared library libstereo_msgs__rosidl_typesupport_microxrcedds_c.so[0m
[3.966s] [ 25%] Built target stereo_msgs__rosidl_typesupport_microxrcedds_c
[3.982s] [ 28%] [34m[1mGenerating C type support for eProsima Fast-RTPS[0m
[4.323s] [ 30%] [32mBuilding CXX object CMakeFiles/stereo_msgs__rosidl_typesupport_fastrtps_c.dir/rosidl_typesupport_fastrtps_c/stereo_msgs/msg/detail/disparity_image__type_support_c.cpp.o[0m
[4.627s] [ 33%] [32m[1mLinking CXX shared library libstereo_msgs__rosidl_typesupport_fastrtps_c.so[0m
[4.714s] [ 33%] Built target stereo_msgs__rosidl_typesupport_fastrtps_c
[4.726s] [ 35%] [34m[1mGenerating C introspection for ROS interfaces[0m
[5.032s] [ 38%] [32mBuilding C object CMakeFiles/stereo_msgs__rosidl_typesupport_introspection_c.dir/rosidl_typesupport_introspection_c/stereo_msgs/msg/detail/disparity_image__type_support.c.o[0m
[5.076s] [ 41%] [32m[1mLinking C shared library libstereo_msgs__rosidl_typesupport_introspection_c.so[0m
[5.114s] [ 41%] Built target stereo_msgs__rosidl_typesupport_introspection_c
[5.124s] [ 43%] [34m[1mGenerating C type support dispatch for ROS interfaces[0m
[5.423s] [ 46%] [32mBuilding CXX object CMakeFiles/stereo_msgs__rosidl_typesupport_c.dir/rosidl_typesupport_c/stereo_msgs/msg/disparity_image__type_support.cpp.o[0m
[5.455s] [ 48%] [32m[1mLinking CXX shared library libstereo_msgs__rosidl_typesupport_c.so[0m
[5.496s] [ 48%] Built target stereo_msgs__rosidl_typesupport_c
[5.509s] [ 51%] [34m[1mGenerating C++ type support for eProsima Micro XRCE-DDS[0m
[5.863s] [ 53%] [32mBuilding CXX object CMakeFiles/stereo_msgs__rosidl_typesupport_microxrcedds_cpp.dir/rosidl_typesupport_microxrcedds_cpp/stereo_msgs/msg/detail/microxrcedds/disparity_image__type_support_cpp.cpp.o[0m
[6.152s] [ 56%] [32m[1mLinking CXX shared library libstereo_msgs__rosidl_typesupport_microxrcedds_cpp.so[0m
[6.213s] [ 56%] Built target stereo_msgs__rosidl_typesupport_microxrcedds_cpp
[6.224s] [ 58%] [34m[1mGenerating C++ type support for eProsima Fast-RTPS[0m
[6.545s] [ 61%] [32mBuilding CXX object CMakeFiles/stereo_msgs__rosidl_typesupport_fastrtps_cpp.dir/rosidl_typesupport_fastrtps_cpp/stereo_msgs/msg/detail/dds_fastrtps/disparity_image__type_support.cpp.o[0m
[6.923s] [ 64%] [32m[1mLinking CXX shared library libstereo_msgs__rosidl_typesupport_fastrtps_cpp.so[0m
[7.002s] [ 64%] Built target stereo_msgs__rosidl_typesupport_fastrtps_cpp
[7.015s] [ 66%] [34m[1mGenerating C++ introspection for ROS interfaces[0m
[7.319s] [ 69%] [32mBuilding CXX object CMakeFiles/stereo_msgs__rosidl_typesupport_introspection_cpp.dir/rosidl_typesupport_introspection_cpp/stereo_msgs/msg/detail/disparity_image__type_support.cpp.o[0m
[7.685s] [ 71%] [32m[1mLinking CXX shared library libstereo_msgs__rosidl_typesupport_introspection_cpp.so[0m
[7.756s] [ 71%] Built target stereo_msgs__rosidl_typesupport_introspection_cpp
[7.974s] running egg_info
[7.974s] creating stereo_msgs.egg-info
[7.974s] writing stereo_msgs.egg-info/PKG-INFO
[7.974s] writing dependency_links to stereo_msgs.egg-info/dependency_links.txt
[7.974s] writing top-level names to stereo_msgs.egg-info/top_level.txt
[7.974s] writing manifest file 'stereo_msgs.egg-info/SOURCES.txt'
[7.976s] reading manifest file 'stereo_msgs.egg-info/SOURCES.txt'
[7.976s] writing manifest file 'stereo_msgs.egg-info/SOURCES.txt'
[8.006s] [ 71%] Built target ament_cmake_python_build_stereo_msgs_egg
[8.036s] [ 71%] Built target stereo_msgs
[8.069s] [ 74%] [34m[1mGenerating Python code for ROS interfaces[0m
[8.573s] [ 74%] Built target stereo_msgs__py
[8.595s] [ 76%] [32mBuilding C object CMakeFiles/stereo_msgs__rosidl_generator_py.dir/rosidl_generator_py/stereo_msgs/msg/_disparity_image_s.c.o[0m
[8.690s] [ 79%] [32m[1mLinking C shared library rosidl_generator_py/stereo_msgs/libstereo_msgs__rosidl_generator_py.so[0m
[8.732s] [ 79%] Built target stereo_msgs__rosidl_generator_py
[8.756s] [ 82%] [32mBuilding C object CMakeFiles/stereo_msgs__rosidl_typesupport_microxrcedds_c__pyext.dir/rosidl_generator_py/stereo_msgs/_stereo_msgs_s.ep.rosidl_typesupport_microxrcedds_c.c.o[0m
[8.848s] [ 84%] [32m[1mLinking C shared library rosidl_generator_py/stereo_msgs/stereo_msgs_s__rosidl_typesupport_microxrcedds_c.cpython-310-x86_64-linux-gnu.so[0m
[8.893s] [ 84%] Built target stereo_msgs__rosidl_typesupport_microxrcedds_c__pyext
[8.915s] [ 87%] [32mBuilding C object CMakeFiles/stereo_msgs__rosidl_typesupport_fastrtps_c__pyext.dir/rosidl_generator_py/stereo_msgs/_stereo_msgs_s.ep.rosidl_typesupport_fastrtps_c.c.o[0m
[9.015s] [ 89%] [32m[1mLinking C shared library rosidl_generator_py/stereo_msgs/stereo_msgs_s__rosidl_typesupport_fastrtps_c.cpython-310-x86_64-linux-gnu.so[0m
[9.060s] [ 89%] Built target stereo_msgs__rosidl_typesupport_fastrtps_c__pyext
[9.081s] [ 92%] [32mBuilding C object CMakeFiles/stereo_msgs__rosidl_typesupport_introspection_c__pyext.dir/rosidl_generator_py/stereo_msgs/_stereo_msgs_s.ep.rosidl_typesupport_introspection_c.c.o[0m
[9.170s] [ 94%] [32m[1mLinking C shared library rosidl_generator_py/stereo_msgs/stereo_msgs_s__rosidl_typesupport_introspection_c.cpython-310-x86_64-linux-gnu.so[0m
[9.212s] [ 94%] Built target stereo_msgs__rosidl_typesupport_introspection_c__pyext
[9.232s] [ 97%] [32mBuilding C object CMakeFiles/stereo_msgs__rosidl_typesupport_c__pyext.dir/rosidl_generator_py/stereo_msgs/_stereo_msgs_s.ep.rosidl_typesupport_c.c.o[0m
[9.334s] [100%] [32m[1mLinking C shared library rosidl_generator_py/stereo_msgs/stereo_msgs_s__rosidl_typesupport_c.cpython-310-x86_64-linux-gnu.so[0m
[9.386s] [100%] Built target stereo_msgs__rosidl_typesupport_c__pyext
[9.399s] Invoked command in '/home/e/ros2_ws/build/stereo_msgs' returned '0': AMENT_PREFIX_PATH=/home/e/ros2_ws/install/sensor_msgs:/home/e/ros2_ws/install/geometry_msgs:/home/e/ros2_ws/install/std_msgs:/home/e/ros2_ws/install/builtin_interfaces:${AMENT_PREFIX_PATH} CMAKE_PREFIX_PATH=/home/e/ros2_ws/install/sensor_msgs:/home/e/ros2_ws/install/geometry_msgs:/home/e/ros2_ws/install/std_msgs:/home/e/ros2_ws/install/builtin_interfaces:/home/e/ros2_ws/install/rosidl_typesupport_microxrcedds_cpp:/home/e/ros2_ws/install/rosidl_typesupport_microxrcedds_c:/home/e/ros2_ws/install/microcdr:/home/e/ros2_ws/install/micro_ros_setup:/opt/ros/humble LD_LIBRARY_PATH=/home/e/ros2_ws/install/sensor_msgs/lib:/home/e/ros2_ws/install/geometry_msgs/lib:/home/e/ros2_ws/install/std_msgs/lib:/home/e/ros2_ws/install/builtin_interfaces/lib:${LD_LIBRARY_PATH} PYTHONPATH=/home/e/ros2_ws/install/sensor_msgs/local/lib/python3.10/dist-packages:/home/e/ros2_ws/install/geometry_msgs/local/lib/python3.10/dist-packages:/home/e/ros2_ws/install/std_msgs/local/lib/python3.10/dist-packages:/home/e/ros2_ws/install/builtin_interfaces/local/lib/python3.10/dist-packages:${PYTHONPATH} /usr/bin/cmake --build /home/e/ros2_ws/build/stereo_msgs -- -j2 -l2
[9.400s] Invoking command in '/home/e/ros2_ws/build/stereo_msgs': AMENT_PREFIX_PATH=/home/e/ros2_ws/install/sensor_msgs:/home/e/ros2_ws/install/geometry_msgs:/home/e/ros2_ws/install/std_msgs:/home/e/ros2_ws/install/builtin_interfaces:${AMENT_PREFIX_PATH} CMAKE_PREFIX_PATH=/home/e/ros2_ws/install/sensor_msgs:/home/e/ros2_ws/install/geometry_msgs:/home/e/ros2_ws/install/std_msgs:/home/e/ros2_ws/install/builtin_interfaces:/home/e/ros2_ws/install/rosidl_typesupport_microxrcedds_cpp:/home/e/ros2_ws/install/rosidl_typesupport_microxrcedds_c:/home/e/ros2_ws/install/microcdr:/home/e/ros2_ws/install/micro_ros_setup:/opt/ros/humble LD_LIBRARY_PATH=/home/e/ros2_ws/install/sensor_msgs/lib:/home/e/ros2_ws/install/geometry_msgs/lib:/home/e/ros2_ws/install/std_msgs/lib:/home/e/ros2_ws/install/builtin_interfaces/lib:${LD_LIBRARY_PATH} PYTHONPATH=/home/e/ros2_ws/install/sensor_msgs/local/lib/python3.10/dist-packages:/home/e/ros2_ws/install/geometry_msgs/local/lib/python3.10/dist-packages:/home/e/ros2_ws/install/std_msgs/local/lib/python3.10/dist-packages:/home/e/ros2_ws/install/builtin_interfaces/local/lib/python3.10/dist-packages:${PYTHONPATH} /usr/bin/cmake --install /home/e/ros2_ws/build/stereo_msgs
[9.409s] -- Install configuration: ""
[9.409s] -- Installing: /home/e/ros2_ws/install/stereo_msgs/share/ament_index/resource_index/rosidl_interfaces/stereo_msgs
[9.409s] -- Installing: /home/e/ros2_ws/install/stereo_msgs/include/stereo_msgs/stereo_msgs
[9.409s] -- Installing: /home/e/ros2_ws/install/stereo_msgs/include/stereo_msgs/stereo_msgs/msg
[9.410s] -- Installing: /home/e/ros2_ws/install/stereo_msgs/include/stereo_msgs/stereo_msgs/msg/rosidl_generator_c__visibility_control.h
[9.410s] -- Installing: /home/e/ros2_ws/install/stereo_msgs/include/stereo_msgs/stereo_msgs/msg/disparity_image.h
[9.410s] -- Installing: /home/e/ros2_ws/install/stereo_msgs/include/stereo_msgs/stereo_msgs/msg/detail
[9.410s] -- Installing: /home/e/ros2_ws/install/stereo_msgs/include/stereo_msgs/stereo_msgs/msg/detail/disparity_image__struct.h
[9.410s] -- Installing: /home/e/ros2_ws/install/stereo_msgs/include/stereo_msgs/stereo_msgs/msg/detail/disparity_image__functions.h
[9.411s] -- Installing: /home/e/ros2_ws/install/stereo_msgs/include/stereo_msgs/stereo_msgs/msg/detail/disparity_image__type_support.h
[9.411s] -- Installing: /home/e/ros2_ws/install/stereo_msgs/include/stereo_msgs/stereo_msgs/msg/detail/disparity_image__functions.c
[9.412s] -- Installing: /home/e/ros2_ws/install/stereo_msgs/share/stereo_msgs/environment/library_path.sh
[9.412s] -- Installing: /home/e/ros2_ws/install/stereo_msgs/share/stereo_msgs/environment/library_path.dsv
[9.412s] -- Installing: /home/e/ros2_ws/install/stereo_msgs/lib/libstereo_msgs__rosidl_generator_c.so
[9.412s] -- Set runtime path of "/home/e/ros2_ws/install/stereo_msgs/lib/libstereo_msgs__rosidl_generator_c.so" to ""
[9.413s] -- Up-to-date: /home/e/ros2_ws/install/stereo_msgs/include/stereo_msgs/stereo_msgs
[9.416s] -- Up-to-date: /home/e/ros2_ws/install/stereo_msgs/include/stereo_msgs/stereo_msgs/msg
[9.416s] -- Installing: /home/e/ros2_ws/install/stereo_msgs/include/stereo_msgs/stereo_msgs/msg/rosidl_typesupport_microxrcedds_c__visibility_control.h
[9.416s] -- Up-to-date: /home/e/ros2_ws/install/stereo_msgs/include/stereo_msgs/stereo_msgs/msg/detail
[9.416s] -- Installing: /home/e/ros2_ws/install/stereo_msgs/include/stereo_msgs/stereo_msgs/msg/detail/disparity_image__rosidl_typesupport_microxrcedds_c.h
[9.416s] -- Installing: /home/e/ros2_ws/install/stereo_msgs/include/stereo_msgs/stereo_msgs/msg/detail/microxrcedds
[9.416s] -- Installing: /home/e/ros2_ws/install/stereo_msgs/lib/libstereo_msgs__rosidl_typesupport_microxrcedds_c.so
[9.416s] -- Set runtime path of "/home/e/ros2_ws/install/stereo_msgs/lib/libstereo_msgs__rosidl_typesupport_microxrcedds_c.so" to ""
[9.416s] -- Up-to-date: /home/e/ros2_ws/install/stereo_msgs/include/stereo_msgs/stereo_msgs
[9.416s] -- Up-to-date: /home/e/ros2_ws/install/stereo_msgs/include/stereo_msgs/stereo_msgs/msg
[9.416s] -- Up-to-date: /home/e/ros2_ws/install/stereo_msgs/include/stereo_msgs/stereo_msgs/msg/detail
[9.416s] -- Installing: /home/e/ros2_ws/install/stereo_msgs/include/stereo_msgs/stereo_msgs/msg/detail/disparity_image__rosidl_typesupport_fastrtps_c.h
[9.416s] -- Installing: /home/e/ros2_ws/install/stereo_msgs/include/stereo_msgs/stereo_msgs/msg/rosidl_typesupport_fastrtps_c__visibility_control.h
[9.417s] -- Installing: /home/e/ros2_ws/install/stereo_msgs/lib/libstereo_msgs__rosidl_typesupport_fastrtps_c.so
[9.417s] -- Set runtime path of "/home/e/ros2_ws/install/stereo_msgs/lib/libstereo_msgs__rosidl_typesupport_fastrtps_c.so" to ""
[9.417s] -- Up-to-date: /home/e/ros2_ws/install/stereo_msgs/include/stereo_msgs/stereo_msgs
[9.417s] -- Up-to-date: /home/e/ros2_ws/install/stereo_msgs/include/stereo_msgs/stereo_msgs/msg
[9.417s] -- Up-to-date: /home/e/ros2_ws/install/stereo_msgs/include/stereo_msgs/stereo_msgs/msg/detail
[9.417s] -- Installing: /home/e/ros2_ws/install/stereo_msgs/include/stereo_msgs/stereo_msgs/msg/detail/disparity_image__type_support.c
[9.417s] -- Installing: /home/e/ros2_ws/install/stereo_msgs/include/stereo_msgs/stereo_msgs/msg/detail/disparity_image__rosidl_typesupport_introspection_c.h
[9.417s] -- Installing: /home/e/ros2_ws/install/stereo_msgs/include/stereo_msgs/stereo_msgs/msg/rosidl_typesupport_introspection_c__visibility_control.h
[9.417s] -- Installing: /home/e/ros2_ws/install/stereo_msgs/lib/libstereo_msgs__rosidl_typesupport_introspection_c.so
[9.417s] -- Set runtime path of "/home/e/ros2_ws/install/stereo_msgs/lib/libstereo_msgs__rosidl_typesupport_introspection_c.so" to ""
[9.417s] -- Installing: /home/e/ros2_ws/install/stereo_msgs/lib/libstereo_msgs__rosidl_typesupport_c.so
[9.417s] -- Set runtime path of "/home/e/ros2_ws/install/stereo_msgs/lib/libstereo_msgs__rosidl_typesupport_c.so" to ""
[9.417s] -- Up-to-date: /home/e/ros2_ws/install/stereo_msgs/include/stereo_msgs/stereo_msgs
[9.417s] -- Up-to-date: /home/e/ros2_ws/install/stereo_msgs/include/stereo_msgs/stereo_msgs/msg
[9.417s] -- Installing: /home/e/ros2_ws/install/stereo_msgs/include/stereo_msgs/stereo_msgs/msg/rosidl_generator_cpp__visibility_control.hpp
[9.417s] -- Up-to-date: /home/e/ros2_ws/install/stereo_msgs/include/stereo_msgs/stereo_msgs/msg/detail
[9.418s] -- Installing: /home/e/ros2_ws/install/stereo_msgs/include/stereo_msgs/stereo_msgs/msg/detail/disparity_image__struct.hpp
[9.418s] -- Installing: /home/e/ros2_ws/install/stereo_msgs/include/stereo_msgs/stereo_msgs/msg/detail/disparity_image__type_support.hpp
[9.418s] -- Installing: /home/e/ros2_ws/install/stereo_msgs/include/stereo_msgs/stereo_msgs/msg/detail/disparity_image__builder.hpp
[9.418s] -- Installing: /home/e/ros2_ws/install/stereo_msgs/include/stereo_msgs/stereo_msgs/msg/detail/disparity_image__traits.hpp
[9.418s] -- Installing: /home/e/ros2_ws/install/stereo_msgs/include/stereo_msgs/stereo_msgs/msg/disparity_image.hpp
[9.418s] -- Up-to-date: /home/e/ros2_ws/install/stereo_msgs/include/stereo_msgs/stereo_msgs
[9.418s] -- Up-to-date: /home/e/ros2_ws/install/stereo_msgs/include/stereo_msgs/stereo_msgs/msg
[9.418s] -- Installing: /home/e/ros2_ws/install/stereo_msgs/include/stereo_msgs/stereo_msgs/msg/rosidl_typesupport_microxrcedds_cpp__visibility_control.h
[9.418s] -- Up-to-date: /home/e/ros2_ws/install/stereo_msgs/include/stereo_msgs/stereo_msgs/msg/detail
[9.418s] -- Up-to-date: /home/e/ros2_ws/install/stereo_msgs/include/stereo_msgs/stereo_msgs/msg/detail/microxrcedds
[9.419s] -- Installing: /home/e/ros2_ws/install/stereo_msgs/include/stereo_msgs/stereo_msgs/msg/detail/disparity_image__rosidl_typesupport_microxrcedds_cpp.hpp
[9.419s] -- Installing: /home/e/ros2_ws/install/stereo_msgs/lib/libstereo_msgs__rosidl_typesupport_microxrcedds_cpp.so
[9.419s] -- Set runtime path of "/home/e/ros2_ws/install/stereo_msgs/lib/libstereo_msgs__rosidl_typesupport_microxrcedds_cpp.so" to ""
[9.419s] -- Up-to-date: /home/e/ros2_ws/install/stereo_msgs/include/stereo_msgs/stereo_msgs
[9.419s] -- Up-to-date: /home/e/ros2_ws/install/stereo_msgs/include/stereo_msgs/stereo_msgs/msg
[9.419s] -- Installing: /home/e/ros2_ws/install/stereo_msgs/include/stereo_msgs/stereo_msgs/msg/rosidl_typesupport_fastrtps_cpp__visibility_control.h
[9.419s] -- Up-to-date: /home/e/ros2_ws/install/stereo_msgs/include/stereo_msgs/stereo_msgs/msg/detail
[9.422s] -- Installing: /home/e/ros2_ws/install/stereo_msgs/include/stereo_msgs/stereo_msgs/msg/detail/disparity_image__rosidl_typesupport_fastrtps_cpp.hpp
[9.422s] -- Installing: /home/e/ros2_ws/install/stereo_msgs/include/stereo_msgs/stereo_msgs/msg/detail/dds_fastrtps
[9.422s] -- Installing: /home/e/ros2_ws/install/stereo_msgs/lib/libstereo_msgs__rosidl_typesupport_fastrtps_cpp.so
[9.422s] -- Set runtime path of "/home/e/ros2_ws/install/stereo_msgs/lib/libstereo_msgs__rosidl_typesupport_fastrtps_cpp.so" to ""
[9.422s] -- Up-to-date: /home/e/ros2_ws/install/stereo_msgs/include/stereo_msgs/stereo_msgs
[9.422s] -- Up-to-date: /home/e/ros2_ws/install/stereo_msgs/include/stereo_msgs/stereo_msgs/msg
[9.422s] -- Up-to-date: /home/e/ros2_ws/install/stereo_msgs/include/stereo_msgs/stereo_msgs/msg/detail
[9.422s] -- Installing: /home/e/ros2_ws/install/stereo_msgs/include/stereo_msgs/stereo_msgs/msg/detail/disparity_image__rosidl_typesupport_introspection_cpp.hpp
[9.422s] -- Installing: /home/e/ros2_ws/install/stereo_msgs/include/stereo_msgs/stereo_msgs/msg/detail/disparity_image__type_support.cpp
[9.422s] -- Installing: /home/e/ros2_ws/install/stereo_msgs/lib/libstereo_msgs__rosidl_typesupport_introspection_cpp.so
[9.422s] -- Set runtime path of "/home/e/ros2_ws/install/stereo_msgs/lib/libstereo_msgs__rosidl_typesupport_introspection_cpp.so" to ""
[9.422s] -- Installing: /home/e/ros2_ws/install/stereo_msgs/lib/libstereo_msgs__rosidl_typesupport_cpp.so
[9.422s] -- Set runtime path of "/home/e/ros2_ws/install/stereo_msgs/lib/libstereo_msgs__rosidl_typesupport_cpp.so" to ""
[9.422s] -- Installing: /home/e/ros2_ws/install/stereo_msgs/share/stereo_msgs/environment/pythonpath.sh
[9.422s] -- Installing: /home/e/ros2_ws/install/stereo_msgs/share/stereo_msgs/environment/pythonpath.dsv
[9.422s] -- Installing: /home/e/ros2_ws/install/stereo_msgs/local/lib/python3.10/dist-packages/stereo_msgs-4.9.0-py3.10.egg-info
[9.422s] -- Installing: /home/e/ros2_ws/install/stereo_msgs/local/lib/python3.10/dist-packages/stereo_msgs-4.9.0-py3.10.egg-info/PKG-INFO
[9.422s] -- Installing: /home/e/ros2_ws/install/stereo_msgs/local/lib/python3.10/dist-packages/stereo_msgs-4.9.0-py3.10.egg-info/top_level.txt
[9.422s] -- Installing: /home/e/ros2_ws/install/stereo_msgs/local/lib/python3.10/dist-packages/stereo_msgs-4.9.0-py3.10.egg-info/SOURCES.txt
[9.422s] -- Installing: /home/e/ros2_ws/install/stereo_msgs/local/lib/python3.10/dist-packages/stereo_msgs-4.9.0-py3.10.egg-info/dependency_links.txt
[9.422s] -- Installing: /home/e/ros2_ws/install/stereo_msgs/local/lib/python3.10/dist-packages/stereo_msgs
[9.422s] -- Installing: /home/e/ros2_ws/install/stereo_msgs/local/lib/python3.10/dist-packages/stereo_msgs/libstereo_msgs__rosidl_generator_py.so
[9.422s] -- Installing: /home/e/ros2_ws/install/stereo_msgs/local/lib/python3.10/dist-packages/stereo_msgs/stereo_msgs_s__rosidl_typesupport_c.cpython-310-x86_64-linux-gnu.so
[9.422s] -- Installing: /home/e/ros2_ws/install/stereo_msgs/local/lib/python3.10/dist-packages/stereo_msgs/msg
[9.423s] -- Installing: /home/e/ros2_ws/install/stereo_msgs/local/lib/python3.10/dist-packages/stereo_msgs/msg/_disparity_image.py
[9.423s] -- Installing: /home/e/ros2_ws/install/stereo_msgs/local/lib/python3.10/dist-packages/stereo_msgs/msg/_disparity_image_s.c
[9.423s] -- Installing: /home/e/ros2_ws/install/stereo_msgs/local/lib/python3.10/dist-packages/stereo_msgs/msg/__init__.py
[9.423s] -- Installing: /home/e/ros2_ws/install/stereo_msgs/local/lib/python3.10/dist-packages/stereo_msgs/stereo_msgs_s__rosidl_typesupport_fastrtps_c.cpython-310-x86_64-linux-gnu.so
[9.423s] -- Installing: /home/e/ros2_ws/install/stereo_msgs/local/lib/python3.10/dist-packages/stereo_msgs/_stereo_msgs_s.ep.rosidl_typesupport_c.c
[9.423s] -- Installing: /home/e/ros2_ws/install/stereo_msgs/local/lib/python3.10/dist-packages/stereo_msgs/stereo_msgs_s__rosidl_typesupport_introspection_c.cpython-310-x86_64-linux-gnu.so
[9.423s] -- Installing: /home/e/ros2_ws/install/stereo_msgs/local/lib/python3.10/dist-packages/stereo_msgs/_stereo_msgs_s.ep.rosidl_typesupport_introspection_c.c
[9.423s] -- Installing: /home/e/ros2_ws/install/stereo_msgs/local/lib/python3.10/dist-packages/stereo_msgs/__init__.py
[9.423s] -- Installing: /home/e/ros2_ws/install/stereo_msgs/local/lib/python3.10/dist-packages/stereo_msgs/_stereo_msgs_s.ep.rosidl_typesupport_fastrtps_c.c
[9.423s] -- Installing: /home/e/ros2_ws/install/stereo_msgs/local/lib/python3.10/dist-packages/stereo_msgs/stereo_msgs_s__rosidl_typesupport_microxrcedds_c.cpython-310-x86_64-linux-gnu.so
[9.423s] -- Installing: /home/e/ros2_ws/install/stereo_msgs/local/lib/python3.10/dist-packages/stereo_msgs/_stereo_msgs_s.ep.rosidl_typesupport_microxrcedds_c.c
[9.454s] Listing '/home/e/ros2_ws/install/stereo_msgs/local/lib/python3.10/dist-packages/stereo_msgs'...
[9.454s] Compiling '/home/e/ros2_ws/install/stereo_msgs/local/lib/python3.10/dist-packages/stereo_msgs/__init__.py'...
[9.454s] Listing '/home/e/ros2_ws/install/stereo_msgs/local/lib/python3.10/dist-packages/stereo_msgs/msg'...
[9.454s] Compiling '/home/e/ros2_ws/install/stereo_msgs/local/lib/python3.10/dist-packages/stereo_msgs/msg/__init__.py'...
[9.454s] Compiling '/home/e/ros2_ws/install/stereo_msgs/local/lib/python3.10/dist-packages/stereo_msgs/msg/_disparity_image.py'...
[9.460s] -- Installing: /home/e/ros2_ws/install/stereo_msgs/local/lib/python3.10/dist-packages/stereo_msgs/stereo_msgs_s__rosidl_typesupport_microxrcedds_c.cpython-310-x86_64-linux-gnu.so
[9.460s] -- Set runtime path of "/home/e/ros2_ws/install/stereo_msgs/local/lib/python3.10/dist-packages/stereo_msgs/stereo_msgs_s__rosidl_typesupport_microxrcedds_c.cpython-310-x86_64-linux-gnu.so" to ""
[9.460s] -- Installing: /home/e/ros2_ws/install/stereo_msgs/local/lib/python3.10/dist-packages/stereo_msgs/stereo_msgs_s__rosidl_typesupport_fastrtps_c.cpython-310-x86_64-linux-gnu.so
[9.461s] -- Set runtime path of "/home/e/ros2_ws/install/stereo_msgs/local/lib/python3.10/dist-packages/stereo_msgs/stereo_msgs_s__rosidl_typesupport_fastrtps_c.cpython-310-x86_64-linux-gnu.so" to ""
[9.464s] -- Installing: /home/e/ros2_ws/install/stereo_msgs/local/lib/python3.10/dist-packages/stereo_msgs/stereo_msgs_s__rosidl_typesupport_introspection_c.cpython-310-x86_64-linux-gnu.so
[9.464s] -- Set runtime path of "/home/e/ros2_ws/install/stereo_msgs/local/lib/python3.10/dist-packages/stereo_msgs/stereo_msgs_s__rosidl_typesupport_introspection_c.cpython-310-x86_64-linux-gnu.so" to ""
[9.464s] -- Installing: /home/e/ros2_ws/install/stereo_msgs/local/lib/python3.10/dist-packages/stereo_msgs/stereo_msgs_s__rosidl_typesupport_c.cpython-310-x86_64-linux-gnu.so
[9.464s] -- Set runtime path of "/home/e/ros2_ws/install/stereo_msgs/local/lib/python3.10/dist-packages/stereo_msgs/stereo_msgs_s__rosidl_typesupport_c.cpython-310-x86_64-linux-gnu.so" to ""
[9.464s] -- Installing: /home/e/ros2_ws/install/stereo_msgs/lib/libstereo_msgs__rosidl_generator_py.so
[9.464s] -- Set runtime path of "/home/e/ros2_ws/install/stereo_msgs/lib/libstereo_msgs__rosidl_generator_py.so" to ""
[9.464s] -- Installing: /home/e/ros2_ws/install/stereo_msgs/share/stereo_msgs/msg/DisparityImage.idl
[9.464s] -- Installing: /home/e/ros2_ws/install/stereo_msgs/share/stereo_msgs/msg/DisparityImage.msg
[9.464s] -- Installing: /home/e/ros2_ws/install/stereo_msgs/share/ament_index/resource_index/package_run_dependencies/stereo_msgs
[9.464s] -- Installing: /home/e/ros2_ws/install/stereo_msgs/share/ament_index/resource_index/parent_prefix_path/stereo_msgs
[9.465s] -- Installing: /home/e/ros2_ws/install/stereo_msgs/share/stereo_msgs/environment/ament_prefix_path.sh
[9.465s] -- Installing: /home/e/ros2_ws/install/stereo_msgs/share/stereo_msgs/environment/ament_prefix_path.dsv
[9.465s] -- Installing: /home/e/ros2_ws/install/stereo_msgs/share/stereo_msgs/environment/path.sh
[9.465s] -- Installing: /home/e/ros2_ws/install/stereo_msgs/share/stereo_msgs/environment/path.dsv
[9.465s] -- Installing: /home/e/ros2_ws/install/stereo_msgs/share/stereo_msgs/local_setup.bash
[9.465s] -- Installing: /home/e/ros2_ws/install/stereo_msgs/share/stereo_msgs/local_setup.sh
[9.465s] -- Installing: /home/e/ros2_ws/install/stereo_msgs/share/stereo_msgs/local_setup.zsh
[9.465s] -- Installing: /home/e/ros2_ws/install/stereo_msgs/share/stereo_msgs/local_setup.dsv
[9.465s] -- Installing: /home/e/ros2_ws/install/stereo_msgs/share/stereo_msgs/package.dsv
[9.465s] -- Installing: /home/e/ros2_ws/install/stereo_msgs/share/ament_index/resource_index/packages/stereo_msgs
[9.465s] -- Installing: /home/e/ros2_ws/install/stereo_msgs/share/stereo_msgs/cmake/export_stereo_msgs__rosidl_generator_cExport.cmake
[9.465s] -- Installing: /home/e/ros2_ws/install/stereo_msgs/share/stereo_msgs/cmake/export_stereo_msgs__rosidl_generator_cExport-noconfig.cmake
[9.465s] -- Installing: /home/e/ros2_ws/install/stereo_msgs/share/stereo_msgs/cmake/export_stereo_msgs__rosidl_typesupport_fastrtps_cExport.cmake
[9.466s] -- Installing: /home/e/ros2_ws/install/stereo_msgs/share/stereo_msgs/cmake/export_stereo_msgs__rosidl_typesupport_fastrtps_cExport-noconfig.cmake
[9.466s] -- Installing: /home/e/ros2_ws/install/stereo_msgs/share/stereo_msgs/cmake/stereo_msgs__rosidl_typesupport_introspection_cExport.cmake
[9.466s] -- Installing: /home/e/ros2_ws/install/stereo_msgs/share/stereo_msgs/cmake/stereo_msgs__rosidl_typesupport_introspection_cExport-noconfig.cmake
[9.466s] -- Installing: /home/e/ros2_ws/install/stereo_msgs/share/stereo_msgs/cmake/stereo_msgs__rosidl_typesupport_cExport.cmake
[9.466s] -- Installing: /home/e/ros2_ws/install/stereo_msgs/share/stereo_msgs/cmake/stereo_msgs__rosidl_typesupport_cExport-noconfig.cmake
[9.466s] -- Installing: /home/e/ros2_ws/install/stereo_msgs/share/stereo_msgs/cmake/export_stereo_msgs__rosidl_generator_cppExport.cmake
[9.466s] -- Installing: /home/e/ros2_ws/install/stereo_msgs/share/stereo_msgs/cmake/export_stereo_msgs__rosidl_typesupport_fastrtps_cppExport.cmake
[9.466s] -- Installing: /home/e/ros2_ws/install/stereo_msgs/share/stereo_msgs/cmake/export_stereo_msgs__rosidl_typesupport_fastrtps_cppExport-noconfig.cmake
[9.466s] -- Installing: /home/e/ros2_ws/install/stereo_msgs/share/stereo_msgs/cmake/stereo_msgs__rosidl_typesupport_introspection_cppExport.cmake
[9.466s] -- Installing: /home/e/ros2_ws/install/stereo_msgs/share/stereo_msgs/cmake/stereo_msgs__rosidl_typesupport_introspection_cppExport-noconfig.cmake
[9.466s] -- Installing: /home/e/ros2_ws/install/stereo_msgs/share/stereo_msgs/cmake/stereo_msgs__rosidl_typesupport_cppExport.cmake
[9.466s] -- Installing: /home/e/ros2_ws/install/stereo_msgs/share/stereo_msgs/cmake/stereo_msgs__rosidl_typesupport_cppExport-noconfig.cmake
[9.466s] -- Installing: /home/e/ros2_ws/install/stereo_msgs/share/stereo_msgs/cmake/export_stereo_msgs__rosidl_generator_pyExport.cmake
[9.466s] -- Installing: /home/e/ros2_ws/install/stereo_msgs/share/stereo_msgs/cmake/export_stereo_msgs__rosidl_generator_pyExport-noconfig.cmake
[9.466s] -- Installing: /home/e/ros2_ws/install/stereo_msgs/share/stereo_msgs/cmake/rosidl_cmake-extras.cmake
[9.467s] -- Installing: /home/e/ros2_ws/install/stereo_msgs/share/stereo_msgs/cmake/ament_cmake_export_dependencies-extras.cmake
[9.467s] -- Installing: /home/e/ros2_ws/install/stereo_msgs/share/stereo_msgs/cmake/ament_cmake_export_include_directories-extras.cmake
[9.467s] -- Installing: /home/e/ros2_ws/install/stereo_msgs/share/stereo_msgs/cmake/ament_cmake_export_libraries-extras.cmake
[9.467s] -- Installing: /home/e/ros2_ws/install/stereo_msgs/share/stereo_msgs/cmake/ament_cmake_export_targets-extras.cmake
[9.467s] -- Installing: /home/e/ros2_ws/install/stereo_msgs/share/stereo_msgs/cmake/rosidl_cmake_export_typesupport_targets-extras.cmake
[9.468s] -- Installing: /home/e/ros2_ws/install/stereo_msgs/share/stereo_msgs/cmake/rosidl_cmake_export_typesupport_libraries-extras.cmake
[9.468s] -- Installing: /home/e/ros2_ws/install/stereo_msgs/share/stereo_msgs/cmake/stereo_msgsConfig.cmake
[9.468s] -- Installing: /home/e/ros2_ws/install/stereo_msgs/share/stereo_msgs/cmake/stereo_msgsConfig-version.cmake
[9.468s] -- Installing: /home/e/ros2_ws/install/stereo_msgs/share/stereo_msgs/package.xml
[9.470s] Invoked command in '/home/e/ros2_ws/build/stereo_msgs' returned '0': AMENT_PREFIX_PATH=/home/e/ros2_ws/install/sensor_msgs:/home/e/ros2_ws/install/geometry_msgs:/home/e/ros2_ws/install/std_msgs:/home/e/ros2_ws/install/builtin_interfaces:${AMENT_PREFIX_PATH} CMAKE_PREFIX_PATH=/home/e/ros2_ws/install/sensor_msgs:/home/e/ros2_ws/install/geometry_msgs:/home/e/ros2_ws/install/std_msgs:/home/e/ros2_ws/install/builtin_interfaces:/home/e/ros2_ws/install/rosidl_typesupport_microxrcedds_cpp:/home/e/ros2_ws/install/rosidl_typesupport_microxrcedds_c:/home/e/ros2_ws/install/microcdr:/home/e/ros2_ws/install/micro_ros_setup:/opt/ros/humble LD_LIBRARY_PATH=/home/e/ros2_ws/install/sensor_msgs/lib:/home/e/ros2_ws/install/geometry_msgs/lib:/home/e/ros2_ws/install/std_msgs/lib:/home/e/ros2_ws/install/builtin_interfaces/lib:${LD_LIBRARY_PATH} PYTHONPATH=/home/e/ros2_ws/install/sensor_msgs/local/lib/python3.10/dist-packages:/home/e/ros2_ws/install/geometry_msgs/local/lib/python3.10/dist-packages:/home/e/ros2_ws/install/std_msgs/local/lib/python3.10/dist-packages:/home/e/ros2_ws/install/builtin_interfaces/local/lib/python3.10/dist-packages:${PYTHONPATH} /usr/bin/cmake --install /home/e/ros2_ws/build/stereo_msgs
