[0.011s] Invoking command in '/home/e/ros2_ws/build/rosgraph_msgs': AMENT_PREFIX_PATH=/home/e/ros2_ws/install/builtin_interfaces:${AMENT_PREFIX_PATH} CMAKE_PREFIX_PATH=/home/e/ros2_ws/install/builtin_interfaces:/home/e/ros2_ws/install/rosidl_typesupport_microxrcedds_cpp:/home/e/ros2_ws/install/rosidl_typesupport_microxrcedds_c:/home/e/ros2_ws/install/microcdr:/home/e/ros2_ws/install/micro_ros_setup:/opt/ros/humble LD_LIBRARY_PATH=/home/e/ros2_ws/install/builtin_interfaces/lib:${LD_LIBRARY_PATH} PYTHONPATH=/home/e/ros2_ws/install/builtin_interfaces/local/lib/python3.10/dist-packages:${PYTHONPATH} /usr/bin/cmake /home/e/ros2_ws/src/ros2/rcl_interfaces/rosgraph_msgs -DBUILD_TESTING=OFF -DBUILD_SHARED_LIBS=ON -DCMAKE_INSTALL_PREFIX=/home/e/ros2_ws/install/rosgraph_msgs
[0.069s] -- The C compiler identification is GNU 11.4.0
[0.124s] -- The CXX compiler identification is GNU 11.4.0
[0.129s] -- Detecting C compiler ABI info
[0.209s] -- Detecting C compiler ABI info - done
[0.215s] -- Check for working C compiler: /usr/bin/cc - skipped
[0.215s] -- Detecting C compile features
[0.215s] -- Detecting C compile features - done
[0.217s] -- Detecting CXX compiler ABI info
[0.296s] -- Detecting CXX compiler ABI info - done
[0.302s] -- Check for working CXX compiler: /usr/bin/c++ - skipped
[0.302s] -- Detecting CXX compile features
[0.304s] -- Detecting CXX compile features - done
[0.305s] -- Found ament_cmake: 1.3.12 (/opt/ros/humble/share/ament_cmake/cmake)
[0.524s] -- Found Python3: /usr/bin/python3 (found version "3.10.12") found components: Interpreter 
[0.600s] -- Found builtin_interfaces: 1.2.2 (/home/e/ros2_ws/install/builtin_interfaces/share/builtin_interfaces/cmake)
[0.628s] -- Found rosidl_generator_c: 3.1.7 (/opt/ros/humble/share/rosidl_generator_c/cmake)
[0.636s] -- Found rosidl_adapter: 3.1.7 (/opt/ros/humble/share/rosidl_adapter/cmake)
[0.648s] -- Found rosidl_generator_cpp: 3.1.7 (/opt/ros/humble/share/rosidl_generator_cpp/cmake)
[0.656s] -- Using all available rosidl_typesupport_c: rosidl_typesupport_microxrcedds_c;rosidl_typesupport_fastrtps_c;rosidl_typesupport_introspection_c
[0.676s] -- Using all available rosidl_typesupport_cpp: rosidl_typesupport_microxrcedds_cpp;rosidl_typesupport_fastrtps_cpp;rosidl_typesupport_introspection_cpp
[0.691s] -- Found rosidl_default_generators: 1.2.0 (/opt/ros/humble/share/rosidl_default_generators/cmake)
[0.926s] -- Found ament_cmake_ros: 0.10.0 (/opt/ros/humble/share/ament_cmake_ros/cmake)
[1.274s] -- Using all available rosidl_typesupport_c: rosidl_typesupport_microxrcedds_c;rosidl_typesupport_fastrtps_c;rosidl_typesupport_introspection_c
[1.436s] -- Using all available rosidl_typesupport_cpp: rosidl_typesupport_microxrcedds_cpp;rosidl_typesupport_fastrtps_cpp;rosidl_typesupport_introspection_cpp
[1.468s] -- Found PythonInterp: /usr/bin/python3 (found suitable version "3.10.12", minimum required is "3.6") 
[1.469s] -- Found python_cmake_module: 0.10.0 (/opt/ros/humble/share/python_cmake_module/cmake)
[1.494s] -- Found PythonLibs: /usr/lib/x86_64-linux-gnu/libpython3.10.so (found suitable version "3.10.12", minimum required is "3.5") 
[1.494s] -- Using PYTHON_EXECUTABLE: /usr/bin/python3
[1.494s] -- Using PYTHON_INCLUDE_DIRS: /usr/include/python3.10
[1.494s] -- Using PYTHON_LIBRARIES: /usr/lib/x86_64-linux-gnu/libpython3.10.so
[1.519s] -- Found PythonExtra: .so  
[1.565s] -- Configuring done
[1.598s] -- Generating done
[1.610s] -- Build files have been written to: /home/e/ros2_ws/build/rosgraph_msgs
[1.616s] Invoked command in '/home/e/ros2_ws/build/rosgraph_msgs' returned '0': AMENT_PREFIX_PATH=/home/e/ros2_ws/install/builtin_interfaces:${AMENT_PREFIX_PATH} CMAKE_PREFIX_PATH=/home/e/ros2_ws/install/builtin_interfaces:/home/e/ros2_ws/install/rosidl_typesupport_microxrcedds_cpp:/home/e/ros2_ws/install/rosidl_typesupport_microxrcedds_c:/home/e/ros2_ws/install/microcdr:/home/e/ros2_ws/install/micro_ros_setup:/opt/ros/humble LD_LIBRARY_PATH=/home/e/ros2_ws/install/builtin_interfaces/lib:${LD_LIBRARY_PATH} PYTHONPATH=/home/e/ros2_ws/install/builtin_interfaces/local/lib/python3.10/dist-packages:${PYTHONPATH} /usr/bin/cmake /home/e/ros2_ws/src/ros2/rcl_interfaces/rosgraph_msgs -DBUILD_TESTING=OFF -DBUILD_SHARED_LIBS=ON -DCMAKE_INSTALL_PREFIX=/home/e/ros2_ws/install/rosgraph_msgs
[1.617s] Invoking command in '/home/e/ros2_ws/build/rosgraph_msgs': AMENT_PREFIX_PATH=/home/e/ros2_ws/install/builtin_interfaces:${AMENT_PREFIX_PATH} CMAKE_PREFIX_PATH=/home/e/ros2_ws/install/builtin_interfaces:/home/e/ros2_ws/install/rosidl_typesupport_microxrcedds_cpp:/home/e/ros2_ws/install/rosidl_typesupport_microxrcedds_c:/home/e/ros2_ws/install/microcdr:/home/e/ros2_ws/install/micro_ros_setup:/opt/ros/humble LD_LIBRARY_PATH=/home/e/ros2_ws/install/builtin_interfaces/lib:${LD_LIBRARY_PATH} PYTHONPATH=/home/e/ros2_ws/install/builtin_interfaces/local/lib/python3.10/dist-packages:${PYTHONPATH} /usr/bin/cmake --build /home/e/ros2_ws/build/rosgraph_msgs -- -j2 -l2
[1.687s] [  2%] [34m[1mGenerating C++ code for ROS interfaces[0m
[1.948s] [  2%] Built target rosgraph_msgs__cpp
[1.958s] [  5%] [34m[1mGenerating C code for ROS interfaces[0m
[2.243s] [  7%] [32mBuilding C object CMakeFiles/rosgraph_msgs__rosidl_generator_c.dir/rosidl_generator_c/rosgraph_msgs/msg/detail/clock__functions.c.o[0m
[2.286s] [ 10%] [32m[1mLinking C shared library librosgraph_msgs__rosidl_generator_c.so[0m
[2.330s] [ 10%] Built target rosgraph_msgs__rosidl_generator_c
[2.359s] [ 10%] Built target ament_cmake_python_copy_rosgraph_msgs
[2.371s] [ 12%] [34m[1mGenerating C++ type support for eProsima Fast-RTPS[0m
[2.612s] [ 15%] [32mBuilding CXX object CMakeFiles/rosgraph_msgs__rosidl_typesupport_fastrtps_cpp.dir/rosidl_typesupport_fastrtps_cpp/rosgraph_msgs/msg/detail/dds_fastrtps/clock__type_support.cpp.o[0m
[2.943s] [ 17%] [32m[1mLinking CXX shared library librosgraph_msgs__rosidl_typesupport_fastrtps_cpp.so[0m
[3.020s] [ 17%] Built target rosgraph_msgs__rosidl_typesupport_fastrtps_cpp
[3.030s] [ 20%] [34m[1mGenerating C type support for eProsima Micro XRCE-DDS[0m
[3.253s] [ 23%] [32mBuilding C object CMakeFiles/rosgraph_msgs__rosidl_typesupport_microxrcedds_c.dir/rosidl_typesupport_microxrcedds_c/rosgraph_msgs/msg/detail/microxrcedds/clock__type_support_c.c.o[0m
[3.292s] [ 25%] [32m[1mLinking C shared library librosgraph_msgs__rosidl_typesupport_microxrcedds_c.so[0m
[3.331s] [ 25%] Built target rosgraph_msgs__rosidl_typesupport_microxrcedds_c
[3.341s] [ 28%] [34m[1mGenerating C introspection for ROS interfaces[0m
[3.570s] [ 30%] [32mBuilding C object CMakeFiles/rosgraph_msgs__rosidl_typesupport_introspection_c.dir/rosidl_typesupport_introspection_c/rosgraph_msgs/msg/detail/clock__type_support.c.o[0m
[3.601s] [ 33%] [32m[1mLinking C shared library librosgraph_msgs__rosidl_typesupport_introspection_c.so[0m
[3.637s] [ 33%] Built target rosgraph_msgs__rosidl_typesupport_introspection_c
[3.644s] [ 35%] [34m[1mGenerating C type support dispatch for ROS interfaces[0m
[3.849s] [ 38%] [32mBuilding CXX object CMakeFiles/rosgraph_msgs__rosidl_typesupport_c.dir/rosidl_typesupport_c/rosgraph_msgs/msg/clock__type_support.cpp.o[0m
[3.879s] [ 41%] [32m[1mLinking CXX shared library librosgraph_msgs__rosidl_typesupport_c.so[0m
[3.920s] [ 41%] Built target rosgraph_msgs__rosidl_typesupport_c
[3.928s] [ 43%] [34m[1mGenerating C++ type support for eProsima Micro XRCE-DDS[0m
[4.174s] [ 46%] [32mBuilding CXX object CMakeFiles/rosgraph_msgs__rosidl_typesupport_microxrcedds_cpp.dir/rosidl_typesupport_microxrcedds_cpp/rosgraph_msgs/msg/detail/microxrcedds/clock__type_support_cpp.cpp.o[0m
[4.416s] [ 48%] [32m[1mLinking CXX shared library librosgraph_msgs__rosidl_typesupport_microxrcedds_cpp.so[0m
[4.476s] [ 48%] Built target rosgraph_msgs__rosidl_typesupport_microxrcedds_cpp
[4.489s] [ 51%] [34m[1mGenerating C++ introspection for ROS interfaces[0m
[4.715s] [ 53%] [32mBuilding CXX object CMakeFiles/rosgraph_msgs__rosidl_typesupport_introspection_cpp.dir/rosidl_typesupport_introspection_cpp/rosgraph_msgs/msg/detail/clock__type_support.cpp.o[0m
[5.079s] [ 56%] [32m[1mLinking CXX shared library librosgraph_msgs__rosidl_typesupport_introspection_cpp.so[0m
[5.154s] [ 56%] Built target rosgraph_msgs__rosidl_typesupport_introspection_cpp
[5.168s] [ 58%] [34m[1mGenerating C++ type support dispatch for ROS interfaces[0m
[5.413s] [ 61%] [32mBuilding CXX object CMakeFiles/rosgraph_msgs__rosidl_typesupport_cpp.dir/rosidl_typesupport_cpp/rosgraph_msgs/msg/clock__type_support.cpp.o[0m
[5.675s] [ 64%] [32m[1mLinking CXX shared library librosgraph_msgs__rosidl_typesupport_cpp.so[0m
[5.726s] [ 64%] Built target rosgraph_msgs__rosidl_typesupport_cpp
[5.740s] [ 66%] [34m[1mGenerating C type support for eProsima Fast-RTPS[0m
[5.978s] [ 69%] [32mBuilding CXX object CMakeFiles/rosgraph_msgs__rosidl_typesupport_fastrtps_c.dir/rosidl_typesupport_fastrtps_c/rosgraph_msgs/msg/detail/clock__type_support_c.cpp.o[0m
[6.271s] [ 71%] [32m[1mLinking CXX shared library librosgraph_msgs__rosidl_typesupport_fastrtps_c.so[0m
[6.345s] [ 71%] Built target rosgraph_msgs__rosidl_typesupport_fastrtps_c
[6.583s] running egg_info
[6.583s] creating rosgraph_msgs.egg-info
[6.584s] writing rosgraph_msgs.egg-info/PKG-INFO
[6.585s] writing dependency_links to rosgraph_msgs.egg-info/dependency_links.txt
[6.585s] writing top-level names to rosgraph_msgs.egg-info/top_level.txt
[6.585s] writing manifest file 'rosgraph_msgs.egg-info/SOURCES.txt'
[6.586s] reading manifest file 'rosgraph_msgs.egg-info/SOURCES.txt'
[6.587s] writing manifest file 'rosgraph_msgs.egg-info/SOURCES.txt'
[6.619s] [ 71%] Built target ament_cmake_python_build_rosgraph_msgs_egg
[6.643s] [ 71%] Built target rosgraph_msgs
[6.670s] [ 74%] [34m[1mGenerating Python code for ROS interfaces[0m
[7.020s] [ 74%] Built target rosgraph_msgs__py
[7.042s] [ 76%] [32mBuilding C object CMakeFiles/rosgraph_msgs__rosidl_generator_py.dir/rosidl_generator_py/rosgraph_msgs/msg/_clock_s.c.o[0m
[7.139s] [ 79%] [32m[1mLinking C shared library rosidl_generator_py/rosgraph_msgs/librosgraph_msgs__rosidl_generator_py.so[0m
[7.181s] [ 79%] Built target rosgraph_msgs__rosidl_generator_py
[7.211s] [ 82%] [32mBuilding C object CMakeFiles/rosgraph_msgs__rosidl_typesupport_microxrcedds_c__pyext.dir/rosidl_generator_py/rosgraph_msgs/_rosgraph_msgs_s.ep.rosidl_typesupport_microxrcedds_c.c.o[0m
[7.304s] [ 84%] [32m[1mLinking C shared library rosidl_generator_py/rosgraph_msgs/rosgraph_msgs_s__rosidl_typesupport_microxrcedds_c.cpython-310-x86_64-linux-gnu.so[0m
[7.342s] [ 84%] Built target rosgraph_msgs__rosidl_typesupport_microxrcedds_c__pyext
[7.365s] [ 87%] [32mBuilding C object CMakeFiles/rosgraph_msgs__rosidl_typesupport_fastrtps_c__pyext.dir/rosidl_generator_py/rosgraph_msgs/_rosgraph_msgs_s.ep.rosidl_typesupport_fastrtps_c.c.o[0m
[7.468s] [ 89%] [32m[1mLinking C shared library rosidl_generator_py/rosgraph_msgs/rosgraph_msgs_s__rosidl_typesupport_fastrtps_c.cpython-310-x86_64-linux-gnu.so[0m
[7.515s] [ 89%] Built target rosgraph_msgs__rosidl_typesupport_fastrtps_c__pyext
[7.539s] [ 92%] [32mBuilding C object CMakeFiles/rosgraph_msgs__rosidl_typesupport_introspection_c__pyext.dir/rosidl_generator_py/rosgraph_msgs/_rosgraph_msgs_s.ep.rosidl_typesupport_introspection_c.c.o[0m
[7.623s] [ 94%] [32m[1mLinking C shared library rosidl_generator_py/rosgraph_msgs/rosgraph_msgs_s__rosidl_typesupport_introspection_c.cpython-310-x86_64-linux-gnu.so[0m
[7.663s] [ 94%] Built target rosgraph_msgs__rosidl_typesupport_introspection_c__pyext
[7.685s] [ 97%] [32mBuilding C object CMakeFiles/rosgraph_msgs__rosidl_typesupport_c__pyext.dir/rosidl_generator_py/rosgraph_msgs/_rosgraph_msgs_s.ep.rosidl_typesupport_c.c.o[0m
[7.782s] [100%] [32m[1mLinking C shared library rosidl_generator_py/rosgraph_msgs/rosgraph_msgs_s__rosidl_typesupport_c.cpython-310-x86_64-linux-gnu.so[0m
[7.818s] [100%] Built target rosgraph_msgs__rosidl_typesupport_c__pyext
[7.836s] Invoked command in '/home/e/ros2_ws/build/rosgraph_msgs' returned '0': AMENT_PREFIX_PATH=/home/e/ros2_ws/install/builtin_interfaces:${AMENT_PREFIX_PATH} CMAKE_PREFIX_PATH=/home/e/ros2_ws/install/builtin_interfaces:/home/e/ros2_ws/install/rosidl_typesupport_microxrcedds_cpp:/home/e/ros2_ws/install/rosidl_typesupport_microxrcedds_c:/home/e/ros2_ws/install/microcdr:/home/e/ros2_ws/install/micro_ros_setup:/opt/ros/humble LD_LIBRARY_PATH=/home/e/ros2_ws/install/builtin_interfaces/lib:${LD_LIBRARY_PATH} PYTHONPATH=/home/e/ros2_ws/install/builtin_interfaces/local/lib/python3.10/dist-packages:${PYTHONPATH} /usr/bin/cmake --build /home/e/ros2_ws/build/rosgraph_msgs -- -j2 -l2
[7.838s] Invoking command in '/home/e/ros2_ws/build/rosgraph_msgs': AMENT_PREFIX_PATH=/home/e/ros2_ws/install/builtin_interfaces:${AMENT_PREFIX_PATH} CMAKE_PREFIX_PATH=/home/e/ros2_ws/install/builtin_interfaces:/home/e/ros2_ws/install/rosidl_typesupport_microxrcedds_cpp:/home/e/ros2_ws/install/rosidl_typesupport_microxrcedds_c:/home/e/ros2_ws/install/microcdr:/home/e/ros2_ws/install/micro_ros_setup:/opt/ros/humble LD_LIBRARY_PATH=/home/e/ros2_ws/install/builtin_interfaces/lib:${LD_LIBRARY_PATH} PYTHONPATH=/home/e/ros2_ws/install/builtin_interfaces/local/lib/python3.10/dist-packages:${PYTHONPATH} /usr/bin/cmake --install /home/e/ros2_ws/build/rosgraph_msgs
[7.845s] -- Install configuration: ""
[7.845s] -- Installing: /home/e/ros2_ws/install/rosgraph_msgs/share/ament_index/resource_index/rosidl_interfaces/rosgraph_msgs
[7.846s] -- Installing: /home/e/ros2_ws/install/rosgraph_msgs/include/rosgraph_msgs/rosgraph_msgs
[7.846s] -- Installing: /home/e/ros2_ws/install/rosgraph_msgs/include/rosgraph_msgs/rosgraph_msgs/msg
[7.846s] -- Installing: /home/e/ros2_ws/install/rosgraph_msgs/include/rosgraph_msgs/rosgraph_msgs/msg/rosidl_generator_c__visibility_control.h
[7.847s] -- Installing: /home/e/ros2_ws/install/rosgraph_msgs/include/rosgraph_msgs/rosgraph_msgs/msg/clock.h
[7.848s] -- Installing: /home/e/ros2_ws/install/rosgraph_msgs/include/rosgraph_msgs/rosgraph_msgs/msg/detail
[7.848s] -- Installing: /home/e/ros2_ws/install/rosgraph_msgs/include/rosgraph_msgs/rosgraph_msgs/msg/detail/clock__type_support.h
[7.848s] -- Installing: /home/e/ros2_ws/install/rosgraph_msgs/include/rosgraph_msgs/rosgraph_msgs/msg/detail/clock__functions.h
[7.848s] -- Installing: /home/e/ros2_ws/install/rosgraph_msgs/include/rosgraph_msgs/rosgraph_msgs/msg/detail/clock__functions.c
[7.848s] -- Installing: /home/e/ros2_ws/install/rosgraph_msgs/include/rosgraph_msgs/rosgraph_msgs/msg/detail/clock__struct.h
[7.848s] -- Installing: /home/e/ros2_ws/install/rosgraph_msgs/share/rosgraph_msgs/environment/library_path.sh
[7.848s] -- Installing: /home/e/ros2_ws/install/rosgraph_msgs/share/rosgraph_msgs/environment/library_path.dsv
[7.848s] -- Installing: /home/e/ros2_ws/install/rosgraph_msgs/lib/librosgraph_msgs__rosidl_generator_c.so
[7.848s] -- Set runtime path of "/home/e/ros2_ws/install/rosgraph_msgs/lib/librosgraph_msgs__rosidl_generator_c.so" to ""
[7.848s] -- Up-to-date: /home/e/ros2_ws/install/rosgraph_msgs/include/rosgraph_msgs/rosgraph_msgs
[7.848s] -- Up-to-date: /home/e/ros2_ws/install/rosgraph_msgs/include/rosgraph_msgs/rosgraph_msgs/msg
[7.848s] -- Up-to-date: /home/e/ros2_ws/install/rosgraph_msgs/include/rosgraph_msgs/rosgraph_msgs/msg/detail
[7.848s] -- Installing: /home/e/ros2_ws/install/rosgraph_msgs/include/rosgraph_msgs/rosgraph_msgs/msg/detail/clock__rosidl_typesupport_fastrtps_c.h
[7.851s] -- Installing: /home/e/ros2_ws/install/rosgraph_msgs/include/rosgraph_msgs/rosgraph_msgs/msg/rosidl_typesupport_fastrtps_c__visibility_control.h
[7.851s] -- Installing: /home/e/ros2_ws/install/rosgraph_msgs/lib/librosgraph_msgs__rosidl_typesupport_fastrtps_c.so
[7.851s] -- Set runtime path of "/home/e/ros2_ws/install/rosgraph_msgs/lib/librosgraph_msgs__rosidl_typesupport_fastrtps_c.so" to ""
[7.852s] -- Up-to-date: /home/e/ros2_ws/install/rosgraph_msgs/include/rosgraph_msgs/rosgraph_msgs
[7.852s] -- Up-to-date: /home/e/ros2_ws/install/rosgraph_msgs/include/rosgraph_msgs/rosgraph_msgs/msg
[7.852s] -- Installing: /home/e/ros2_ws/install/rosgraph_msgs/include/rosgraph_msgs/rosgraph_msgs/msg/clock.hpp
[7.852s] -- Installing: /home/e/ros2_ws/install/rosgraph_msgs/include/rosgraph_msgs/rosgraph_msgs/msg/rosidl_generator_cpp__visibility_control.hpp
[7.852s] -- Up-to-date: /home/e/ros2_ws/install/rosgraph_msgs/include/rosgraph_msgs/rosgraph_msgs/msg/detail
[7.852s] -- Installing: /home/e/ros2_ws/install/rosgraph_msgs/include/rosgraph_msgs/rosgraph_msgs/msg/detail/clock__builder.hpp
[7.852s] -- Installing: /home/e/ros2_ws/install/rosgraph_msgs/include/rosgraph_msgs/rosgraph_msgs/msg/detail/clock__type_support.hpp
[7.852s] -- Installing: /home/e/ros2_ws/install/rosgraph_msgs/include/rosgraph_msgs/rosgraph_msgs/msg/detail/clock__struct.hpp
[7.852s] -- Installing: /home/e/ros2_ws/install/rosgraph_msgs/include/rosgraph_msgs/rosgraph_msgs/msg/detail/clock__traits.hpp
[7.852s] -- Up-to-date: /home/e/ros2_ws/install/rosgraph_msgs/include/rosgraph_msgs/rosgraph_msgs
[7.852s] -- Up-to-date: /home/e/ros2_ws/install/rosgraph_msgs/include/rosgraph_msgs/rosgraph_msgs/msg
[7.852s] -- Installing: /home/e/ros2_ws/install/rosgraph_msgs/include/rosgraph_msgs/rosgraph_msgs/msg/rosidl_typesupport_fastrtps_cpp__visibility_control.h
[7.852s] -- Up-to-date: /home/e/ros2_ws/install/rosgraph_msgs/include/rosgraph_msgs/rosgraph_msgs/msg/detail
[7.852s] -- Installing: /home/e/ros2_ws/install/rosgraph_msgs/include/rosgraph_msgs/rosgraph_msgs/msg/detail/dds_fastrtps
[7.852s] -- Installing: /home/e/ros2_ws/install/rosgraph_msgs/include/rosgraph_msgs/rosgraph_msgs/msg/detail/clock__rosidl_typesupport_fastrtps_cpp.hpp
[7.853s] -- Installing: /home/e/ros2_ws/install/rosgraph_msgs/lib/librosgraph_msgs__rosidl_typesupport_fastrtps_cpp.so
[7.853s] -- Set runtime path of "/home/e/ros2_ws/install/rosgraph_msgs/lib/librosgraph_msgs__rosidl_typesupport_fastrtps_cpp.so" to ""
[7.853s] -- Up-to-date: /home/e/ros2_ws/install/rosgraph_msgs/include/rosgraph_msgs/rosgraph_msgs
[7.853s] -- Up-to-date: /home/e/ros2_ws/install/rosgraph_msgs/include/rosgraph_msgs/rosgraph_msgs/msg
[7.853s] -- Installing: /home/e/ros2_ws/install/rosgraph_msgs/include/rosgraph_msgs/rosgraph_msgs/msg/rosidl_typesupport_microxrcedds_c__visibility_control.h
[7.853s] -- Up-to-date: /home/e/ros2_ws/install/rosgraph_msgs/include/rosgraph_msgs/rosgraph_msgs/msg/detail
[7.853s] -- Installing: /home/e/ros2_ws/install/rosgraph_msgs/include/rosgraph_msgs/rosgraph_msgs/msg/detail/microxrcedds
[7.853s] -- Installing: /home/e/ros2_ws/install/rosgraph_msgs/include/rosgraph_msgs/rosgraph_msgs/msg/detail/clock__rosidl_typesupport_microxrcedds_c.h
[7.853s] -- Installing: /home/e/ros2_ws/install/rosgraph_msgs/lib/librosgraph_msgs__rosidl_typesupport_microxrcedds_c.so
[7.854s] -- Set runtime path of "/home/e/ros2_ws/install/rosgraph_msgs/lib/librosgraph_msgs__rosidl_typesupport_microxrcedds_c.so" to ""
[7.854s] -- Up-to-date: /home/e/ros2_ws/install/rosgraph_msgs/include/rosgraph_msgs/rosgraph_msgs
[7.857s] -- Up-to-date: /home/e/ros2_ws/install/rosgraph_msgs/include/rosgraph_msgs/rosgraph_msgs/msg
[7.857s] -- Up-to-date: /home/e/ros2_ws/install/rosgraph_msgs/include/rosgraph_msgs/rosgraph_msgs/msg/detail
[7.857s] -- Installing: /home/e/ros2_ws/install/rosgraph_msgs/include/rosgraph_msgs/rosgraph_msgs/msg/detail/clock__type_support.c
[7.857s] -- Installing: /home/e/ros2_ws/install/rosgraph_msgs/include/rosgraph_msgs/rosgraph_msgs/msg/detail/clock__rosidl_typesupport_introspection_c.h
[7.858s] -- Installing: /home/e/ros2_ws/install/rosgraph_msgs/include/rosgraph_msgs/rosgraph_msgs/msg/rosidl_typesupport_introspection_c__visibility_control.h
[7.858s] -- Installing: /home/e/ros2_ws/install/rosgraph_msgs/lib/librosgraph_msgs__rosidl_typesupport_introspection_c.so
[7.858s] -- Set runtime path of "/home/e/ros2_ws/install/rosgraph_msgs/lib/librosgraph_msgs__rosidl_typesupport_introspection_c.so" to ""
[7.858s] -- Installing: /home/e/ros2_ws/install/rosgraph_msgs/lib/librosgraph_msgs__rosidl_typesupport_c.so
[7.858s] -- Set runtime path of "/home/e/ros2_ws/install/rosgraph_msgs/lib/librosgraph_msgs__rosidl_typesupport_c.so" to ""
[7.858s] -- Up-to-date: /home/e/ros2_ws/install/rosgraph_msgs/include/rosgraph_msgs/rosgraph_msgs
[7.858s] -- Up-to-date: /home/e/ros2_ws/install/rosgraph_msgs/include/rosgraph_msgs/rosgraph_msgs/msg
[7.858s] -- Installing: /home/e/ros2_ws/install/rosgraph_msgs/include/rosgraph_msgs/rosgraph_msgs/msg/rosidl_typesupport_microxrcedds_cpp__visibility_control.h
[7.859s] -- Up-to-date: /home/e/ros2_ws/install/rosgraph_msgs/include/rosgraph_msgs/rosgraph_msgs/msg/detail
[7.859s] -- Up-to-date: /home/e/ros2_ws/install/rosgraph_msgs/include/rosgraph_msgs/rosgraph_msgs/msg/detail/microxrcedds
[7.859s] -- Installing: /home/e/ros2_ws/install/rosgraph_msgs/include/rosgraph_msgs/rosgraph_msgs/msg/detail/clock__rosidl_typesupport_microxrcedds_cpp.hpp
[7.859s] -- Installing: /home/e/ros2_ws/install/rosgraph_msgs/lib/librosgraph_msgs__rosidl_typesupport_microxrcedds_cpp.so
[7.859s] -- Set runtime path of "/home/e/ros2_ws/install/rosgraph_msgs/lib/librosgraph_msgs__rosidl_typesupport_microxrcedds_cpp.so" to ""
[7.859s] -- Up-to-date: /home/e/ros2_ws/install/rosgraph_msgs/include/rosgraph_msgs/rosgraph_msgs
[7.860s] -- Up-to-date: /home/e/ros2_ws/install/rosgraph_msgs/include/rosgraph_msgs/rosgraph_msgs/msg
[7.860s] -- Up-to-date: /home/e/ros2_ws/install/rosgraph_msgs/include/rosgraph_msgs/rosgraph_msgs/msg/detail
[7.863s] -- Installing: /home/e/ros2_ws/install/rosgraph_msgs/include/rosgraph_msgs/rosgraph_msgs/msg/detail/clock__type_support.cpp
[7.863s] -- Installing: /home/e/ros2_ws/install/rosgraph_msgs/include/rosgraph_msgs/rosgraph_msgs/msg/detail/clock__rosidl_typesupport_introspection_cpp.hpp
[7.864s] -- Installing: /home/e/ros2_ws/install/rosgraph_msgs/lib/librosgraph_msgs__rosidl_typesupport_introspection_cpp.so
[7.864s] -- Set runtime path of "/home/e/ros2_ws/install/rosgraph_msgs/lib/librosgraph_msgs__rosidl_typesupport_introspection_cpp.so" to ""
[7.864s] -- Installing: /home/e/ros2_ws/install/rosgraph_msgs/lib/librosgraph_msgs__rosidl_typesupport_cpp.so
[7.864s] -- Set runtime path of "/home/e/ros2_ws/install/rosgraph_msgs/lib/librosgraph_msgs__rosidl_typesupport_cpp.so" to ""
[7.864s] -- Installing: /home/e/ros2_ws/install/rosgraph_msgs/share/rosgraph_msgs/environment/pythonpath.sh
[7.864s] -- Installing: /home/e/ros2_ws/install/rosgraph_msgs/share/rosgraph_msgs/environment/pythonpath.dsv
[7.864s] -- Installing: /home/e/ros2_ws/install/rosgraph_msgs/local/lib/python3.10/dist-packages/rosgraph_msgs-1.2.2-py3.10.egg-info
[7.864s] -- Installing: /home/e/ros2_ws/install/rosgraph_msgs/local/lib/python3.10/dist-packages/rosgraph_msgs-1.2.2-py3.10.egg-info/PKG-INFO
[7.864s] -- Installing: /home/e/ros2_ws/install/rosgraph_msgs/local/lib/python3.10/dist-packages/rosgraph_msgs-1.2.2-py3.10.egg-info/top_level.txt
[7.864s] -- Installing: /home/e/ros2_ws/install/rosgraph_msgs/local/lib/python3.10/dist-packages/rosgraph_msgs-1.2.2-py3.10.egg-info/SOURCES.txt
[7.864s] -- Installing: /home/e/ros2_ws/install/rosgraph_msgs/local/lib/python3.10/dist-packages/rosgraph_msgs-1.2.2-py3.10.egg-info/dependency_links.txt
[7.864s] -- Installing: /home/e/ros2_ws/install/rosgraph_msgs/local/lib/python3.10/dist-packages/rosgraph_msgs
[7.864s] -- Installing: /home/e/ros2_ws/install/rosgraph_msgs/local/lib/python3.10/dist-packages/rosgraph_msgs/msg
[7.864s] -- Installing: /home/e/ros2_ws/install/rosgraph_msgs/local/lib/python3.10/dist-packages/rosgraph_msgs/msg/_clock.py
[7.864s] -- Installing: /home/e/ros2_ws/install/rosgraph_msgs/local/lib/python3.10/dist-packages/rosgraph_msgs/msg/__init__.py
[7.864s] -- Installing: /home/e/ros2_ws/install/rosgraph_msgs/local/lib/python3.10/dist-packages/rosgraph_msgs/msg/_clock_s.c
[7.864s] -- Installing: /home/e/ros2_ws/install/rosgraph_msgs/local/lib/python3.10/dist-packages/rosgraph_msgs/rosgraph_msgs_s__rosidl_typesupport_introspection_c.cpython-310-x86_64-linux-gnu.so
[7.864s] -- Installing: /home/e/ros2_ws/install/rosgraph_msgs/local/lib/python3.10/dist-packages/rosgraph_msgs/_rosgraph_msgs_s.ep.rosidl_typesupport_microxrcedds_c.c
[7.864s] -- Installing: /home/e/ros2_ws/install/rosgraph_msgs/local/lib/python3.10/dist-packages/rosgraph_msgs/rosgraph_msgs_s__rosidl_typesupport_fastrtps_c.cpython-310-x86_64-linux-gnu.so
[7.864s] -- Installing: /home/e/ros2_ws/install/rosgraph_msgs/local/lib/python3.10/dist-packages/rosgraph_msgs/rosgraph_msgs_s__rosidl_typesupport_c.cpython-310-x86_64-linux-gnu.so
[7.864s] -- Installing: /home/e/ros2_ws/install/rosgraph_msgs/local/lib/python3.10/dist-packages/rosgraph_msgs/rosgraph_msgs_s__rosidl_typesupport_microxrcedds_c.cpython-310-x86_64-linux-gnu.so
[7.864s] -- Installing: /home/e/ros2_ws/install/rosgraph_msgs/local/lib/python3.10/dist-packages/rosgraph_msgs/_rosgraph_msgs_s.ep.rosidl_typesupport_introspection_c.c
[7.864s] -- Installing: /home/e/ros2_ws/install/rosgraph_msgs/local/lib/python3.10/dist-packages/rosgraph_msgs/__init__.py
[7.864s] -- Installing: /home/e/ros2_ws/install/rosgraph_msgs/local/lib/python3.10/dist-packages/rosgraph_msgs/_rosgraph_msgs_s.ep.rosidl_typesupport_c.c
[7.864s] -- Installing: /home/e/ros2_ws/install/rosgraph_msgs/local/lib/python3.10/dist-packages/rosgraph_msgs/librosgraph_msgs__rosidl_generator_py.so
[7.864s] -- Installing: /home/e/ros2_ws/install/rosgraph_msgs/local/lib/python3.10/dist-packages/rosgraph_msgs/_rosgraph_msgs_s.ep.rosidl_typesupport_fastrtps_c.c
[7.895s] Listing '/home/e/ros2_ws/install/rosgraph_msgs/local/lib/python3.10/dist-packages/rosgraph_msgs'...
[7.896s] Compiling '/home/e/ros2_ws/install/rosgraph_msgs/local/lib/python3.10/dist-packages/rosgraph_msgs/__init__.py'...
[7.896s] Listing '/home/e/ros2_ws/install/rosgraph_msgs/local/lib/python3.10/dist-packages/rosgraph_msgs/msg'...
[7.896s] Compiling '/home/e/ros2_ws/install/rosgraph_msgs/local/lib/python3.10/dist-packages/rosgraph_msgs/msg/__init__.py'...
[7.896s] Compiling '/home/e/ros2_ws/install/rosgraph_msgs/local/lib/python3.10/dist-packages/rosgraph_msgs/msg/_clock.py'...
[7.900s] -- Installing: /home/e/ros2_ws/install/rosgraph_msgs/local/lib/python3.10/dist-packages/rosgraph_msgs/rosgraph_msgs_s__rosidl_typesupport_microxrcedds_c.cpython-310-x86_64-linux-gnu.so
[7.901s] -- Set runtime path of "/home/e/ros2_ws/install/rosgraph_msgs/local/lib/python3.10/dist-packages/rosgraph_msgs/rosgraph_msgs_s__rosidl_typesupport_microxrcedds_c.cpython-310-x86_64-linux-gnu.so" to ""
[7.901s] -- Installing: /home/e/ros2_ws/install/rosgraph_msgs/local/lib/python3.10/dist-packages/rosgraph_msgs/rosgraph_msgs_s__rosidl_typesupport_fastrtps_c.cpython-310-x86_64-linux-gnu.so
[7.901s] -- Set runtime path of "/home/e/ros2_ws/install/rosgraph_msgs/local/lib/python3.10/dist-packages/rosgraph_msgs/rosgraph_msgs_s__rosidl_typesupport_fastrtps_c.cpython-310-x86_64-linux-gnu.so" to ""
[7.901s] -- Installing: /home/e/ros2_ws/install/rosgraph_msgs/local/lib/python3.10/dist-packages/rosgraph_msgs/rosgraph_msgs_s__rosidl_typesupport_introspection_c.cpython-310-x86_64-linux-gnu.so
[7.901s] -- Set runtime path of "/home/e/ros2_ws/install/rosgraph_msgs/local/lib/python3.10/dist-packages/rosgraph_msgs/rosgraph_msgs_s__rosidl_typesupport_introspection_c.cpython-310-x86_64-linux-gnu.so" to ""
[7.902s] -- Installing: /home/e/ros2_ws/install/rosgraph_msgs/local/lib/python3.10/dist-packages/rosgraph_msgs/rosgraph_msgs_s__rosidl_typesupport_c.cpython-310-x86_64-linux-gnu.so
[7.902s] -- Set runtime path of "/home/e/ros2_ws/install/rosgraph_msgs/local/lib/python3.10/dist-packages/rosgraph_msgs/rosgraph_msgs_s__rosidl_typesupport_c.cpython-310-x86_64-linux-gnu.so" to ""
[7.902s] -- Installing: /home/e/ros2_ws/install/rosgraph_msgs/lib/librosgraph_msgs__rosidl_generator_py.so
[7.902s] -- Set runtime path of "/home/e/ros2_ws/install/rosgraph_msgs/lib/librosgraph_msgs__rosidl_generator_py.so" to ""
[7.902s] -- Installing: /home/e/ros2_ws/install/rosgraph_msgs/share/rosgraph_msgs/msg/Clock.idl
[7.902s] -- Installing: /home/e/ros2_ws/install/rosgraph_msgs/share/rosgraph_msgs/msg/Clock.msg
[7.905s] -- Installing: /home/e/ros2_ws/install/rosgraph_msgs/share/ament_index/resource_index/package_run_dependencies/rosgraph_msgs
[7.905s] -- Installing: /home/e/ros2_ws/install/rosgraph_msgs/share/ament_index/resource_index/parent_prefix_path/rosgraph_msgs
[7.905s] -- Installing: /home/e/ros2_ws/install/rosgraph_msgs/share/rosgraph_msgs/environment/ament_prefix_path.sh
[7.905s] -- Installing: /home/e/ros2_ws/install/rosgraph_msgs/share/rosgraph_msgs/environment/ament_prefix_path.dsv
[7.905s] -- Installing: /home/e/ros2_ws/install/rosgraph_msgs/share/rosgraph_msgs/environment/path.sh
[7.905s] -- Installing: /home/e/ros2_ws/install/rosgraph_msgs/share/rosgraph_msgs/environment/path.dsv
[7.906s] -- Installing: /home/e/ros2_ws/install/rosgraph_msgs/share/rosgraph_msgs/local_setup.bash
[7.906s] -- Installing: /home/e/ros2_ws/install/rosgraph_msgs/share/rosgraph_msgs/local_setup.sh
[7.906s] -- Installing: /home/e/ros2_ws/install/rosgraph_msgs/share/rosgraph_msgs/local_setup.zsh
[7.906s] -- Installing: /home/e/ros2_ws/install/rosgraph_msgs/share/rosgraph_msgs/local_setup.dsv
[7.906s] -- Installing: /home/e/ros2_ws/install/rosgraph_msgs/share/rosgraph_msgs/package.dsv
[7.906s] -- Installing: /home/e/ros2_ws/install/rosgraph_msgs/share/ament_index/resource_index/packages/rosgraph_msgs
[7.906s] -- Installing: /home/e/ros2_ws/install/rosgraph_msgs/share/rosgraph_msgs/cmake/export_rosgraph_msgs__rosidl_generator_cExport.cmake
[7.906s] -- Installing: /home/e/ros2_ws/install/rosgraph_msgs/share/rosgraph_msgs/cmake/export_rosgraph_msgs__rosidl_generator_cExport-noconfig.cmake
[7.906s] -- Installing: /home/e/ros2_ws/install/rosgraph_msgs/share/rosgraph_msgs/cmake/export_rosgraph_msgs__rosidl_typesupport_fastrtps_cExport.cmake
[7.906s] -- Installing: /home/e/ros2_ws/install/rosgraph_msgs/share/rosgraph_msgs/cmake/export_rosgraph_msgs__rosidl_typesupport_fastrtps_cExport-noconfig.cmake
[7.906s] -- Installing: /home/e/ros2_ws/install/rosgraph_msgs/share/rosgraph_msgs/cmake/export_rosgraph_msgs__rosidl_generator_cppExport.cmake
[7.907s] -- Installing: /home/e/ros2_ws/install/rosgraph_msgs/share/rosgraph_msgs/cmake/export_rosgraph_msgs__rosidl_typesupport_fastrtps_cppExport.cmake
[7.907s] -- Installing: /home/e/ros2_ws/install/rosgraph_msgs/share/rosgraph_msgs/cmake/export_rosgraph_msgs__rosidl_typesupport_fastrtps_cppExport-noconfig.cmake
[7.907s] -- Installing: /home/e/ros2_ws/install/rosgraph_msgs/share/rosgraph_msgs/cmake/rosgraph_msgs__rosidl_typesupport_introspection_cExport.cmake
[7.907s] -- Installing: /home/e/ros2_ws/install/rosgraph_msgs/share/rosgraph_msgs/cmake/rosgraph_msgs__rosidl_typesupport_introspection_cExport-noconfig.cmake
[7.907s] -- Installing: /home/e/ros2_ws/install/rosgraph_msgs/share/rosgraph_msgs/cmake/rosgraph_msgs__rosidl_typesupport_cExport.cmake
[7.907s] -- Installing: /home/e/ros2_ws/install/rosgraph_msgs/share/rosgraph_msgs/cmake/rosgraph_msgs__rosidl_typesupport_cExport-noconfig.cmake
[7.907s] -- Installing: /home/e/ros2_ws/install/rosgraph_msgs/share/rosgraph_msgs/cmake/rosgraph_msgs__rosidl_typesupport_introspection_cppExport.cmake
[7.907s] -- Installing: /home/e/ros2_ws/install/rosgraph_msgs/share/rosgraph_msgs/cmake/rosgraph_msgs__rosidl_typesupport_introspection_cppExport-noconfig.cmake
[7.907s] -- Installing: /home/e/ros2_ws/install/rosgraph_msgs/share/rosgraph_msgs/cmake/rosgraph_msgs__rosidl_typesupport_cppExport.cmake
[7.909s] -- Installing: /home/e/ros2_ws/install/rosgraph_msgs/share/rosgraph_msgs/cmake/rosgraph_msgs__rosidl_typesupport_cppExport-noconfig.cmake
[7.909s] -- Installing: /home/e/ros2_ws/install/rosgraph_msgs/share/rosgraph_msgs/cmake/export_rosgraph_msgs__rosidl_generator_pyExport.cmake
[7.909s] -- Installing: /home/e/ros2_ws/install/rosgraph_msgs/share/rosgraph_msgs/cmake/export_rosgraph_msgs__rosidl_generator_pyExport-noconfig.cmake
[7.909s] -- Installing: /home/e/ros2_ws/install/rosgraph_msgs/share/rosgraph_msgs/cmake/rosidl_cmake-extras.cmake
[7.909s] -- Installing: /home/e/ros2_ws/install/rosgraph_msgs/share/rosgraph_msgs/cmake/ament_cmake_export_dependencies-extras.cmake
[7.909s] -- Installing: /home/e/ros2_ws/install/rosgraph_msgs/share/rosgraph_msgs/cmake/ament_cmake_export_include_directories-extras.cmake
[7.909s] -- Installing: /home/e/ros2_ws/install/rosgraph_msgs/share/rosgraph_msgs/cmake/ament_cmake_export_libraries-extras.cmake
[7.909s] -- Installing: /home/e/ros2_ws/install/rosgraph_msgs/share/rosgraph_msgs/cmake/ament_cmake_export_targets-extras.cmake
[7.909s] -- Installing: /home/e/ros2_ws/install/rosgraph_msgs/share/rosgraph_msgs/cmake/rosidl_cmake_export_typesupport_targets-extras.cmake
[7.909s] -- Installing: /home/e/ros2_ws/install/rosgraph_msgs/share/rosgraph_msgs/cmake/rosidl_cmake_export_typesupport_libraries-extras.cmake
[7.909s] -- Installing: /home/e/ros2_ws/install/rosgraph_msgs/share/rosgraph_msgs/cmake/rosgraph_msgsConfig.cmake
[7.909s] -- Installing: /home/e/ros2_ws/install/rosgraph_msgs/share/rosgraph_msgs/cmake/rosgraph_msgsConfig-version.cmake
[7.909s] -- Installing: /home/e/ros2_ws/install/rosgraph_msgs/share/rosgraph_msgs/package.xml
[7.911s] Invoked command in '/home/e/ros2_ws/build/rosgraph_msgs' returned '0': AMENT_PREFIX_PATH=/home/e/ros2_ws/install/builtin_interfaces:${AMENT_PREFIX_PATH} CMAKE_PREFIX_PATH=/home/e/ros2_ws/install/builtin_interfaces:/home/e/ros2_ws/install/rosidl_typesupport_microxrcedds_cpp:/home/e/ros2_ws/install/rosidl_typesupport_microxrcedds_c:/home/e/ros2_ws/install/microcdr:/home/e/ros2_ws/install/micro_ros_setup:/opt/ros/humble LD_LIBRARY_PATH=/home/e/ros2_ws/install/builtin_interfaces/lib:${LD_LIBRARY_PATH} PYTHONPATH=/home/e/ros2_ws/install/builtin_interfaces/local/lib/python3.10/dist-packages:${PYTHONPATH} /usr/bin/cmake --install /home/e/ros2_ws/build/rosgraph_msgs
