[0.006s] Invoking command in '/home/e/ros2_ws/build/microxrcedds_client': CMAKE_PREFIX_PATH=/home/e/ros2_ws/install/microcdr:/home/e/ros2_ws/install/rosidl_typesupport_microxrcedds_cpp:/home/e/ros2_ws/install/rosidl_typesupport_microxrcedds_c:/home/e/ros2_ws/install/micro_ros_setup LD_LIBRARY_PATH=/home/e/ros2_ws/install/microcdr/lib:/home/e/ros2_ws/install/rosidl_typesupport_microxrcedds_cpp/lib:/home/e/ros2_ws/install/rosidl_typesupport_microxrcedds_c/lib:/opt/ros/humble/opt/rviz_ogre_vendor/lib:/opt/ros/humble/lib/x86_64-linux-gnu:/opt/ros/humble/lib /usr/bin/cmake /home/e/ros2_ws/src/eProsima/Micro-XRCE-DDS-Client -DBUILD_TESTING=OFF -DBUILD_SHARED_LIBS=ON -DUCLIENT_ISOLATED_INSTALL=OFF -DUCLIENT_SUPERBUILD=OFF -DBUILD_SHARED_LIBS=ON -DUCLIENT_PROFILE_MULTITHREAD=ON -DCMAKE_INSTALL_PREFIX=/home/e/ros2_ws/install/microxrcedds_client
[0.080s] -- The C compiler identification is GNU 11.4.0
[0.083s] -- Detecting C compiler ABI info
[0.149s] -- Detecting C compiler ABI info - done
[0.154s] -- Check for working C compiler: /usr/bin/cc - skipped
[0.154s] -- Detecting C compile features
[0.154s] -- Detecting C compile features - done
[0.155s] -- Setting build type to 'Release' as none was specified.
[0.165s] -- Looking for pthread.h
[0.227s] -- Looking for pthread.h - found
[0.227s] -- Performing Test CMAKE_HAVE_LIBC_PTHREAD
[0.300s] -- Performing Test CMAKE_HAVE_LIBC_PTHREAD - Success
[0.300s] -- Found Threads: TRUE  
[0.303s] -- Configuring done
[0.308s] -- Generating done
[0.308s] [33mCMake Warning:
[0.308s]   Manually-specified variables were not used by the project:
[0.308s] 
[0.308s]     BUILD_TESTING
[0.308s] 
[0.308s] [0m
[0.310s] -- Build files have been written to: /home/e/ros2_ws/build/microxrcedds_client
[0.313s] Invoked command in '/home/e/ros2_ws/build/microxrcedds_client' returned '0': CMAKE_PREFIX_PATH=/home/e/ros2_ws/install/microcdr:/home/e/ros2_ws/install/rosidl_typesupport_microxrcedds_cpp:/home/e/ros2_ws/install/rosidl_typesupport_microxrcedds_c:/home/e/ros2_ws/install/micro_ros_setup LD_LIBRARY_PATH=/home/e/ros2_ws/install/microcdr/lib:/home/e/ros2_ws/install/rosidl_typesupport_microxrcedds_cpp/lib:/home/e/ros2_ws/install/rosidl_typesupport_microxrcedds_c/lib:/opt/ros/humble/opt/rviz_ogre_vendor/lib:/opt/ros/humble/lib/x86_64-linux-gnu:/opt/ros/humble/lib /usr/bin/cmake /home/e/ros2_ws/src/eProsima/Micro-XRCE-DDS-Client -DBUILD_TESTING=OFF -DBUILD_SHARED_LIBS=ON -DUCLIENT_ISOLATED_INSTALL=OFF -DUCLIENT_SUPERBUILD=OFF -DBUILD_SHARED_LIBS=ON -DUCLIENT_PROFILE_MULTITHREAD=ON -DCMAKE_INSTALL_PREFIX=/home/e/ros2_ws/install/microxrcedds_client
[0.316s] Invoking command in '/home/e/ros2_ws/build/microxrcedds_client': CMAKE_PREFIX_PATH=/home/e/ros2_ws/install/microcdr:/home/e/ros2_ws/install/rosidl_typesupport_microxrcedds_cpp:/home/e/ros2_ws/install/rosidl_typesupport_microxrcedds_c:/home/e/ros2_ws/install/micro_ros_setup LD_LIBRARY_PATH=/home/e/ros2_ws/install/microcdr/lib:/home/e/ros2_ws/install/rosidl_typesupport_microxrcedds_cpp/lib:/home/e/ros2_ws/install/rosidl_typesupport_microxrcedds_c/lib:/opt/ros/humble/opt/rviz_ogre_vendor/lib:/opt/ros/humble/lib/x86_64-linux-gnu:/opt/ros/humble/lib /usr/bin/cmake --build /home/e/ros2_ws/build/microxrcedds_client -- -j2 -l2
[0.361s] [  2%] [32mBuilding C object CMakeFiles/microxrcedds_client.dir/src/c/core/session/stream/input_best_effort_stream.c.o[0m
[0.394s] [  5%] [32mBuilding C object CMakeFiles/microxrcedds_client.dir/src/c/core/session/stream/input_reliable_stream.c.o[0m
[0.473s] [  8%] [32mBuilding C object CMakeFiles/microxrcedds_client.dir/src/c/core/session/stream/output_best_effort_stream.c.o[0m
[0.509s] [ 11%] [32mBuilding C object CMakeFiles/microxrcedds_client.dir/src/c/core/session/stream/output_reliable_stream.c.o[0m
[0.608s] [ 14%] [32mBuilding C object CMakeFiles/microxrcedds_client.dir/src/c/core/session/stream/stream_storage.c.o[0m
[0.668s] [ 17%] [32mBuilding C object CMakeFiles/microxrcedds_client.dir/src/c/core/session/stream/stream_id.c.o[0m
[0.702s] [ 20%] [32mBuilding C object CMakeFiles/microxrcedds_client.dir/src/c/core/session/stream/seq_num.c.o[0m
[0.730s] [ 22%] [32mBuilding C object CMakeFiles/microxrcedds_client.dir/src/c/core/session/session.c.o[0m
[0.928s] [ 25%] [32mBuilding C object CMakeFiles/microxrcedds_client.dir/src/c/core/session/session_info.c.o[0m
[0.985s] [ 28%] [32mBuilding C object CMakeFiles/microxrcedds_client.dir/src/c/core/session/submessage.c.o[0m
[1.017s] [ 31%] [32mBuilding C object CMakeFiles/microxrcedds_client.dir/src/c/core/session/object_id.c.o[0m
[1.049s] [ 34%] [32mBuilding C object CMakeFiles/microxrcedds_client.dir/src/c/core/serialization/xrce_types.c.o[0m
[1.479s] [ 37%] [32mBuilding C object CMakeFiles/microxrcedds_client.dir/src/c/core/serialization/xrce_header.c.o[0m
[1.506s] [ 40%] [32mBuilding C object CMakeFiles/microxrcedds_client.dir/src/c/core/serialization/xrce_subheader.c.o[0m
[1.532s] [ 42%] [32mBuilding C object CMakeFiles/microxrcedds_client.dir/src/c/util/time.c.o[0m
[1.560s] [ 45%] [32mBuilding C object CMakeFiles/microxrcedds_client.dir/src/c/util/ping.c.o[0m
[1.629s] [ 48%] [32mBuilding C object CMakeFiles/microxrcedds_client.dir/src/c/core/session/common_create_entities.c.o[0m
[1.677s] [ 51%] [32mBuilding C object CMakeFiles/microxrcedds_client.dir/src/c/core/session/create_entities_ref.c.o[0m
[1.728s] [ 54%] [32mBuilding C object CMakeFiles/microxrcedds_client.dir/src/c/core/session/create_entities_xml.c.o[0m
[1.788s] [ 57%] [32mBuilding C object CMakeFiles/microxrcedds_client.dir/src/c/core/session/create_entities_bin.c.o[0m
[1.855s] [ 60%] [32mBuilding C object CMakeFiles/microxrcedds_client.dir/src/c/core/session/read_access.c.o[0m
[1.910s] [ 62%] [32mBuilding C object CMakeFiles/microxrcedds_client.dir/src/c/core/session/write_access.c.o[0m
[1.993s] [ 65%] [32mBuilding C object CMakeFiles/microxrcedds_client.dir/src/c/profile/multithread/multithread.c.o[0m
[2.035s] [ 68%] [32mBuilding C object CMakeFiles/microxrcedds_client.dir/src/c/profile/transport/stream_framing/stream_framing_protocol.c.o[0m
[2.128s] [ 71%] [32mBuilding C object CMakeFiles/microxrcedds_client.dir/src/c/profile/transport/ip/udp/udp_transport.c.o[0m
[2.176s] [ 74%] [32mBuilding C object CMakeFiles/microxrcedds_client.dir/src/c/profile/transport/ip/udp/udp_transport_posix.c.o[0m
[2.239s] [ 77%] [32mBuilding C object CMakeFiles/microxrcedds_client.dir/src/c/profile/transport/ip/tcp/tcp_transport.c.o[0m
[2.306s] [ 80%] [32mBuilding C object CMakeFiles/microxrcedds_client.dir/src/c/profile/transport/ip/tcp/tcp_transport_posix.c.o[0m
[2.377s] [ 82%] [32mBuilding C object CMakeFiles/microxrcedds_client.dir/src/c/profile/transport/serial/serial_transport.c.o[0m
[2.423s] [ 85%] [32mBuilding C object CMakeFiles/microxrcedds_client.dir/src/c/profile/transport/serial/serial_transport_posix.c.o[0m
[2.482s] [ 88%] [32mBuilding C object CMakeFiles/microxrcedds_client.dir/src/c/profile/transport/ip/ip_posix.c.o[0m
[2.522s] [ 91%] [32mBuilding C object CMakeFiles/microxrcedds_client.dir/src/c/profile/discovery/discovery.c.o[0m
[2.585s] [ 94%] [32mBuilding C object CMakeFiles/microxrcedds_client.dir/src/c/profile/discovery/transport/udp_transport_datagram_posix.c.o[0m
[2.638s] [ 97%] [32mBuilding C object CMakeFiles/microxrcedds_client.dir/src/c/profile/transport/custom/custom_transport.c.o[0m
[2.686s] [100%] [32m[1mLinking C shared library libmicroxrcedds_client.so[0m
[2.743s] [100%] Built target microxrcedds_client
[2.756s] Invoked command in '/home/e/ros2_ws/build/microxrcedds_client' returned '0': CMAKE_PREFIX_PATH=/home/e/ros2_ws/install/microcdr:/home/e/ros2_ws/install/rosidl_typesupport_microxrcedds_cpp:/home/e/ros2_ws/install/rosidl_typesupport_microxrcedds_c:/home/e/ros2_ws/install/micro_ros_setup LD_LIBRARY_PATH=/home/e/ros2_ws/install/microcdr/lib:/home/e/ros2_ws/install/rosidl_typesupport_microxrcedds_cpp/lib:/home/e/ros2_ws/install/rosidl_typesupport_microxrcedds_c/lib:/opt/ros/humble/opt/rviz_ogre_vendor/lib:/opt/ros/humble/lib/x86_64-linux-gnu:/opt/ros/humble/lib /usr/bin/cmake --build /home/e/ros2_ws/build/microxrcedds_client -- -j2 -l2
[2.757s] Invoking command in '/home/e/ros2_ws/build/microxrcedds_client': CMAKE_PREFIX_PATH=/home/e/ros2_ws/install/microcdr:/home/e/ros2_ws/install/rosidl_typesupport_microxrcedds_cpp:/home/e/ros2_ws/install/rosidl_typesupport_microxrcedds_c:/home/e/ros2_ws/install/micro_ros_setup LD_LIBRARY_PATH=/home/e/ros2_ws/install/microcdr/lib:/home/e/ros2_ws/install/rosidl_typesupport_microxrcedds_cpp/lib:/home/e/ros2_ws/install/rosidl_typesupport_microxrcedds_c/lib:/opt/ros/humble/opt/rviz_ogre_vendor/lib:/opt/ros/humble/lib/x86_64-linux-gnu:/opt/ros/humble/lib /usr/bin/cmake --install /home/e/ros2_ws/build/microxrcedds_client
[2.768s] -- Install configuration: "Release"
[2.769s] -- Installing: /home/e/ros2_ws/install/microxrcedds_client/lib/libmicroxrcedds_client.so.2.4.2
[2.769s] -- Installing: /home/e/ros2_ws/install/microxrcedds_client/lib/libmicroxrcedds_client.so.2.4
[2.769s] -- Set runtime path of "/home/e/ros2_ws/install/microxrcedds_client/lib/libmicroxrcedds_client.so.2.4.2" to ""
[2.769s] -- Installing: /home/e/ros2_ws/install/microxrcedds_client/lib/libmicroxrcedds_client.so
[2.770s] -- Installing: /home/e/ros2_ws/install/microxrcedds_client/include/uxr/client
[2.770s] -- Installing: /home/e/ros2_ws/install/microxrcedds_client/include/uxr/client/visibility.h
[2.770s] -- Installing: /home/e/ros2_ws/install/microxrcedds_client/include/uxr/client/profile
[2.770s] -- Installing: /home/e/ros2_ws/install/microxrcedds_client/include/uxr/client/profile/multithread
[2.770s] -- Installing: /home/e/ros2_ws/install/microxrcedds_client/include/uxr/client/profile/multithread/multithread.h
[2.770s] -- Installing: /home/e/ros2_ws/install/microxrcedds_client/include/uxr/client/profile/transport
[2.771s] -- Installing: /home/e/ros2_ws/install/microxrcedds_client/include/uxr/client/profile/transport/stream_framing
[2.771s] -- Installing: /home/e/ros2_ws/install/microxrcedds_client/include/uxr/client/profile/transport/stream_framing/stream_framing_protocol.h
[2.771s] -- Installing: /home/e/ros2_ws/install/microxrcedds_client/include/uxr/client/profile/transport/ip
[2.771s] -- Installing: /home/e/ros2_ws/install/microxrcedds_client/include/uxr/client/profile/transport/ip/ip.h
[2.771s] -- Installing: /home/e/ros2_ws/install/microxrcedds_client/include/uxr/client/profile/transport/ip/tcp
[2.771s] -- Installing: /home/e/ros2_ws/install/microxrcedds_client/include/uxr/client/profile/transport/ip/tcp/tcp_transport_posix.h
[2.771s] -- Installing: /home/e/ros2_ws/install/microxrcedds_client/include/uxr/client/profile/transport/ip/tcp/tcp_transport_freertos_plus_tcp.h
[2.772s] -- Installing: /home/e/ros2_ws/install/microxrcedds_client/include/uxr/client/profile/transport/ip/tcp/tcp_transport_windows.h
[2.773s] -- Installing: /home/e/ros2_ws/install/microxrcedds_client/include/uxr/client/profile/transport/ip/tcp/tcp_transport.h
[2.773s] -- Installing: /home/e/ros2_ws/install/microxrcedds_client/include/uxr/client/profile/transport/ip/tcp/tcp_transport_posix_nopoll.h
[2.773s] -- Installing: /home/e/ros2_ws/install/microxrcedds_client/include/uxr/client/profile/transport/ip/tcp/tcp_transport_rtems_bsd_net.h
[2.774s] -- Installing: /home/e/ros2_ws/install/microxrcedds_client/include/uxr/client/profile/transport/ip/udp
[2.774s] -- Installing: /home/e/ros2_ws/install/microxrcedds_client/include/uxr/client/profile/transport/ip/udp/udp_transport_freertos_plus_tcp.h
[2.774s] -- Installing: /home/e/ros2_ws/install/microxrcedds_client/include/uxr/client/profile/transport/ip/udp/udp_transport_posix.h
[2.775s] -- Installing: /home/e/ros2_ws/install/microxrcedds_client/include/uxr/client/profile/transport/ip/udp/udp_transport_rtems_bsd_net.h
[2.775s] -- Installing: /home/e/ros2_ws/install/microxrcedds_client/include/uxr/client/profile/transport/ip/udp/udp_transport_windows.h
[2.776s] -- Installing: /home/e/ros2_ws/install/microxrcedds_client/include/uxr/client/profile/transport/ip/udp/udp_transport.h
[2.776s] -- Installing: /home/e/ros2_ws/install/microxrcedds_client/include/uxr/client/profile/transport/ip/udp/udp_transport_posix_nopoll.h
[2.776s] -- Installing: /home/e/ros2_ws/install/microxrcedds_client/include/uxr/client/profile/transport/custom
[2.776s] -- Installing: /home/e/ros2_ws/install/microxrcedds_client/include/uxr/client/profile/transport/custom/custom_transport.h
[2.777s] -- Installing: /home/e/ros2_ws/install/microxrcedds_client/include/uxr/client/profile/transport/serial
[2.777s] -- Installing: /home/e/ros2_ws/install/microxrcedds_client/include/uxr/client/profile/transport/serial/serial_transport_platform.h
[2.777s] -- Installing: /home/e/ros2_ws/install/microxrcedds_client/include/uxr/client/profile/transport/serial/serial_transport_rtems_bsd_net.h
[2.777s] -- Installing: /home/e/ros2_ws/install/microxrcedds_client/include/uxr/client/profile/transport/serial/serial_transport.h
[2.778s] -- Installing: /home/e/ros2_ws/install/microxrcedds_client/include/uxr/client/profile/transport/serial/serial_transport_posix.h
[2.778s] -- Installing: /home/e/ros2_ws/install/microxrcedds_client/include/uxr/client/profile/transport/can
[2.778s] -- Installing: /home/e/ros2_ws/install/microxrcedds_client/include/uxr/client/profile/transport/can/can_transport_posix.h
[2.778s] -- Installing: /home/e/ros2_ws/install/microxrcedds_client/include/uxr/client/profile/transport/can/can_transport.h
[2.779s] -- Installing: /home/e/ros2_ws/install/microxrcedds_client/include/uxr/client/profile/discovery
[2.779s] -- Installing: /home/e/ros2_ws/install/microxrcedds_client/include/uxr/client/profile/discovery/discovery.h
[2.779s] -- Installing: /home/e/ros2_ws/install/microxrcedds_client/include/uxr/client/defines.h
[2.779s] -- Installing: /home/e/ros2_ws/install/microxrcedds_client/include/uxr/client/client.h
[2.780s] -- Installing: /home/e/ros2_ws/install/microxrcedds_client/include/uxr/client/util
[2.780s] -- Installing: /home/e/ros2_ws/install/microxrcedds_client/include/uxr/client/util/time.h
[2.780s] -- Installing: /home/e/ros2_ws/install/microxrcedds_client/include/uxr/client/util/ping.h
[2.780s] -- Installing: /home/e/ros2_ws/install/microxrcedds_client/include/uxr/client/core
[2.780s] -- Installing: /home/e/ros2_ws/install/microxrcedds_client/include/uxr/client/core/session
[2.780s] -- Installing: /home/e/ros2_ws/install/microxrcedds_client/include/uxr/client/core/session/write_access.h
[2.781s] -- Installing: /home/e/ros2_ws/install/microxrcedds_client/include/uxr/client/core/session/create_entities_ref.h
[2.781s] -- Installing: /home/e/ros2_ws/install/microxrcedds_client/include/uxr/client/core/session/session_info.h
[2.781s] -- Installing: /home/e/ros2_ws/install/microxrcedds_client/include/uxr/client/core/session/create_entities_xml.h
[2.781s] -- Installing: /home/e/ros2_ws/install/microxrcedds_client/include/uxr/client/core/session/object_id.h
[2.781s] -- Installing: /home/e/ros2_ws/install/microxrcedds_client/include/uxr/client/core/session/read_access.h
[2.782s] -- Installing: /home/e/ros2_ws/install/microxrcedds_client/include/uxr/client/core/session/time_sync.h
[2.782s] -- Installing: /home/e/ros2_ws/install/microxrcedds_client/include/uxr/client/core/session/session.h
[2.783s] -- Installing: /home/e/ros2_ws/install/microxrcedds_client/include/uxr/client/core/session/stream
[2.784s] -- Installing: /home/e/ros2_ws/install/microxrcedds_client/include/uxr/client/core/session/stream/input_reliable_stream.h
[2.784s] -- Installing: /home/e/ros2_ws/install/microxrcedds_client/include/uxr/client/core/session/stream/seq_num.h
[2.784s] -- Installing: /home/e/ros2_ws/install/microxrcedds_client/include/uxr/client/core/session/stream/output_reliable_stream.h
[2.784s] -- Installing: /home/e/ros2_ws/install/microxrcedds_client/include/uxr/client/core/session/stream/stream_storage.h
[2.784s] -- Installing: /home/e/ros2_ws/install/microxrcedds_client/include/uxr/client/core/session/stream/stream_id.h
[2.784s] -- Installing: /home/e/ros2_ws/install/microxrcedds_client/include/uxr/client/core/session/stream/output_best_effort_stream.h
[2.784s] -- Installing: /home/e/ros2_ws/install/microxrcedds_client/include/uxr/client/core/session/stream/reliable_stream.h
[2.784s] -- Installing: /home/e/ros2_ws/install/microxrcedds_client/include/uxr/client/core/session/stream/input_best_effort_stream.h
[2.784s] -- Installing: /home/e/ros2_ws/install/microxrcedds_client/include/uxr/client/core/session/create_entities_bin.h
[2.784s] -- Installing: /home/e/ros2_ws/install/microxrcedds_client/include/uxr/client/core/session/common_create_entities.h
[2.784s] -- Installing: /home/e/ros2_ws/install/microxrcedds_client/include/uxr/client/core/communication
[2.784s] -- Installing: /home/e/ros2_ws/install/microxrcedds_client/include/uxr/client/core/communication/communication.h
[2.784s] -- Installing: /home/e/ros2_ws/install/microxrcedds_client/include/uxr/client/core/type
[2.784s] -- Installing: /home/e/ros2_ws/install/microxrcedds_client/include/uxr/client/core/type/xrce_types.h
[2.784s] -- Installing: /home/e/ros2_ws/install/microxrcedds_client/include/uxr/client/transport.h
[2.784s] -- Installing: /home/e/ros2_ws/install/microxrcedds_client/include/uxr/client/config.h
[2.784s] -- Installing: /home/e/ros2_ws/install/microxrcedds_client/share/microxrcedds_client/cmake/microxrcedds_clientTargets.cmake
[2.784s] -- Installing: /home/e/ros2_ws/install/microxrcedds_client/share/microxrcedds_client/cmake/microxrcedds_clientTargets-release.cmake
[2.784s] -- Installing: /home/e/ros2_ws/install/microxrcedds_client/share/microxrcedds_client/cmake/microxrcedds_clientConfig.cmake
[2.784s] -- Installing: /home/e/ros2_ws/install/microxrcedds_client/share/microxrcedds_client/cmake/microxrcedds_clientConfigVersion.cmake
[2.788s] Invoked command in '/home/e/ros2_ws/build/microxrcedds_client' returned '0': CMAKE_PREFIX_PATH=/home/e/ros2_ws/install/microcdr:/home/e/ros2_ws/install/rosidl_typesupport_microxrcedds_cpp:/home/e/ros2_ws/install/rosidl_typesupport_microxrcedds_c:/home/e/ros2_ws/install/micro_ros_setup LD_LIBRARY_PATH=/home/e/ros2_ws/install/microcdr/lib:/home/e/ros2_ws/install/rosidl_typesupport_microxrcedds_cpp/lib:/home/e/ros2_ws/install/rosidl_typesupport_microxrcedds_c/lib:/opt/ros/humble/opt/rviz_ogre_vendor/lib:/opt/ros/humble/lib/x86_64-linux-gnu:/opt/ros/humble/lib /usr/bin/cmake --install /home/e/ros2_ws/build/microxrcedds_client
