[0.021s] Invoking command in '/home/e/ros2_ws/build/rmw_microxrcedds': AMENT_PREFIX_PATH=/home/e/ros2_ws/install/micro_ros_msgs:${AMENT_PREFIX_PATH} CMAKE_PREFIX_PATH=/home/e/ros2_ws/install/rosidl_typesupport_microxrcedds_cpp:/home/e/ros2_ws/install/rosidl_typesupport_microxrcedds_c:/home/e/ros2_ws/install/microxrcedds_client:/home/e/ros2_ws/install/microcdr:/home/e/ros2_ws/install/micro_ros_msgs:/home/e/ros2_ws/install/micro_ros_setup:/opt/ros/humble LD_LIBRARY_PATH=/home/e/ros2_ws/install/rosidl_typesupport_microxrcedds_cpp/lib:/home/e/ros2_ws/install/rosidl_typesupport_microxrcedds_c/lib:/home/e/ros2_ws/install/microxrcedds_client/lib:/home/e/ros2_ws/install/microcdr/lib:/home/e/ros2_ws/install/micro_ros_msgs/lib:/opt/ros/humble/opt/rviz_ogre_vendor/lib:/opt/ros/humble/lib/x86_64-linux-gnu:/opt/ros/humble/lib PYTHONPATH=/home/e/ros2_ws/install/micro_ros_msgs/local/lib/python3.10/dist-packages:${PYTHONPATH} /usr/bin/cmake /home/e/ros2_ws/src/uros/rmw_microxrcedds/rmw_microxrcedds_c -DBUILD_TESTING=OFF -DBUILD_SHARED_LIBS=ON -DRMW_UXRCE_TRANSPORT=udp -DRMW_UXRCE_DEFAULT_UDP_IP=127.0.0.1 -DRMW_UXRCE_DEFAULT_UDP_PORT=8888 -DRMW_UXRCE_MAX_NODES=15 -DRMW_UXRCE_MAX_PUBLISHERS=15 -DRMW_UXRCE_MAX_SUBSCRIPTIONS=15 -DRMW_UXRCE_MAX_SERVICES=15 -DRMW_UXRCE_MAX_CLIENTS=15 -DRMW_UXRCE_STREAM_HISTORY=32 -DRMW_UXRCE_MAX_HISTORY=10 -DCMAKE_INSTALL_PREFIX=/home/e/ros2_ws/install/rmw_microxrcedds
[0.072s] -- The C compiler identification is GNU 11.4.0
[0.078s] -- Detecting C compiler ABI info
[0.138s] -- Detecting C compiler ABI info - done
[0.144s] -- Check for working C compiler: /usr/bin/cc - skipped
[0.144s] -- Detecting C compile features
[0.144s] -- Detecting C compile features - done
[0.146s] -- Found ament_cmake_ros: 0.10.0 (/opt/ros/humble/share/ament_cmake_ros/cmake)
[0.286s] -- Found Python3: /usr/bin/python3 (found version "3.10.12") found components: Interpreter 
[0.369s] -- Found rcutils: 5.1.7 (/opt/ros/humble/share/rcutils/cmake)
[0.378s] -- Found rosidl_runtime_c: 3.1.7 (/opt/ros/humble/share/rosidl_runtime_c/cmake)
[0.386s] -- Found rmw: 6.1.2 (/opt/ros/humble/share/rmw/cmake)
[0.387s] -- Found rosidl_typesupport_microxrcedds_c: 3.0.1 (/home/e/ros2_ws/install/rosidl_typesupport_microxrcedds_c/share/rosidl_typesupport_microxrcedds_c/cmake)
[0.392s] -- Found rosidl_adapter: 3.1.7 (/opt/ros/humble/share/rosidl_adapter/cmake)
[0.455s] -- Configuring done
[0.464s] -- Generating done
[0.469s] -- Build files have been written to: /home/e/ros2_ws/build/rmw_microxrcedds
[0.474s] Invoked command in '/home/e/ros2_ws/build/rmw_microxrcedds' returned '0': AMENT_PREFIX_PATH=/home/e/ros2_ws/install/micro_ros_msgs:${AMENT_PREFIX_PATH} CMAKE_PREFIX_PATH=/home/e/ros2_ws/install/rosidl_typesupport_microxrcedds_cpp:/home/e/ros2_ws/install/rosidl_typesupport_microxrcedds_c:/home/e/ros2_ws/install/microxrcedds_client:/home/e/ros2_ws/install/microcdr:/home/e/ros2_ws/install/micro_ros_msgs:/home/e/ros2_ws/install/micro_ros_setup:/opt/ros/humble LD_LIBRARY_PATH=/home/e/ros2_ws/install/rosidl_typesupport_microxrcedds_cpp/lib:/home/e/ros2_ws/install/rosidl_typesupport_microxrcedds_c/lib:/home/e/ros2_ws/install/microxrcedds_client/lib:/home/e/ros2_ws/install/microcdr/lib:/home/e/ros2_ws/install/micro_ros_msgs/lib:/opt/ros/humble/opt/rviz_ogre_vendor/lib:/opt/ros/humble/lib/x86_64-linux-gnu:/opt/ros/humble/lib PYTHONPATH=/home/e/ros2_ws/install/micro_ros_msgs/local/lib/python3.10/dist-packages:${PYTHONPATH} /usr/bin/cmake /home/e/ros2_ws/src/uros/rmw_microxrcedds/rmw_microxrcedds_c -DBUILD_TESTING=OFF -DBUILD_SHARED_LIBS=ON -DRMW_UXRCE_TRANSPORT=udp -DRMW_UXRCE_DEFAULT_UDP_IP=127.0.0.1 -DRMW_UXRCE_DEFAULT_UDP_PORT=8888 -DRMW_UXRCE_MAX_NODES=15 -DRMW_UXRCE_MAX_PUBLISHERS=15 -DRMW_UXRCE_MAX_SUBSCRIPTIONS=15 -DRMW_UXRCE_MAX_SERVICES=15 -DRMW_UXRCE_MAX_CLIENTS=15 -DRMW_UXRCE_STREAM_HISTORY=32 -DRMW_UXRCE_MAX_HISTORY=10 -DCMAKE_INSTALL_PREFIX=/home/e/ros2_ws/install/rmw_microxrcedds
[0.474s] Invoking command in '/home/e/ros2_ws/build/rmw_microxrcedds': AMENT_PREFIX_PATH=/home/e/ros2_ws/install/micro_ros_msgs:${AMENT_PREFIX_PATH} CMAKE_PREFIX_PATH=/home/e/ros2_ws/install/rosidl_typesupport_microxrcedds_cpp:/home/e/ros2_ws/install/rosidl_typesupport_microxrcedds_c:/home/e/ros2_ws/install/microxrcedds_client:/home/e/ros2_ws/install/microcdr:/home/e/ros2_ws/install/micro_ros_msgs:/home/e/ros2_ws/install/micro_ros_setup:/opt/ros/humble LD_LIBRARY_PATH=/home/e/ros2_ws/install/rosidl_typesupport_microxrcedds_cpp/lib:/home/e/ros2_ws/install/rosidl_typesupport_microxrcedds_c/lib:/home/e/ros2_ws/install/microxrcedds_client/lib:/home/e/ros2_ws/install/microcdr/lib:/home/e/ros2_ws/install/micro_ros_msgs/lib:/opt/ros/humble/opt/rviz_ogre_vendor/lib:/opt/ros/humble/lib/x86_64-linux-gnu:/opt/ros/humble/lib PYTHONPATH=/home/e/ros2_ws/install/micro_ros_msgs/local/lib/python3.10/dist-packages:${PYTHONPATH} /usr/bin/cmake --build /home/e/ros2_ws/build/rmw_microxrcedds -- -j2 -l2
[0.524s] [  2%] [32mBuilding C object CMakeFiles/rmw_microxrcedds.dir/src/identifiers.c.o[0m
[0.543s] [  4%] [32mBuilding C object CMakeFiles/rmw_microxrcedds.dir/src/memory.c.o[0m
[0.586s] [  6%] [32mBuilding C object CMakeFiles/rmw_microxrcedds.dir/src/rmw_client.c.o[0m
[0.650s] [  8%] [32mBuilding C object CMakeFiles/rmw_microxrcedds.dir/src/rmw_compare_gids_equal.c.o[0m
[0.698s] [ 10%] [32mBuilding C object CMakeFiles/rmw_microxrcedds.dir/src/rmw_count.c.o[0m
[0.741s] [ 13%] [32mBuilding C object CMakeFiles/rmw_microxrcedds.dir/src/rmw_event.c.o[0m
[0.778s] [ 15%] [32mBuilding C object CMakeFiles/rmw_microxrcedds.dir/src/rmw_features.c.o[0m
[0.816s] [ 17%] [32mBuilding C object CMakeFiles/rmw_microxrcedds.dir/src/rmw_get_gid_for_publisher.c.o[0m
[0.868s] [ 19%] [32mBuilding C object CMakeFiles/rmw_microxrcedds.dir/src/rmw_get_implementation_identifier.c.o[0m
[0.915s] [ 21%] [32mBuilding C object CMakeFiles/rmw_microxrcedds.dir/src/rmw_get_serialization_format.c.o[0m
[0.966s] [ 23%] [32mBuilding C object CMakeFiles/rmw_microxrcedds.dir/src/rmw_get_topic_endpoint_info.c.o[0m
[1.020s] [ 26%] [32mBuilding C object CMakeFiles/rmw_microxrcedds.dir/src/rmw_get_endpoint_network_flow.c.o[0m
[1.061s] [ 28%] [32mBuilding C object CMakeFiles/rmw_microxrcedds.dir/src/rmw_qos_profile_check_compatible.c.o[0m
[1.099s] [ 30%] [32mBuilding C object CMakeFiles/rmw_microxrcedds.dir/src/rmw_guard_condition.c.o[0m
[1.146s] [ 32%] [32mBuilding C object CMakeFiles/rmw_microxrcedds.dir/src/rmw_init.c.o[0m
[1.217s] [ 34%] [32mBuilding C object CMakeFiles/rmw_microxrcedds.dir/src/rmw_logging.c.o[0m
[1.253s] [ 36%] [32mBuilding C object CMakeFiles/rmw_microxrcedds.dir/src/rmw_microxrcedds_topic.c.o[0m
[1.314s] [ 39%] [32mBuilding C object CMakeFiles/rmw_microxrcedds.dir/src/rmw_node.c.o[0m
[1.368s] [ 41%] [32mBuilding C object CMakeFiles/rmw_microxrcedds.dir/src/rmw_node_info_and_types.c.o[0m
[1.423s] [ 43%] [32mBuilding C object CMakeFiles/rmw_microxrcedds.dir/src/rmw_node_names.c.o[0m
[1.471s] [ 45%] [32mBuilding C object CMakeFiles/rmw_microxrcedds.dir/src/rmw_publish.c.o[0m
[1.529s] [ 47%] [32mBuilding C object CMakeFiles/rmw_microxrcedds.dir/src/rmw_publisher.c.o[0m
[1.588s] [ 50%] [32mBuilding C object CMakeFiles/rmw_microxrcedds.dir/src/rmw_request.c.o[0m
[1.645s] [ 52%] [32mBuilding C object CMakeFiles/rmw_microxrcedds.dir/src/rmw_response.c.o[0m
[1.704s] [ 54%] [32mBuilding C object CMakeFiles/rmw_microxrcedds.dir/src/rmw_serialize.c.o[0m
[1.740s] [ 56%] [32mBuilding C object CMakeFiles/rmw_microxrcedds.dir/src/rmw_service.c.o[0m
[1.803s] [ 58%] [32mBuilding C object CMakeFiles/rmw_microxrcedds.dir/src/rmw_service_names_and_types.c.o[0m
[1.854s] [ 60%] [32mBuilding C object CMakeFiles/rmw_microxrcedds.dir/src/rmw_service_server_is_available.c.o[0m
[1.892s] [ 63%] [32mBuilding C object CMakeFiles/rmw_microxrcedds.dir/src/rmw_subscription.c.o[0m
[1.951s] [ 65%] [32mBuilding C object CMakeFiles/rmw_microxrcedds.dir/src/rmw_take.c.o[0m
[2.009s] [ 67%] [32mBuilding C object CMakeFiles/rmw_microxrcedds.dir/src/rmw_topic_names_and_types.c.o[0m
[2.061s] [ 69%] [32mBuilding C object CMakeFiles/rmw_microxrcedds.dir/src/rmw_trigger_guard_condition.c.o[0m
[2.117s] [ 71%] [32mBuilding C object CMakeFiles/rmw_microxrcedds.dir/src/rmw_wait.c.o[0m
[2.183s] [ 73%] [32mBuilding C object CMakeFiles/rmw_microxrcedds.dir/src/rmw_wait_set.c.o[0m
[2.232s] [ 76%] [32mBuilding C object CMakeFiles/rmw_microxrcedds.dir/src/types.c.o[0m
[2.305s] [ 78%] [32mBuilding C object CMakeFiles/rmw_microxrcedds.dir/src/utils.c.o[0m
[2.376s] [ 80%] [32mBuilding C object CMakeFiles/rmw_microxrcedds.dir/src/callbacks.c.o[0m
[2.429s] [ 82%] [32mBuilding C object CMakeFiles/rmw_microxrcedds.dir/src/rmw_event_callbacks.c.o[0m
[2.466s] [ 84%] [32mBuilding C object CMakeFiles/rmw_microxrcedds.dir/src/rmw_uxrce_transports.c.o[0m
[2.516s] [ 86%] [32mBuilding C object CMakeFiles/rmw_microxrcedds.dir/src/rmw_microros/continous_serialization.c.o[0m
[2.562s] [ 89%] [32mBuilding C object CMakeFiles/rmw_microxrcedds.dir/src/rmw_microros/init_options.c.o[0m
[2.622s] [ 91%] [32mBuilding C object CMakeFiles/rmw_microxrcedds.dir/src/rmw_microros/time_sync.c.o[0m
[2.678s] [ 93%] [32mBuilding C object CMakeFiles/rmw_microxrcedds.dir/src/rmw_microros/ping.c.o[0m
[2.733s] [ 95%] [32mBuilding C object CMakeFiles/rmw_microxrcedds.dir/src/rmw_microros/timing.c.o[0m
[2.779s] [ 97%] [32mBuilding C object CMakeFiles/rmw_microxrcedds.dir/src/rmw_microros/discovery.c.o[0m
[2.833s] [100%] [32m[1mLinking C shared library librmw_microxrcedds.so[0m
[2.875s] [100%] Built target rmw_microxrcedds
[2.889s] Invoked command in '/home/e/ros2_ws/build/rmw_microxrcedds' returned '0': AMENT_PREFIX_PATH=/home/e/ros2_ws/install/micro_ros_msgs:${AMENT_PREFIX_PATH} CMAKE_PREFIX_PATH=/home/e/ros2_ws/install/rosidl_typesupport_microxrcedds_cpp:/home/e/ros2_ws/install/rosidl_typesupport_microxrcedds_c:/home/e/ros2_ws/install/microxrcedds_client:/home/e/ros2_ws/install/microcdr:/home/e/ros2_ws/install/micro_ros_msgs:/home/e/ros2_ws/install/micro_ros_setup:/opt/ros/humble LD_LIBRARY_PATH=/home/e/ros2_ws/install/rosidl_typesupport_microxrcedds_cpp/lib:/home/e/ros2_ws/install/rosidl_typesupport_microxrcedds_c/lib:/home/e/ros2_ws/install/microxrcedds_client/lib:/home/e/ros2_ws/install/microcdr/lib:/home/e/ros2_ws/install/micro_ros_msgs/lib:/opt/ros/humble/opt/rviz_ogre_vendor/lib:/opt/ros/humble/lib/x86_64-linux-gnu:/opt/ros/humble/lib PYTHONPATH=/home/e/ros2_ws/install/micro_ros_msgs/local/lib/python3.10/dist-packages:${PYTHONPATH} /usr/bin/cmake --build /home/e/ros2_ws/build/rmw_microxrcedds -- -j2 -l2
[2.890s] Invoking command in '/home/e/ros2_ws/build/rmw_microxrcedds': AMENT_PREFIX_PATH=/home/e/ros2_ws/install/micro_ros_msgs:${AMENT_PREFIX_PATH} CMAKE_PREFIX_PATH=/home/e/ros2_ws/install/rosidl_typesupport_microxrcedds_cpp:/home/e/ros2_ws/install/rosidl_typesupport_microxrcedds_c:/home/e/ros2_ws/install/microxrcedds_client:/home/e/ros2_ws/install/microcdr:/home/e/ros2_ws/install/micro_ros_msgs:/home/e/ros2_ws/install/micro_ros_setup:/opt/ros/humble LD_LIBRARY_PATH=/home/e/ros2_ws/install/rosidl_typesupport_microxrcedds_cpp/lib:/home/e/ros2_ws/install/rosidl_typesupport_microxrcedds_c/lib:/home/e/ros2_ws/install/microxrcedds_client/lib:/home/e/ros2_ws/install/microcdr/lib:/home/e/ros2_ws/install/micro_ros_msgs/lib:/opt/ros/humble/opt/rviz_ogre_vendor/lib:/opt/ros/humble/lib/x86_64-linux-gnu:/opt/ros/humble/lib PYTHONPATH=/home/e/ros2_ws/install/micro_ros_msgs/local/lib/python3.10/dist-packages:${PYTHONPATH} /usr/bin/cmake --install /home/e/ros2_ws/build/rmw_microxrcedds
[2.900s] -- Install configuration: ""
[2.900s] -- Installing: /home/e/ros2_ws/install/rmw_microxrcedds/share/rmw_microxrcedds/environment/library_path.sh
[2.900s] -- Installing: /home/e/ros2_ws/install/rmw_microxrcedds/share/rmw_microxrcedds/environment/library_path.dsv
[2.900s] -- Installing: /home/e/ros2_ws/install/rmw_microxrcedds/share/ament_index/resource_index/rmw_typesupport_c/rmw_microxrcedds
[2.900s] -- Installing: /home/e/ros2_ws/install/rmw_microxrcedds/share/ament_index/resource_index/rmw_typesupport/rmw_microxrcedds
[2.900s] -- Installing: /home/e/ros2_ws/install/rmw_microxrcedds/share/ament_index/resource_index/package_run_dependencies/rmw_microxrcedds
[2.900s] -- Installing: /home/e/ros2_ws/install/rmw_microxrcedds/share/ament_index/resource_index/parent_prefix_path/rmw_microxrcedds
[2.900s] -- Installing: /home/e/ros2_ws/install/rmw_microxrcedds/share/rmw_microxrcedds/environment/ament_prefix_path.sh
[2.900s] -- Installing: /home/e/ros2_ws/install/rmw_microxrcedds/share/rmw_microxrcedds/environment/ament_prefix_path.dsv
[2.900s] -- Installing: /home/e/ros2_ws/install/rmw_microxrcedds/share/rmw_microxrcedds/environment/path.sh
[2.900s] -- Installing: /home/e/ros2_ws/install/rmw_microxrcedds/share/rmw_microxrcedds/environment/path.dsv
[2.901s] -- Installing: /home/e/ros2_ws/install/rmw_microxrcedds/share/rmw_microxrcedds/local_setup.bash
[2.901s] -- Installing: /home/e/ros2_ws/install/rmw_microxrcedds/share/rmw_microxrcedds/local_setup.sh
[2.901s] -- Installing: /home/e/ros2_ws/install/rmw_microxrcedds/share/rmw_microxrcedds/local_setup.zsh
[2.901s] -- Installing: /home/e/ros2_ws/install/rmw_microxrcedds/share/rmw_microxrcedds/local_setup.dsv
[2.901s] -- Installing: /home/e/ros2_ws/install/rmw_microxrcedds/share/rmw_microxrcedds/package.dsv
[2.901s] -- Installing: /home/e/ros2_ws/install/rmw_microxrcedds/share/ament_index/resource_index/packages/rmw_microxrcedds
[2.901s] -- Installing: /home/e/ros2_ws/install/rmw_microxrcedds/share/rmw_microxrcedds/cmake/ament_cmake_export_include_directories-extras.cmake
[2.901s] -- Installing: /home/e/ros2_ws/install/rmw_microxrcedds/share/rmw_microxrcedds/cmake/ament_cmake_export_libraries-extras.cmake
[2.901s] -- Installing: /home/e/ros2_ws/install/rmw_microxrcedds/share/rmw_microxrcedds/cmake/ament_cmake_export_dependencies-extras.cmake
[2.901s] -- Installing: /home/e/ros2_ws/install/rmw_microxrcedds/share/rmw_microxrcedds/cmake/rmw_microxrceddsConfig.cmake
[2.902s] -- Installing: /home/e/ros2_ws/install/rmw_microxrcedds/share/rmw_microxrcedds/cmake/rmw_microxrceddsConfig-version.cmake
[2.902s] -- Installing: /home/e/ros2_ws/install/rmw_microxrcedds/share/rmw_microxrcedds/package.xml
[2.902s] -- Up-to-date: /home/e/ros2_ws/install/rmw_microxrcedds/include
[2.902s] -- Installing: /home/e/ros2_ws/install/rmw_microxrcedds/include/rmw_microros
[2.902s] -- Installing: /home/e/ros2_ws/install/rmw_microxrcedds/include/rmw_microros/error_handling.h
[2.902s] -- Installing: /home/e/ros2_ws/install/rmw_microxrcedds/include/rmw_microros/time_sync.h
[2.902s] -- Installing: /home/e/ros2_ws/install/rmw_microxrcedds/include/rmw_microros/custom_transport.h
[2.903s] -- Installing: /home/e/ros2_ws/install/rmw_microxrcedds/include/rmw_microros/discovery.h
[2.903s] -- Installing: /home/e/ros2_ws/install/rmw_microxrcedds/include/rmw_microros/rmw_microros.h
[2.903s] -- Installing: /home/e/ros2_ws/install/rmw_microxrcedds/include/rmw_microros/init_options.h
[2.903s] -- Installing: /home/e/ros2_ws/install/rmw_microxrcedds/include/rmw_microros/timing.h
[2.903s] -- Installing: /home/e/ros2_ws/install/rmw_microxrcedds/include/rmw_microros/continous_serialization.h
[2.904s] -- Installing: /home/e/ros2_ws/install/rmw_microxrcedds/include/rmw_microros/ping.h
[2.904s] -- Installing: /home/e/ros2_ws/install/rmw_microxrcedds/include/rmw_microxrcedds_c
[2.904s] -- Installing: /home/e/ros2_ws/install/rmw_microxrcedds/include/rmw_microxrcedds_c/rmw_c_macros.h
[2.904s] -- Installing: /home/e/ros2_ws/install/rmw_microxrcedds/include/rmw_microxrcedds_c/config.h
[2.905s] -- Installing: /home/e/ros2_ws/install/rmw_microxrcedds/lib/librmw_microxrcedds.so
[2.905s] -- Set runtime path of "/home/e/ros2_ws/install/rmw_microxrcedds/lib/librmw_microxrcedds.so" to ""
[2.910s] Invoked command in '/home/e/ros2_ws/build/rmw_microxrcedds' returned '0': AMENT_PREFIX_PATH=/home/e/ros2_ws/install/micro_ros_msgs:${AMENT_PREFIX_PATH} CMAKE_PREFIX_PATH=/home/e/ros2_ws/install/rosidl_typesupport_microxrcedds_cpp:/home/e/ros2_ws/install/rosidl_typesupport_microxrcedds_c:/home/e/ros2_ws/install/microxrcedds_client:/home/e/ros2_ws/install/microcdr:/home/e/ros2_ws/install/micro_ros_msgs:/home/e/ros2_ws/install/micro_ros_setup:/opt/ros/humble LD_LIBRARY_PATH=/home/e/ros2_ws/install/rosidl_typesupport_microxrcedds_cpp/lib:/home/e/ros2_ws/install/rosidl_typesupport_microxrcedds_c/lib:/home/e/ros2_ws/install/microxrcedds_client/lib:/home/e/ros2_ws/install/microcdr/lib:/home/e/ros2_ws/install/micro_ros_msgs/lib:/opt/ros/humble/opt/rviz_ogre_vendor/lib:/opt/ros/humble/lib/x86_64-linux-gnu:/opt/ros/humble/lib PYTHONPATH=/home/e/ros2_ws/install/micro_ros_msgs/local/lib/python3.10/dist-packages:${PYTHONPATH} /usr/bin/cmake --install /home/e/ros2_ws/build/rmw_microxrcedds
