[0.026s] Invoking command in '/home/e/ros2_ws/build/actionlib_msgs': AMENT_PREFIX_PATH=/home/e/ros2_ws/install/std_msgs:/home/e/ros2_ws/install/builtin_interfaces:${AMENT_PREFIX_PATH} CMAKE_PREFIX_PATH=/home/e/ros2_ws/install/std_msgs:/home/e/ros2_ws/install/builtin_interfaces:/home/e/ros2_ws/install/rosidl_typesupport_microxrcedds_cpp:/home/e/ros2_ws/install/rosidl_typesupport_microxrcedds_c:/home/e/ros2_ws/install/microcdr:/home/e/ros2_ws/install/micro_ros_setup:/opt/ros/humble LD_LIBRARY_PATH=/home/e/ros2_ws/install/std_msgs/lib:/home/e/ros2_ws/install/builtin_interfaces/lib:${LD_LIBRARY_PATH} PYTHONPATH=/home/e/ros2_ws/install/std_msgs/local/lib/python3.10/dist-packages:/home/e/ros2_ws/install/builtin_interfaces/local/lib/python3.10/dist-packages:${PYTHONPATH} /usr/bin/cmake /home/e/ros2_ws/src/ros2/common_interfaces/actionlib_msgs -DBUILD_TESTING=OFF -DBUILD_SHARED_LIBS=ON -DCMAKE_INSTALL_PREFIX=/home/e/ros2_ws/install/actionlib_msgs
[0.119s] -- The C compiler identification is GNU 11.4.0
[0.216s] -- The CXX compiler identification is GNU 11.4.0
[0.228s] -- Detecting C compiler ABI info
[0.320s] -- Detecting C compiler ABI info - done
[0.328s] -- Check for working C compiler: /usr/bin/cc - skipped
[0.328s] -- Detecting C compile features
[0.329s] -- Detecting C compile features - done
[0.332s] -- Detecting CXX compiler ABI info
[0.435s] -- Detecting CXX compiler ABI info - done
[0.441s] -- Check for working CXX compiler: /usr/bin/c++ - skipped
[0.442s] -- Detecting CXX compile features
[0.442s] -- Detecting CXX compile features - done
[0.444s] -- Found ament_cmake: 1.3.12 (/opt/ros/humble/share/ament_cmake/cmake)
[0.643s] -- Found Python3: /usr/bin/python3 (found version "3.10.12") found components: Interpreter 
[0.750s] -- Found builtin_interfaces: 1.2.2 (/home/e/ros2_ws/install/builtin_interfaces/share/builtin_interfaces/cmake)
[0.782s] -- Found rosidl_generator_c: 3.1.7 (/opt/ros/humble/share/rosidl_generator_c/cmake)
[0.787s] -- Found rosidl_adapter: 3.1.7 (/opt/ros/humble/share/rosidl_adapter/cmake)
[0.798s] -- Found rosidl_generator_cpp: 3.1.7 (/opt/ros/humble/share/rosidl_generator_cpp/cmake)
[0.809s] -- Using all available rosidl_typesupport_c: rosidl_typesupport_microxrcedds_c;rosidl_typesupport_fastrtps_c;rosidl_typesupport_introspection_c
[0.828s] -- Using all available rosidl_typesupport_cpp: rosidl_typesupport_microxrcedds_cpp;rosidl_typesupport_fastrtps_cpp;rosidl_typesupport_introspection_cpp
[0.847s] -- Found rosidl_default_generators: 1.2.0 (/opt/ros/humble/share/rosidl_default_generators/cmake)
[0.856s] -- Found std_msgs: 4.9.0 (/home/e/ros2_ws/install/std_msgs/share/std_msgs/cmake)
[1.234s] -- Found ament_cmake_ros: 0.10.0 (/opt/ros/humble/share/ament_cmake_ros/cmake)
[1.756s] -- Using all available rosidl_typesupport_c: rosidl_typesupport_microxrcedds_c;rosidl_typesupport_fastrtps_c;rosidl_typesupport_introspection_c
[1.954s] -- Using all available rosidl_typesupport_cpp: rosidl_typesupport_microxrcedds_cpp;rosidl_typesupport_fastrtps_cpp;rosidl_typesupport_introspection_cpp
[1.977s] -- Found PythonInterp: /usr/bin/python3 (found suitable version "3.10.12", minimum required is "3.6") 
[1.979s] -- Found python_cmake_module: 0.10.0 (/opt/ros/humble/share/python_cmake_module/cmake)
[2.006s] -- Found PythonLibs: /usr/lib/x86_64-linux-gnu/libpython3.10.so (found suitable version "3.10.12", minimum required is "3.5") 
[2.006s] -- Using PYTHON_EXECUTABLE: /usr/bin/python3
[2.006s] -- Using PYTHON_INCLUDE_DIRS: /usr/include/python3.10
[2.006s] -- Using PYTHON_LIBRARIES: /usr/lib/x86_64-linux-gnu/libpython3.10.so
[2.027s] -- Found PythonExtra: .so  
[2.077s] -- Configuring done
[2.121s] -- Generating done
[2.133s] -- Build files have been written to: /home/e/ros2_ws/build/actionlib_msgs
[2.143s] Invoked command in '/home/e/ros2_ws/build/actionlib_msgs' returned '0': AMENT_PREFIX_PATH=/home/e/ros2_ws/install/std_msgs:/home/e/ros2_ws/install/builtin_interfaces:${AMENT_PREFIX_PATH} CMAKE_PREFIX_PATH=/home/e/ros2_ws/install/std_msgs:/home/e/ros2_ws/install/builtin_interfaces:/home/e/ros2_ws/install/rosidl_typesupport_microxrcedds_cpp:/home/e/ros2_ws/install/rosidl_typesupport_microxrcedds_c:/home/e/ros2_ws/install/microcdr:/home/e/ros2_ws/install/micro_ros_setup:/opt/ros/humble LD_LIBRARY_PATH=/home/e/ros2_ws/install/std_msgs/lib:/home/e/ros2_ws/install/builtin_interfaces/lib:${LD_LIBRARY_PATH} PYTHONPATH=/home/e/ros2_ws/install/std_msgs/local/lib/python3.10/dist-packages:/home/e/ros2_ws/install/builtin_interfaces/local/lib/python3.10/dist-packages:${PYTHONPATH} /usr/bin/cmake /home/e/ros2_ws/src/ros2/common_interfaces/actionlib_msgs -DBUILD_TESTING=OFF -DBUILD_SHARED_LIBS=ON -DCMAKE_INSTALL_PREFIX=/home/e/ros2_ws/install/actionlib_msgs
[2.144s] Invoking command in '/home/e/ros2_ws/build/actionlib_msgs': AMENT_PREFIX_PATH=/home/e/ros2_ws/install/std_msgs:/home/e/ros2_ws/install/builtin_interfaces:${AMENT_PREFIX_PATH} CMAKE_PREFIX_PATH=/home/e/ros2_ws/install/std_msgs:/home/e/ros2_ws/install/builtin_interfaces:/home/e/ros2_ws/install/rosidl_typesupport_microxrcedds_cpp:/home/e/ros2_ws/install/rosidl_typesupport_microxrcedds_c:/home/e/ros2_ws/install/microcdr:/home/e/ros2_ws/install/micro_ros_setup:/opt/ros/humble LD_LIBRARY_PATH=/home/e/ros2_ws/install/std_msgs/lib:/home/e/ros2_ws/install/builtin_interfaces/lib:${LD_LIBRARY_PATH} PYTHONPATH=/home/e/ros2_ws/install/std_msgs/local/lib/python3.10/dist-packages:/home/e/ros2_ws/install/builtin_interfaces/local/lib/python3.10/dist-packages:${PYTHONPATH} /usr/bin/cmake --build /home/e/ros2_ws/build/actionlib_msgs -- -j2 -l2
[2.201s] [  1%] [34m[1mGenerating C++ code for ROS interfaces[0m
[2.793s] [  1%] Built target actionlib_msgs__cpp
[2.804s] [  3%] [34m[1mGenerating C code for ROS interfaces[0m
[3.404s] [  5%] [32mBuilding C object CMakeFiles/actionlib_msgs__rosidl_generator_c.dir/rosidl_generator_c/actionlib_msgs/msg/detail/goal_id__functions.c.o[0m
[3.449s] [  6%] [32mBuilding C object CMakeFiles/actionlib_msgs__rosidl_generator_c.dir/rosidl_generator_c/actionlib_msgs/msg/detail/goal_status__functions.c.o[0m
[3.491s] [  8%] [32mBuilding C object CMakeFiles/actionlib_msgs__rosidl_generator_c.dir/rosidl_generator_c/actionlib_msgs/msg/detail/goal_status_array__functions.c.o[0m
[3.550s] [ 10%] [32m[1mLinking C shared library libactionlib_msgs__rosidl_generator_c.so[0m
[3.591s] [ 10%] Built target actionlib_msgs__rosidl_generator_c
[3.623s] [ 10%] Built target ament_cmake_python_copy_actionlib_msgs
[3.633s] [ 11%] [34m[1mGenerating C++ type support dispatch for ROS interfaces[0m
[4.088s] [ 13%] [32mBuilding CXX object CMakeFiles/actionlib_msgs__rosidl_typesupport_cpp.dir/rosidl_typesupport_cpp/actionlib_msgs/msg/goal_id__type_support.cpp.o[0m
[4.349s] [ 15%] [32mBuilding CXX object CMakeFiles/actionlib_msgs__rosidl_typesupport_cpp.dir/rosidl_typesupport_cpp/actionlib_msgs/msg/goal_status__type_support.cpp.o[0m
[4.604s] [ 16%] [32mBuilding CXX object CMakeFiles/actionlib_msgs__rosidl_typesupport_cpp.dir/rosidl_typesupport_cpp/actionlib_msgs/msg/goal_status_array__type_support.cpp.o[0m
[4.929s] [ 18%] [32m[1mLinking CXX shared library libactionlib_msgs__rosidl_typesupport_cpp.so[0m
[5.006s] [ 18%] Built target actionlib_msgs__rosidl_typesupport_cpp
[5.024s] [ 20%] [34m[1mGenerating C type support for eProsima Fast-RTPS[0m
[5.586s] [ 22%] [32mBuilding CXX object CMakeFiles/actionlib_msgs__rosidl_typesupport_fastrtps_c.dir/rosidl_typesupport_fastrtps_c/actionlib_msgs/msg/detail/goal_id__type_support_c.cpp.o[0m
[5.916s] [ 23%] [32mBuilding CXX object CMakeFiles/actionlib_msgs__rosidl_typesupport_fastrtps_c.dir/rosidl_typesupport_fastrtps_c/actionlib_msgs/msg/detail/goal_status__type_support_c.cpp.o[0m
[6.219s] [ 25%] [32mBuilding CXX object CMakeFiles/actionlib_msgs__rosidl_typesupport_fastrtps_c.dir/rosidl_typesupport_fastrtps_c/actionlib_msgs/msg/detail/goal_status_array__type_support_c.cpp.o[0m
[6.521s] [ 27%] [32m[1mLinking CXX shared library libactionlib_msgs__rosidl_typesupport_fastrtps_c.so[0m
[6.599s] [ 27%] Built target actionlib_msgs__rosidl_typesupport_fastrtps_c
[6.609s] [ 28%] [34m[1mGenerating C++ type support for eProsima Fast-RTPS[0m
[7.165s] [ 30%] [32mBuilding CXX object CMakeFiles/actionlib_msgs__rosidl_typesupport_fastrtps_cpp.dir/rosidl_typesupport_fastrtps_cpp/actionlib_msgs/msg/detail/dds_fastrtps/goal_id__type_support.cpp.o[0m
[7.668s] [ 32%] [32mBuilding CXX object CMakeFiles/actionlib_msgs__rosidl_typesupport_fastrtps_cpp.dir/rosidl_typesupport_fastrtps_cpp/actionlib_msgs/msg/detail/dds_fastrtps/goal_status__type_support.cpp.o[0m
[8.044s] [ 33%] [32mBuilding CXX object CMakeFiles/actionlib_msgs__rosidl_typesupport_fastrtps_cpp.dir/rosidl_typesupport_fastrtps_cpp/actionlib_msgs/msg/detail/dds_fastrtps/goal_status_array__type_support.cpp.o[0m
[8.443s] [ 35%] [32m[1mLinking CXX shared library libactionlib_msgs__rosidl_typesupport_fastrtps_cpp.so[0m
[8.529s] [ 35%] Built target actionlib_msgs__rosidl_typesupport_fastrtps_cpp
[8.539s] [ 37%] [34m[1mGenerating C type support for eProsima Micro XRCE-DDS[0m
[9.031s] [ 38%] [32mBuilding C object CMakeFiles/actionlib_msgs__rosidl_typesupport_microxrcedds_c.dir/rosidl_typesupport_microxrcedds_c/actionlib_msgs/msg/detail/microxrcedds/goal_id__type_support_c.c.o[0m
[9.069s] [ 40%] [32mBuilding C object CMakeFiles/actionlib_msgs__rosidl_typesupport_microxrcedds_c.dir/rosidl_typesupport_microxrcedds_c/actionlib_msgs/msg/detail/microxrcedds/goal_status__type_support_c.c.o[0m
[9.109s] [ 42%] [32mBuilding C object CMakeFiles/actionlib_msgs__rosidl_typesupport_microxrcedds_c.dir/rosidl_typesupport_microxrcedds_c/actionlib_msgs/msg/detail/microxrcedds/goal_status_array__type_support_c.c.o[0m
[9.154s] [ 44%] [32m[1mLinking C shared library libactionlib_msgs__rosidl_typesupport_microxrcedds_c.so[0m
[9.196s] [ 44%] Built target actionlib_msgs__rosidl_typesupport_microxrcedds_c
[9.207s] [ 45%] [34m[1mGenerating C introspection for ROS interfaces[0m
[9.671s] [ 47%] [32mBuilding C object CMakeFiles/actionlib_msgs__rosidl_typesupport_introspection_c.dir/rosidl_typesupport_introspection_c/actionlib_msgs/msg/detail/goal_id__type_support.c.o[0m
[9.702s] [ 49%] [32mBuilding C object CMakeFiles/actionlib_msgs__rosidl_typesupport_introspection_c.dir/rosidl_typesupport_introspection_c/actionlib_msgs/msg/detail/goal_status__type_support.c.o[0m
[9.732s] [ 50%] [32mBuilding C object CMakeFiles/actionlib_msgs__rosidl_typesupport_introspection_c.dir/rosidl_typesupport_introspection_c/actionlib_msgs/msg/detail/goal_status_array__type_support.c.o[0m
[9.767s] [ 52%] [32m[1mLinking C shared library libactionlib_msgs__rosidl_typesupport_introspection_c.so[0m
[9.807s] [ 52%] Built target actionlib_msgs__rosidl_typesupport_introspection_c
[9.818s] [ 54%] [34m[1mGenerating C type support dispatch for ROS interfaces[0m
[10.227s] [ 55%] [32mBuilding CXX object CMakeFiles/actionlib_msgs__rosidl_typesupport_c.dir/rosidl_typesupport_c/actionlib_msgs/msg/goal_id__type_support.cpp.o[0m
[10.259s] [ 57%] [32mBuilding CXX object CMakeFiles/actionlib_msgs__rosidl_typesupport_c.dir/rosidl_typesupport_c/actionlib_msgs/msg/goal_status__type_support.cpp.o[0m
[10.287s] [ 59%] [32mBuilding CXX object CMakeFiles/actionlib_msgs__rosidl_typesupport_c.dir/rosidl_typesupport_c/actionlib_msgs/msg/goal_status_array__type_support.cpp.o[0m
[10.322s] [ 61%] [32m[1mLinking CXX shared library libactionlib_msgs__rosidl_typesupport_c.so[0m
[10.369s] [ 61%] Built target actionlib_msgs__rosidl_typesupport_c
[10.379s] [ 62%] [34m[1mGenerating C++ type support for eProsima Micro XRCE-DDS[0m
[10.834s] [ 64%] [32mBuilding CXX object CMakeFiles/actionlib_msgs__rosidl_typesupport_microxrcedds_cpp.dir/rosidl_typesupport_microxrcedds_cpp/actionlib_msgs/msg/detail/microxrcedds/goal_id__type_support_cpp.cpp.o[0m
[11.079s] [ 66%] [32mBuilding CXX object CMakeFiles/actionlib_msgs__rosidl_typesupport_microxrcedds_cpp.dir/rosidl_typesupport_microxrcedds_cpp/actionlib_msgs/msg/detail/microxrcedds/goal_status__type_support_cpp.cpp.o[0m
[11.487s] [ 67%] [32mBuilding CXX object CMakeFiles/actionlib_msgs__rosidl_typesupport_microxrcedds_cpp.dir/rosidl_typesupport_microxrcedds_cpp/actionlib_msgs/msg/detail/microxrcedds/goal_status_array__type_support_cpp.cpp.o[0m
[11.833s] [ 69%] [32m[1mLinking CXX shared library libactionlib_msgs__rosidl_typesupport_microxrcedds_cpp.so[0m
[11.922s] [ 69%] Built target actionlib_msgs__rosidl_typesupport_microxrcedds_cpp
[11.934s] [ 71%] [34m[1mGenerating C++ introspection for ROS interfaces[0m
[12.477s] [ 72%] [32mBuilding CXX object CMakeFiles/actionlib_msgs__rosidl_typesupport_introspection_cpp.dir/rosidl_typesupport_introspection_cpp/actionlib_msgs/msg/detail/goal_id__type_support.cpp.o[0m
[12.874s] [ 74%] [32mBuilding CXX object CMakeFiles/actionlib_msgs__rosidl_typesupport_introspection_cpp.dir/rosidl_typesupport_introspection_cpp/actionlib_msgs/msg/detail/goal_status__type_support.cpp.o[0m
[13.239s] [ 76%] [32mBuilding CXX object CMakeFiles/actionlib_msgs__rosidl_typesupport_introspection_cpp.dir/rosidl_typesupport_introspection_cpp/actionlib_msgs/msg/detail/goal_status_array__type_support.cpp.o[0m
[13.652s] [ 77%] [32m[1mLinking CXX shared library libactionlib_msgs__rosidl_typesupport_introspection_cpp.so[0m
[13.741s] [ 77%] Built target actionlib_msgs__rosidl_typesupport_introspection_cpp
[13.952s] running egg_info
[13.953s] creating actionlib_msgs.egg-info
[13.954s] writing actionlib_msgs.egg-info/PKG-INFO
[13.954s] writing dependency_links to actionlib_msgs.egg-info/dependency_links.txt
[13.954s] writing top-level names to actionlib_msgs.egg-info/top_level.txt
[13.954s] writing manifest file 'actionlib_msgs.egg-info/SOURCES.txt'
[13.956s] reading manifest file 'actionlib_msgs.egg-info/SOURCES.txt'
[13.957s] writing manifest file 'actionlib_msgs.egg-info/SOURCES.txt'
[13.988s] [ 77%] Built target ament_cmake_python_build_actionlib_msgs_egg
[14.010s] [ 77%] Built target actionlib_msgs
[14.033s] [ 79%] [34m[1mGenerating Python code for ROS interfaces[0m
[14.884s] [ 79%] Built target actionlib_msgs__py
[14.906s] [ 81%] [32mBuilding C object CMakeFiles/actionlib_msgs__rosidl_generator_py.dir/rosidl_generator_py/actionlib_msgs/msg/_goal_id_s.c.o[0m
[15.000s] [ 83%] [32mBuilding C object CMakeFiles/actionlib_msgs__rosidl_generator_py.dir/rosidl_generator_py/actionlib_msgs/msg/_goal_status_s.c.o[0m
[15.089s] [ 84%] [32mBuilding C object CMakeFiles/actionlib_msgs__rosidl_generator_py.dir/rosidl_generator_py/actionlib_msgs/msg/_goal_status_array_s.c.o[0m
[15.186s] [ 86%] [32m[1mLinking C shared library rosidl_generator_py/actionlib_msgs/libactionlib_msgs__rosidl_generator_py.so[0m
[15.224s] [ 86%] Built target actionlib_msgs__rosidl_generator_py
[15.246s] [ 88%] [32mBuilding C object CMakeFiles/actionlib_msgs__rosidl_typesupport_microxrcedds_c__pyext.dir/rosidl_generator_py/actionlib_msgs/_actionlib_msgs_s.ep.rosidl_typesupport_microxrcedds_c.c.o[0m
[15.341s] [ 89%] [32m[1mLinking C shared library rosidl_generator_py/actionlib_msgs/actionlib_msgs_s__rosidl_typesupport_microxrcedds_c.cpython-310-x86_64-linux-gnu.so[0m
[15.378s] [ 89%] Built target actionlib_msgs__rosidl_typesupport_microxrcedds_c__pyext
[15.400s] [ 91%] [32mBuilding C object CMakeFiles/actionlib_msgs__rosidl_typesupport_fastrtps_c__pyext.dir/rosidl_generator_py/actionlib_msgs/_actionlib_msgs_s.ep.rosidl_typesupport_fastrtps_c.c.o[0m
[15.501s] [ 93%] [32m[1mLinking C shared library rosidl_generator_py/actionlib_msgs/actionlib_msgs_s__rosidl_typesupport_fastrtps_c.cpython-310-x86_64-linux-gnu.so[0m
[15.541s] [ 93%] Built target actionlib_msgs__rosidl_typesupport_fastrtps_c__pyext
[15.564s] [ 94%] [32mBuilding C object CMakeFiles/actionlib_msgs__rosidl_typesupport_introspection_c__pyext.dir/rosidl_generator_py/actionlib_msgs/_actionlib_msgs_s.ep.rosidl_typesupport_introspection_c.c.o[0m
[15.666s] [ 96%] [32m[1mLinking C shared library rosidl_generator_py/actionlib_msgs/actionlib_msgs_s__rosidl_typesupport_introspection_c.cpython-310-x86_64-linux-gnu.so[0m
[15.708s] [ 96%] Built target actionlib_msgs__rosidl_typesupport_introspection_c__pyext
[15.733s] [ 98%] [32mBuilding C object CMakeFiles/actionlib_msgs__rosidl_typesupport_c__pyext.dir/rosidl_generator_py/actionlib_msgs/_actionlib_msgs_s.ep.rosidl_typesupport_c.c.o[0m
[15.835s] [100%] [32m[1mLinking C shared library rosidl_generator_py/actionlib_msgs/actionlib_msgs_s__rosidl_typesupport_c.cpython-310-x86_64-linux-gnu.so[0m
[15.879s] [100%] Built target actionlib_msgs__rosidl_typesupport_c__pyext
[15.892s] Invoked command in '/home/e/ros2_ws/build/actionlib_msgs' returned '0': AMENT_PREFIX_PATH=/home/e/ros2_ws/install/std_msgs:/home/e/ros2_ws/install/builtin_interfaces:${AMENT_PREFIX_PATH} CMAKE_PREFIX_PATH=/home/e/ros2_ws/install/std_msgs:/home/e/ros2_ws/install/builtin_interfaces:/home/e/ros2_ws/install/rosidl_typesupport_microxrcedds_cpp:/home/e/ros2_ws/install/rosidl_typesupport_microxrcedds_c:/home/e/ros2_ws/install/microcdr:/home/e/ros2_ws/install/micro_ros_setup:/opt/ros/humble LD_LIBRARY_PATH=/home/e/ros2_ws/install/std_msgs/lib:/home/e/ros2_ws/install/builtin_interfaces/lib:${LD_LIBRARY_PATH} PYTHONPATH=/home/e/ros2_ws/install/std_msgs/local/lib/python3.10/dist-packages:/home/e/ros2_ws/install/builtin_interfaces/local/lib/python3.10/dist-packages:${PYTHONPATH} /usr/bin/cmake --build /home/e/ros2_ws/build/actionlib_msgs -- -j2 -l2
[15.899s] Invoking command in '/home/e/ros2_ws/build/actionlib_msgs': AMENT_PREFIX_PATH=/home/e/ros2_ws/install/std_msgs:/home/e/ros2_ws/install/builtin_interfaces:${AMENT_PREFIX_PATH} CMAKE_PREFIX_PATH=/home/e/ros2_ws/install/std_msgs:/home/e/ros2_ws/install/builtin_interfaces:/home/e/ros2_ws/install/rosidl_typesupport_microxrcedds_cpp:/home/e/ros2_ws/install/rosidl_typesupport_microxrcedds_c:/home/e/ros2_ws/install/microcdr:/home/e/ros2_ws/install/micro_ros_setup:/opt/ros/humble LD_LIBRARY_PATH=/home/e/ros2_ws/install/std_msgs/lib:/home/e/ros2_ws/install/builtin_interfaces/lib:${LD_LIBRARY_PATH} PYTHONPATH=/home/e/ros2_ws/install/std_msgs/local/lib/python3.10/dist-packages:/home/e/ros2_ws/install/builtin_interfaces/local/lib/python3.10/dist-packages:${PYTHONPATH} /usr/bin/cmake --install /home/e/ros2_ws/build/actionlib_msgs
[15.906s] -- Install configuration: ""
[15.906s] -- Installing: /home/e/ros2_ws/install/actionlib_msgs/share/ament_index/resource_index/rosidl_interfaces/actionlib_msgs
[15.906s] -- Installing: /home/e/ros2_ws/install/actionlib_msgs/include/actionlib_msgs/actionlib_msgs
[15.906s] -- Installing: /home/e/ros2_ws/install/actionlib_msgs/include/actionlib_msgs/actionlib_msgs/msg
[15.907s] -- Installing: /home/e/ros2_ws/install/actionlib_msgs/include/actionlib_msgs/actionlib_msgs/msg/goal_status.h
[15.907s] -- Installing: /home/e/ros2_ws/install/actionlib_msgs/include/actionlib_msgs/actionlib_msgs/msg/goal_status_array.h
[15.907s] -- Installing: /home/e/ros2_ws/install/actionlib_msgs/include/actionlib_msgs/actionlib_msgs/msg/rosidl_generator_c__visibility_control.h
[15.907s] -- Installing: /home/e/ros2_ws/install/actionlib_msgs/include/actionlib_msgs/actionlib_msgs/msg/goal_id.h
[15.907s] -- Installing: /home/e/ros2_ws/install/actionlib_msgs/include/actionlib_msgs/actionlib_msgs/msg/detail
[15.907s] -- Installing: /home/e/ros2_ws/install/actionlib_msgs/include/actionlib_msgs/actionlib_msgs/msg/detail/goal_status_array__functions.h
[15.908s] -- Installing: /home/e/ros2_ws/install/actionlib_msgs/include/actionlib_msgs/actionlib_msgs/msg/detail/goal_id__struct.h
[15.908s] -- Installing: /home/e/ros2_ws/install/actionlib_msgs/include/actionlib_msgs/actionlib_msgs/msg/detail/goal_status__type_support.h
[15.908s] -- Installing: /home/e/ros2_ws/install/actionlib_msgs/include/actionlib_msgs/actionlib_msgs/msg/detail/goal_status__functions.c
[15.908s] -- Installing: /home/e/ros2_ws/install/actionlib_msgs/include/actionlib_msgs/actionlib_msgs/msg/detail/goal_status_array__functions.c
[15.908s] -- Installing: /home/e/ros2_ws/install/actionlib_msgs/include/actionlib_msgs/actionlib_msgs/msg/detail/goal_status_array__struct.h
[15.908s] -- Installing: /home/e/ros2_ws/install/actionlib_msgs/include/actionlib_msgs/actionlib_msgs/msg/detail/goal_id__functions.h
[15.909s] -- Installing: /home/e/ros2_ws/install/actionlib_msgs/include/actionlib_msgs/actionlib_msgs/msg/detail/goal_id__functions.c
[15.909s] -- Installing: /home/e/ros2_ws/install/actionlib_msgs/include/actionlib_msgs/actionlib_msgs/msg/detail/goal_status__functions.h
[15.909s] -- Installing: /home/e/ros2_ws/install/actionlib_msgs/include/actionlib_msgs/actionlib_msgs/msg/detail/goal_id__type_support.h
[15.909s] -- Installing: /home/e/ros2_ws/install/actionlib_msgs/include/actionlib_msgs/actionlib_msgs/msg/detail/goal_status_array__type_support.h
[15.910s] -- Installing: /home/e/ros2_ws/install/actionlib_msgs/include/actionlib_msgs/actionlib_msgs/msg/detail/goal_status__struct.h
[15.910s] -- Installing: /home/e/ros2_ws/install/actionlib_msgs/share/actionlib_msgs/environment/library_path.sh
[15.910s] -- Installing: /home/e/ros2_ws/install/actionlib_msgs/share/actionlib_msgs/environment/library_path.dsv
[15.910s] -- Installing: /home/e/ros2_ws/install/actionlib_msgs/lib/libactionlib_msgs__rosidl_generator_c.so
[15.911s] -- Set runtime path of "/home/e/ros2_ws/install/actionlib_msgs/lib/libactionlib_msgs__rosidl_generator_c.so" to ""
[15.911s] -- Up-to-date: /home/e/ros2_ws/install/actionlib_msgs/include/actionlib_msgs/actionlib_msgs
[15.912s] -- Up-to-date: /home/e/ros2_ws/install/actionlib_msgs/include/actionlib_msgs/actionlib_msgs/msg
[15.912s] -- Up-to-date: /home/e/ros2_ws/install/actionlib_msgs/include/actionlib_msgs/actionlib_msgs/msg/detail
[15.912s] -- Installing: /home/e/ros2_ws/install/actionlib_msgs/include/actionlib_msgs/actionlib_msgs/msg/detail/goal_id__rosidl_typesupport_fastrtps_c.h
[15.912s] -- Installing: /home/e/ros2_ws/install/actionlib_msgs/include/actionlib_msgs/actionlib_msgs/msg/detail/goal_status__rosidl_typesupport_fastrtps_c.h
[15.912s] -- Installing: /home/e/ros2_ws/install/actionlib_msgs/include/actionlib_msgs/actionlib_msgs/msg/detail/goal_status_array__rosidl_typesupport_fastrtps_c.h
[15.912s] -- Installing: /home/e/ros2_ws/install/actionlib_msgs/include/actionlib_msgs/actionlib_msgs/msg/rosidl_typesupport_fastrtps_c__visibility_control.h
[15.912s] -- Installing: /home/e/ros2_ws/install/actionlib_msgs/lib/libactionlib_msgs__rosidl_typesupport_fastrtps_c.so
[15.913s] -- Set runtime path of "/home/e/ros2_ws/install/actionlib_msgs/lib/libactionlib_msgs__rosidl_typesupport_fastrtps_c.so" to ""
[15.913s] -- Up-to-date: /home/e/ros2_ws/install/actionlib_msgs/include/actionlib_msgs/actionlib_msgs
[15.914s] -- Up-to-date: /home/e/ros2_ws/install/actionlib_msgs/include/actionlib_msgs/actionlib_msgs/msg
[15.914s] -- Installing: /home/e/ros2_ws/install/actionlib_msgs/include/actionlib_msgs/actionlib_msgs/msg/goal_status.hpp
[15.914s] -- Installing: /home/e/ros2_ws/install/actionlib_msgs/include/actionlib_msgs/actionlib_msgs/msg/rosidl_generator_cpp__visibility_control.hpp
[15.914s] -- Up-to-date: /home/e/ros2_ws/install/actionlib_msgs/include/actionlib_msgs/actionlib_msgs/msg/detail
[15.914s] -- Installing: /home/e/ros2_ws/install/actionlib_msgs/include/actionlib_msgs/actionlib_msgs/msg/detail/goal_status__traits.hpp
[15.914s] -- Installing: /home/e/ros2_ws/install/actionlib_msgs/include/actionlib_msgs/actionlib_msgs/msg/detail/goal_status_array__struct.hpp
[15.914s] -- Installing: /home/e/ros2_ws/install/actionlib_msgs/include/actionlib_msgs/actionlib_msgs/msg/detail/goal_status_array__type_support.hpp
[15.914s] -- Installing: /home/e/ros2_ws/install/actionlib_msgs/include/actionlib_msgs/actionlib_msgs/msg/detail/goal_id__struct.hpp
[15.914s] -- Installing: /home/e/ros2_ws/install/actionlib_msgs/include/actionlib_msgs/actionlib_msgs/msg/detail/goal_status__builder.hpp
[15.914s] -- Installing: /home/e/ros2_ws/install/actionlib_msgs/include/actionlib_msgs/actionlib_msgs/msg/detail/goal_status_array__traits.hpp
[15.914s] -- Installing: /home/e/ros2_ws/install/actionlib_msgs/include/actionlib_msgs/actionlib_msgs/msg/detail/goal_status__struct.hpp
[15.914s] -- Installing: /home/e/ros2_ws/install/actionlib_msgs/include/actionlib_msgs/actionlib_msgs/msg/detail/goal_id__builder.hpp
[15.914s] -- Installing: /home/e/ros2_ws/install/actionlib_msgs/include/actionlib_msgs/actionlib_msgs/msg/detail/goal_id__traits.hpp
[15.914s] -- Installing: /home/e/ros2_ws/install/actionlib_msgs/include/actionlib_msgs/actionlib_msgs/msg/detail/goal_id__type_support.hpp
[15.915s] -- Installing: /home/e/ros2_ws/install/actionlib_msgs/include/actionlib_msgs/actionlib_msgs/msg/detail/goal_status_array__builder.hpp
[15.915s] -- Installing: /home/e/ros2_ws/install/actionlib_msgs/include/actionlib_msgs/actionlib_msgs/msg/detail/goal_status__type_support.hpp
[15.915s] -- Installing: /home/e/ros2_ws/install/actionlib_msgs/include/actionlib_msgs/actionlib_msgs/msg/goal_id.hpp
[15.915s] -- Installing: /home/e/ros2_ws/install/actionlib_msgs/include/actionlib_msgs/actionlib_msgs/msg/goal_status_array.hpp
[15.915s] -- Up-to-date: /home/e/ros2_ws/install/actionlib_msgs/include/actionlib_msgs/actionlib_msgs
[15.915s] -- Up-to-date: /home/e/ros2_ws/install/actionlib_msgs/include/actionlib_msgs/actionlib_msgs/msg
[15.915s] -- Installing: /home/e/ros2_ws/install/actionlib_msgs/include/actionlib_msgs/actionlib_msgs/msg/rosidl_typesupport_fastrtps_cpp__visibility_control.h
[15.916s] -- Up-to-date: /home/e/ros2_ws/install/actionlib_msgs/include/actionlib_msgs/actionlib_msgs/msg/detail
[15.916s] -- Installing: /home/e/ros2_ws/install/actionlib_msgs/include/actionlib_msgs/actionlib_msgs/msg/detail/dds_fastrtps
[15.916s] -- Installing: /home/e/ros2_ws/install/actionlib_msgs/include/actionlib_msgs/actionlib_msgs/msg/detail/goal_status__rosidl_typesupport_fastrtps_cpp.hpp
[15.916s] -- Installing: /home/e/ros2_ws/install/actionlib_msgs/include/actionlib_msgs/actionlib_msgs/msg/detail/goal_status_array__rosidl_typesupport_fastrtps_cpp.hpp
[15.916s] -- Installing: /home/e/ros2_ws/install/actionlib_msgs/include/actionlib_msgs/actionlib_msgs/msg/detail/goal_id__rosidl_typesupport_fastrtps_cpp.hpp
[15.917s] -- Installing: /home/e/ros2_ws/install/actionlib_msgs/lib/libactionlib_msgs__rosidl_typesupport_fastrtps_cpp.so
[15.917s] -- Set runtime path of "/home/e/ros2_ws/install/actionlib_msgs/lib/libactionlib_msgs__rosidl_typesupport_fastrtps_cpp.so" to ""
[15.917s] -- Up-to-date: /home/e/ros2_ws/install/actionlib_msgs/include/actionlib_msgs/actionlib_msgs
[15.917s] -- Up-to-date: /home/e/ros2_ws/install/actionlib_msgs/include/actionlib_msgs/actionlib_msgs/msg
[15.917s] -- Installing: /home/e/ros2_ws/install/actionlib_msgs/include/actionlib_msgs/actionlib_msgs/msg/rosidl_typesupport_microxrcedds_c__visibility_control.h
[15.917s] -- Up-to-date: /home/e/ros2_ws/install/actionlib_msgs/include/actionlib_msgs/actionlib_msgs/msg/detail
[15.917s] -- Installing: /home/e/ros2_ws/install/actionlib_msgs/include/actionlib_msgs/actionlib_msgs/msg/detail/microxrcedds
[15.917s] -- Installing: /home/e/ros2_ws/install/actionlib_msgs/include/actionlib_msgs/actionlib_msgs/msg/detail/goal_status_array__rosidl_typesupport_microxrcedds_c.h
[15.918s] -- Installing: /home/e/ros2_ws/install/actionlib_msgs/include/actionlib_msgs/actionlib_msgs/msg/detail/goal_status__rosidl_typesupport_microxrcedds_c.h
[15.918s] -- Installing: /home/e/ros2_ws/install/actionlib_msgs/include/actionlib_msgs/actionlib_msgs/msg/detail/goal_id__rosidl_typesupport_microxrcedds_c.h
[15.918s] -- Installing: /home/e/ros2_ws/install/actionlib_msgs/lib/libactionlib_msgs__rosidl_typesupport_microxrcedds_c.so
[15.918s] -- Set runtime path of "/home/e/ros2_ws/install/actionlib_msgs/lib/libactionlib_msgs__rosidl_typesupport_microxrcedds_c.so" to ""
[15.918s] -- Up-to-date: /home/e/ros2_ws/install/actionlib_msgs/include/actionlib_msgs/actionlib_msgs
[15.918s] -- Up-to-date: /home/e/ros2_ws/install/actionlib_msgs/include/actionlib_msgs/actionlib_msgs/msg
[15.919s] -- Up-to-date: /home/e/ros2_ws/install/actionlib_msgs/include/actionlib_msgs/actionlib_msgs/msg/detail
[15.919s] -- Installing: /home/e/ros2_ws/install/actionlib_msgs/include/actionlib_msgs/actionlib_msgs/msg/detail/goal_id__type_support.c
[15.919s] -- Installing: /home/e/ros2_ws/install/actionlib_msgs/include/actionlib_msgs/actionlib_msgs/msg/detail/goal_status__rosidl_typesupport_introspection_c.h
[15.919s] -- Installing: /home/e/ros2_ws/install/actionlib_msgs/include/actionlib_msgs/actionlib_msgs/msg/detail/goal_status__type_support.c
[15.919s] -- Installing: /home/e/ros2_ws/install/actionlib_msgs/include/actionlib_msgs/actionlib_msgs/msg/detail/goal_status_array__rosidl_typesupport_introspection_c.h
[15.919s] -- Installing: /home/e/ros2_ws/install/actionlib_msgs/include/actionlib_msgs/actionlib_msgs/msg/detail/goal_status_array__type_support.c
[15.920s] -- Installing: /home/e/ros2_ws/install/actionlib_msgs/include/actionlib_msgs/actionlib_msgs/msg/detail/goal_id__rosidl_typesupport_introspection_c.h
[15.920s] -- Installing: /home/e/ros2_ws/install/actionlib_msgs/include/actionlib_msgs/actionlib_msgs/msg/rosidl_typesupport_introspection_c__visibility_control.h
[15.920s] -- Installing: /home/e/ros2_ws/install/actionlib_msgs/lib/libactionlib_msgs__rosidl_typesupport_introspection_c.so
[15.920s] -- Set runtime path of "/home/e/ros2_ws/install/actionlib_msgs/lib/libactionlib_msgs__rosidl_typesupport_introspection_c.so" to ""
[15.920s] -- Installing: /home/e/ros2_ws/install/actionlib_msgs/lib/libactionlib_msgs__rosidl_typesupport_c.so
[15.921s] -- Set runtime path of "/home/e/ros2_ws/install/actionlib_msgs/lib/libactionlib_msgs__rosidl_typesupport_c.so" to ""
[15.921s] -- Up-to-date: /home/e/ros2_ws/install/actionlib_msgs/include/actionlib_msgs/actionlib_msgs
[15.921s] -- Up-to-date: /home/e/ros2_ws/install/actionlib_msgs/include/actionlib_msgs/actionlib_msgs/msg
[15.921s] -- Installing: /home/e/ros2_ws/install/actionlib_msgs/include/actionlib_msgs/actionlib_msgs/msg/rosidl_typesupport_microxrcedds_cpp__visibility_control.h
[15.921s] -- Up-to-date: /home/e/ros2_ws/install/actionlib_msgs/include/actionlib_msgs/actionlib_msgs/msg/detail
[15.921s] -- Installing: /home/e/ros2_ws/install/actionlib_msgs/include/actionlib_msgs/actionlib_msgs/msg/detail/goal_status__rosidl_typesupport_microxrcedds_cpp.hpp
[15.921s] -- Up-to-date: /home/e/ros2_ws/install/actionlib_msgs/include/actionlib_msgs/actionlib_msgs/msg/detail/microxrcedds
[15.921s] -- Installing: /home/e/ros2_ws/install/actionlib_msgs/include/actionlib_msgs/actionlib_msgs/msg/detail/goal_status_array__rosidl_typesupport_microxrcedds_cpp.hpp
[15.922s] -- Installing: /home/e/ros2_ws/install/actionlib_msgs/include/actionlib_msgs/actionlib_msgs/msg/detail/goal_id__rosidl_typesupport_microxrcedds_cpp.hpp
[15.922s] -- Installing: /home/e/ros2_ws/install/actionlib_msgs/lib/libactionlib_msgs__rosidl_typesupport_microxrcedds_cpp.so
[15.922s] -- Set runtime path of "/home/e/ros2_ws/install/actionlib_msgs/lib/libactionlib_msgs__rosidl_typesupport_microxrcedds_cpp.so" to ""
[15.922s] -- Up-to-date: /home/e/ros2_ws/install/actionlib_msgs/include/actionlib_msgs/actionlib_msgs
[15.922s] -- Up-to-date: /home/e/ros2_ws/install/actionlib_msgs/include/actionlib_msgs/actionlib_msgs/msg
[15.923s] -- Up-to-date: /home/e/ros2_ws/install/actionlib_msgs/include/actionlib_msgs/actionlib_msgs/msg/detail
[15.923s] -- Installing: /home/e/ros2_ws/install/actionlib_msgs/include/actionlib_msgs/actionlib_msgs/msg/detail/goal_status__type_support.cpp
[15.923s] -- Installing: /home/e/ros2_ws/install/actionlib_msgs/include/actionlib_msgs/actionlib_msgs/msg/detail/goal_id__type_support.cpp
[15.923s] -- Installing: /home/e/ros2_ws/install/actionlib_msgs/include/actionlib_msgs/actionlib_msgs/msg/detail/goal_status__rosidl_typesupport_introspection_cpp.hpp
[15.923s] -- Installing: /home/e/ros2_ws/install/actionlib_msgs/include/actionlib_msgs/actionlib_msgs/msg/detail/goal_id__rosidl_typesupport_introspection_cpp.hpp
[15.923s] -- Installing: /home/e/ros2_ws/install/actionlib_msgs/include/actionlib_msgs/actionlib_msgs/msg/detail/goal_status_array__rosidl_typesupport_introspection_cpp.hpp
[15.923s] -- Installing: /home/e/ros2_ws/install/actionlib_msgs/include/actionlib_msgs/actionlib_msgs/msg/detail/goal_status_array__type_support.cpp
[15.924s] -- Installing: /home/e/ros2_ws/install/actionlib_msgs/lib/libactionlib_msgs__rosidl_typesupport_introspection_cpp.so
[15.924s] -- Set runtime path of "/home/e/ros2_ws/install/actionlib_msgs/lib/libactionlib_msgs__rosidl_typesupport_introspection_cpp.so" to ""
[15.924s] -- Installing: /home/e/ros2_ws/install/actionlib_msgs/lib/libactionlib_msgs__rosidl_typesupport_cpp.so
[15.924s] -- Set runtime path of "/home/e/ros2_ws/install/actionlib_msgs/lib/libactionlib_msgs__rosidl_typesupport_cpp.so" to ""
[15.924s] -- Installing: /home/e/ros2_ws/install/actionlib_msgs/share/actionlib_msgs/environment/pythonpath.sh
[15.925s] -- Installing: /home/e/ros2_ws/install/actionlib_msgs/share/actionlib_msgs/environment/pythonpath.dsv
[15.925s] -- Installing: /home/e/ros2_ws/install/actionlib_msgs/local/lib/python3.10/dist-packages/actionlib_msgs-4.9.0-py3.10.egg-info
[15.925s] -- Installing: /home/e/ros2_ws/install/actionlib_msgs/local/lib/python3.10/dist-packages/actionlib_msgs-4.9.0-py3.10.egg-info/PKG-INFO
[15.926s] -- Installing: /home/e/ros2_ws/install/actionlib_msgs/local/lib/python3.10/dist-packages/actionlib_msgs-4.9.0-py3.10.egg-info/top_level.txt
[15.926s] -- Installing: /home/e/ros2_ws/install/actionlib_msgs/local/lib/python3.10/dist-packages/actionlib_msgs-4.9.0-py3.10.egg-info/SOURCES.txt
[15.926s] -- Installing: /home/e/ros2_ws/install/actionlib_msgs/local/lib/python3.10/dist-packages/actionlib_msgs-4.9.0-py3.10.egg-info/dependency_links.txt
[15.926s] -- Installing: /home/e/ros2_ws/install/actionlib_msgs/local/lib/python3.10/dist-packages/actionlib_msgs
[15.926s] -- Installing: /home/e/ros2_ws/install/actionlib_msgs/local/lib/python3.10/dist-packages/actionlib_msgs/_actionlib_msgs_s.ep.rosidl_typesupport_microxrcedds_c.c
[15.927s] -- Installing: /home/e/ros2_ws/install/actionlib_msgs/local/lib/python3.10/dist-packages/actionlib_msgs/msg
[15.927s] -- Installing: /home/e/ros2_ws/install/actionlib_msgs/local/lib/python3.10/dist-packages/actionlib_msgs/msg/_goal_status.py
[15.927s] -- Installing: /home/e/ros2_ws/install/actionlib_msgs/local/lib/python3.10/dist-packages/actionlib_msgs/msg/_goal_id.py
[15.927s] -- Installing: /home/e/ros2_ws/install/actionlib_msgs/local/lib/python3.10/dist-packages/actionlib_msgs/msg/_goal_status_array_s.c
[15.927s] -- Installing: /home/e/ros2_ws/install/actionlib_msgs/local/lib/python3.10/dist-packages/actionlib_msgs/msg/_goal_status_s.c
[15.928s] -- Installing: /home/e/ros2_ws/install/actionlib_msgs/local/lib/python3.10/dist-packages/actionlib_msgs/msg/__init__.py
[15.928s] -- Installing: /home/e/ros2_ws/install/actionlib_msgs/local/lib/python3.10/dist-packages/actionlib_msgs/msg/_goal_status_array.py
[15.928s] -- Installing: /home/e/ros2_ws/install/actionlib_msgs/local/lib/python3.10/dist-packages/actionlib_msgs/msg/_goal_id_s.c
[15.928s] -- Installing: /home/e/ros2_ws/install/actionlib_msgs/local/lib/python3.10/dist-packages/actionlib_msgs/actionlib_msgs_s__rosidl_typesupport_microxrcedds_c.cpython-310-x86_64-linux-gnu.so
[15.928s] -- Installing: /home/e/ros2_ws/install/actionlib_msgs/local/lib/python3.10/dist-packages/actionlib_msgs/_actionlib_msgs_s.ep.rosidl_typesupport_fastrtps_c.c
[15.928s] -- Installing: /home/e/ros2_ws/install/actionlib_msgs/local/lib/python3.10/dist-packages/actionlib_msgs/_actionlib_msgs_s.ep.rosidl_typesupport_c.c
[15.929s] -- Installing: /home/e/ros2_ws/install/actionlib_msgs/local/lib/python3.10/dist-packages/actionlib_msgs/actionlib_msgs_s__rosidl_typesupport_fastrtps_c.cpython-310-x86_64-linux-gnu.so
[15.929s] -- Installing: /home/e/ros2_ws/install/actionlib_msgs/local/lib/python3.10/dist-packages/actionlib_msgs/__init__.py
[15.929s] -- Installing: /home/e/ros2_ws/install/actionlib_msgs/local/lib/python3.10/dist-packages/actionlib_msgs/actionlib_msgs_s__rosidl_typesupport_introspection_c.cpython-310-x86_64-linux-gnu.so
[15.929s] -- Installing: /home/e/ros2_ws/install/actionlib_msgs/local/lib/python3.10/dist-packages/actionlib_msgs/_actionlib_msgs_s.ep.rosidl_typesupport_introspection_c.c
[15.929s] -- Installing: /home/e/ros2_ws/install/actionlib_msgs/local/lib/python3.10/dist-packages/actionlib_msgs/libactionlib_msgs__rosidl_generator_py.so
[15.929s] -- Installing: /home/e/ros2_ws/install/actionlib_msgs/local/lib/python3.10/dist-packages/actionlib_msgs/actionlib_msgs_s__rosidl_typesupport_c.cpython-310-x86_64-linux-gnu.so
[15.975s] Listing '/home/e/ros2_ws/install/actionlib_msgs/local/lib/python3.10/dist-packages/actionlib_msgs'...
[15.975s] Compiling '/home/e/ros2_ws/install/actionlib_msgs/local/lib/python3.10/dist-packages/actionlib_msgs/__init__.py'...
[15.975s] Listing '/home/e/ros2_ws/install/actionlib_msgs/local/lib/python3.10/dist-packages/actionlib_msgs/msg'...
[15.975s] Compiling '/home/e/ros2_ws/install/actionlib_msgs/local/lib/python3.10/dist-packages/actionlib_msgs/msg/__init__.py'...
[15.975s] Compiling '/home/e/ros2_ws/install/actionlib_msgs/local/lib/python3.10/dist-packages/actionlib_msgs/msg/_goal_id.py'...
[15.975s] Compiling '/home/e/ros2_ws/install/actionlib_msgs/local/lib/python3.10/dist-packages/actionlib_msgs/msg/_goal_status.py'...
[15.975s] Compiling '/home/e/ros2_ws/install/actionlib_msgs/local/lib/python3.10/dist-packages/actionlib_msgs/msg/_goal_status_array.py'...
[15.982s] -- Installing: /home/e/ros2_ws/install/actionlib_msgs/local/lib/python3.10/dist-packages/actionlib_msgs/actionlib_msgs_s__rosidl_typesupport_microxrcedds_c.cpython-310-x86_64-linux-gnu.so
[15.982s] -- Set runtime path of "/home/e/ros2_ws/install/actionlib_msgs/local/lib/python3.10/dist-packages/actionlib_msgs/actionlib_msgs_s__rosidl_typesupport_microxrcedds_c.cpython-310-x86_64-linux-gnu.so" to ""
[15.982s] -- Installing: /home/e/ros2_ws/install/actionlib_msgs/local/lib/python3.10/dist-packages/actionlib_msgs/actionlib_msgs_s__rosidl_typesupport_fastrtps_c.cpython-310-x86_64-linux-gnu.so
[15.982s] -- Set runtime path of "/home/e/ros2_ws/install/actionlib_msgs/local/lib/python3.10/dist-packages/actionlib_msgs/actionlib_msgs_s__rosidl_typesupport_fastrtps_c.cpython-310-x86_64-linux-gnu.so" to ""
[15.982s] -- Installing: /home/e/ros2_ws/install/actionlib_msgs/local/lib/python3.10/dist-packages/actionlib_msgs/actionlib_msgs_s__rosidl_typesupport_introspection_c.cpython-310-x86_64-linux-gnu.so
[15.983s] -- Set runtime path of "/home/e/ros2_ws/install/actionlib_msgs/local/lib/python3.10/dist-packages/actionlib_msgs/actionlib_msgs_s__rosidl_typesupport_introspection_c.cpython-310-x86_64-linux-gnu.so" to ""
[15.983s] -- Installing: /home/e/ros2_ws/install/actionlib_msgs/local/lib/python3.10/dist-packages/actionlib_msgs/actionlib_msgs_s__rosidl_typesupport_c.cpython-310-x86_64-linux-gnu.so
[15.983s] -- Set runtime path of "/home/e/ros2_ws/install/actionlib_msgs/local/lib/python3.10/dist-packages/actionlib_msgs/actionlib_msgs_s__rosidl_typesupport_c.cpython-310-x86_64-linux-gnu.so" to ""
[15.984s] -- Installing: /home/e/ros2_ws/install/actionlib_msgs/lib/libactionlib_msgs__rosidl_generator_py.so
[15.984s] -- Set runtime path of "/home/e/ros2_ws/install/actionlib_msgs/lib/libactionlib_msgs__rosidl_generator_py.so" to ""
[15.984s] -- Installing: /home/e/ros2_ws/install/actionlib_msgs/share/actionlib_msgs/msg/GoalID.idl
[15.984s] -- Installing: /home/e/ros2_ws/install/actionlib_msgs/share/actionlib_msgs/msg/GoalStatus.idl
[15.984s] -- Installing: /home/e/ros2_ws/install/actionlib_msgs/share/actionlib_msgs/msg/GoalStatusArray.idl
[15.984s] -- Installing: /home/e/ros2_ws/install/actionlib_msgs/share/actionlib_msgs/msg/GoalID.msg
[15.985s] -- Installing: /home/e/ros2_ws/install/actionlib_msgs/share/actionlib_msgs/msg/GoalStatus.msg
[15.985s] -- Installing: /home/e/ros2_ws/install/actionlib_msgs/share/actionlib_msgs/msg/GoalStatusArray.msg
[15.985s] -- Installing: /home/e/ros2_ws/install/actionlib_msgs/share/ament_index/resource_index/package_run_dependencies/actionlib_msgs
[15.985s] -- Installing: /home/e/ros2_ws/install/actionlib_msgs/share/ament_index/resource_index/parent_prefix_path/actionlib_msgs
[15.985s] -- Installing: /home/e/ros2_ws/install/actionlib_msgs/share/actionlib_msgs/environment/ament_prefix_path.sh
[15.985s] -- Installing: /home/e/ros2_ws/install/actionlib_msgs/share/actionlib_msgs/environment/ament_prefix_path.dsv
[15.985s] -- Installing: /home/e/ros2_ws/install/actionlib_msgs/share/actionlib_msgs/environment/path.sh
[15.985s] -- Installing: /home/e/ros2_ws/install/actionlib_msgs/share/actionlib_msgs/environment/path.dsv
[15.985s] -- Installing: /home/e/ros2_ws/install/actionlib_msgs/share/actionlib_msgs/local_setup.bash
[15.985s] -- Installing: /home/e/ros2_ws/install/actionlib_msgs/share/actionlib_msgs/local_setup.sh
[15.985s] -- Installing: /home/e/ros2_ws/install/actionlib_msgs/share/actionlib_msgs/local_setup.zsh
[15.985s] -- Installing: /home/e/ros2_ws/install/actionlib_msgs/share/actionlib_msgs/local_setup.dsv
[15.987s] -- Installing: /home/e/ros2_ws/install/actionlib_msgs/share/actionlib_msgs/package.dsv
[15.987s] -- Installing: /home/e/ros2_ws/install/actionlib_msgs/share/ament_index/resource_index/packages/actionlib_msgs
[15.987s] -- Installing: /home/e/ros2_ws/install/actionlib_msgs/share/actionlib_msgs/cmake/export_actionlib_msgs__rosidl_generator_cExport.cmake
[15.987s] -- Installing: /home/e/ros2_ws/install/actionlib_msgs/share/actionlib_msgs/cmake/export_actionlib_msgs__rosidl_generator_cExport-noconfig.cmake
[15.987s] -- Installing: /home/e/ros2_ws/install/actionlib_msgs/share/actionlib_msgs/cmake/export_actionlib_msgs__rosidl_typesupport_fastrtps_cExport.cmake
[15.988s] -- Installing: /home/e/ros2_ws/install/actionlib_msgs/share/actionlib_msgs/cmake/export_actionlib_msgs__rosidl_typesupport_fastrtps_cExport-noconfig.cmake
[15.988s] -- Installing: /home/e/ros2_ws/install/actionlib_msgs/share/actionlib_msgs/cmake/export_actionlib_msgs__rosidl_generator_cppExport.cmake
[15.988s] -- Installing: /home/e/ros2_ws/install/actionlib_msgs/share/actionlib_msgs/cmake/export_actionlib_msgs__rosidl_typesupport_fastrtps_cppExport.cmake
[15.988s] -- Installing: /home/e/ros2_ws/install/actionlib_msgs/share/actionlib_msgs/cmake/export_actionlib_msgs__rosidl_typesupport_fastrtps_cppExport-noconfig.cmake
[15.988s] -- Installing: /home/e/ros2_ws/install/actionlib_msgs/share/actionlib_msgs/cmake/actionlib_msgs__rosidl_typesupport_introspection_cExport.cmake
[15.988s] -- Installing: /home/e/ros2_ws/install/actionlib_msgs/share/actionlib_msgs/cmake/actionlib_msgs__rosidl_typesupport_introspection_cExport-noconfig.cmake
[15.988s] -- Installing: /home/e/ros2_ws/install/actionlib_msgs/share/actionlib_msgs/cmake/actionlib_msgs__rosidl_typesupport_cExport.cmake
[15.988s] -- Installing: /home/e/ros2_ws/install/actionlib_msgs/share/actionlib_msgs/cmake/actionlib_msgs__rosidl_typesupport_cExport-noconfig.cmake
[15.988s] -- Installing: /home/e/ros2_ws/install/actionlib_msgs/share/actionlib_msgs/cmake/actionlib_msgs__rosidl_typesupport_introspection_cppExport.cmake
[15.988s] -- Installing: /home/e/ros2_ws/install/actionlib_msgs/share/actionlib_msgs/cmake/actionlib_msgs__rosidl_typesupport_introspection_cppExport-noconfig.cmake
[15.988s] -- Installing: /home/e/ros2_ws/install/actionlib_msgs/share/actionlib_msgs/cmake/actionlib_msgs__rosidl_typesupport_cppExport.cmake
[15.988s] -- Installing: /home/e/ros2_ws/install/actionlib_msgs/share/actionlib_msgs/cmake/actionlib_msgs__rosidl_typesupport_cppExport-noconfig.cmake
[15.988s] -- Installing: /home/e/ros2_ws/install/actionlib_msgs/share/actionlib_msgs/cmake/export_actionlib_msgs__rosidl_generator_pyExport.cmake
[15.988s] -- Installing: /home/e/ros2_ws/install/actionlib_msgs/share/actionlib_msgs/cmake/export_actionlib_msgs__rosidl_generator_pyExport-noconfig.cmake
[15.988s] -- Installing: /home/e/ros2_ws/install/actionlib_msgs/share/actionlib_msgs/cmake/rosidl_cmake-extras.cmake
[15.988s] -- Installing: /home/e/ros2_ws/install/actionlib_msgs/share/actionlib_msgs/cmake/ament_cmake_export_dependencies-extras.cmake
[15.988s] -- Installing: /home/e/ros2_ws/install/actionlib_msgs/share/actionlib_msgs/cmake/ament_cmake_export_include_directories-extras.cmake
[15.988s] -- Installing: /home/e/ros2_ws/install/actionlib_msgs/share/actionlib_msgs/cmake/ament_cmake_export_libraries-extras.cmake
[15.989s] -- Installing: /home/e/ros2_ws/install/actionlib_msgs/share/actionlib_msgs/cmake/ament_cmake_export_targets-extras.cmake
[15.989s] -- Installing: /home/e/ros2_ws/install/actionlib_msgs/share/actionlib_msgs/cmake/rosidl_cmake_export_typesupport_targets-extras.cmake
[15.989s] -- Installing: /home/e/ros2_ws/install/actionlib_msgs/share/actionlib_msgs/cmake/rosidl_cmake_export_typesupport_libraries-extras.cmake
[15.989s] -- Installing: /home/e/ros2_ws/install/actionlib_msgs/share/actionlib_msgs/cmake/actionlib_msgsConfig.cmake
[15.989s] -- Installing: /home/e/ros2_ws/install/actionlib_msgs/share/actionlib_msgs/cmake/actionlib_msgsConfig-version.cmake
[15.989s] -- Installing: /home/e/ros2_ws/install/actionlib_msgs/share/actionlib_msgs/package.xml
[16.003s] Invoked command in '/home/e/ros2_ws/build/actionlib_msgs' returned '0': AMENT_PREFIX_PATH=/home/e/ros2_ws/install/std_msgs:/home/e/ros2_ws/install/builtin_interfaces:${AMENT_PREFIX_PATH} CMAKE_PREFIX_PATH=/home/e/ros2_ws/install/std_msgs:/home/e/ros2_ws/install/builtin_interfaces:/home/e/ros2_ws/install/rosidl_typesupport_microxrcedds_cpp:/home/e/ros2_ws/install/rosidl_typesupport_microxrcedds_c:/home/e/ros2_ws/install/microcdr:/home/e/ros2_ws/install/micro_ros_setup:/opt/ros/humble LD_LIBRARY_PATH=/home/e/ros2_ws/install/std_msgs/lib:/home/e/ros2_ws/install/builtin_interfaces/lib:${LD_LIBRARY_PATH} PYTHONPATH=/home/e/ros2_ws/install/std_msgs/local/lib/python3.10/dist-packages:/home/e/ros2_ws/install/builtin_interfaces/local/lib/python3.10/dist-packages:${PYTHONPATH} /usr/bin/cmake --install /home/e/ros2_ws/build/actionlib_msgs
