[0.008s] Invoking command in '/home/e/ros2_ws/build/unique_identifier_msgs': CMAKE_PREFIX_PATH=${CMAKE_PREFIX_PATH}:/opt/ros/humble /usr/bin/cmake /home/e/ros2_ws/src/ros2/unique_identifier_msgs -DBUILD_TESTING=OFF -DBUILD_SHARED_LIBS=ON -DCMAKE_INSTALL_PREFIX=/home/e/ros2_ws/install/unique_identifier_msgs
[0.094s] -- The C compiler identification is GNU 11.4.0
[0.174s] -- The CXX compiler identification is GNU 11.4.0
[0.188s] -- Detecting C compiler ABI info
[0.287s] -- Detecting C compiler ABI info - done
[0.294s] -- Check for working C compiler: /usr/bin/cc - skipped
[0.294s] -- Detecting C compile features
[0.294s] -- Detecting C compile features - done
[0.299s] -- Detecting CXX compiler ABI info
[0.381s] -- Detecting CXX compiler ABI info - done
[0.387s] -- Check for working CXX compiler: /usr/bin/c++ - skipped
[0.388s] -- Detecting CXX compile features
[0.388s] -- Detecting CXX compile features - done
[0.390s] -- Found ament_cmake: 1.3.12 (/opt/ros/humble/share/ament_cmake/cmake)
[0.537s] -- Found Python3: /usr/bin/python3 (found version "3.10.12") found components: Interpreter 
[0.626s] -- Found rosidl_default_generators: 1.2.0 (/opt/ros/humble/share/rosidl_default_generators/cmake)
[0.628s] -- Using all available rosidl_typesupport_c: rosidl_typesupport_microxrcedds_c;rosidl_typesupport_fastrtps_c;rosidl_typesupport_introspection_c
[0.633s] -- Found rosidl_adapter: 3.1.7 (/opt/ros/humble/share/rosidl_adapter/cmake)
[0.676s] -- Using all available rosidl_typesupport_cpp: rosidl_typesupport_microxrcedds_cpp;rosidl_typesupport_fastrtps_cpp;rosidl_typesupport_introspection_cpp
[0.936s] -- Found ament_cmake_ros: 0.10.0 (/opt/ros/humble/share/ament_cmake_ros/cmake)
[1.187s] -- Using all available rosidl_typesupport_c: rosidl_typesupport_microxrcedds_c;rosidl_typesupport_fastrtps_c;rosidl_typesupport_introspection_c
[1.531s] -- Using all available rosidl_typesupport_cpp: rosidl_typesupport_microxrcedds_cpp;rosidl_typesupport_fastrtps_cpp;rosidl_typesupport_introspection_cpp
[1.562s] -- Found PythonInterp: /usr/bin/python3 (found suitable version "3.10.12", minimum required is "3.6") 
[1.570s] -- Found python_cmake_module: 0.10.0 (/opt/ros/humble/share/python_cmake_module/cmake)
[1.605s] -- Found PythonLibs: /usr/lib/x86_64-linux-gnu/libpython3.10.so (found suitable version "3.10.12", minimum required is "3.5") 
[1.605s] -- Using PYTHON_EXECUTABLE: /usr/bin/python3
[1.606s] -- Using PYTHON_INCLUDE_DIRS: /usr/include/python3.10
[1.606s] -- Using PYTHON_LIBRARIES: /usr/lib/x86_64-linux-gnu/libpython3.10.so
[1.638s] -- Found PythonExtra: .so  
[1.691s] -- Configuring done
[1.720s] -- Generating done
[1.732s] -- Build files have been written to: /home/e/ros2_ws/build/unique_identifier_msgs
[1.739s] Invoked command in '/home/e/ros2_ws/build/unique_identifier_msgs' returned '0': CMAKE_PREFIX_PATH=${CMAKE_PREFIX_PATH}:/opt/ros/humble /usr/bin/cmake /home/e/ros2_ws/src/ros2/unique_identifier_msgs -DBUILD_TESTING=OFF -DBUILD_SHARED_LIBS=ON -DCMAKE_INSTALL_PREFIX=/home/e/ros2_ws/install/unique_identifier_msgs
[1.740s] Invoking command in '/home/e/ros2_ws/build/unique_identifier_msgs': CMAKE_PREFIX_PATH=${CMAKE_PREFIX_PATH}:/opt/ros/humble /usr/bin/cmake --build /home/e/ros2_ws/build/unique_identifier_msgs -- -j2 -l2
[1.799s] [  2%] [34m[1mGenerating C code for ROS interfaces[0m
[1.810s] [  5%] [34m[1mGenerating C++ code for ROS interfaces[0m
[2.393s] [  5%] Built target unique_identifier_msgs__cpp
[2.397s] [  7%] [32mBuilding C object CMakeFiles/unique_identifier_msgs__rosidl_generator_c.dir/rosidl_generator_c/unique_identifier_msgs/msg/detail/uuid__functions.c.o[0m
[2.468s] [  7%] Built target ament_cmake_python_copy_unique_identifier_msgs
[2.490s] [ 10%] [34m[1mGenerating C++ type support for eProsima Micro XRCE-DDS[0m
[2.512s] [ 12%] [32m[1mLinking C shared library libunique_identifier_msgs__rosidl_generator_c.so[0m
[2.607s] [ 12%] Built target unique_identifier_msgs__rosidl_generator_c
[2.625s] [ 15%] [34m[1mGenerating C++ type support for eProsima Fast-RTPS[0m
[3.006s] [ 17%] [32mBuilding CXX object CMakeFiles/unique_identifier_msgs__rosidl_typesupport_microxrcedds_cpp.dir/rosidl_typesupport_microxrcedds_cpp/unique_identifier_msgs/msg/detail/microxrcedds/uuid__type_support_cpp.cpp.o[0m
[3.167s] [ 20%] [32mBuilding CXX object CMakeFiles/unique_identifier_msgs__rosidl_typesupport_fastrtps_cpp.dir/rosidl_typesupport_fastrtps_cpp/unique_identifier_msgs/msg/detail/dds_fastrtps/uuid__type_support.cpp.o[0m
[3.790s] [ 23%] [32m[1mLinking CXX shared library libunique_identifier_msgs__rosidl_typesupport_microxrcedds_cpp.so[0m
[3.840s] [ 23%] Built target unique_identifier_msgs__rosidl_typesupport_microxrcedds_cpp
[3.852s] [ 25%] [34m[1mGenerating C++ introspection for ROS interfaces[0m
[4.080s] [ 28%] [32m[1mLinking CXX shared library libunique_identifier_msgs__rosidl_typesupport_fastrtps_cpp.so[0m
[4.202s] [ 28%] Built target unique_identifier_msgs__rosidl_typesupport_fastrtps_cpp
[4.232s] [ 30%] [34m[1mGenerating C++ type support dispatch for ROS interfaces[0m
[4.255s] [ 33%] [32mBuilding CXX object CMakeFiles/unique_identifier_msgs__rosidl_typesupport_introspection_cpp.dir/rosidl_typesupport_introspection_cpp/unique_identifier_msgs/msg/detail/uuid__type_support.cpp.o[0m
[4.679s] [ 35%] [32mBuilding CXX object CMakeFiles/unique_identifier_msgs__rosidl_typesupport_cpp.dir/rosidl_typesupport_cpp/unique_identifier_msgs/msg/uuid__type_support.cpp.o[0m
[5.044s] [ 38%] [32m[1mLinking CXX shared library libunique_identifier_msgs__rosidl_typesupport_introspection_cpp.so[0m
[5.220s] [ 38%] Built target unique_identifier_msgs__rosidl_typesupport_introspection_cpp
[5.220s] [ 41%] [32m[1mLinking CXX shared library libunique_identifier_msgs__rosidl_typesupport_cpp.so[0m
[5.301s] [ 41%] Built target unique_identifier_msgs__rosidl_typesupport_cpp
[5.321s] [ 43%] [34m[1mGenerating C type support for eProsima Micro XRCE-DDS[0m
[5.750s] running egg_info
[5.750s] creating unique_identifier_msgs.egg-info
[5.750s] writing unique_identifier_msgs.egg-info/PKG-INFO
[5.750s] writing dependency_links to unique_identifier_msgs.egg-info/dependency_links.txt
[5.750s] writing top-level names to unique_identifier_msgs.egg-info/top_level.txt
[5.750s] writing manifest file 'unique_identifier_msgs.egg-info/SOURCES.txt'
[5.751s] reading manifest file 'unique_identifier_msgs.egg-info/SOURCES.txt'
[5.752s] writing manifest file 'unique_identifier_msgs.egg-info/SOURCES.txt'
[5.840s] [ 43%] Built target ament_cmake_python_build_unique_identifier_msgs_egg
[5.874s] [ 46%] [34m[1mGenerating C type support for eProsima Fast-RTPS[0m
[5.875s] [ 48%] [32mBuilding C object CMakeFiles/unique_identifier_msgs__rosidl_typesupport_microxrcedds_c.dir/rosidl_typesupport_microxrcedds_c/unique_identifier_msgs/msg/detail/microxrcedds/uuid__type_support_c.c.o[0m
[5.968s] [ 51%] [32m[1mLinking C shared library libunique_identifier_msgs__rosidl_typesupport_microxrcedds_c.so[0m
[6.047s] [ 51%] Built target unique_identifier_msgs__rosidl_typesupport_microxrcedds_c
[6.072s] [ 53%] [34m[1mGenerating C introspection for ROS interfaces[0m
[6.427s] [ 56%] [32mBuilding CXX object CMakeFiles/unique_identifier_msgs__rosidl_typesupport_fastrtps_c.dir/rosidl_typesupport_fastrtps_c/unique_identifier_msgs/msg/detail/uuid__type_support_c.cpp.o[0m
[6.649s] [ 58%] [32mBuilding C object CMakeFiles/unique_identifier_msgs__rosidl_typesupport_introspection_c.dir/rosidl_typesupport_introspection_c/unique_identifier_msgs/msg/detail/uuid__type_support.c.o[0m
[6.723s] [ 61%] [32m[1mLinking C shared library libunique_identifier_msgs__rosidl_typesupport_introspection_c.so[0m
[6.787s] [ 61%] Built target unique_identifier_msgs__rosidl_typesupport_introspection_c
[6.811s] [ 64%] [34m[1mGenerating C type support dispatch for ROS interfaces[0m
[7.072s] [ 66%] [32m[1mLinking CXX shared library libunique_identifier_msgs__rosidl_typesupport_fastrtps_c.so[0m
[7.280s] [ 69%] [32mBuilding CXX object CMakeFiles/unique_identifier_msgs__rosidl_typesupport_c.dir/rosidl_typesupport_c/unique_identifier_msgs/msg/uuid__type_support.cpp.o[0m
[7.289s] [ 69%] Built target unique_identifier_msgs__rosidl_typesupport_fastrtps_c
[7.314s] [ 71%] [32m[1mLinking CXX shared library libunique_identifier_msgs__rosidl_typesupport_c.so[0m
[7.367s] [ 71%] Built target unique_identifier_msgs__rosidl_typesupport_c
[7.390s] [ 71%] Built target unique_identifier_msgs
[7.426s] [ 74%] [34m[1mGenerating Python code for ROS interfaces[0m
[7.987s] [ 74%] Built target unique_identifier_msgs__py
[8.013s] [ 76%] [32mBuilding C object CMakeFiles/unique_identifier_msgs__rosidl_generator_py.dir/rosidl_generator_py/unique_identifier_msgs/msg/_uuid_s.c.o[0m
[8.307s] [ 79%] [32m[1mLinking C shared library rosidl_generator_py/unique_identifier_msgs/libunique_identifier_msgs__rosidl_generator_py.so[0m
[8.387s] [ 79%] Built target unique_identifier_msgs__rosidl_generator_py
[8.432s] [ 82%] [32mBuilding C object CMakeFiles/unique_identifier_msgs__rosidl_typesupport_fastrtps_c__pyext.dir/rosidl_generator_py/unique_identifier_msgs/_unique_identifier_msgs_s.ep.rosidl_typesupport_fastrtps_c.c.o[0m
[8.433s] [ 84%] [32mBuilding C object CMakeFiles/unique_identifier_msgs__rosidl_typesupport_microxrcedds_c__pyext.dir/rosidl_generator_py/unique_identifier_msgs/_unique_identifier_msgs_s.ep.rosidl_typesupport_microxrcedds_c.c.o[0m
[8.631s] [ 87%] [32m[1mLinking C shared library rosidl_generator_py/unique_identifier_msgs/unique_identifier_msgs_s__rosidl_typesupport_fastrtps_c.cpython-310-x86_64-linux-gnu.so[0m
[8.634s] [ 89%] [32m[1mLinking C shared library rosidl_generator_py/unique_identifier_msgs/unique_identifier_msgs_s__rosidl_typesupport_microxrcedds_c.cpython-310-x86_64-linux-gnu.so[0m
[8.690s] [ 89%] Built target unique_identifier_msgs__rosidl_typesupport_microxrcedds_c__pyext
[8.703s] [ 89%] Built target unique_identifier_msgs__rosidl_typesupport_fastrtps_c__pyext
[8.726s] [ 92%] [32mBuilding C object CMakeFiles/unique_identifier_msgs__rosidl_typesupport_introspection_c__pyext.dir/rosidl_generator_py/unique_identifier_msgs/_unique_identifier_msgs_s.ep.rosidl_typesupport_introspection_c.c.o[0m
[8.744s] [ 94%] [32mBuilding C object CMakeFiles/unique_identifier_msgs__rosidl_typesupport_c__pyext.dir/rosidl_generator_py/unique_identifier_msgs/_unique_identifier_msgs_s.ep.rosidl_typesupport_c.c.o[0m
[8.893s] [ 97%] [32m[1mLinking C shared library rosidl_generator_py/unique_identifier_msgs/unique_identifier_msgs_s__rosidl_typesupport_introspection_c.cpython-310-x86_64-linux-gnu.so[0m
[8.893s] [100%] [32m[1mLinking C shared library rosidl_generator_py/unique_identifier_msgs/unique_identifier_msgs_s__rosidl_typesupport_c.cpython-310-x86_64-linux-gnu.so[0m
[8.937s] [100%] Built target unique_identifier_msgs__rosidl_typesupport_c__pyext
[8.964s] [100%] Built target unique_identifier_msgs__rosidl_typesupport_introspection_c__pyext
[8.995s] Invoked command in '/home/e/ros2_ws/build/unique_identifier_msgs' returned '0': CMAKE_PREFIX_PATH=${CMAKE_PREFIX_PATH}:/opt/ros/humble /usr/bin/cmake --build /home/e/ros2_ws/build/unique_identifier_msgs -- -j2 -l2
[9.000s] Invoking command in '/home/e/ros2_ws/build/unique_identifier_msgs': CMAKE_PREFIX_PATH=${CMAKE_PREFIX_PATH}:/opt/ros/humble /usr/bin/cmake --install /home/e/ros2_ws/build/unique_identifier_msgs
[9.020s] -- Install configuration: ""
[9.020s] -- Installing: /home/e/ros2_ws/install/unique_identifier_msgs/share/ament_index/resource_index/rosidl_interfaces/unique_identifier_msgs
[9.020s] -- Installing: /home/e/ros2_ws/install/unique_identifier_msgs/include/unique_identifier_msgs/unique_identifier_msgs
[9.020s] -- Installing: /home/e/ros2_ws/install/unique_identifier_msgs/include/unique_identifier_msgs/unique_identifier_msgs/msg
[9.021s] -- Installing: /home/e/ros2_ws/install/unique_identifier_msgs/include/unique_identifier_msgs/unique_identifier_msgs/msg/rosidl_generator_c__visibility_control.h
[9.021s] -- Installing: /home/e/ros2_ws/install/unique_identifier_msgs/include/unique_identifier_msgs/unique_identifier_msgs/msg/uuid.h
[9.023s] -- Installing: /home/e/ros2_ws/install/unique_identifier_msgs/include/unique_identifier_msgs/unique_identifier_msgs/msg/detail
[9.023s] -- Installing: /home/e/ros2_ws/install/unique_identifier_msgs/include/unique_identifier_msgs/unique_identifier_msgs/msg/detail/uuid__functions.h
[9.024s] -- Installing: /home/e/ros2_ws/install/unique_identifier_msgs/include/unique_identifier_msgs/unique_identifier_msgs/msg/detail/uuid__functions.c
[9.024s] -- Installing: /home/e/ros2_ws/install/unique_identifier_msgs/include/unique_identifier_msgs/unique_identifier_msgs/msg/detail/uuid__type_support.h
[9.024s] -- Installing: /home/e/ros2_ws/install/unique_identifier_msgs/include/unique_identifier_msgs/unique_identifier_msgs/msg/detail/uuid__struct.h
[9.028s] -- Installing: /home/e/ros2_ws/install/unique_identifier_msgs/share/unique_identifier_msgs/environment/library_path.sh
[9.028s] -- Installing: /home/e/ros2_ws/install/unique_identifier_msgs/share/unique_identifier_msgs/environment/library_path.dsv
[9.028s] -- Installing: /home/e/ros2_ws/install/unique_identifier_msgs/lib/libunique_identifier_msgs__rosidl_generator_c.so
[9.028s] -- Set runtime path of "/home/e/ros2_ws/install/unique_identifier_msgs/lib/libunique_identifier_msgs__rosidl_generator_c.so" to ""
[9.028s] -- Up-to-date: /home/e/ros2_ws/install/unique_identifier_msgs/include/unique_identifier_msgs/unique_identifier_msgs
[9.028s] -- Up-to-date: /home/e/ros2_ws/install/unique_identifier_msgs/include/unique_identifier_msgs/unique_identifier_msgs/msg
[9.028s] -- Installing: /home/e/ros2_ws/install/unique_identifier_msgs/include/unique_identifier_msgs/unique_identifier_msgs/msg/rosidl_typesupport_microxrcedds_c__visibility_control.h
[9.028s] -- Up-to-date: /home/e/ros2_ws/install/unique_identifier_msgs/include/unique_identifier_msgs/unique_identifier_msgs/msg/detail
[9.028s] -- Installing: /home/e/ros2_ws/install/unique_identifier_msgs/include/unique_identifier_msgs/unique_identifier_msgs/msg/detail/microxrcedds
[9.028s] -- Installing: /home/e/ros2_ws/install/unique_identifier_msgs/include/unique_identifier_msgs/unique_identifier_msgs/msg/detail/uuid__rosidl_typesupport_microxrcedds_c.h
[9.028s] -- Installing: /home/e/ros2_ws/install/unique_identifier_msgs/lib/libunique_identifier_msgs__rosidl_typesupport_microxrcedds_c.so
[9.029s] -- Set runtime path of "/home/e/ros2_ws/install/unique_identifier_msgs/lib/libunique_identifier_msgs__rosidl_typesupport_microxrcedds_c.so" to ""
[9.029s] -- Up-to-date: /home/e/ros2_ws/install/unique_identifier_msgs/include/unique_identifier_msgs/unique_identifier_msgs
[9.029s] -- Up-to-date: /home/e/ros2_ws/install/unique_identifier_msgs/include/unique_identifier_msgs/unique_identifier_msgs/msg
[9.029s] -- Up-to-date: /home/e/ros2_ws/install/unique_identifier_msgs/include/unique_identifier_msgs/unique_identifier_msgs/msg/detail
[9.029s] -- Installing: /home/e/ros2_ws/install/unique_identifier_msgs/include/unique_identifier_msgs/unique_identifier_msgs/msg/detail/uuid__rosidl_typesupport_fastrtps_c.h
[9.029s] -- Installing: /home/e/ros2_ws/install/unique_identifier_msgs/include/unique_identifier_msgs/unique_identifier_msgs/msg/rosidl_typesupport_fastrtps_c__visibility_control.h
[9.029s] -- Installing: /home/e/ros2_ws/install/unique_identifier_msgs/lib/libunique_identifier_msgs__rosidl_typesupport_fastrtps_c.so
[9.029s] -- Set runtime path of "/home/e/ros2_ws/install/unique_identifier_msgs/lib/libunique_identifier_msgs__rosidl_typesupport_fastrtps_c.so" to ""
[9.029s] -- Up-to-date: /home/e/ros2_ws/install/unique_identifier_msgs/include/unique_identifier_msgs/unique_identifier_msgs
[9.029s] -- Up-to-date: /home/e/ros2_ws/install/unique_identifier_msgs/include/unique_identifier_msgs/unique_identifier_msgs/msg
[9.029s] -- Up-to-date: /home/e/ros2_ws/install/unique_identifier_msgs/include/unique_identifier_msgs/unique_identifier_msgs/msg/detail
[9.029s] -- Installing: /home/e/ros2_ws/install/unique_identifier_msgs/include/unique_identifier_msgs/unique_identifier_msgs/msg/detail/uuid__type_support.c
[9.029s] -- Installing: /home/e/ros2_ws/install/unique_identifier_msgs/include/unique_identifier_msgs/unique_identifier_msgs/msg/detail/uuid__rosidl_typesupport_introspection_c.h
[9.029s] -- Installing: /home/e/ros2_ws/install/unique_identifier_msgs/include/unique_identifier_msgs/unique_identifier_msgs/msg/rosidl_typesupport_introspection_c__visibility_control.h
[9.029s] -- Installing: /home/e/ros2_ws/install/unique_identifier_msgs/lib/libunique_identifier_msgs__rosidl_typesupport_introspection_c.so
[9.032s] -- Set runtime path of "/home/e/ros2_ws/install/unique_identifier_msgs/lib/libunique_identifier_msgs__rosidl_typesupport_introspection_c.so" to ""
[9.032s] -- Installing: /home/e/ros2_ws/install/unique_identifier_msgs/lib/libunique_identifier_msgs__rosidl_typesupport_c.so
[9.032s] -- Set runtime path of "/home/e/ros2_ws/install/unique_identifier_msgs/lib/libunique_identifier_msgs__rosidl_typesupport_c.so" to ""
[9.032s] -- Up-to-date: /home/e/ros2_ws/install/unique_identifier_msgs/include/unique_identifier_msgs/unique_identifier_msgs
[9.032s] -- Up-to-date: /home/e/ros2_ws/install/unique_identifier_msgs/include/unique_identifier_msgs/unique_identifier_msgs/msg
[9.032s] -- Installing: /home/e/ros2_ws/install/unique_identifier_msgs/include/unique_identifier_msgs/unique_identifier_msgs/msg/uuid.hpp
[9.032s] -- Installing: /home/e/ros2_ws/install/unique_identifier_msgs/include/unique_identifier_msgs/unique_identifier_msgs/msg/rosidl_generator_cpp__visibility_control.hpp
[9.032s] -- Up-to-date: /home/e/ros2_ws/install/unique_identifier_msgs/include/unique_identifier_msgs/unique_identifier_msgs/msg/detail
[9.032s] -- Installing: /home/e/ros2_ws/install/unique_identifier_msgs/include/unique_identifier_msgs/unique_identifier_msgs/msg/detail/uuid__builder.hpp
[9.032s] -- Installing: /home/e/ros2_ws/install/unique_identifier_msgs/include/unique_identifier_msgs/unique_identifier_msgs/msg/detail/uuid__traits.hpp
[9.032s] -- Installing: /home/e/ros2_ws/install/unique_identifier_msgs/include/unique_identifier_msgs/unique_identifier_msgs/msg/detail/uuid__type_support.hpp
[9.033s] -- Installing: /home/e/ros2_ws/install/unique_identifier_msgs/include/unique_identifier_msgs/unique_identifier_msgs/msg/detail/uuid__struct.hpp
[9.033s] -- Up-to-date: /home/e/ros2_ws/install/unique_identifier_msgs/include/unique_identifier_msgs/unique_identifier_msgs
[9.033s] -- Up-to-date: /home/e/ros2_ws/install/unique_identifier_msgs/include/unique_identifier_msgs/unique_identifier_msgs/msg
[9.033s] -- Installing: /home/e/ros2_ws/install/unique_identifier_msgs/include/unique_identifier_msgs/unique_identifier_msgs/msg/rosidl_typesupport_microxrcedds_cpp__visibility_control.h
[9.033s] -- Up-to-date: /home/e/ros2_ws/install/unique_identifier_msgs/include/unique_identifier_msgs/unique_identifier_msgs/msg/detail
[9.033s] -- Up-to-date: /home/e/ros2_ws/install/unique_identifier_msgs/include/unique_identifier_msgs/unique_identifier_msgs/msg/detail/microxrcedds
[9.033s] -- Installing: /home/e/ros2_ws/install/unique_identifier_msgs/include/unique_identifier_msgs/unique_identifier_msgs/msg/detail/uuid__rosidl_typesupport_microxrcedds_cpp.hpp
[9.033s] -- Installing: /home/e/ros2_ws/install/unique_identifier_msgs/lib/libunique_identifier_msgs__rosidl_typesupport_microxrcedds_cpp.so
[9.036s] -- Set runtime path of "/home/e/ros2_ws/install/unique_identifier_msgs/lib/libunique_identifier_msgs__rosidl_typesupport_microxrcedds_cpp.so" to ""
[9.036s] -- Up-to-date: /home/e/ros2_ws/install/unique_identifier_msgs/include/unique_identifier_msgs/unique_identifier_msgs
[9.036s] -- Up-to-date: /home/e/ros2_ws/install/unique_identifier_msgs/include/unique_identifier_msgs/unique_identifier_msgs/msg
[9.036s] -- Installing: /home/e/ros2_ws/install/unique_identifier_msgs/include/unique_identifier_msgs/unique_identifier_msgs/msg/rosidl_typesupport_fastrtps_cpp__visibility_control.h
[9.036s] -- Up-to-date: /home/e/ros2_ws/install/unique_identifier_msgs/include/unique_identifier_msgs/unique_identifier_msgs/msg/detail
[9.036s] -- Installing: /home/e/ros2_ws/install/unique_identifier_msgs/include/unique_identifier_msgs/unique_identifier_msgs/msg/detail/dds_fastrtps
[9.036s] -- Installing: /home/e/ros2_ws/install/unique_identifier_msgs/include/unique_identifier_msgs/unique_identifier_msgs/msg/detail/uuid__rosidl_typesupport_fastrtps_cpp.hpp
[9.036s] -- Installing: /home/e/ros2_ws/install/unique_identifier_msgs/lib/libunique_identifier_msgs__rosidl_typesupport_fastrtps_cpp.so
[9.037s] -- Set runtime path of "/home/e/ros2_ws/install/unique_identifier_msgs/lib/libunique_identifier_msgs__rosidl_typesupport_fastrtps_cpp.so" to ""
[9.037s] -- Up-to-date: /home/e/ros2_ws/install/unique_identifier_msgs/include/unique_identifier_msgs/unique_identifier_msgs
[9.037s] -- Up-to-date: /home/e/ros2_ws/install/unique_identifier_msgs/include/unique_identifier_msgs/unique_identifier_msgs/msg
[9.037s] -- Up-to-date: /home/e/ros2_ws/install/unique_identifier_msgs/include/unique_identifier_msgs/unique_identifier_msgs/msg/detail
[9.037s] -- Installing: /home/e/ros2_ws/install/unique_identifier_msgs/include/unique_identifier_msgs/unique_identifier_msgs/msg/detail/uuid__type_support.cpp
[9.037s] -- Installing: /home/e/ros2_ws/install/unique_identifier_msgs/include/unique_identifier_msgs/unique_identifier_msgs/msg/detail/uuid__rosidl_typesupport_introspection_cpp.hpp
[9.037s] -- Installing: /home/e/ros2_ws/install/unique_identifier_msgs/lib/libunique_identifier_msgs__rosidl_typesupport_introspection_cpp.so
[9.037s] -- Set runtime path of "/home/e/ros2_ws/install/unique_identifier_msgs/lib/libunique_identifier_msgs__rosidl_typesupport_introspection_cpp.so" to ""
[9.037s] -- Installing: /home/e/ros2_ws/install/unique_identifier_msgs/lib/libunique_identifier_msgs__rosidl_typesupport_cpp.so
[9.039s] -- Set runtime path of "/home/e/ros2_ws/install/unique_identifier_msgs/lib/libunique_identifier_msgs__rosidl_typesupport_cpp.so" to ""
[9.040s] -- Installing: /home/e/ros2_ws/install/unique_identifier_msgs/share/unique_identifier_msgs/environment/pythonpath.sh
[9.040s] -- Installing: /home/e/ros2_ws/install/unique_identifier_msgs/share/unique_identifier_msgs/environment/pythonpath.dsv
[9.040s] -- Installing: /home/e/ros2_ws/install/unique_identifier_msgs/local/lib/python3.10/dist-packages/unique_identifier_msgs-2.2.1-py3.10.egg-info
[9.040s] -- Installing: /home/e/ros2_ws/install/unique_identifier_msgs/local/lib/python3.10/dist-packages/unique_identifier_msgs-2.2.1-py3.10.egg-info/PKG-INFO
[9.041s] -- Installing: /home/e/ros2_ws/install/unique_identifier_msgs/local/lib/python3.10/dist-packages/unique_identifier_msgs-2.2.1-py3.10.egg-info/top_level.txt
[9.041s] -- Installing: /home/e/ros2_ws/install/unique_identifier_msgs/local/lib/python3.10/dist-packages/unique_identifier_msgs-2.2.1-py3.10.egg-info/SOURCES.txt
[9.041s] -- Installing: /home/e/ros2_ws/install/unique_identifier_msgs/local/lib/python3.10/dist-packages/unique_identifier_msgs-2.2.1-py3.10.egg-info/dependency_links.txt
[9.043s] -- Installing: /home/e/ros2_ws/install/unique_identifier_msgs/local/lib/python3.10/dist-packages/unique_identifier_msgs
[9.043s] -- Installing: /home/e/ros2_ws/install/unique_identifier_msgs/local/lib/python3.10/dist-packages/unique_identifier_msgs/msg
[9.043s] -- Installing: /home/e/ros2_ws/install/unique_identifier_msgs/local/lib/python3.10/dist-packages/unique_identifier_msgs/msg/_uuid_s.c
[9.046s] -- Installing: /home/e/ros2_ws/install/unique_identifier_msgs/local/lib/python3.10/dist-packages/unique_identifier_msgs/msg/__init__.py
[9.046s] -- Installing: /home/e/ros2_ws/install/unique_identifier_msgs/local/lib/python3.10/dist-packages/unique_identifier_msgs/msg/_uuid.py
[9.046s] -- Installing: /home/e/ros2_ws/install/unique_identifier_msgs/local/lib/python3.10/dist-packages/unique_identifier_msgs/unique_identifier_msgs_s__rosidl_typesupport_introspection_c.cpython-310-x86_64-linux-gnu.so
[9.046s] -- Installing: /home/e/ros2_ws/install/unique_identifier_msgs/local/lib/python3.10/dist-packages/unique_identifier_msgs/unique_identifier_msgs_s__rosidl_typesupport_microxrcedds_c.cpython-310-x86_64-linux-gnu.so
[9.047s] -- Installing: /home/e/ros2_ws/install/unique_identifier_msgs/local/lib/python3.10/dist-packages/unique_identifier_msgs/_unique_identifier_msgs_s.ep.rosidl_typesupport_microxrcedds_c.c
[9.047s] -- Installing: /home/e/ros2_ws/install/unique_identifier_msgs/local/lib/python3.10/dist-packages/unique_identifier_msgs/libunique_identifier_msgs__rosidl_generator_py.so
[9.047s] -- Installing: /home/e/ros2_ws/install/unique_identifier_msgs/local/lib/python3.10/dist-packages/unique_identifier_msgs/_unique_identifier_msgs_s.ep.rosidl_typesupport_c.c
[9.047s] -- Installing: /home/e/ros2_ws/install/unique_identifier_msgs/local/lib/python3.10/dist-packages/unique_identifier_msgs/__init__.py
[9.047s] -- Installing: /home/e/ros2_ws/install/unique_identifier_msgs/local/lib/python3.10/dist-packages/unique_identifier_msgs/_unique_identifier_msgs_s.ep.rosidl_typesupport_fastrtps_c.c
[9.047s] -- Installing: /home/e/ros2_ws/install/unique_identifier_msgs/local/lib/python3.10/dist-packages/unique_identifier_msgs/_unique_identifier_msgs_s.ep.rosidl_typesupport_introspection_c.c
[9.047s] -- Installing: /home/e/ros2_ws/install/unique_identifier_msgs/local/lib/python3.10/dist-packages/unique_identifier_msgs/unique_identifier_msgs_s__rosidl_typesupport_fastrtps_c.cpython-310-x86_64-linux-gnu.so
[9.047s] -- Installing: /home/e/ros2_ws/install/unique_identifier_msgs/local/lib/python3.10/dist-packages/unique_identifier_msgs/unique_identifier_msgs_s__rosidl_typesupport_c.cpython-310-x86_64-linux-gnu.so
[9.131s] Listing '/home/e/ros2_ws/install/unique_identifier_msgs/local/lib/python3.10/dist-packages/unique_identifier_msgs'...
[9.131s] Compiling '/home/e/ros2_ws/install/unique_identifier_msgs/local/lib/python3.10/dist-packages/unique_identifier_msgs/__init__.py'...
[9.131s] Listing '/home/e/ros2_ws/install/unique_identifier_msgs/local/lib/python3.10/dist-packages/unique_identifier_msgs/msg'...
[9.131s] Compiling '/home/e/ros2_ws/install/unique_identifier_msgs/local/lib/python3.10/dist-packages/unique_identifier_msgs/msg/__init__.py'...
[9.131s] Compiling '/home/e/ros2_ws/install/unique_identifier_msgs/local/lib/python3.10/dist-packages/unique_identifier_msgs/msg/_uuid.py'...
[9.139s] -- Installing: /home/e/ros2_ws/install/unique_identifier_msgs/local/lib/python3.10/dist-packages/unique_identifier_msgs/unique_identifier_msgs_s__rosidl_typesupport_microxrcedds_c.cpython-310-x86_64-linux-gnu.so
[9.140s] -- Set runtime path of "/home/e/ros2_ws/install/unique_identifier_msgs/local/lib/python3.10/dist-packages/unique_identifier_msgs/unique_identifier_msgs_s__rosidl_typesupport_microxrcedds_c.cpython-310-x86_64-linux-gnu.so" to ""
[9.140s] -- Installing: /home/e/ros2_ws/install/unique_identifier_msgs/local/lib/python3.10/dist-packages/unique_identifier_msgs/unique_identifier_msgs_s__rosidl_typesupport_fastrtps_c.cpython-310-x86_64-linux-gnu.so
[9.140s] -- Set runtime path of "/home/e/ros2_ws/install/unique_identifier_msgs/local/lib/python3.10/dist-packages/unique_identifier_msgs/unique_identifier_msgs_s__rosidl_typesupport_fastrtps_c.cpython-310-x86_64-linux-gnu.so" to ""
[9.140s] -- Installing: /home/e/ros2_ws/install/unique_identifier_msgs/local/lib/python3.10/dist-packages/unique_identifier_msgs/unique_identifier_msgs_s__rosidl_typesupport_introspection_c.cpython-310-x86_64-linux-gnu.so
[9.140s] -- Set runtime path of "/home/e/ros2_ws/install/unique_identifier_msgs/local/lib/python3.10/dist-packages/unique_identifier_msgs/unique_identifier_msgs_s__rosidl_typesupport_introspection_c.cpython-310-x86_64-linux-gnu.so" to ""
[9.140s] -- Installing: /home/e/ros2_ws/install/unique_identifier_msgs/local/lib/python3.10/dist-packages/unique_identifier_msgs/unique_identifier_msgs_s__rosidl_typesupport_c.cpython-310-x86_64-linux-gnu.so
[9.142s] -- Set runtime path of "/home/e/ros2_ws/install/unique_identifier_msgs/local/lib/python3.10/dist-packages/unique_identifier_msgs/unique_identifier_msgs_s__rosidl_typesupport_c.cpython-310-x86_64-linux-gnu.so" to ""
[9.142s] -- Installing: /home/e/ros2_ws/install/unique_identifier_msgs/lib/libunique_identifier_msgs__rosidl_generator_py.so
[9.142s] -- Set runtime path of "/home/e/ros2_ws/install/unique_identifier_msgs/lib/libunique_identifier_msgs__rosidl_generator_py.so" to ""
[9.142s] -- Installing: /home/e/ros2_ws/install/unique_identifier_msgs/share/unique_identifier_msgs/msg/UUID.idl
[9.142s] -- Installing: /home/e/ros2_ws/install/unique_identifier_msgs/share/unique_identifier_msgs/msg/UUID.msg
[9.142s] -- Installing: /home/e/ros2_ws/install/unique_identifier_msgs/share/ament_index/resource_index/package_run_dependencies/unique_identifier_msgs
[9.142s] -- Installing: /home/e/ros2_ws/install/unique_identifier_msgs/share/ament_index/resource_index/parent_prefix_path/unique_identifier_msgs
[9.144s] -- Installing: /home/e/ros2_ws/install/unique_identifier_msgs/share/unique_identifier_msgs/environment/ament_prefix_path.sh
[9.144s] -- Installing: /home/e/ros2_ws/install/unique_identifier_msgs/share/unique_identifier_msgs/environment/ament_prefix_path.dsv
[9.144s] -- Installing: /home/e/ros2_ws/install/unique_identifier_msgs/share/unique_identifier_msgs/environment/path.sh
[9.144s] -- Installing: /home/e/ros2_ws/install/unique_identifier_msgs/share/unique_identifier_msgs/environment/path.dsv
[9.144s] -- Installing: /home/e/ros2_ws/install/unique_identifier_msgs/share/unique_identifier_msgs/local_setup.bash
[9.144s] -- Installing: /home/e/ros2_ws/install/unique_identifier_msgs/share/unique_identifier_msgs/local_setup.sh
[9.144s] -- Installing: /home/e/ros2_ws/install/unique_identifier_msgs/share/unique_identifier_msgs/local_setup.zsh
[9.145s] -- Installing: /home/e/ros2_ws/install/unique_identifier_msgs/share/unique_identifier_msgs/local_setup.dsv
[9.145s] -- Installing: /home/e/ros2_ws/install/unique_identifier_msgs/share/unique_identifier_msgs/package.dsv
[9.145s] -- Installing: /home/e/ros2_ws/install/unique_identifier_msgs/share/ament_index/resource_index/packages/unique_identifier_msgs
[9.145s] -- Installing: /home/e/ros2_ws/install/unique_identifier_msgs/share/unique_identifier_msgs/cmake/export_unique_identifier_msgs__rosidl_generator_cExport.cmake
[9.146s] -- Installing: /home/e/ros2_ws/install/unique_identifier_msgs/share/unique_identifier_msgs/cmake/export_unique_identifier_msgs__rosidl_generator_cExport-noconfig.cmake
[9.146s] -- Installing: /home/e/ros2_ws/install/unique_identifier_msgs/share/unique_identifier_msgs/cmake/export_unique_identifier_msgs__rosidl_typesupport_fastrtps_cExport.cmake
[9.146s] -- Installing: /home/e/ros2_ws/install/unique_identifier_msgs/share/unique_identifier_msgs/cmake/export_unique_identifier_msgs__rosidl_typesupport_fastrtps_cExport-noconfig.cmake
[9.146s] -- Installing: /home/e/ros2_ws/install/unique_identifier_msgs/share/unique_identifier_msgs/cmake/unique_identifier_msgs__rosidl_typesupport_introspection_cExport.cmake
[9.146s] -- Installing: /home/e/ros2_ws/install/unique_identifier_msgs/share/unique_identifier_msgs/cmake/unique_identifier_msgs__rosidl_typesupport_introspection_cExport-noconfig.cmake
[9.146s] -- Installing: /home/e/ros2_ws/install/unique_identifier_msgs/share/unique_identifier_msgs/cmake/unique_identifier_msgs__rosidl_typesupport_cExport.cmake
[9.146s] -- Installing: /home/e/ros2_ws/install/unique_identifier_msgs/share/unique_identifier_msgs/cmake/unique_identifier_msgs__rosidl_typesupport_cExport-noconfig.cmake
[9.146s] -- Installing: /home/e/ros2_ws/install/unique_identifier_msgs/share/unique_identifier_msgs/cmake/export_unique_identifier_msgs__rosidl_generator_cppExport.cmake
[9.146s] -- Installing: /home/e/ros2_ws/install/unique_identifier_msgs/share/unique_identifier_msgs/cmake/export_unique_identifier_msgs__rosidl_typesupport_fastrtps_cppExport.cmake
[9.146s] -- Installing: /home/e/ros2_ws/install/unique_identifier_msgs/share/unique_identifier_msgs/cmake/export_unique_identifier_msgs__rosidl_typesupport_fastrtps_cppExport-noconfig.cmake
[9.146s] -- Installing: /home/e/ros2_ws/install/unique_identifier_msgs/share/unique_identifier_msgs/cmake/unique_identifier_msgs__rosidl_typesupport_introspection_cppExport.cmake
[9.146s] -- Installing: /home/e/ros2_ws/install/unique_identifier_msgs/share/unique_identifier_msgs/cmake/unique_identifier_msgs__rosidl_typesupport_introspection_cppExport-noconfig.cmake
[9.146s] -- Installing: /home/e/ros2_ws/install/unique_identifier_msgs/share/unique_identifier_msgs/cmake/unique_identifier_msgs__rosidl_typesupport_cppExport.cmake
[9.148s] -- Installing: /home/e/ros2_ws/install/unique_identifier_msgs/share/unique_identifier_msgs/cmake/unique_identifier_msgs__rosidl_typesupport_cppExport-noconfig.cmake
[9.148s] -- Installing: /home/e/ros2_ws/install/unique_identifier_msgs/share/unique_identifier_msgs/cmake/export_unique_identifier_msgs__rosidl_generator_pyExport.cmake
[9.148s] -- Installing: /home/e/ros2_ws/install/unique_identifier_msgs/share/unique_identifier_msgs/cmake/export_unique_identifier_msgs__rosidl_generator_pyExport-noconfig.cmake
[9.148s] -- Installing: /home/e/ros2_ws/install/unique_identifier_msgs/share/unique_identifier_msgs/cmake/rosidl_cmake-extras.cmake
[9.148s] -- Installing: /home/e/ros2_ws/install/unique_identifier_msgs/share/unique_identifier_msgs/cmake/ament_cmake_export_include_directories-extras.cmake
[9.148s] -- Installing: /home/e/ros2_ws/install/unique_identifier_msgs/share/unique_identifier_msgs/cmake/ament_cmake_export_libraries-extras.cmake
[9.148s] -- Installing: /home/e/ros2_ws/install/unique_identifier_msgs/share/unique_identifier_msgs/cmake/ament_cmake_export_targets-extras.cmake
[9.155s] -- Installing: /home/e/ros2_ws/install/unique_identifier_msgs/share/unique_identifier_msgs/cmake/rosidl_cmake_export_typesupport_targets-extras.cmake
[9.155s] -- Installing: /home/e/ros2_ws/install/unique_identifier_msgs/share/unique_identifier_msgs/cmake/ament_cmake_export_dependencies-extras.cmake
[9.155s] -- Installing: /home/e/ros2_ws/install/unique_identifier_msgs/share/unique_identifier_msgs/cmake/rosidl_cmake_export_typesupport_libraries-extras.cmake
[9.155s] -- Installing: /home/e/ros2_ws/install/unique_identifier_msgs/share/unique_identifier_msgs/cmake/unique_identifier_msgsConfig.cmake
[9.155s] -- Installing: /home/e/ros2_ws/install/unique_identifier_msgs/share/unique_identifier_msgs/cmake/unique_identifier_msgsConfig-version.cmake
[9.155s] -- Installing: /home/e/ros2_ws/install/unique_identifier_msgs/share/unique_identifier_msgs/package.xml
[9.155s] -- Installing: /home/e/ros2_ws/install/unique_identifier_msgs/share/unique_identifier_msgs/mapping_rules.yaml
[9.157s] Invoked command in '/home/e/ros2_ws/build/unique_identifier_msgs' returned '0': CMAKE_PREFIX_PATH=${CMAKE_PREFIX_PATH}:/opt/ros/humble /usr/bin/cmake --install /home/e/ros2_ws/build/unique_identifier_msgs
