[0.010s] Invoking command in '/home/e/ros2_ws/build/composition_interfaces': AMENT_PREFIX_PATH=/home/e/ros2_ws/install/rcl_interfaces:/home/e/ros2_ws/install/builtin_interfaces:${AMENT_PREFIX_PATH} CMAKE_PREFIX_PATH=/home/e/ros2_ws/install/rcl_interfaces:/home/e/ros2_ws/install/builtin_interfaces:/home/e/ros2_ws/install/rosidl_typesupport_microxrcedds_cpp:/home/e/ros2_ws/install/rosidl_typesupport_microxrcedds_c:/home/e/ros2_ws/install/microcdr:/home/e/ros2_ws/install/micro_ros_setup:/opt/ros/humble LD_LIBRARY_PATH=/home/e/ros2_ws/install/rcl_interfaces/lib:/home/e/ros2_ws/install/builtin_interfaces/lib:${LD_LIBRARY_PATH} PYTHONPATH=/home/e/ros2_ws/install/rcl_interfaces/local/lib/python3.10/dist-packages:/home/e/ros2_ws/install/builtin_interfaces/local/lib/python3.10/dist-packages:${PYTHONPATH} /usr/bin/cmake /home/e/ros2_ws/src/ros2/rcl_interfaces/composition_interfaces -DBUILD_TESTING=OFF -DBUILD_SHARED_LIBS=ON -DCMAKE_INSTALL_PREFIX=/home/e/ros2_ws/install/composition_interfaces
[0.074s] -- The C compiler identification is GNU 11.4.0
[0.137s] -- The CXX compiler identification is GNU 11.4.0
[0.145s] -- Detecting C compiler ABI info
[0.221s] -- Detecting C compiler ABI info - done
[0.227s] -- Check for working C compiler: /usr/bin/cc - skipped
[0.227s] -- Detecting C compile features
[0.228s] -- Detecting C compile features - done
[0.231s] -- Detecting CXX compiler ABI info
[0.314s] -- Detecting CXX compiler ABI info - done
[0.320s] -- Check for working CXX compiler: /usr/bin/c++ - skipped
[0.320s] -- Detecting CXX compile features
[0.321s] -- Detecting CXX compile features - done
[0.324s] -- Found ament_cmake: 1.3.12 (/opt/ros/humble/share/ament_cmake/cmake)
[0.478s] -- Found Python3: /usr/bin/python3 (found version "3.10.12") found components: Interpreter 
[0.560s] -- Found rosidl_default_generators: 1.2.0 (/opt/ros/humble/share/rosidl_default_generators/cmake)
[0.563s] -- Using all available rosidl_typesupport_c: rosidl_typesupport_microxrcedds_c;rosidl_typesupport_fastrtps_c;rosidl_typesupport_introspection_c
[0.569s] -- Found rosidl_adapter: 3.1.7 (/opt/ros/humble/share/rosidl_adapter/cmake)
[0.612s] -- Using all available rosidl_typesupport_cpp: rosidl_typesupport_microxrcedds_cpp;rosidl_typesupport_fastrtps_cpp;rosidl_typesupport_introspection_cpp
[0.641s] -- Found rcl_interfaces: 1.2.2 (/home/e/ros2_ws/install/rcl_interfaces/share/rcl_interfaces/cmake)
[0.941s] -- Found ament_cmake_ros: 0.10.0 (/opt/ros/humble/share/ament_cmake_ros/cmake)
[1.238s] -- Using all available rosidl_typesupport_c: rosidl_typesupport_microxrcedds_c;rosidl_typesupport_fastrtps_c;rosidl_typesupport_introspection_c
[1.567s] -- Using all available rosidl_typesupport_cpp: rosidl_typesupport_microxrcedds_cpp;rosidl_typesupport_fastrtps_cpp;rosidl_typesupport_introspection_cpp
[1.588s] -- Found PythonInterp: /usr/bin/python3 (found suitable version "3.10.12", minimum required is "3.6") 
[1.589s] -- Found python_cmake_module: 0.10.0 (/opt/ros/humble/share/python_cmake_module/cmake)
[1.614s] -- Found PythonLibs: /usr/lib/x86_64-linux-gnu/libpython3.10.so (found suitable version "3.10.12", minimum required is "3.5") 
[1.614s] -- Using PYTHON_EXECUTABLE: /usr/bin/python3
[1.615s] -- Using PYTHON_INCLUDE_DIRS: /usr/include/python3.10
[1.615s] -- Using PYTHON_LIBRARIES: /usr/lib/x86_64-linux-gnu/libpython3.10.so
[1.634s] -- Found PythonExtra: .so  
[1.681s] -- Configuring done
[1.721s] -- Generating done
[1.735s] -- Build files have been written to: /home/e/ros2_ws/build/composition_interfaces
[1.744s] Invoked command in '/home/e/ros2_ws/build/composition_interfaces' returned '0': AMENT_PREFIX_PATH=/home/e/ros2_ws/install/rcl_interfaces:/home/e/ros2_ws/install/builtin_interfaces:${AMENT_PREFIX_PATH} CMAKE_PREFIX_PATH=/home/e/ros2_ws/install/rcl_interfaces:/home/e/ros2_ws/install/builtin_interfaces:/home/e/ros2_ws/install/rosidl_typesupport_microxrcedds_cpp:/home/e/ros2_ws/install/rosidl_typesupport_microxrcedds_c:/home/e/ros2_ws/install/microcdr:/home/e/ros2_ws/install/micro_ros_setup:/opt/ros/humble LD_LIBRARY_PATH=/home/e/ros2_ws/install/rcl_interfaces/lib:/home/e/ros2_ws/install/builtin_interfaces/lib:${LD_LIBRARY_PATH} PYTHONPATH=/home/e/ros2_ws/install/rcl_interfaces/local/lib/python3.10/dist-packages:/home/e/ros2_ws/install/builtin_interfaces/local/lib/python3.10/dist-packages:${PYTHONPATH} /usr/bin/cmake /home/e/ros2_ws/src/ros2/rcl_interfaces/composition_interfaces -DBUILD_TESTING=OFF -DBUILD_SHARED_LIBS=ON -DCMAKE_INSTALL_PREFIX=/home/e/ros2_ws/install/composition_interfaces
[1.744s] Invoking command in '/home/e/ros2_ws/build/composition_interfaces': AMENT_PREFIX_PATH=/home/e/ros2_ws/install/rcl_interfaces:/home/e/ros2_ws/install/builtin_interfaces:${AMENT_PREFIX_PATH} CMAKE_PREFIX_PATH=/home/e/ros2_ws/install/rcl_interfaces:/home/e/ros2_ws/install/builtin_interfaces:/home/e/ros2_ws/install/rosidl_typesupport_microxrcedds_cpp:/home/e/ros2_ws/install/rosidl_typesupport_microxrcedds_c:/home/e/ros2_ws/install/microcdr:/home/e/ros2_ws/install/micro_ros_setup:/opt/ros/humble LD_LIBRARY_PATH=/home/e/ros2_ws/install/rcl_interfaces/lib:/home/e/ros2_ws/install/builtin_interfaces/lib:${LD_LIBRARY_PATH} PYTHONPATH=/home/e/ros2_ws/install/rcl_interfaces/local/lib/python3.10/dist-packages:/home/e/ros2_ws/install/builtin_interfaces/local/lib/python3.10/dist-packages:${PYTHONPATH} /usr/bin/cmake --build /home/e/ros2_ws/build/composition_interfaces -- -j2 -l2
[1.804s] [  1%] [34m[1mGenerating C++ code for ROS interfaces[0m
[2.475s] [  1%] Built target composition_interfaces__cpp
[2.490s] [  3%] [34m[1mGenerating C code for ROS interfaces[0m
[3.197s] [  5%] [32mBuilding C object CMakeFiles/composition_interfaces__rosidl_generator_c.dir/rosidl_generator_c/composition_interfaces/srv/detail/load_node__functions.c.o[0m
[3.259s] [  6%] [32mBuilding C object CMakeFiles/composition_interfaces__rosidl_generator_c.dir/rosidl_generator_c/composition_interfaces/srv/detail/list_nodes__functions.c.o[0m
[3.315s] [  8%] [32mBuilding C object CMakeFiles/composition_interfaces__rosidl_generator_c.dir/rosidl_generator_c/composition_interfaces/srv/detail/unload_node__functions.c.o[0m
[3.372s] [ 10%] [32m[1mLinking C shared library libcomposition_interfaces__rosidl_generator_c.so[0m
[3.406s] [ 10%] Built target composition_interfaces__rosidl_generator_c
[3.435s] [ 10%] Built target ament_cmake_python_copy_composition_interfaces
[3.446s] [ 11%] [34m[1mGenerating C++ type support dispatch for ROS interfaces[0m
[3.904s] [ 13%] [32mBuilding CXX object CMakeFiles/composition_interfaces__rosidl_typesupport_cpp.dir/rosidl_typesupport_cpp/composition_interfaces/srv/load_node__type_support.cpp.o[0m
[4.134s] [ 15%] [32mBuilding CXX object CMakeFiles/composition_interfaces__rosidl_typesupport_cpp.dir/rosidl_typesupport_cpp/composition_interfaces/srv/list_nodes__type_support.cpp.o[0m
[4.377s] [ 16%] [32mBuilding CXX object CMakeFiles/composition_interfaces__rosidl_typesupport_cpp.dir/rosidl_typesupport_cpp/composition_interfaces/srv/unload_node__type_support.cpp.o[0m
[4.612s] [ 18%] [32m[1mLinking CXX shared library libcomposition_interfaces__rosidl_typesupport_cpp.so[0m
[4.654s] [ 18%] Built target composition_interfaces__rosidl_typesupport_cpp
[4.665s] [ 20%] [34m[1mGenerating C type support for eProsima Micro XRCE-DDS[0m
[5.235s] [ 22%] [32mBuilding C object CMakeFiles/composition_interfaces__rosidl_typesupport_microxrcedds_c.dir/rosidl_typesupport_microxrcedds_c/composition_interfaces/srv/detail/microxrcedds/load_node__type_support_c.c.o[0m
[5.296s] [ 23%] [32mBuilding C object CMakeFiles/composition_interfaces__rosidl_typesupport_microxrcedds_c.dir/rosidl_typesupport_microxrcedds_c/composition_interfaces/srv/detail/microxrcedds/list_nodes__type_support_c.c.o[0m
[5.353s] [ 25%] [32mBuilding C object CMakeFiles/composition_interfaces__rosidl_typesupport_microxrcedds_c.dir/rosidl_typesupport_microxrcedds_c/composition_interfaces/srv/detail/microxrcedds/unload_node__type_support_c.c.o[0m
[5.399s] [ 27%] [32m[1mLinking C shared library libcomposition_interfaces__rosidl_typesupport_microxrcedds_c.so[0m
[5.454s] [ 27%] Built target composition_interfaces__rosidl_typesupport_microxrcedds_c
[5.463s] [ 28%] [34m[1mGenerating C type support for eProsima Fast-RTPS[0m
[6.081s] [ 30%] [32mBuilding CXX object CMakeFiles/composition_interfaces__rosidl_typesupport_fastrtps_c.dir/rosidl_typesupport_fastrtps_c/composition_interfaces/srv/detail/load_node__type_support_c.cpp.o[0m
[6.460s] [ 32%] [32mBuilding CXX object CMakeFiles/composition_interfaces__rosidl_typesupport_fastrtps_c.dir/rosidl_typesupport_fastrtps_c/composition_interfaces/srv/detail/list_nodes__type_support_c.cpp.o[0m
[6.841s] [ 33%] [32mBuilding CXX object CMakeFiles/composition_interfaces__rosidl_typesupport_fastrtps_c.dir/rosidl_typesupport_fastrtps_c/composition_interfaces/srv/detail/unload_node__type_support_c.cpp.o[0m
[7.226s] [ 35%] [32m[1mLinking CXX shared library libcomposition_interfaces__rosidl_typesupport_fastrtps_c.so[0m
[7.315s] [ 35%] Built target composition_interfaces__rosidl_typesupport_fastrtps_c
[7.326s] [ 37%] [34m[1mGenerating C introspection for ROS interfaces[0m
[7.875s] [ 38%] [32mBuilding C object CMakeFiles/composition_interfaces__rosidl_typesupport_introspection_c.dir/rosidl_typesupport_introspection_c/composition_interfaces/srv/detail/load_node__type_support.c.o[0m
[7.931s] [ 40%] [32mBuilding C object CMakeFiles/composition_interfaces__rosidl_typesupport_introspection_c.dir/rosidl_typesupport_introspection_c/composition_interfaces/srv/detail/list_nodes__type_support.c.o[0m
[7.969s] [ 42%] [32mBuilding C object CMakeFiles/composition_interfaces__rosidl_typesupport_introspection_c.dir/rosidl_typesupport_introspection_c/composition_interfaces/srv/detail/unload_node__type_support.c.o[0m
[8.009s] [ 44%] [32m[1mLinking C shared library libcomposition_interfaces__rosidl_typesupport_introspection_c.so[0m
[8.042s] [ 44%] Built target composition_interfaces__rosidl_typesupport_introspection_c
[8.052s] [ 45%] [34m[1mGenerating C type support dispatch for ROS interfaces[0m
[8.533s] [ 47%] [32mBuilding CXX object CMakeFiles/composition_interfaces__rosidl_typesupport_c.dir/rosidl_typesupport_c/composition_interfaces/srv/load_node__type_support.cpp.o[0m
[8.564s] [ 49%] [32mBuilding CXX object CMakeFiles/composition_interfaces__rosidl_typesupport_c.dir/rosidl_typesupport_c/composition_interfaces/srv/list_nodes__type_support.cpp.o[0m
[8.596s] [ 50%] [32mBuilding CXX object CMakeFiles/composition_interfaces__rosidl_typesupport_c.dir/rosidl_typesupport_c/composition_interfaces/srv/unload_node__type_support.cpp.o[0m
[8.632s] [ 52%] [32m[1mLinking CXX shared library libcomposition_interfaces__rosidl_typesupport_c.so[0m
[8.672s] [ 52%] Built target composition_interfaces__rosidl_typesupport_c
[8.685s] [ 54%] [34m[1mGenerating C++ type support for eProsima Micro XRCE-DDS[0m
[9.308s] [ 55%] [32mBuilding CXX object CMakeFiles/composition_interfaces__rosidl_typesupport_microxrcedds_cpp.dir/rosidl_typesupport_microxrcedds_cpp/composition_interfaces/srv/detail/microxrcedds/load_node__type_support_cpp.cpp.o[0m
[9.739s] [ 57%] [32mBuilding CXX object CMakeFiles/composition_interfaces__rosidl_typesupport_microxrcedds_cpp.dir/rosidl_typesupport_microxrcedds_cpp/composition_interfaces/srv/detail/microxrcedds/list_nodes__type_support_cpp.cpp.o[0m
[10.096s] [ 59%] [32mBuilding CXX object CMakeFiles/composition_interfaces__rosidl_typesupport_microxrcedds_cpp.dir/rosidl_typesupport_microxrcedds_cpp/composition_interfaces/srv/detail/microxrcedds/unload_node__type_support_cpp.cpp.o[0m
[10.373s] [ 61%] [32m[1mLinking CXX shared library libcomposition_interfaces__rosidl_typesupport_microxrcedds_cpp.so[0m
[10.465s] [ 61%] Built target composition_interfaces__rosidl_typesupport_microxrcedds_cpp
[10.476s] [ 62%] [34m[1mGenerating C++ type support for eProsima Fast-RTPS[0m
[11.077s] [ 64%] [32mBuilding CXX object CMakeFiles/composition_interfaces__rosidl_typesupport_fastrtps_cpp.dir/rosidl_typesupport_fastrtps_cpp/composition_interfaces/srv/detail/dds_fastrtps/load_node__type_support.cpp.o[0m
[11.590s] [ 66%] [32mBuilding CXX object CMakeFiles/composition_interfaces__rosidl_typesupport_fastrtps_cpp.dir/rosidl_typesupport_fastrtps_cpp/composition_interfaces/srv/detail/dds_fastrtps/list_nodes__type_support.cpp.o[0m
[12.052s] [ 67%] [32mBuilding CXX object CMakeFiles/composition_interfaces__rosidl_typesupport_fastrtps_cpp.dir/rosidl_typesupport_fastrtps_cpp/composition_interfaces/srv/detail/dds_fastrtps/unload_node__type_support.cpp.o[0m
[12.421s] [ 69%] [32m[1mLinking CXX shared library libcomposition_interfaces__rosidl_typesupport_fastrtps_cpp.so[0m
[12.515s] [ 69%] Built target composition_interfaces__rosidl_typesupport_fastrtps_cpp
[12.530s] [ 71%] [34m[1mGenerating C++ introspection for ROS interfaces[0m
[13.078s] [ 72%] [32mBuilding CXX object CMakeFiles/composition_interfaces__rosidl_typesupport_introspection_cpp.dir/rosidl_typesupport_introspection_cpp/composition_interfaces/srv/detail/load_node__type_support.cpp.o[0m
[13.681s] [ 74%] [32mBuilding CXX object CMakeFiles/composition_interfaces__rosidl_typesupport_introspection_cpp.dir/rosidl_typesupport_introspection_cpp/composition_interfaces/srv/detail/list_nodes__type_support.cpp.o[0m
[14.101s] [ 76%] [32mBuilding CXX object CMakeFiles/composition_interfaces__rosidl_typesupport_introspection_cpp.dir/rosidl_typesupport_introspection_cpp/composition_interfaces/srv/detail/unload_node__type_support.cpp.o[0m
[14.471s] [ 77%] [32m[1mLinking CXX shared library libcomposition_interfaces__rosidl_typesupport_introspection_cpp.so[0m
[14.565s] [ 77%] Built target composition_interfaces__rosidl_typesupport_introspection_cpp
[14.775s] running egg_info
[14.775s] creating composition_interfaces.egg-info
[14.775s] writing composition_interfaces.egg-info/PKG-INFO
[14.775s] writing dependency_links to composition_interfaces.egg-info/dependency_links.txt
[14.775s] writing top-level names to composition_interfaces.egg-info/top_level.txt
[14.776s] writing manifest file 'composition_interfaces.egg-info/SOURCES.txt'
[14.777s] reading manifest file 'composition_interfaces.egg-info/SOURCES.txt'
[14.778s] writing manifest file 'composition_interfaces.egg-info/SOURCES.txt'
[14.808s] [ 77%] Built target ament_cmake_python_build_composition_interfaces_egg
[14.829s] [ 77%] Built target composition_interfaces
[14.855s] [ 79%] [34m[1mGenerating Python code for ROS interfaces[0m
[15.856s] [ 79%] Built target composition_interfaces__py
[15.877s] [ 81%] [32mBuilding C object CMakeFiles/composition_interfaces__rosidl_generator_py.dir/rosidl_generator_py/composition_interfaces/srv/_load_node_s.c.o[0m
[16.018s] [ 83%] [32mBuilding C object CMakeFiles/composition_interfaces__rosidl_generator_py.dir/rosidl_generator_py/composition_interfaces/srv/_list_nodes_s.c.o[0m
[16.216s] [ 84%] [32mBuilding C object CMakeFiles/composition_interfaces__rosidl_generator_py.dir/rosidl_generator_py/composition_interfaces/srv/_unload_node_s.c.o[0m
[16.361s] [ 86%] [32m[1mLinking C shared library rosidl_generator_py/composition_interfaces/libcomposition_interfaces__rosidl_generator_py.so[0m
[16.428s] [ 86%] Built target composition_interfaces__rosidl_generator_py
[16.454s] [ 88%] [32mBuilding C object CMakeFiles/composition_interfaces__rosidl_typesupport_microxrcedds_c__pyext.dir/rosidl_generator_py/composition_interfaces/_composition_interfaces_s.ep.rosidl_typesupport_microxrcedds_c.c.o[0m
[16.648s] [ 89%] [32m[1mLinking C shared library rosidl_generator_py/composition_interfaces/composition_interfaces_s__rosidl_typesupport_microxrcedds_c.cpython-310-x86_64-linux-gnu.so[0m
[16.738s] [ 89%] Built target composition_interfaces__rosidl_typesupport_microxrcedds_c__pyext
[16.793s] [ 91%] [32mBuilding C object CMakeFiles/composition_interfaces__rosidl_typesupport_fastrtps_c__pyext.dir/rosidl_generator_py/composition_interfaces/_composition_interfaces_s.ep.rosidl_typesupport_fastrtps_c.c.o[0m
[17.032s] [ 93%] [32m[1mLinking C shared library rosidl_generator_py/composition_interfaces/composition_interfaces_s__rosidl_typesupport_fastrtps_c.cpython-310-x86_64-linux-gnu.so[0m
[17.117s] [ 93%] Built target composition_interfaces__rosidl_typesupport_fastrtps_c__pyext
[17.153s] [ 94%] [32mBuilding C object CMakeFiles/composition_interfaces__rosidl_typesupport_introspection_c__pyext.dir/rosidl_generator_py/composition_interfaces/_composition_interfaces_s.ep.rosidl_typesupport_introspection_c.c.o[0m
[17.322s] [ 96%] [32m[1mLinking C shared library rosidl_generator_py/composition_interfaces/composition_interfaces_s__rosidl_typesupport_introspection_c.cpython-310-x86_64-linux-gnu.so[0m
[17.385s] [ 96%] Built target composition_interfaces__rosidl_typesupport_introspection_c__pyext
[17.420s] [ 98%] [32mBuilding C object CMakeFiles/composition_interfaces__rosidl_typesupport_c__pyext.dir/rosidl_generator_py/composition_interfaces/_composition_interfaces_s.ep.rosidl_typesupport_c.c.o[0m
[17.573s] [100%] [32m[1mLinking C shared library rosidl_generator_py/composition_interfaces/composition_interfaces_s__rosidl_typesupport_c.cpython-310-x86_64-linux-gnu.so[0m
[17.629s] [100%] Built target composition_interfaces__rosidl_typesupport_c__pyext
[17.645s] Invoked command in '/home/e/ros2_ws/build/composition_interfaces' returned '0': AMENT_PREFIX_PATH=/home/e/ros2_ws/install/rcl_interfaces:/home/e/ros2_ws/install/builtin_interfaces:${AMENT_PREFIX_PATH} CMAKE_PREFIX_PATH=/home/e/ros2_ws/install/rcl_interfaces:/home/e/ros2_ws/install/builtin_interfaces:/home/e/ros2_ws/install/rosidl_typesupport_microxrcedds_cpp:/home/e/ros2_ws/install/rosidl_typesupport_microxrcedds_c:/home/e/ros2_ws/install/microcdr:/home/e/ros2_ws/install/micro_ros_setup:/opt/ros/humble LD_LIBRARY_PATH=/home/e/ros2_ws/install/rcl_interfaces/lib:/home/e/ros2_ws/install/builtin_interfaces/lib:${LD_LIBRARY_PATH} PYTHONPATH=/home/e/ros2_ws/install/rcl_interfaces/local/lib/python3.10/dist-packages:/home/e/ros2_ws/install/builtin_interfaces/local/lib/python3.10/dist-packages:${PYTHONPATH} /usr/bin/cmake --build /home/e/ros2_ws/build/composition_interfaces -- -j2 -l2
[17.648s] Invoking command in '/home/e/ros2_ws/build/composition_interfaces': AMENT_PREFIX_PATH=/home/e/ros2_ws/install/rcl_interfaces:/home/e/ros2_ws/install/builtin_interfaces:${AMENT_PREFIX_PATH} CMAKE_PREFIX_PATH=/home/e/ros2_ws/install/rcl_interfaces:/home/e/ros2_ws/install/builtin_interfaces:/home/e/ros2_ws/install/rosidl_typesupport_microxrcedds_cpp:/home/e/ros2_ws/install/rosidl_typesupport_microxrcedds_c:/home/e/ros2_ws/install/microcdr:/home/e/ros2_ws/install/micro_ros_setup:/opt/ros/humble LD_LIBRARY_PATH=/home/e/ros2_ws/install/rcl_interfaces/lib:/home/e/ros2_ws/install/builtin_interfaces/lib:${LD_LIBRARY_PATH} PYTHONPATH=/home/e/ros2_ws/install/rcl_interfaces/local/lib/python3.10/dist-packages:/home/e/ros2_ws/install/builtin_interfaces/local/lib/python3.10/dist-packages:${PYTHONPATH} /usr/bin/cmake --install /home/e/ros2_ws/build/composition_interfaces
[17.661s] -- Install configuration: ""
[17.662s] -- Installing: /home/e/ros2_ws/install/composition_interfaces/share/ament_index/resource_index/rosidl_interfaces/composition_interfaces
[17.663s] -- Installing: /home/e/ros2_ws/install/composition_interfaces/include/composition_interfaces/composition_interfaces
[17.663s] -- Installing: /home/e/ros2_ws/install/composition_interfaces/include/composition_interfaces/composition_interfaces/msg
[17.663s] -- Installing: /home/e/ros2_ws/install/composition_interfaces/include/composition_interfaces/composition_interfaces/msg/rosidl_generator_c__visibility_control.h
[17.664s] -- Installing: /home/e/ros2_ws/install/composition_interfaces/include/composition_interfaces/composition_interfaces/srv
[17.664s] -- Installing: /home/e/ros2_ws/install/composition_interfaces/include/composition_interfaces/composition_interfaces/srv/unload_node.h
[17.664s] -- Installing: /home/e/ros2_ws/install/composition_interfaces/include/composition_interfaces/composition_interfaces/srv/list_nodes.h
[17.664s] -- Installing: /home/e/ros2_ws/install/composition_interfaces/include/composition_interfaces/composition_interfaces/srv/load_node.h
[17.664s] -- Installing: /home/e/ros2_ws/install/composition_interfaces/include/composition_interfaces/composition_interfaces/srv/detail
[17.664s] -- Installing: /home/e/ros2_ws/install/composition_interfaces/include/composition_interfaces/composition_interfaces/srv/detail/load_node__type_support.h
[17.665s] -- Installing: /home/e/ros2_ws/install/composition_interfaces/include/composition_interfaces/composition_interfaces/srv/detail/list_nodes__functions.c
[17.665s] -- Installing: /home/e/ros2_ws/install/composition_interfaces/include/composition_interfaces/composition_interfaces/srv/detail/list_nodes__functions.h
[17.665s] -- Installing: /home/e/ros2_ws/install/composition_interfaces/include/composition_interfaces/composition_interfaces/srv/detail/load_node__struct.h
[17.665s] -- Installing: /home/e/ros2_ws/install/composition_interfaces/include/composition_interfaces/composition_interfaces/srv/detail/list_nodes__struct.h
[17.665s] -- Installing: /home/e/ros2_ws/install/composition_interfaces/include/composition_interfaces/composition_interfaces/srv/detail/list_nodes__type_support.h
[17.666s] -- Installing: /home/e/ros2_ws/install/composition_interfaces/include/composition_interfaces/composition_interfaces/srv/detail/unload_node__functions.h
[17.666s] -- Installing: /home/e/ros2_ws/install/composition_interfaces/include/composition_interfaces/composition_interfaces/srv/detail/load_node__functions.c
[17.666s] -- Installing: /home/e/ros2_ws/install/composition_interfaces/include/composition_interfaces/composition_interfaces/srv/detail/unload_node__struct.h
[17.666s] -- Installing: /home/e/ros2_ws/install/composition_interfaces/include/composition_interfaces/composition_interfaces/srv/detail/load_node__functions.h
[17.666s] -- Installing: /home/e/ros2_ws/install/composition_interfaces/include/composition_interfaces/composition_interfaces/srv/detail/unload_node__functions.c
[17.667s] -- Installing: /home/e/ros2_ws/install/composition_interfaces/include/composition_interfaces/composition_interfaces/srv/detail/unload_node__type_support.h
[17.667s] -- Installing: /home/e/ros2_ws/install/composition_interfaces/share/composition_interfaces/environment/library_path.sh
[17.667s] -- Installing: /home/e/ros2_ws/install/composition_interfaces/share/composition_interfaces/environment/library_path.dsv
[17.667s] -- Installing: /home/e/ros2_ws/install/composition_interfaces/lib/libcomposition_interfaces__rosidl_generator_c.so
[17.668s] -- Set runtime path of "/home/e/ros2_ws/install/composition_interfaces/lib/libcomposition_interfaces__rosidl_generator_c.so" to ""
[17.668s] -- Up-to-date: /home/e/ros2_ws/install/composition_interfaces/include/composition_interfaces/composition_interfaces
[17.668s] -- Up-to-date: /home/e/ros2_ws/install/composition_interfaces/include/composition_interfaces/composition_interfaces/msg
[17.668s] -- Installing: /home/e/ros2_ws/install/composition_interfaces/include/composition_interfaces/composition_interfaces/msg/rosidl_typesupport_microxrcedds_c__visibility_control.h
[17.669s] -- Up-to-date: /home/e/ros2_ws/install/composition_interfaces/include/composition_interfaces/composition_interfaces/srv
[17.669s] -- Up-to-date: /home/e/ros2_ws/install/composition_interfaces/include/composition_interfaces/composition_interfaces/srv/detail
[17.669s] -- Installing: /home/e/ros2_ws/install/composition_interfaces/include/composition_interfaces/composition_interfaces/srv/detail/list_nodes__rosidl_typesupport_microxrcedds_c.h
[17.669s] -- Installing: /home/e/ros2_ws/install/composition_interfaces/include/composition_interfaces/composition_interfaces/srv/detail/load_node__rosidl_typesupport_microxrcedds_c.h
[17.670s] -- Installing: /home/e/ros2_ws/install/composition_interfaces/include/composition_interfaces/composition_interfaces/srv/detail/microxrcedds
[17.671s] -- Installing: /home/e/ros2_ws/install/composition_interfaces/include/composition_interfaces/composition_interfaces/srv/detail/unload_node__rosidl_typesupport_microxrcedds_c.h
[17.671s] -- Installing: /home/e/ros2_ws/install/composition_interfaces/lib/libcomposition_interfaces__rosidl_typesupport_microxrcedds_c.so
[17.671s] -- Set runtime path of "/home/e/ros2_ws/install/composition_interfaces/lib/libcomposition_interfaces__rosidl_typesupport_microxrcedds_c.so" to ""
[17.671s] -- Up-to-date: /home/e/ros2_ws/install/composition_interfaces/include/composition_interfaces/composition_interfaces
[17.672s] -- Up-to-date: /home/e/ros2_ws/install/composition_interfaces/include/composition_interfaces/composition_interfaces/msg
[17.672s] -- Installing: /home/e/ros2_ws/install/composition_interfaces/include/composition_interfaces/composition_interfaces/msg/rosidl_typesupport_fastrtps_c__visibility_control.h
[17.672s] -- Up-to-date: /home/e/ros2_ws/install/composition_interfaces/include/composition_interfaces/composition_interfaces/srv
[17.672s] -- Up-to-date: /home/e/ros2_ws/install/composition_interfaces/include/composition_interfaces/composition_interfaces/srv/detail
[17.673s] -- Installing: /home/e/ros2_ws/install/composition_interfaces/include/composition_interfaces/composition_interfaces/srv/detail/unload_node__rosidl_typesupport_fastrtps_c.h
[17.673s] -- Installing: /home/e/ros2_ws/install/composition_interfaces/include/composition_interfaces/composition_interfaces/srv/detail/list_nodes__rosidl_typesupport_fastrtps_c.h
[17.673s] -- Installing: /home/e/ros2_ws/install/composition_interfaces/include/composition_interfaces/composition_interfaces/srv/detail/load_node__rosidl_typesupport_fastrtps_c.h
[17.673s] -- Installing: /home/e/ros2_ws/install/composition_interfaces/lib/libcomposition_interfaces__rosidl_typesupport_fastrtps_c.so
[17.674s] -- Set runtime path of "/home/e/ros2_ws/install/composition_interfaces/lib/libcomposition_interfaces__rosidl_typesupport_fastrtps_c.so" to ""
[17.674s] -- Up-to-date: /home/e/ros2_ws/install/composition_interfaces/include/composition_interfaces/composition_interfaces
[17.674s] -- Up-to-date: /home/e/ros2_ws/install/composition_interfaces/include/composition_interfaces/composition_interfaces/msg
[17.674s] -- Installing: /home/e/ros2_ws/install/composition_interfaces/include/composition_interfaces/composition_interfaces/msg/rosidl_typesupport_introspection_c__visibility_control.h
[17.674s] -- Up-to-date: /home/e/ros2_ws/install/composition_interfaces/include/composition_interfaces/composition_interfaces/srv
[17.674s] -- Up-to-date: /home/e/ros2_ws/install/composition_interfaces/include/composition_interfaces/composition_interfaces/srv/detail
[17.675s] -- Installing: /home/e/ros2_ws/install/composition_interfaces/include/composition_interfaces/composition_interfaces/srv/detail/unload_node__type_support.c
[17.675s] -- Installing: /home/e/ros2_ws/install/composition_interfaces/include/composition_interfaces/composition_interfaces/srv/detail/load_node__type_support.c
[17.675s] -- Installing: /home/e/ros2_ws/install/composition_interfaces/include/composition_interfaces/composition_interfaces/srv/detail/list_nodes__rosidl_typesupport_introspection_c.h
[17.675s] -- Installing: /home/e/ros2_ws/install/composition_interfaces/include/composition_interfaces/composition_interfaces/srv/detail/unload_node__rosidl_typesupport_introspection_c.h
[17.675s] -- Installing: /home/e/ros2_ws/install/composition_interfaces/include/composition_interfaces/composition_interfaces/srv/detail/load_node__rosidl_typesupport_introspection_c.h
[17.675s] -- Installing: /home/e/ros2_ws/install/composition_interfaces/include/composition_interfaces/composition_interfaces/srv/detail/list_nodes__type_support.c
[17.676s] -- Installing: /home/e/ros2_ws/install/composition_interfaces/lib/libcomposition_interfaces__rosidl_typesupport_introspection_c.so
[17.676s] -- Set runtime path of "/home/e/ros2_ws/install/composition_interfaces/lib/libcomposition_interfaces__rosidl_typesupport_introspection_c.so" to ""
[17.676s] -- Installing: /home/e/ros2_ws/install/composition_interfaces/lib/libcomposition_interfaces__rosidl_typesupport_c.so
[17.677s] -- Set runtime path of "/home/e/ros2_ws/install/composition_interfaces/lib/libcomposition_interfaces__rosidl_typesupport_c.so" to ""
[17.677s] -- Up-to-date: /home/e/ros2_ws/install/composition_interfaces/include/composition_interfaces/composition_interfaces
[17.677s] -- Up-to-date: /home/e/ros2_ws/install/composition_interfaces/include/composition_interfaces/composition_interfaces/msg
[17.677s] -- Installing: /home/e/ros2_ws/install/composition_interfaces/include/composition_interfaces/composition_interfaces/msg/rosidl_generator_cpp__visibility_control.hpp
[17.678s] -- Up-to-date: /home/e/ros2_ws/install/composition_interfaces/include/composition_interfaces/composition_interfaces/srv
[17.678s] -- Installing: /home/e/ros2_ws/install/composition_interfaces/include/composition_interfaces/composition_interfaces/srv/unload_node.hpp
[17.680s] -- Up-to-date: /home/e/ros2_ws/install/composition_interfaces/include/composition_interfaces/composition_interfaces/srv/detail
[17.681s] -- Installing: /home/e/ros2_ws/install/composition_interfaces/include/composition_interfaces/composition_interfaces/srv/detail/load_node__struct.hpp
[17.681s] -- Installing: /home/e/ros2_ws/install/composition_interfaces/include/composition_interfaces/composition_interfaces/srv/detail/list_nodes__builder.hpp
[17.681s] -- Installing: /home/e/ros2_ws/install/composition_interfaces/include/composition_interfaces/composition_interfaces/srv/detail/unload_node__traits.hpp
[17.681s] -- Installing: /home/e/ros2_ws/install/composition_interfaces/include/composition_interfaces/composition_interfaces/srv/detail/load_node__traits.hpp
[17.681s] -- Installing: /home/e/ros2_ws/install/composition_interfaces/include/composition_interfaces/composition_interfaces/srv/detail/unload_node__struct.hpp
[17.681s] -- Installing: /home/e/ros2_ws/install/composition_interfaces/include/composition_interfaces/composition_interfaces/srv/detail/unload_node__builder.hpp
[17.682s] -- Installing: /home/e/ros2_ws/install/composition_interfaces/include/composition_interfaces/composition_interfaces/srv/detail/load_node__type_support.hpp
[17.682s] -- Installing: /home/e/ros2_ws/install/composition_interfaces/include/composition_interfaces/composition_interfaces/srv/detail/list_nodes__struct.hpp
[17.682s] -- Installing: /home/e/ros2_ws/install/composition_interfaces/include/composition_interfaces/composition_interfaces/srv/detail/unload_node__type_support.hpp
[17.682s] -- Installing: /home/e/ros2_ws/install/composition_interfaces/include/composition_interfaces/composition_interfaces/srv/detail/load_node__builder.hpp
[17.682s] -- Installing: /home/e/ros2_ws/install/composition_interfaces/include/composition_interfaces/composition_interfaces/srv/detail/list_nodes__traits.hpp
[17.683s] -- Installing: /home/e/ros2_ws/install/composition_interfaces/include/composition_interfaces/composition_interfaces/srv/detail/list_nodes__type_support.hpp
[17.683s] -- Installing: /home/e/ros2_ws/install/composition_interfaces/include/composition_interfaces/composition_interfaces/srv/load_node.hpp
[17.683s] -- Installing: /home/e/ros2_ws/install/composition_interfaces/include/composition_interfaces/composition_interfaces/srv/list_nodes.hpp
[17.683s] -- Up-to-date: /home/e/ros2_ws/install/composition_interfaces/include/composition_interfaces/composition_interfaces
[17.683s] -- Up-to-date: /home/e/ros2_ws/install/composition_interfaces/include/composition_interfaces/composition_interfaces/msg
[17.683s] -- Installing: /home/e/ros2_ws/install/composition_interfaces/include/composition_interfaces/composition_interfaces/msg/rosidl_typesupport_microxrcedds_cpp__visibility_control.h
[17.684s] -- Up-to-date: /home/e/ros2_ws/install/composition_interfaces/include/composition_interfaces/composition_interfaces/srv
[17.684s] -- Up-to-date: /home/e/ros2_ws/install/composition_interfaces/include/composition_interfaces/composition_interfaces/srv/detail
[17.684s] -- Installing: /home/e/ros2_ws/install/composition_interfaces/include/composition_interfaces/composition_interfaces/srv/detail/unload_node__rosidl_typesupport_microxrcedds_cpp.hpp
[17.684s] -- Up-to-date: /home/e/ros2_ws/install/composition_interfaces/include/composition_interfaces/composition_interfaces/srv/detail/microxrcedds
[17.685s] -- Installing: /home/e/ros2_ws/install/composition_interfaces/include/composition_interfaces/composition_interfaces/srv/detail/list_nodes__rosidl_typesupport_microxrcedds_cpp.hpp
[17.685s] -- Installing: /home/e/ros2_ws/install/composition_interfaces/include/composition_interfaces/composition_interfaces/srv/detail/load_node__rosidl_typesupport_microxrcedds_cpp.hpp
[17.685s] -- Installing: /home/e/ros2_ws/install/composition_interfaces/lib/libcomposition_interfaces__rosidl_typesupport_microxrcedds_cpp.so
[17.686s] -- Set runtime path of "/home/e/ros2_ws/install/composition_interfaces/lib/libcomposition_interfaces__rosidl_typesupport_microxrcedds_cpp.so" to ""
[17.687s] -- Up-to-date: /home/e/ros2_ws/install/composition_interfaces/include/composition_interfaces/composition_interfaces
[17.687s] -- Up-to-date: /home/e/ros2_ws/install/composition_interfaces/include/composition_interfaces/composition_interfaces/msg
[17.689s] -- Installing: /home/e/ros2_ws/install/composition_interfaces/include/composition_interfaces/composition_interfaces/msg/rosidl_typesupport_fastrtps_cpp__visibility_control.h
[17.689s] -- Up-to-date: /home/e/ros2_ws/install/composition_interfaces/include/composition_interfaces/composition_interfaces/srv
[17.689s] -- Up-to-date: /home/e/ros2_ws/install/composition_interfaces/include/composition_interfaces/composition_interfaces/srv/detail
[17.690s] -- Installing: /home/e/ros2_ws/install/composition_interfaces/include/composition_interfaces/composition_interfaces/srv/detail/list_nodes__rosidl_typesupport_fastrtps_cpp.hpp
[17.690s] -- Installing: /home/e/ros2_ws/install/composition_interfaces/include/composition_interfaces/composition_interfaces/srv/detail/dds_fastrtps
[17.690s] -- Installing: /home/e/ros2_ws/install/composition_interfaces/include/composition_interfaces/composition_interfaces/srv/detail/load_node__rosidl_typesupport_fastrtps_cpp.hpp
[17.690s] -- Installing: /home/e/ros2_ws/install/composition_interfaces/include/composition_interfaces/composition_interfaces/srv/detail/unload_node__rosidl_typesupport_fastrtps_cpp.hpp
[17.690s] -- Installing: /home/e/ros2_ws/install/composition_interfaces/lib/libcomposition_interfaces__rosidl_typesupport_fastrtps_cpp.so
[17.692s] -- Set runtime path of "/home/e/ros2_ws/install/composition_interfaces/lib/libcomposition_interfaces__rosidl_typesupport_fastrtps_cpp.so" to ""
[17.692s] -- Up-to-date: /home/e/ros2_ws/install/composition_interfaces/include/composition_interfaces/composition_interfaces
[17.692s] -- Up-to-date: /home/e/ros2_ws/install/composition_interfaces/include/composition_interfaces/composition_interfaces/srv
[17.692s] -- Up-to-date: /home/e/ros2_ws/install/composition_interfaces/include/composition_interfaces/composition_interfaces/srv/detail
[17.692s] -- Installing: /home/e/ros2_ws/install/composition_interfaces/include/composition_interfaces/composition_interfaces/srv/detail/unload_node__rosidl_typesupport_introspection_cpp.hpp
[17.693s] -- Installing: /home/e/ros2_ws/install/composition_interfaces/include/composition_interfaces/composition_interfaces/srv/detail/load_node__rosidl_typesupport_introspection_cpp.hpp
[17.693s] -- Installing: /home/e/ros2_ws/install/composition_interfaces/include/composition_interfaces/composition_interfaces/srv/detail/unload_node__type_support.cpp
[17.693s] -- Installing: /home/e/ros2_ws/install/composition_interfaces/include/composition_interfaces/composition_interfaces/srv/detail/list_nodes__type_support.cpp
[17.693s] -- Installing: /home/e/ros2_ws/install/composition_interfaces/include/composition_interfaces/composition_interfaces/srv/detail/list_nodes__rosidl_typesupport_introspection_cpp.hpp
[17.693s] -- Installing: /home/e/ros2_ws/install/composition_interfaces/include/composition_interfaces/composition_interfaces/srv/detail/load_node__type_support.cpp
[17.693s] -- Installing: /home/e/ros2_ws/install/composition_interfaces/lib/libcomposition_interfaces__rosidl_typesupport_introspection_cpp.so
[17.694s] -- Set runtime path of "/home/e/ros2_ws/install/composition_interfaces/lib/libcomposition_interfaces__rosidl_typesupport_introspection_cpp.so" to ""
[17.694s] -- Installing: /home/e/ros2_ws/install/composition_interfaces/lib/libcomposition_interfaces__rosidl_typesupport_cpp.so
[17.695s] -- Set runtime path of "/home/e/ros2_ws/install/composition_interfaces/lib/libcomposition_interfaces__rosidl_typesupport_cpp.so" to ""
[17.695s] -- Installing: /home/e/ros2_ws/install/composition_interfaces/share/composition_interfaces/environment/pythonpath.sh
[17.695s] -- Installing: /home/e/ros2_ws/install/composition_interfaces/share/composition_interfaces/environment/pythonpath.dsv
[17.695s] -- Installing: /home/e/ros2_ws/install/composition_interfaces/local/lib/python3.10/dist-packages/composition_interfaces-1.2.2-py3.10.egg-info
[17.696s] -- Installing: /home/e/ros2_ws/install/composition_interfaces/local/lib/python3.10/dist-packages/composition_interfaces-1.2.2-py3.10.egg-info/PKG-INFO
[17.696s] -- Installing: /home/e/ros2_ws/install/composition_interfaces/local/lib/python3.10/dist-packages/composition_interfaces-1.2.2-py3.10.egg-info/top_level.txt
[17.696s] -- Installing: /home/e/ros2_ws/install/composition_interfaces/local/lib/python3.10/dist-packages/composition_interfaces-1.2.2-py3.10.egg-info/SOURCES.txt
[17.697s] -- Installing: /home/e/ros2_ws/install/composition_interfaces/local/lib/python3.10/dist-packages/composition_interfaces-1.2.2-py3.10.egg-info/dependency_links.txt
[17.698s] -- Installing: /home/e/ros2_ws/install/composition_interfaces/local/lib/python3.10/dist-packages/composition_interfaces
[17.698s] -- Installing: /home/e/ros2_ws/install/composition_interfaces/local/lib/python3.10/dist-packages/composition_interfaces/composition_interfaces_s__rosidl_typesupport_introspection_c.cpython-310-x86_64-linux-gnu.so
[17.698s] -- Installing: /home/e/ros2_ws/install/composition_interfaces/local/lib/python3.10/dist-packages/composition_interfaces/_composition_interfaces_s.ep.rosidl_typesupport_fastrtps_c.c
[17.699s] -- Installing: /home/e/ros2_ws/install/composition_interfaces/local/lib/python3.10/dist-packages/composition_interfaces/srv
[17.699s] -- Installing: /home/e/ros2_ws/install/composition_interfaces/local/lib/python3.10/dist-packages/composition_interfaces/srv/_load_node.py
[17.699s] -- Installing: /home/e/ros2_ws/install/composition_interfaces/local/lib/python3.10/dist-packages/composition_interfaces/srv/_unload_node.py
[17.699s] -- Installing: /home/e/ros2_ws/install/composition_interfaces/local/lib/python3.10/dist-packages/composition_interfaces/srv/_load_node_s.c
[17.700s] -- Installing: /home/e/ros2_ws/install/composition_interfaces/local/lib/python3.10/dist-packages/composition_interfaces/srv/_list_nodes_s.c
[17.700s] -- Installing: /home/e/ros2_ws/install/composition_interfaces/local/lib/python3.10/dist-packages/composition_interfaces/srv/_unload_node_s.c
[17.700s] -- Installing: /home/e/ros2_ws/install/composition_interfaces/local/lib/python3.10/dist-packages/composition_interfaces/srv/__init__.py
[17.700s] -- Installing: /home/e/ros2_ws/install/composition_interfaces/local/lib/python3.10/dist-packages/composition_interfaces/srv/_list_nodes.py
[17.700s] -- Installing: /home/e/ros2_ws/install/composition_interfaces/local/lib/python3.10/dist-packages/composition_interfaces/_composition_interfaces_s.ep.rosidl_typesupport_introspection_c.c
[17.700s] -- Installing: /home/e/ros2_ws/install/composition_interfaces/local/lib/python3.10/dist-packages/composition_interfaces/composition_interfaces_s__rosidl_typesupport_c.cpython-310-x86_64-linux-gnu.so
[17.701s] -- Installing: /home/e/ros2_ws/install/composition_interfaces/local/lib/python3.10/dist-packages/composition_interfaces/libcomposition_interfaces__rosidl_generator_py.so
[17.701s] -- Installing: /home/e/ros2_ws/install/composition_interfaces/local/lib/python3.10/dist-packages/composition_interfaces/composition_interfaces_s__rosidl_typesupport_microxrcedds_c.cpython-310-x86_64-linux-gnu.so
[17.701s] -- Installing: /home/e/ros2_ws/install/composition_interfaces/local/lib/python3.10/dist-packages/composition_interfaces/_composition_interfaces_s.ep.rosidl_typesupport_microxrcedds_c.c
[17.701s] -- Installing: /home/e/ros2_ws/install/composition_interfaces/local/lib/python3.10/dist-packages/composition_interfaces/_composition_interfaces_s.ep.rosidl_typesupport_c.c
[17.702s] -- Installing: /home/e/ros2_ws/install/composition_interfaces/local/lib/python3.10/dist-packages/composition_interfaces/__init__.py
[17.702s] -- Installing: /home/e/ros2_ws/install/composition_interfaces/local/lib/python3.10/dist-packages/composition_interfaces/composition_interfaces_s__rosidl_typesupport_fastrtps_c.cpython-310-x86_64-linux-gnu.so
[17.760s] Listing '/home/e/ros2_ws/install/composition_interfaces/local/lib/python3.10/dist-packages/composition_interfaces'...
[17.760s] Compiling '/home/e/ros2_ws/install/composition_interfaces/local/lib/python3.10/dist-packages/composition_interfaces/__init__.py'...
[17.760s] Listing '/home/e/ros2_ws/install/composition_interfaces/local/lib/python3.10/dist-packages/composition_interfaces/srv'...
[17.760s] Compiling '/home/e/ros2_ws/install/composition_interfaces/local/lib/python3.10/dist-packages/composition_interfaces/srv/__init__.py'...
[17.760s] Compiling '/home/e/ros2_ws/install/composition_interfaces/local/lib/python3.10/dist-packages/composition_interfaces/srv/_list_nodes.py'...
[17.760s] Compiling '/home/e/ros2_ws/install/composition_interfaces/local/lib/python3.10/dist-packages/composition_interfaces/srv/_load_node.py'...
[17.760s] Compiling '/home/e/ros2_ws/install/composition_interfaces/local/lib/python3.10/dist-packages/composition_interfaces/srv/_unload_node.py'...
[17.766s] -- Installing: /home/e/ros2_ws/install/composition_interfaces/local/lib/python3.10/dist-packages/composition_interfaces/composition_interfaces_s__rosidl_typesupport_microxrcedds_c.cpython-310-x86_64-linux-gnu.so
[17.767s] -- Set runtime path of "/home/e/ros2_ws/install/composition_interfaces/local/lib/python3.10/dist-packages/composition_interfaces/composition_interfaces_s__rosidl_typesupport_microxrcedds_c.cpython-310-x86_64-linux-gnu.so" to ""
[17.768s] -- Installing: /home/e/ros2_ws/install/composition_interfaces/local/lib/python3.10/dist-packages/composition_interfaces/composition_interfaces_s__rosidl_typesupport_fastrtps_c.cpython-310-x86_64-linux-gnu.so
[17.770s] -- Set runtime path of "/home/e/ros2_ws/install/composition_interfaces/local/lib/python3.10/dist-packages/composition_interfaces/composition_interfaces_s__rosidl_typesupport_fastrtps_c.cpython-310-x86_64-linux-gnu.so" to ""
[17.771s] -- Installing: /home/e/ros2_ws/install/composition_interfaces/local/lib/python3.10/dist-packages/composition_interfaces/composition_interfaces_s__rosidl_typesupport_introspection_c.cpython-310-x86_64-linux-gnu.so
[17.771s] -- Set runtime path of "/home/e/ros2_ws/install/composition_interfaces/local/lib/python3.10/dist-packages/composition_interfaces/composition_interfaces_s__rosidl_typesupport_introspection_c.cpython-310-x86_64-linux-gnu.so" to ""
[17.774s] -- Installing: /home/e/ros2_ws/install/composition_interfaces/local/lib/python3.10/dist-packages/composition_interfaces/composition_interfaces_s__rosidl_typesupport_c.cpython-310-x86_64-linux-gnu.so
[17.774s] -- Set runtime path of "/home/e/ros2_ws/install/composition_interfaces/local/lib/python3.10/dist-packages/composition_interfaces/composition_interfaces_s__rosidl_typesupport_c.cpython-310-x86_64-linux-gnu.so" to ""
[17.775s] -- Installing: /home/e/ros2_ws/install/composition_interfaces/lib/libcomposition_interfaces__rosidl_generator_py.so
[17.775s] -- Set runtime path of "/home/e/ros2_ws/install/composition_interfaces/lib/libcomposition_interfaces__rosidl_generator_py.so" to ""
[17.776s] -- Installing: /home/e/ros2_ws/install/composition_interfaces/share/composition_interfaces/srv/LoadNode.idl
[17.776s] -- Installing: /home/e/ros2_ws/install/composition_interfaces/share/composition_interfaces/srv/ListNodes.idl
[17.777s] -- Installing: /home/e/ros2_ws/install/composition_interfaces/share/composition_interfaces/srv/UnloadNode.idl
[17.777s] -- Installing: /home/e/ros2_ws/install/composition_interfaces/share/composition_interfaces/srv/LoadNode.srv
[17.777s] -- Installing: /home/e/ros2_ws/install/composition_interfaces/share/composition_interfaces/srv/LoadNode_Request.msg
[17.777s] -- Installing: /home/e/ros2_ws/install/composition_interfaces/share/composition_interfaces/srv/LoadNode_Response.msg
[17.777s] -- Installing: /home/e/ros2_ws/install/composition_interfaces/share/composition_interfaces/srv/ListNodes.srv
[17.778s] -- Installing: /home/e/ros2_ws/install/composition_interfaces/share/composition_interfaces/srv/ListNodes_Request.msg
[17.778s] -- Installing: /home/e/ros2_ws/install/composition_interfaces/share/composition_interfaces/srv/ListNodes_Response.msg
[17.778s] -- Installing: /home/e/ros2_ws/install/composition_interfaces/share/composition_interfaces/srv/UnloadNode.srv
[17.778s] -- Installing: /home/e/ros2_ws/install/composition_interfaces/share/composition_interfaces/srv/UnloadNode_Request.msg
[17.779s] -- Installing: /home/e/ros2_ws/install/composition_interfaces/share/composition_interfaces/srv/UnloadNode_Response.msg
[17.779s] -- Installing: /home/e/ros2_ws/install/composition_interfaces/share/ament_index/resource_index/package_run_dependencies/composition_interfaces
[17.779s] -- Installing: /home/e/ros2_ws/install/composition_interfaces/share/ament_index/resource_index/parent_prefix_path/composition_interfaces
[17.779s] -- Installing: /home/e/ros2_ws/install/composition_interfaces/share/composition_interfaces/environment/ament_prefix_path.sh
[17.780s] -- Installing: /home/e/ros2_ws/install/composition_interfaces/share/composition_interfaces/environment/ament_prefix_path.dsv
[17.782s] -- Installing: /home/e/ros2_ws/install/composition_interfaces/share/composition_interfaces/environment/path.sh
[17.783s] -- Installing: /home/e/ros2_ws/install/composition_interfaces/share/composition_interfaces/environment/path.dsv
[17.783s] -- Installing: /home/e/ros2_ws/install/composition_interfaces/share/composition_interfaces/local_setup.bash
[17.784s] -- Installing: /home/e/ros2_ws/install/composition_interfaces/share/composition_interfaces/local_setup.sh
[17.787s] -- Installing: /home/e/ros2_ws/install/composition_interfaces/share/composition_interfaces/local_setup.zsh
[17.787s] -- Installing: /home/e/ros2_ws/install/composition_interfaces/share/composition_interfaces/local_setup.dsv
[17.788s] -- Installing: /home/e/ros2_ws/install/composition_interfaces/share/composition_interfaces/package.dsv
[17.788s] -- Installing: /home/e/ros2_ws/install/composition_interfaces/share/ament_index/resource_index/packages/composition_interfaces
[17.788s] -- Installing: /home/e/ros2_ws/install/composition_interfaces/share/composition_interfaces/cmake/export_composition_interfaces__rosidl_generator_cExport.cmake
[17.789s] -- Installing: /home/e/ros2_ws/install/composition_interfaces/share/composition_interfaces/cmake/export_composition_interfaces__rosidl_generator_cExport-noconfig.cmake
[17.789s] -- Installing: /home/e/ros2_ws/install/composition_interfaces/share/composition_interfaces/cmake/export_composition_interfaces__rosidl_typesupport_fastrtps_cExport.cmake
[17.789s] -- Installing: /home/e/ros2_ws/install/composition_interfaces/share/composition_interfaces/cmake/export_composition_interfaces__rosidl_typesupport_fastrtps_cExport-noconfig.cmake
[17.790s] -- Installing: /home/e/ros2_ws/install/composition_interfaces/share/composition_interfaces/cmake/composition_interfaces__rosidl_typesupport_introspection_cExport.cmake
[17.790s] -- Installing: /home/e/ros2_ws/install/composition_interfaces/share/composition_interfaces/cmake/composition_interfaces__rosidl_typesupport_introspection_cExport-noconfig.cmake
[17.790s] -- Installing: /home/e/ros2_ws/install/composition_interfaces/share/composition_interfaces/cmake/composition_interfaces__rosidl_typesupport_cExport.cmake
[17.791s] -- Installing: /home/e/ros2_ws/install/composition_interfaces/share/composition_interfaces/cmake/composition_interfaces__rosidl_typesupport_cExport-noconfig.cmake
[17.791s] -- Installing: /home/e/ros2_ws/install/composition_interfaces/share/composition_interfaces/cmake/export_composition_interfaces__rosidl_generator_cppExport.cmake
[17.791s] -- Installing: /home/e/ros2_ws/install/composition_interfaces/share/composition_interfaces/cmake/export_composition_interfaces__rosidl_typesupport_fastrtps_cppExport.cmake
[17.792s] -- Installing: /home/e/ros2_ws/install/composition_interfaces/share/composition_interfaces/cmake/export_composition_interfaces__rosidl_typesupport_fastrtps_cppExport-noconfig.cmake
[17.792s] -- Installing: /home/e/ros2_ws/install/composition_interfaces/share/composition_interfaces/cmake/composition_interfaces__rosidl_typesupport_introspection_cppExport.cmake
[17.792s] -- Installing: /home/e/ros2_ws/install/composition_interfaces/share/composition_interfaces/cmake/composition_interfaces__rosidl_typesupport_introspection_cppExport-noconfig.cmake
[17.793s] -- Installing: /home/e/ros2_ws/install/composition_interfaces/share/composition_interfaces/cmake/composition_interfaces__rosidl_typesupport_cppExport.cmake
[17.793s] -- Installing: /home/e/ros2_ws/install/composition_interfaces/share/composition_interfaces/cmake/composition_interfaces__rosidl_typesupport_cppExport-noconfig.cmake
[17.794s] -- Installing: /home/e/ros2_ws/install/composition_interfaces/share/composition_interfaces/cmake/export_composition_interfaces__rosidl_generator_pyExport.cmake
[17.794s] -- Installing: /home/e/ros2_ws/install/composition_interfaces/share/composition_interfaces/cmake/export_composition_interfaces__rosidl_generator_pyExport-noconfig.cmake
[17.794s] -- Installing: /home/e/ros2_ws/install/composition_interfaces/share/composition_interfaces/cmake/rosidl_cmake-extras.cmake
[17.795s] -- Installing: /home/e/ros2_ws/install/composition_interfaces/share/composition_interfaces/cmake/ament_cmake_export_dependencies-extras.cmake
[17.796s] -- Installing: /home/e/ros2_ws/install/composition_interfaces/share/composition_interfaces/cmake/ament_cmake_export_include_directories-extras.cmake
[17.796s] -- Installing: /home/e/ros2_ws/install/composition_interfaces/share/composition_interfaces/cmake/ament_cmake_export_libraries-extras.cmake
[17.796s] -- Installing: /home/e/ros2_ws/install/composition_interfaces/share/composition_interfaces/cmake/ament_cmake_export_targets-extras.cmake
[17.797s] -- Installing: /home/e/ros2_ws/install/composition_interfaces/share/composition_interfaces/cmake/rosidl_cmake_export_typesupport_targets-extras.cmake
[17.797s] -- Installing: /home/e/ros2_ws/install/composition_interfaces/share/composition_interfaces/cmake/rosidl_cmake_export_typesupport_libraries-extras.cmake
[17.797s] -- Installing: /home/e/ros2_ws/install/composition_interfaces/share/composition_interfaces/cmake/composition_interfacesConfig.cmake
[17.797s] -- Installing: /home/e/ros2_ws/install/composition_interfaces/share/composition_interfaces/cmake/composition_interfacesConfig-version.cmake
[17.798s] -- Installing: /home/e/ros2_ws/install/composition_interfaces/share/composition_interfaces/package.xml
[17.803s] Invoked command in '/home/e/ros2_ws/build/composition_interfaces' returned '0': AMENT_PREFIX_PATH=/home/e/ros2_ws/install/rcl_interfaces:/home/e/ros2_ws/install/builtin_interfaces:${AMENT_PREFIX_PATH} CMAKE_PREFIX_PATH=/home/e/ros2_ws/install/rcl_interfaces:/home/e/ros2_ws/install/builtin_interfaces:/home/e/ros2_ws/install/rosidl_typesupport_microxrcedds_cpp:/home/e/ros2_ws/install/rosidl_typesupport_microxrcedds_c:/home/e/ros2_ws/install/microcdr:/home/e/ros2_ws/install/micro_ros_setup:/opt/ros/humble LD_LIBRARY_PATH=/home/e/ros2_ws/install/rcl_interfaces/lib:/home/e/ros2_ws/install/builtin_interfaces/lib:${LD_LIBRARY_PATH} PYTHONPATH=/home/e/ros2_ws/install/rcl_interfaces/local/lib/python3.10/dist-packages:/home/e/ros2_ws/install/builtin_interfaces/local/lib/python3.10/dist-packages:${PYTHONPATH} /usr/bin/cmake --install /home/e/ros2_ws/build/composition_interfaces
