[0.016s] Invoking command in '/home/e/ros2_ws/build/microcdr': /usr/bin/cmake /home/e/ros2_ws/src/eProsima/Micro-CDR -DBUILD_TESTING=OFF -DBUILD_SHARED_LIBS=ON -DUCDR_ISOLATED_INSTALL=OFF -DBUILD_SHARED_LIBS=ON -DCMAKE_INSTALL_PREFIX=/home/e/ros2_ws/install/microcdr
[0.064s] -- Setting build type to 'Release' as none was specified.
[0.214s] -- The C compiler identification is GNU 11.4.0
[0.227s] -- Detecting C compiler ABI info
[0.306s] -- Detecting C compiler ABI info - done
[0.312s] -- Check for working C compiler: /usr/bin/cc - skipped
[0.313s] -- Detecting C compile features
[0.314s] -- Detecting C compile features - done
[0.447s] -- The CXX compiler identification is GNU 11.4.0
[0.457s] -- Detecting CXX compiler ABI info
[0.540s] -- Detecting CXX compiler ABI info - done
[0.547s] -- Check for working CXX compiler: /usr/bin/c++ - skipped
[0.547s] -- Detecting CXX compile features
[0.547s] -- Detecting CXX compile features - done
[0.553s] -- Configuring done
[0.555s] -- Generating done
[0.555s] [33mCMake Warning:
[0.555s]   Manually-specified variables were not used by the project:
[0.555s] 
[0.555s]     BUILD_TESTING
[0.555s] 
[0.555s] [0m
[0.556s] -- Build files have been written to: /home/e/ros2_ws/build/microcdr
[0.561s] Invoked command in '/home/e/ros2_ws/build/microcdr' returned '0': /usr/bin/cmake /home/e/ros2_ws/src/eProsima/Micro-CDR -DBUILD_TESTING=OFF -DBUILD_SHARED_LIBS=ON -DUCDR_ISOLATED_INSTALL=OFF -DBUILD_SHARED_LIBS=ON -DCMAKE_INSTALL_PREFIX=/home/e/ros2_ws/install/microcdr
[0.561s] Invoking command in '/home/e/ros2_ws/build/microcdr': /usr/bin/cmake --build /home/e/ros2_ws/build/microcdr -- -j2 -l2
[0.608s] [ 12%] [34m[1mCreating directories for 'ucdr'[0m
[0.672s] [ 25%] [34m[1mNo download step for 'ucdr'[0m
[0.694s] [ 37%] [34m[1mNo update step for 'ucdr'[0m
[0.716s] [ 50%] [34m[1mNo patch step for 'ucdr'[0m
[0.737s] [ 62%] [34m[1mPerforming configure step for 'ucdr'[0m
[0.746s] loading initial cache file /home/e/ros2_ws/build/microcdr/ucdr-prefix/tmp/ucdr-cache-Release.cmake
[0.755s] -- Configuring done
[0.758s] -- Generating done
[0.761s] -- Build files have been written to: /home/e/ros2_ws/build/microcdr
[0.776s] [ 75%] [34m[1mPerforming build step for 'ucdr'[0m
[0.813s] [ 16%] [32mBuilding C object CMakeFiles/microcdr.dir/src/c/types/basic.c.o[0m
[0.813s] [ 33%] [32mBuilding C object CMakeFiles/microcdr.dir/src/c/common.c.o[0m
[0.927s] [ 50%] [32mBuilding C object CMakeFiles/microcdr.dir/src/c/types/string.c.o[0m
[0.968s] [ 66%] [32mBuilding C object CMakeFiles/microcdr.dir/src/c/types/array.c.o[0m
[1.193s] [ 83%] [32mBuilding C object CMakeFiles/microcdr.dir/src/c/types/sequence.c.o[0m
[1.325s] [100%] [32m[1mLinking C shared library libmicrocdr.so[0m
[1.384s] [100%] Built target microcdr
[1.411s] [34m[1mNo install step for 'ucdr'[0m
[1.434s] [34m[1mCompleted 'ucdr'[0m
[1.467s] Built target ucdr
[1.478s] Invoked command in '/home/e/ros2_ws/build/microcdr' returned '0': /usr/bin/cmake --build /home/e/ros2_ws/build/microcdr -- -j2 -l2
[1.488s] Invoking command in '/home/e/ros2_ws/build/microcdr': /usr/bin/cmake --install /home/e/ros2_ws/build/microcdr
[1.495s] -- Install configuration: "Release"
[1.495s] -- Installing: /home/e/ros2_ws/install/microcdr/lib/libmicrocdr.so.2.0.1
[1.495s] -- Installing: /home/e/ros2_ws/install/microcdr/lib/libmicrocdr.so.2.0
[1.495s] -- Installing: /home/e/ros2_ws/install/microcdr/lib/libmicrocdr.so
[1.495s] -- Installing: /home/e/ros2_ws/install/microcdr/include/ucdr
[1.495s] -- Installing: /home/e/ros2_ws/install/microcdr/include/ucdr/visibility.h
[1.495s] -- Installing: /home/e/ros2_ws/install/microcdr/include/ucdr/microcdr.h
[1.495s] -- Installing: /home/e/ros2_ws/install/microcdr/include/ucdr/config.h
[1.496s] -- Installing: /home/e/ros2_ws/install/microcdr/share/microcdr/cmake/microcdrTargets.cmake
[1.496s] -- Installing: /home/e/ros2_ws/install/microcdr/share/microcdr/cmake/microcdrTargets-release.cmake
[1.496s] -- Installing: /home/e/ros2_ws/install/microcdr/share/microcdr/cmake/microcdrConfig.cmake
[1.496s] -- Installing: /home/e/ros2_ws/install/microcdr/share/microcdr/cmake/microcdrConfigVersion.cmake
[1.499s] Invoked command in '/home/e/ros2_ws/build/microcdr' returned '0': /usr/bin/cmake --install /home/e/ros2_ws/build/microcdr
