[0.026s] Invoking command in '/home/e/ros2_ws/build/diagnostic_msgs': AMENT_PREFIX_PATH=/home/e/ros2_ws/install/geometry_msgs:/home/e/ros2_ws/install/std_msgs:/home/e/ros2_ws/install/builtin_interfaces:${AMENT_PREFIX_PATH} CMAKE_PREFIX_PATH=/home/e/ros2_ws/install/geometry_msgs:/home/e/ros2_ws/install/std_msgs:/home/e/ros2_ws/install/builtin_interfaces:/home/e/ros2_ws/install/rosidl_typesupport_microxrcedds_cpp:/home/e/ros2_ws/install/rosidl_typesupport_microxrcedds_c:/home/e/ros2_ws/install/microcdr:/home/e/ros2_ws/install/micro_ros_setup:/opt/ros/humble LD_LIBRARY_PATH=/home/e/ros2_ws/install/geometry_msgs/lib:/home/e/ros2_ws/install/std_msgs/lib:/home/e/ros2_ws/install/builtin_interfaces/lib:${LD_LIBRARY_PATH} PYTHONPATH=/home/e/ros2_ws/install/geometry_msgs/local/lib/python3.10/dist-packages:/home/e/ros2_ws/install/std_msgs/local/lib/python3.10/dist-packages:/home/e/ros2_ws/install/builtin_interfaces/local/lib/python3.10/dist-packages:${PYTHONPATH} /usr/bin/cmake /home/e/ros2_ws/src/ros2/common_interfaces/diagnostic_msgs -DBUILD_TESTING=OFF -DBUILD_SHARED_LIBS=ON -DCMAKE_INSTALL_PREFIX=/home/e/ros2_ws/install/diagnostic_msgs
[0.087s] -- The C compiler identification is GNU 11.4.0
[0.139s] -- The CXX compiler identification is GNU 11.4.0
[0.148s] -- Detecting C compiler ABI info
[0.222s] -- Detecting C compiler ABI info - done
[0.229s] -- Check for working C compiler: /usr/bin/cc - skipped
[0.229s] -- Detecting C compile features
[0.230s] -- Detecting C compile features - done
[0.232s] -- Detecting CXX compiler ABI info
[0.322s] -- Detecting CXX compiler ABI info - done
[0.329s] -- Check for working CXX compiler: /usr/bin/c++ - skipped
[0.330s] -- Detecting CXX compile features
[0.330s] -- Detecting CXX compile features - done
[0.333s] -- Found ament_cmake: 1.3.12 (/opt/ros/humble/share/ament_cmake/cmake)
[0.485s] -- Found Python3: /usr/bin/python3 (found version "3.10.12") found components: Interpreter 
[0.574s] -- Found rosidl_default_generators: 1.2.0 (/opt/ros/humble/share/rosidl_default_generators/cmake)
[0.578s] -- Using all available rosidl_typesupport_c: rosidl_typesupport_microxrcedds_c;rosidl_typesupport_fastrtps_c;rosidl_typesupport_introspection_c
[0.585s] -- Found rosidl_adapter: 3.1.7 (/opt/ros/humble/share/rosidl_adapter/cmake)
[0.626s] -- Using all available rosidl_typesupport_cpp: rosidl_typesupport_microxrcedds_cpp;rosidl_typesupport_fastrtps_cpp;rosidl_typesupport_introspection_cpp
[0.655s] -- Found std_msgs: 4.9.0 (/home/e/ros2_ws/install/std_msgs/share/std_msgs/cmake)
[0.986s] -- Found ament_cmake_ros: 0.10.0 (/opt/ros/humble/share/ament_cmake_ros/cmake)
[1.261s] -- Using all available rosidl_typesupport_c: rosidl_typesupport_microxrcedds_c;rosidl_typesupport_fastrtps_c;rosidl_typesupport_introspection_c
[1.602s] -- Using all available rosidl_typesupport_cpp: rosidl_typesupport_microxrcedds_cpp;rosidl_typesupport_fastrtps_cpp;rosidl_typesupport_introspection_cpp
[1.623s] -- Found PythonInterp: /usr/bin/python3 (found suitable version "3.10.12", minimum required is "3.6") 
[1.625s] -- Found python_cmake_module: 0.10.0 (/opt/ros/humble/share/python_cmake_module/cmake)
[1.649s] -- Found PythonLibs: /usr/lib/x86_64-linux-gnu/libpython3.10.so (found suitable version "3.10.12", minimum required is "3.5") 
[1.649s] -- Using PYTHON_EXECUTABLE: /usr/bin/python3
[1.649s] -- Using PYTHON_INCLUDE_DIRS: /usr/include/python3.10
[1.649s] -- Using PYTHON_LIBRARIES: /usr/lib/x86_64-linux-gnu/libpython3.10.so
[1.671s] -- Found PythonExtra: .so  
[1.725s] -- Configuring done
[1.770s] -- Generating done
[1.786s] -- Build files have been written to: /home/e/ros2_ws/build/diagnostic_msgs
[1.792s] Invoked command in '/home/e/ros2_ws/build/diagnostic_msgs' returned '0': AMENT_PREFIX_PATH=/home/e/ros2_ws/install/geometry_msgs:/home/e/ros2_ws/install/std_msgs:/home/e/ros2_ws/install/builtin_interfaces:${AMENT_PREFIX_PATH} CMAKE_PREFIX_PATH=/home/e/ros2_ws/install/geometry_msgs:/home/e/ros2_ws/install/std_msgs:/home/e/ros2_ws/install/builtin_interfaces:/home/e/ros2_ws/install/rosidl_typesupport_microxrcedds_cpp:/home/e/ros2_ws/install/rosidl_typesupport_microxrcedds_c:/home/e/ros2_ws/install/microcdr:/home/e/ros2_ws/install/micro_ros_setup:/opt/ros/humble LD_LIBRARY_PATH=/home/e/ros2_ws/install/geometry_msgs/lib:/home/e/ros2_ws/install/std_msgs/lib:/home/e/ros2_ws/install/builtin_interfaces/lib:${LD_LIBRARY_PATH} PYTHONPATH=/home/e/ros2_ws/install/geometry_msgs/local/lib/python3.10/dist-packages:/home/e/ros2_ws/install/std_msgs/local/lib/python3.10/dist-packages:/home/e/ros2_ws/install/builtin_interfaces/local/lib/python3.10/dist-packages:${PYTHONPATH} /usr/bin/cmake /home/e/ros2_ws/src/ros2/common_interfaces/diagnostic_msgs -DBUILD_TESTING=OFF -DBUILD_SHARED_LIBS=ON -DCMAKE_INSTALL_PREFIX=/home/e/ros2_ws/install/diagnostic_msgs
[1.793s] Invoking command in '/home/e/ros2_ws/build/diagnostic_msgs': AMENT_PREFIX_PATH=/home/e/ros2_ws/install/geometry_msgs:/home/e/ros2_ws/install/std_msgs:/home/e/ros2_ws/install/builtin_interfaces:${AMENT_PREFIX_PATH} CMAKE_PREFIX_PATH=/home/e/ros2_ws/install/geometry_msgs:/home/e/ros2_ws/install/std_msgs:/home/e/ros2_ws/install/builtin_interfaces:/home/e/ros2_ws/install/rosidl_typesupport_microxrcedds_cpp:/home/e/ros2_ws/install/rosidl_typesupport_microxrcedds_c:/home/e/ros2_ws/install/microcdr:/home/e/ros2_ws/install/micro_ros_setup:/opt/ros/humble LD_LIBRARY_PATH=/home/e/ros2_ws/install/geometry_msgs/lib:/home/e/ros2_ws/install/std_msgs/lib:/home/e/ros2_ws/install/builtin_interfaces/lib:${LD_LIBRARY_PATH} PYTHONPATH=/home/e/ros2_ws/install/geometry_msgs/local/lib/python3.10/dist-packages:/home/e/ros2_ws/install/std_msgs/local/lib/python3.10/dist-packages:/home/e/ros2_ws/install/builtin_interfaces/local/lib/python3.10/dist-packages:${PYTHONPATH} /usr/bin/cmake --build /home/e/ros2_ws/build/diagnostic_msgs -- -j2 -l2
[1.863s] [  1%] [34m[1mGenerating C++ code for ROS interfaces[0m
[2.705s] [  1%] Built target diagnostic_msgs__cpp
[2.717s] [  2%] [34m[1mGenerating C code for ROS interfaces[0m
[3.540s] [  3%] [32mBuilding C object CMakeFiles/diagnostic_msgs__rosidl_generator_c.dir/rosidl_generator_c/diagnostic_msgs/msg/detail/diagnostic_array__functions.c.o[0m
[3.585s] [  5%] [32mBuilding C object CMakeFiles/diagnostic_msgs__rosidl_generator_c.dir/rosidl_generator_c/diagnostic_msgs/msg/detail/diagnostic_status__functions.c.o[0m
[3.642s] [  6%] [32mBuilding C object CMakeFiles/diagnostic_msgs__rosidl_generator_c.dir/rosidl_generator_c/diagnostic_msgs/msg/detail/key_value__functions.c.o[0m
[3.682s] [  7%] [32mBuilding C object CMakeFiles/diagnostic_msgs__rosidl_generator_c.dir/rosidl_generator_c/diagnostic_msgs/srv/detail/add_diagnostics__functions.c.o[0m
[3.740s] [  8%] [32mBuilding C object CMakeFiles/diagnostic_msgs__rosidl_generator_c.dir/rosidl_generator_c/diagnostic_msgs/srv/detail/self_test__functions.c.o[0m
[3.800s] [ 10%] [32m[1mLinking C shared library libdiagnostic_msgs__rosidl_generator_c.so[0m
[3.844s] [ 10%] Built target diagnostic_msgs__rosidl_generator_c
[3.872s] [ 10%] Built target ament_cmake_python_copy_diagnostic_msgs
[3.882s] [ 11%] [34m[1mGenerating C++ type support dispatch for ROS interfaces[0m
[4.374s] [ 12%] [32mBuilding CXX object CMakeFiles/diagnostic_msgs__rosidl_typesupport_cpp.dir/rosidl_typesupport_cpp/diagnostic_msgs/msg/diagnostic_array__type_support.cpp.o[0m
[4.628s] [ 13%] [32mBuilding CXX object CMakeFiles/diagnostic_msgs__rosidl_typesupport_cpp.dir/rosidl_typesupport_cpp/diagnostic_msgs/msg/diagnostic_status__type_support.cpp.o[0m
[4.886s] [ 15%] [32mBuilding CXX object CMakeFiles/diagnostic_msgs__rosidl_typesupport_cpp.dir/rosidl_typesupport_cpp/diagnostic_msgs/msg/key_value__type_support.cpp.o[0m
[5.129s] [ 16%] [32mBuilding CXX object CMakeFiles/diagnostic_msgs__rosidl_typesupport_cpp.dir/rosidl_typesupport_cpp/diagnostic_msgs/srv/add_diagnostics__type_support.cpp.o[0m
[5.373s] [ 17%] [32mBuilding CXX object CMakeFiles/diagnostic_msgs__rosidl_typesupport_cpp.dir/rosidl_typesupport_cpp/diagnostic_msgs/srv/self_test__type_support.cpp.o[0m
[5.621s] [ 18%] [32m[1mLinking CXX shared library libdiagnostic_msgs__rosidl_typesupport_cpp.so[0m
[5.666s] [ 18%] Built target diagnostic_msgs__rosidl_typesupport_cpp
[5.678s] [ 20%] [34m[1mGenerating C type support for eProsima Micro XRCE-DDS[0m
[6.334s] [ 21%] [32mBuilding C object CMakeFiles/diagnostic_msgs__rosidl_typesupport_microxrcedds_c.dir/rosidl_typesupport_microxrcedds_c/diagnostic_msgs/msg/detail/microxrcedds/diagnostic_array__type_support_c.c.o[0m
[6.376s] [ 22%] [32mBuilding C object CMakeFiles/diagnostic_msgs__rosidl_typesupport_microxrcedds_c.dir/rosidl_typesupport_microxrcedds_c/diagnostic_msgs/msg/detail/microxrcedds/diagnostic_status__type_support_c.c.o[0m
[6.423s] [ 24%] [32mBuilding C object CMakeFiles/diagnostic_msgs__rosidl_typesupport_microxrcedds_c.dir/rosidl_typesupport_microxrcedds_c/diagnostic_msgs/msg/detail/microxrcedds/key_value__type_support_c.c.o[0m
[6.468s] [ 25%] [32mBuilding C object CMakeFiles/diagnostic_msgs__rosidl_typesupport_microxrcedds_c.dir/rosidl_typesupport_microxrcedds_c/diagnostic_msgs/srv/detail/microxrcedds/add_diagnostics__type_support_c.c.o[0m
[6.513s] [ 26%] [32mBuilding C object CMakeFiles/diagnostic_msgs__rosidl_typesupport_microxrcedds_c.dir/rosidl_typesupport_microxrcedds_c/diagnostic_msgs/srv/detail/microxrcedds/self_test__type_support_c.c.o[0m
[6.564s] [ 27%] [32m[1mLinking C shared library libdiagnostic_msgs__rosidl_typesupport_microxrcedds_c.so[0m
[6.606s] [ 27%] Built target diagnostic_msgs__rosidl_typesupport_microxrcedds_c
[6.622s] [ 29%] [34m[1mGenerating C type support for eProsima Fast-RTPS[0m
[7.241s] [ 30%] [32mBuilding CXX object CMakeFiles/diagnostic_msgs__rosidl_typesupport_fastrtps_c.dir/rosidl_typesupport_fastrtps_c/diagnostic_msgs/msg/detail/diagnostic_array__type_support_c.cpp.o[0m
[7.550s] [ 31%] [32mBuilding CXX object CMakeFiles/diagnostic_msgs__rosidl_typesupport_fastrtps_c.dir/rosidl_typesupport_fastrtps_c/diagnostic_msgs/msg/detail/diagnostic_status__type_support_c.cpp.o[0m
[7.852s] [ 32%] [32mBuilding CXX object CMakeFiles/diagnostic_msgs__rosidl_typesupport_fastrtps_c.dir/rosidl_typesupport_fastrtps_c/diagnostic_msgs/msg/detail/key_value__type_support_c.cpp.o[0m
[8.153s] [ 34%] [32mBuilding CXX object CMakeFiles/diagnostic_msgs__rosidl_typesupport_fastrtps_c.dir/rosidl_typesupport_fastrtps_c/diagnostic_msgs/srv/detail/add_diagnostics__type_support_c.cpp.o[0m
[8.460s] [ 35%] [32mBuilding CXX object CMakeFiles/diagnostic_msgs__rosidl_typesupport_fastrtps_c.dir/rosidl_typesupport_fastrtps_c/diagnostic_msgs/srv/detail/self_test__type_support_c.cpp.o[0m
[8.801s] [ 36%] [32m[1mLinking CXX shared library libdiagnostic_msgs__rosidl_typesupport_fastrtps_c.so[0m
[8.885s] [ 36%] Built target diagnostic_msgs__rosidl_typesupport_fastrtps_c
[8.897s] [ 37%] [34m[1mGenerating C introspection for ROS interfaces[0m
[9.511s] [ 39%] [32mBuilding C object CMakeFiles/diagnostic_msgs__rosidl_typesupport_introspection_c.dir/rosidl_typesupport_introspection_c/diagnostic_msgs/msg/detail/diagnostic_array__type_support.c.o[0m
[9.545s] [ 40%] [32mBuilding C object CMakeFiles/diagnostic_msgs__rosidl_typesupport_introspection_c.dir/rosidl_typesupport_introspection_c/diagnostic_msgs/msg/detail/diagnostic_status__type_support.c.o[0m
[9.582s] [ 41%] [32mBuilding C object CMakeFiles/diagnostic_msgs__rosidl_typesupport_introspection_c.dir/rosidl_typesupport_introspection_c/diagnostic_msgs/msg/detail/key_value__type_support.c.o[0m
[9.618s] [ 43%] [32mBuilding C object CMakeFiles/diagnostic_msgs__rosidl_typesupport_introspection_c.dir/rosidl_typesupport_introspection_c/diagnostic_msgs/srv/detail/add_diagnostics__type_support.c.o[0m
[9.653s] [ 44%] [32mBuilding C object CMakeFiles/diagnostic_msgs__rosidl_typesupport_introspection_c.dir/rosidl_typesupport_introspection_c/diagnostic_msgs/srv/detail/self_test__type_support.c.o[0m
[9.692s] [ 45%] [32m[1mLinking C shared library libdiagnostic_msgs__rosidl_typesupport_introspection_c.so[0m
[9.726s] [ 45%] Built target diagnostic_msgs__rosidl_typesupport_introspection_c
[9.737s] [ 46%] [34m[1mGenerating C type support dispatch for ROS interfaces[0m
[10.289s] [ 48%] [32mBuilding CXX object CMakeFiles/diagnostic_msgs__rosidl_typesupport_c.dir/rosidl_typesupport_c/diagnostic_msgs/msg/diagnostic_array__type_support.cpp.o[0m
[10.321s] [ 49%] [32mBuilding CXX object CMakeFiles/diagnostic_msgs__rosidl_typesupport_c.dir/rosidl_typesupport_c/diagnostic_msgs/msg/diagnostic_status__type_support.cpp.o[0m
[10.349s] [ 50%] [32mBuilding CXX object CMakeFiles/diagnostic_msgs__rosidl_typesupport_c.dir/rosidl_typesupport_c/diagnostic_msgs/msg/key_value__type_support.cpp.o[0m
[10.382s] [ 51%] [32mBuilding CXX object CMakeFiles/diagnostic_msgs__rosidl_typesupport_c.dir/rosidl_typesupport_c/diagnostic_msgs/srv/add_diagnostics__type_support.cpp.o[0m
[10.413s] [ 53%] [32mBuilding CXX object CMakeFiles/diagnostic_msgs__rosidl_typesupport_c.dir/rosidl_typesupport_c/diagnostic_msgs/srv/self_test__type_support.cpp.o[0m
[10.444s] [ 54%] [32m[1mLinking CXX shared library libdiagnostic_msgs__rosidl_typesupport_c.so[0m
[10.484s] [ 54%] Built target diagnostic_msgs__rosidl_typesupport_c
[10.500s] [ 55%] [34m[1mGenerating C++ type support for eProsima Micro XRCE-DDS[0m
[11.133s] [ 56%] [32mBuilding CXX object CMakeFiles/diagnostic_msgs__rosidl_typesupport_microxrcedds_cpp.dir/rosidl_typesupport_microxrcedds_cpp/diagnostic_msgs/msg/detail/microxrcedds/diagnostic_array__type_support_cpp.cpp.o[0m
[11.454s] [ 58%] [32mBuilding CXX object CMakeFiles/diagnostic_msgs__rosidl_typesupport_microxrcedds_cpp.dir/rosidl_typesupport_microxrcedds_cpp/diagnostic_msgs/msg/detail/microxrcedds/diagnostic_status__type_support_cpp.cpp.o[0m
[11.772s] [ 59%] [32mBuilding CXX object CMakeFiles/diagnostic_msgs__rosidl_typesupport_microxrcedds_cpp.dir/rosidl_typesupport_microxrcedds_cpp/diagnostic_msgs/msg/detail/microxrcedds/key_value__type_support_cpp.cpp.o[0m
[12.021s] [ 60%] [32mBuilding CXX object CMakeFiles/diagnostic_msgs__rosidl_typesupport_microxrcedds_cpp.dir/rosidl_typesupport_microxrcedds_cpp/diagnostic_msgs/srv/detail/microxrcedds/add_diagnostics__type_support_cpp.cpp.o[0m
[12.301s] [ 62%] [32mBuilding CXX object CMakeFiles/diagnostic_msgs__rosidl_typesupport_microxrcedds_cpp.dir/rosidl_typesupport_microxrcedds_cpp/diagnostic_msgs/srv/detail/microxrcedds/self_test__type_support_cpp.cpp.o[0m
[12.646s] [ 63%] [32m[1mLinking CXX shared library libdiagnostic_msgs__rosidl_typesupport_microxrcedds_cpp.so[0m
[12.742s] [ 63%] Built target diagnostic_msgs__rosidl_typesupport_microxrcedds_cpp
[12.754s] [ 64%] [34m[1mGenerating C++ type support for eProsima Fast-RTPS[0m
[13.423s] [ 65%] [32mBuilding CXX object CMakeFiles/diagnostic_msgs__rosidl_typesupport_fastrtps_cpp.dir/rosidl_typesupport_fastrtps_cpp/diagnostic_msgs/msg/detail/dds_fastrtps/diagnostic_array__type_support.cpp.o[0m
[13.919s] [ 67%] [32mBuilding CXX object CMakeFiles/diagnostic_msgs__rosidl_typesupport_fastrtps_cpp.dir/rosidl_typesupport_fastrtps_cpp/diagnostic_msgs/msg/detail/dds_fastrtps/diagnostic_status__type_support.cpp.o[0m
[14.347s] [ 68%] [32mBuilding CXX object CMakeFiles/diagnostic_msgs__rosidl_typesupport_fastrtps_cpp.dir/rosidl_typesupport_fastrtps_cpp/diagnostic_msgs/msg/detail/dds_fastrtps/key_value__type_support.cpp.o[0m
[14.718s] [ 69%] [32mBuilding CXX object CMakeFiles/diagnostic_msgs__rosidl_typesupport_fastrtps_cpp.dir/rosidl_typesupport_fastrtps_cpp/diagnostic_msgs/srv/detail/dds_fastrtps/add_diagnostics__type_support.cpp.o[0m
[15.115s] [ 70%] [32mBuilding CXX object CMakeFiles/diagnostic_msgs__rosidl_typesupport_fastrtps_cpp.dir/rosidl_typesupport_fastrtps_cpp/diagnostic_msgs/srv/detail/dds_fastrtps/self_test__type_support.cpp.o[0m
[15.580s] [ 72%] [32m[1mLinking CXX shared library libdiagnostic_msgs__rosidl_typesupport_fastrtps_cpp.so[0m
[15.672s] [ 72%] Built target diagnostic_msgs__rosidl_typesupport_fastrtps_cpp
[15.684s] [ 73%] [34m[1mGenerating C++ introspection for ROS interfaces[0m
[16.375s] [ 74%] [32mBuilding CXX object CMakeFiles/diagnostic_msgs__rosidl_typesupport_introspection_cpp.dir/rosidl_typesupport_introspection_cpp/diagnostic_msgs/msg/detail/diagnostic_array__type_support.cpp.o[0m
[16.863s] [ 75%] [32mBuilding CXX object CMakeFiles/diagnostic_msgs__rosidl_typesupport_introspection_cpp.dir/rosidl_typesupport_introspection_cpp/diagnostic_msgs/msg/detail/diagnostic_status__type_support.cpp.o[0m
[17.305s] [ 77%] [32mBuilding CXX object CMakeFiles/diagnostic_msgs__rosidl_typesupport_introspection_cpp.dir/rosidl_typesupport_introspection_cpp/diagnostic_msgs/msg/detail/key_value__type_support.cpp.o[0m
[17.667s] [ 78%] [32mBuilding CXX object CMakeFiles/diagnostic_msgs__rosidl_typesupport_introspection_cpp.dir/rosidl_typesupport_introspection_cpp/diagnostic_msgs/srv/detail/add_diagnostics__type_support.cpp.o[0m
[18.070s] [ 79%] [32mBuilding CXX object CMakeFiles/diagnostic_msgs__rosidl_typesupport_introspection_cpp.dir/rosidl_typesupport_introspection_cpp/diagnostic_msgs/srv/detail/self_test__type_support.cpp.o[0m
[18.687s] [ 81%] [32m[1mLinking CXX shared library libdiagnostic_msgs__rosidl_typesupport_introspection_cpp.so[0m
[18.783s] [ 81%] Built target diagnostic_msgs__rosidl_typesupport_introspection_cpp
[19.025s] running egg_info
[19.026s] creating diagnostic_msgs.egg-info
[19.026s] writing diagnostic_msgs.egg-info/PKG-INFO
[19.026s] writing dependency_links to diagnostic_msgs.egg-info/dependency_links.txt
[19.027s] writing top-level names to diagnostic_msgs.egg-info/top_level.txt
[19.027s] writing manifest file 'diagnostic_msgs.egg-info/SOURCES.txt'
[19.029s] reading manifest file 'diagnostic_msgs.egg-info/SOURCES.txt'
[19.030s] writing manifest file 'diagnostic_msgs.egg-info/SOURCES.txt'
[19.064s] [ 81%] Built target ament_cmake_python_build_diagnostic_msgs_egg
[19.088s] [ 81%] Built target diagnostic_msgs
[19.112s] [ 82%] [34m[1mGenerating Python code for ROS interfaces[0m
[20.399s] [ 82%] Built target diagnostic_msgs__py
[20.421s] [ 83%] [32mBuilding C object CMakeFiles/diagnostic_msgs__rosidl_generator_py.dir/rosidl_generator_py/diagnostic_msgs/msg/_diagnostic_array_s.c.o[0m
[20.521s] [ 84%] [32mBuilding C object CMakeFiles/diagnostic_msgs__rosidl_generator_py.dir/rosidl_generator_py/diagnostic_msgs/msg/_diagnostic_status_s.c.o[0m
[20.617s] [ 86%] [32mBuilding C object CMakeFiles/diagnostic_msgs__rosidl_generator_py.dir/rosidl_generator_py/diagnostic_msgs/msg/_key_value_s.c.o[0m
[20.711s] [ 87%] [32mBuilding C object CMakeFiles/diagnostic_msgs__rosidl_generator_py.dir/rosidl_generator_py/diagnostic_msgs/srv/_add_diagnostics_s.c.o[0m
[20.811s] [ 88%] [32mBuilding C object CMakeFiles/diagnostic_msgs__rosidl_generator_py.dir/rosidl_generator_py/diagnostic_msgs/srv/_self_test_s.c.o[0m
[20.914s] [ 89%] [32m[1mLinking C shared library rosidl_generator_py/diagnostic_msgs/libdiagnostic_msgs__rosidl_generator_py.so[0m
[20.955s] [ 89%] Built target diagnostic_msgs__rosidl_generator_py
[20.976s] [ 91%] [32mBuilding C object CMakeFiles/diagnostic_msgs__rosidl_typesupport_microxrcedds_c__pyext.dir/rosidl_generator_py/diagnostic_msgs/_diagnostic_msgs_s.ep.rosidl_typesupport_microxrcedds_c.c.o[0m
[21.094s] [ 92%] [32m[1mLinking C shared library rosidl_generator_py/diagnostic_msgs/diagnostic_msgs_s__rosidl_typesupport_microxrcedds_c.cpython-310-x86_64-linux-gnu.so[0m
[21.138s] [ 92%] Built target diagnostic_msgs__rosidl_typesupport_microxrcedds_c__pyext
[21.167s] [ 93%] [32mBuilding C object CMakeFiles/diagnostic_msgs__rosidl_typesupport_fastrtps_c__pyext.dir/rosidl_generator_py/diagnostic_msgs/_diagnostic_msgs_s.ep.rosidl_typesupport_fastrtps_c.c.o[0m
[21.283s] [ 94%] [32m[1mLinking C shared library rosidl_generator_py/diagnostic_msgs/diagnostic_msgs_s__rosidl_typesupport_fastrtps_c.cpython-310-x86_64-linux-gnu.so[0m
[21.321s] [ 94%] Built target diagnostic_msgs__rosidl_typesupport_fastrtps_c__pyext
[21.343s] [ 96%] [32mBuilding C object CMakeFiles/diagnostic_msgs__rosidl_typesupport_introspection_c__pyext.dir/rosidl_generator_py/diagnostic_msgs/_diagnostic_msgs_s.ep.rosidl_typesupport_introspection_c.c.o[0m
[21.457s] [ 97%] [32m[1mLinking C shared library rosidl_generator_py/diagnostic_msgs/diagnostic_msgs_s__rosidl_typesupport_introspection_c.cpython-310-x86_64-linux-gnu.so[0m
[21.503s] [ 97%] Built target diagnostic_msgs__rosidl_typesupport_introspection_c__pyext
[21.525s] [ 98%] [32mBuilding C object CMakeFiles/diagnostic_msgs__rosidl_typesupport_c__pyext.dir/rosidl_generator_py/diagnostic_msgs/_diagnostic_msgs_s.ep.rosidl_typesupport_c.c.o[0m
[21.656s] [100%] [32m[1mLinking C shared library rosidl_generator_py/diagnostic_msgs/diagnostic_msgs_s__rosidl_typesupport_c.cpython-310-x86_64-linux-gnu.so[0m
[21.692s] [100%] Built target diagnostic_msgs__rosidl_typesupport_c__pyext
[21.708s] Invoked command in '/home/e/ros2_ws/build/diagnostic_msgs' returned '0': AMENT_PREFIX_PATH=/home/e/ros2_ws/install/geometry_msgs:/home/e/ros2_ws/install/std_msgs:/home/e/ros2_ws/install/builtin_interfaces:${AMENT_PREFIX_PATH} CMAKE_PREFIX_PATH=/home/e/ros2_ws/install/geometry_msgs:/home/e/ros2_ws/install/std_msgs:/home/e/ros2_ws/install/builtin_interfaces:/home/e/ros2_ws/install/rosidl_typesupport_microxrcedds_cpp:/home/e/ros2_ws/install/rosidl_typesupport_microxrcedds_c:/home/e/ros2_ws/install/microcdr:/home/e/ros2_ws/install/micro_ros_setup:/opt/ros/humble LD_LIBRARY_PATH=/home/e/ros2_ws/install/geometry_msgs/lib:/home/e/ros2_ws/install/std_msgs/lib:/home/e/ros2_ws/install/builtin_interfaces/lib:${LD_LIBRARY_PATH} PYTHONPATH=/home/e/ros2_ws/install/geometry_msgs/local/lib/python3.10/dist-packages:/home/e/ros2_ws/install/std_msgs/local/lib/python3.10/dist-packages:/home/e/ros2_ws/install/builtin_interfaces/local/lib/python3.10/dist-packages:${PYTHONPATH} /usr/bin/cmake --build /home/e/ros2_ws/build/diagnostic_msgs -- -j2 -l2
[21.708s] Invoking command in '/home/e/ros2_ws/build/diagnostic_msgs': AMENT_PREFIX_PATH=/home/e/ros2_ws/install/geometry_msgs:/home/e/ros2_ws/install/std_msgs:/home/e/ros2_ws/install/builtin_interfaces:${AMENT_PREFIX_PATH} CMAKE_PREFIX_PATH=/home/e/ros2_ws/install/geometry_msgs:/home/e/ros2_ws/install/std_msgs:/home/e/ros2_ws/install/builtin_interfaces:/home/e/ros2_ws/install/rosidl_typesupport_microxrcedds_cpp:/home/e/ros2_ws/install/rosidl_typesupport_microxrcedds_c:/home/e/ros2_ws/install/microcdr:/home/e/ros2_ws/install/micro_ros_setup:/opt/ros/humble LD_LIBRARY_PATH=/home/e/ros2_ws/install/geometry_msgs/lib:/home/e/ros2_ws/install/std_msgs/lib:/home/e/ros2_ws/install/builtin_interfaces/lib:${LD_LIBRARY_PATH} PYTHONPATH=/home/e/ros2_ws/install/geometry_msgs/local/lib/python3.10/dist-packages:/home/e/ros2_ws/install/std_msgs/local/lib/python3.10/dist-packages:/home/e/ros2_ws/install/builtin_interfaces/local/lib/python3.10/dist-packages:${PYTHONPATH} /usr/bin/cmake --install /home/e/ros2_ws/build/diagnostic_msgs
[21.716s] -- Install configuration: ""
[21.717s] -- Installing: /home/e/ros2_ws/install/diagnostic_msgs/share/ament_index/resource_index/rosidl_interfaces/diagnostic_msgs
[21.717s] -- Installing: /home/e/ros2_ws/install/diagnostic_msgs/include/diagnostic_msgs/diagnostic_msgs
[21.717s] -- Installing: /home/e/ros2_ws/install/diagnostic_msgs/include/diagnostic_msgs/diagnostic_msgs/msg
[21.717s] -- Installing: /home/e/ros2_ws/install/diagnostic_msgs/include/diagnostic_msgs/diagnostic_msgs/msg/diagnostic_array.h
[21.717s] -- Installing: /home/e/ros2_ws/install/diagnostic_msgs/include/diagnostic_msgs/diagnostic_msgs/msg/rosidl_generator_c__visibility_control.h
[21.718s] -- Installing: /home/e/ros2_ws/install/diagnostic_msgs/include/diagnostic_msgs/diagnostic_msgs/msg/key_value.h
[21.718s] -- Installing: /home/e/ros2_ws/install/diagnostic_msgs/include/diagnostic_msgs/diagnostic_msgs/msg/detail
[21.718s] -- Installing: /home/e/ros2_ws/install/diagnostic_msgs/include/diagnostic_msgs/diagnostic_msgs/msg/detail/key_value__functions.c
[21.718s] -- Installing: /home/e/ros2_ws/install/diagnostic_msgs/include/diagnostic_msgs/diagnostic_msgs/msg/detail/diagnostic_status__functions.c
[21.719s] -- Installing: /home/e/ros2_ws/install/diagnostic_msgs/include/diagnostic_msgs/diagnostic_msgs/msg/detail/diagnostic_array__type_support.h
[21.722s] -- Installing: /home/e/ros2_ws/install/diagnostic_msgs/include/diagnostic_msgs/diagnostic_msgs/msg/detail/diagnostic_array__functions.h
[21.722s] -- Installing: /home/e/ros2_ws/install/diagnostic_msgs/include/diagnostic_msgs/diagnostic_msgs/msg/detail/key_value__struct.h
[21.722s] -- Installing: /home/e/ros2_ws/install/diagnostic_msgs/include/diagnostic_msgs/diagnostic_msgs/msg/detail/diagnostic_array__struct.h
[21.722s] -- Installing: /home/e/ros2_ws/install/diagnostic_msgs/include/diagnostic_msgs/diagnostic_msgs/msg/detail/diagnostic_status__functions.h
[21.722s] -- Installing: /home/e/ros2_ws/install/diagnostic_msgs/include/diagnostic_msgs/diagnostic_msgs/msg/detail/key_value__type_support.h
[21.722s] -- Installing: /home/e/ros2_ws/install/diagnostic_msgs/include/diagnostic_msgs/diagnostic_msgs/msg/detail/diagnostic_array__functions.c
[21.722s] -- Installing: /home/e/ros2_ws/install/diagnostic_msgs/include/diagnostic_msgs/diagnostic_msgs/msg/detail/diagnostic_status__type_support.h
[21.722s] -- Installing: /home/e/ros2_ws/install/diagnostic_msgs/include/diagnostic_msgs/diagnostic_msgs/msg/detail/key_value__functions.h
[21.722s] -- Installing: /home/e/ros2_ws/install/diagnostic_msgs/include/diagnostic_msgs/diagnostic_msgs/msg/detail/diagnostic_status__struct.h
[21.722s] -- Installing: /home/e/ros2_ws/install/diagnostic_msgs/include/diagnostic_msgs/diagnostic_msgs/msg/diagnostic_status.h
[21.722s] -- Installing: /home/e/ros2_ws/install/diagnostic_msgs/include/diagnostic_msgs/diagnostic_msgs/srv
[21.722s] -- Installing: /home/e/ros2_ws/install/diagnostic_msgs/include/diagnostic_msgs/diagnostic_msgs/srv/self_test.h
[21.722s] -- Installing: /home/e/ros2_ws/install/diagnostic_msgs/include/diagnostic_msgs/diagnostic_msgs/srv/detail
[21.722s] -- Installing: /home/e/ros2_ws/install/diagnostic_msgs/include/diagnostic_msgs/diagnostic_msgs/srv/detail/self_test__type_support.h
[21.723s] -- Installing: /home/e/ros2_ws/install/diagnostic_msgs/include/diagnostic_msgs/diagnostic_msgs/srv/detail/add_diagnostics__functions.h
[21.723s] -- Installing: /home/e/ros2_ws/install/diagnostic_msgs/include/diagnostic_msgs/diagnostic_msgs/srv/detail/add_diagnostics__type_support.h
[21.723s] -- Installing: /home/e/ros2_ws/install/diagnostic_msgs/include/diagnostic_msgs/diagnostic_msgs/srv/detail/self_test__struct.h
[21.723s] -- Installing: /home/e/ros2_ws/install/diagnostic_msgs/include/diagnostic_msgs/diagnostic_msgs/srv/detail/add_diagnostics__functions.c
[21.723s] -- Installing: /home/e/ros2_ws/install/diagnostic_msgs/include/diagnostic_msgs/diagnostic_msgs/srv/detail/self_test__functions.h
[21.723s] -- Installing: /home/e/ros2_ws/install/diagnostic_msgs/include/diagnostic_msgs/diagnostic_msgs/srv/detail/self_test__functions.c
[21.723s] -- Installing: /home/e/ros2_ws/install/diagnostic_msgs/include/diagnostic_msgs/diagnostic_msgs/srv/detail/add_diagnostics__struct.h
[21.725s] -- Installing: /home/e/ros2_ws/install/diagnostic_msgs/include/diagnostic_msgs/diagnostic_msgs/srv/add_diagnostics.h
[21.725s] -- Installing: /home/e/ros2_ws/install/diagnostic_msgs/share/diagnostic_msgs/environment/library_path.sh
[21.725s] -- Installing: /home/e/ros2_ws/install/diagnostic_msgs/share/diagnostic_msgs/environment/library_path.dsv
[21.725s] -- Installing: /home/e/ros2_ws/install/diagnostic_msgs/lib/libdiagnostic_msgs__rosidl_generator_c.so
[21.725s] -- Set runtime path of "/home/e/ros2_ws/install/diagnostic_msgs/lib/libdiagnostic_msgs__rosidl_generator_c.so" to ""
[21.725s] -- Up-to-date: /home/e/ros2_ws/install/diagnostic_msgs/include/diagnostic_msgs/diagnostic_msgs
[21.725s] -- Up-to-date: /home/e/ros2_ws/install/diagnostic_msgs/include/diagnostic_msgs/diagnostic_msgs/msg
[21.725s] -- Installing: /home/e/ros2_ws/install/diagnostic_msgs/include/diagnostic_msgs/diagnostic_msgs/msg/rosidl_typesupport_microxrcedds_c__visibility_control.h
[21.726s] -- Up-to-date: /home/e/ros2_ws/install/diagnostic_msgs/include/diagnostic_msgs/diagnostic_msgs/msg/detail
[21.726s] -- Installing: /home/e/ros2_ws/install/diagnostic_msgs/include/diagnostic_msgs/diagnostic_msgs/msg/detail/diagnostic_status__rosidl_typesupport_microxrcedds_c.h
[21.726s] -- Installing: /home/e/ros2_ws/install/diagnostic_msgs/include/diagnostic_msgs/diagnostic_msgs/msg/detail/microxrcedds
[21.726s] -- Installing: /home/e/ros2_ws/install/diagnostic_msgs/include/diagnostic_msgs/diagnostic_msgs/msg/detail/key_value__rosidl_typesupport_microxrcedds_c.h
[21.726s] -- Installing: /home/e/ros2_ws/install/diagnostic_msgs/include/diagnostic_msgs/diagnostic_msgs/msg/detail/diagnostic_array__rosidl_typesupport_microxrcedds_c.h
[21.726s] -- Up-to-date: /home/e/ros2_ws/install/diagnostic_msgs/include/diagnostic_msgs/diagnostic_msgs/srv
[21.726s] -- Up-to-date: /home/e/ros2_ws/install/diagnostic_msgs/include/diagnostic_msgs/diagnostic_msgs/srv/detail
[21.726s] -- Installing: /home/e/ros2_ws/install/diagnostic_msgs/include/diagnostic_msgs/diagnostic_msgs/srv/detail/self_test__rosidl_typesupport_microxrcedds_c.h
[21.726s] -- Installing: /home/e/ros2_ws/install/diagnostic_msgs/include/diagnostic_msgs/diagnostic_msgs/srv/detail/microxrcedds
[21.726s] -- Installing: /home/e/ros2_ws/install/diagnostic_msgs/include/diagnostic_msgs/diagnostic_msgs/srv/detail/add_diagnostics__rosidl_typesupport_microxrcedds_c.h
[21.727s] -- Installing: /home/e/ros2_ws/install/diagnostic_msgs/lib/libdiagnostic_msgs__rosidl_typesupport_microxrcedds_c.so
[21.727s] -- Set runtime path of "/home/e/ros2_ws/install/diagnostic_msgs/lib/libdiagnostic_msgs__rosidl_typesupport_microxrcedds_c.so" to ""
[21.727s] -- Up-to-date: /home/e/ros2_ws/install/diagnostic_msgs/include/diagnostic_msgs/diagnostic_msgs
[21.727s] -- Up-to-date: /home/e/ros2_ws/install/diagnostic_msgs/include/diagnostic_msgs/diagnostic_msgs/msg
[21.727s] -- Up-to-date: /home/e/ros2_ws/install/diagnostic_msgs/include/diagnostic_msgs/diagnostic_msgs/msg/detail
[21.728s] -- Installing: /home/e/ros2_ws/install/diagnostic_msgs/include/diagnostic_msgs/diagnostic_msgs/msg/detail/diagnostic_status__rosidl_typesupport_fastrtps_c.h
[21.728s] -- Installing: /home/e/ros2_ws/install/diagnostic_msgs/include/diagnostic_msgs/diagnostic_msgs/msg/detail/diagnostic_array__rosidl_typesupport_fastrtps_c.h
[21.728s] -- Installing: /home/e/ros2_ws/install/diagnostic_msgs/include/diagnostic_msgs/diagnostic_msgs/msg/detail/key_value__rosidl_typesupport_fastrtps_c.h
[21.728s] -- Installing: /home/e/ros2_ws/install/diagnostic_msgs/include/diagnostic_msgs/diagnostic_msgs/msg/rosidl_typesupport_fastrtps_c__visibility_control.h
[21.728s] -- Up-to-date: /home/e/ros2_ws/install/diagnostic_msgs/include/diagnostic_msgs/diagnostic_msgs/srv
[21.728s] -- Up-to-date: /home/e/ros2_ws/install/diagnostic_msgs/include/diagnostic_msgs/diagnostic_msgs/srv/detail
[21.728s] -- Installing: /home/e/ros2_ws/install/diagnostic_msgs/include/diagnostic_msgs/diagnostic_msgs/srv/detail/self_test__rosidl_typesupport_fastrtps_c.h
[21.729s] -- Installing: /home/e/ros2_ws/install/diagnostic_msgs/include/diagnostic_msgs/diagnostic_msgs/srv/detail/add_diagnostics__rosidl_typesupport_fastrtps_c.h
[21.729s] -- Installing: /home/e/ros2_ws/install/diagnostic_msgs/lib/libdiagnostic_msgs__rosidl_typesupport_fastrtps_c.so
[21.729s] -- Set runtime path of "/home/e/ros2_ws/install/diagnostic_msgs/lib/libdiagnostic_msgs__rosidl_typesupport_fastrtps_c.so" to ""
[21.729s] -- Up-to-date: /home/e/ros2_ws/install/diagnostic_msgs/include/diagnostic_msgs/diagnostic_msgs
[21.729s] -- Up-to-date: /home/e/ros2_ws/install/diagnostic_msgs/include/diagnostic_msgs/diagnostic_msgs/msg
[21.729s] -- Up-to-date: /home/e/ros2_ws/install/diagnostic_msgs/include/diagnostic_msgs/diagnostic_msgs/msg/detail
[21.730s] -- Installing: /home/e/ros2_ws/install/diagnostic_msgs/include/diagnostic_msgs/diagnostic_msgs/msg/detail/diagnostic_status__rosidl_typesupport_introspection_c.h
[21.730s] -- Installing: /home/e/ros2_ws/install/diagnostic_msgs/include/diagnostic_msgs/diagnostic_msgs/msg/detail/key_value__type_support.c
[21.730s] -- Installing: /home/e/ros2_ws/install/diagnostic_msgs/include/diagnostic_msgs/diagnostic_msgs/msg/detail/diagnostic_status__type_support.c
[21.730s] -- Installing: /home/e/ros2_ws/install/diagnostic_msgs/include/diagnostic_msgs/diagnostic_msgs/msg/detail/diagnostic_array__type_support.c
[21.730s] -- Installing: /home/e/ros2_ws/install/diagnostic_msgs/include/diagnostic_msgs/diagnostic_msgs/msg/detail/diagnostic_array__rosidl_typesupport_introspection_c.h
[21.730s] -- Installing: /home/e/ros2_ws/install/diagnostic_msgs/include/diagnostic_msgs/diagnostic_msgs/msg/detail/key_value__rosidl_typesupport_introspection_c.h
[21.730s] -- Installing: /home/e/ros2_ws/install/diagnostic_msgs/include/diagnostic_msgs/diagnostic_msgs/msg/rosidl_typesupport_introspection_c__visibility_control.h
[21.731s] -- Up-to-date: /home/e/ros2_ws/install/diagnostic_msgs/include/diagnostic_msgs/diagnostic_msgs/srv
[21.731s] -- Up-to-date: /home/e/ros2_ws/install/diagnostic_msgs/include/diagnostic_msgs/diagnostic_msgs/srv/detail
[21.731s] -- Installing: /home/e/ros2_ws/install/diagnostic_msgs/include/diagnostic_msgs/diagnostic_msgs/srv/detail/self_test__type_support.c
[21.731s] -- Installing: /home/e/ros2_ws/install/diagnostic_msgs/include/diagnostic_msgs/diagnostic_msgs/srv/detail/add_diagnostics__type_support.c
[21.731s] -- Installing: /home/e/ros2_ws/install/diagnostic_msgs/include/diagnostic_msgs/diagnostic_msgs/srv/detail/self_test__rosidl_typesupport_introspection_c.h
[21.731s] -- Installing: /home/e/ros2_ws/install/diagnostic_msgs/include/diagnostic_msgs/diagnostic_msgs/srv/detail/add_diagnostics__rosidl_typesupport_introspection_c.h
[21.732s] -- Installing: /home/e/ros2_ws/install/diagnostic_msgs/lib/libdiagnostic_msgs__rosidl_typesupport_introspection_c.so
[21.732s] -- Set runtime path of "/home/e/ros2_ws/install/diagnostic_msgs/lib/libdiagnostic_msgs__rosidl_typesupport_introspection_c.so" to ""
[21.732s] -- Installing: /home/e/ros2_ws/install/diagnostic_msgs/lib/libdiagnostic_msgs__rosidl_typesupport_c.so
[21.732s] -- Set runtime path of "/home/e/ros2_ws/install/diagnostic_msgs/lib/libdiagnostic_msgs__rosidl_typesupport_c.so" to ""
[21.732s] -- Up-to-date: /home/e/ros2_ws/install/diagnostic_msgs/include/diagnostic_msgs/diagnostic_msgs
[21.733s] -- Up-to-date: /home/e/ros2_ws/install/diagnostic_msgs/include/diagnostic_msgs/diagnostic_msgs/msg
[21.733s] -- Installing: /home/e/ros2_ws/install/diagnostic_msgs/include/diagnostic_msgs/diagnostic_msgs/msg/key_value.hpp
[21.733s] -- Installing: /home/e/ros2_ws/install/diagnostic_msgs/include/diagnostic_msgs/diagnostic_msgs/msg/diagnostic_array.hpp
[21.733s] -- Installing: /home/e/ros2_ws/install/diagnostic_msgs/include/diagnostic_msgs/diagnostic_msgs/msg/rosidl_generator_cpp__visibility_control.hpp
[21.734s] -- Installing: /home/e/ros2_ws/install/diagnostic_msgs/include/diagnostic_msgs/diagnostic_msgs/msg/diagnostic_status.hpp
[21.734s] -- Up-to-date: /home/e/ros2_ws/install/diagnostic_msgs/include/diagnostic_msgs/diagnostic_msgs/msg/detail
[21.734s] -- Installing: /home/e/ros2_ws/install/diagnostic_msgs/include/diagnostic_msgs/diagnostic_msgs/msg/detail/diagnostic_array__type_support.hpp
[21.734s] -- Installing: /home/e/ros2_ws/install/diagnostic_msgs/include/diagnostic_msgs/diagnostic_msgs/msg/detail/key_value__type_support.hpp
[21.734s] -- Installing: /home/e/ros2_ws/install/diagnostic_msgs/include/diagnostic_msgs/diagnostic_msgs/msg/detail/diagnostic_array__struct.hpp
[21.734s] -- Installing: /home/e/ros2_ws/install/diagnostic_msgs/include/diagnostic_msgs/diagnostic_msgs/msg/detail/diagnostic_array__traits.hpp
[21.735s] -- Installing: /home/e/ros2_ws/install/diagnostic_msgs/include/diagnostic_msgs/diagnostic_msgs/msg/detail/diagnostic_status__traits.hpp
[21.735s] -- Installing: /home/e/ros2_ws/install/diagnostic_msgs/include/diagnostic_msgs/diagnostic_msgs/msg/detail/key_value__traits.hpp
[21.735s] -- Installing: /home/e/ros2_ws/install/diagnostic_msgs/include/diagnostic_msgs/diagnostic_msgs/msg/detail/diagnostic_status__type_support.hpp
[21.735s] -- Installing: /home/e/ros2_ws/install/diagnostic_msgs/include/diagnostic_msgs/diagnostic_msgs/msg/detail/key_value__builder.hpp
[21.735s] -- Installing: /home/e/ros2_ws/install/diagnostic_msgs/include/diagnostic_msgs/diagnostic_msgs/msg/detail/key_value__struct.hpp
[21.735s] -- Installing: /home/e/ros2_ws/install/diagnostic_msgs/include/diagnostic_msgs/diagnostic_msgs/msg/detail/diagnostic_array__builder.hpp
[21.736s] -- Installing: /home/e/ros2_ws/install/diagnostic_msgs/include/diagnostic_msgs/diagnostic_msgs/msg/detail/diagnostic_status__struct.hpp
[21.737s] -- Installing: /home/e/ros2_ws/install/diagnostic_msgs/include/diagnostic_msgs/diagnostic_msgs/msg/detail/diagnostic_status__builder.hpp
[21.737s] -- Up-to-date: /home/e/ros2_ws/install/diagnostic_msgs/include/diagnostic_msgs/diagnostic_msgs/srv
[21.737s] -- Installing: /home/e/ros2_ws/install/diagnostic_msgs/include/diagnostic_msgs/diagnostic_msgs/srv/add_diagnostics.hpp
[21.737s] -- Up-to-date: /home/e/ros2_ws/install/diagnostic_msgs/include/diagnostic_msgs/diagnostic_msgs/srv/detail
[21.737s] -- Installing: /home/e/ros2_ws/install/diagnostic_msgs/include/diagnostic_msgs/diagnostic_msgs/srv/detail/self_test__struct.hpp
[21.737s] -- Installing: /home/e/ros2_ws/install/diagnostic_msgs/include/diagnostic_msgs/diagnostic_msgs/srv/detail/add_diagnostics__type_support.hpp
[21.738s] -- Installing: /home/e/ros2_ws/install/diagnostic_msgs/include/diagnostic_msgs/diagnostic_msgs/srv/detail/self_test__traits.hpp
[21.738s] -- Installing: /home/e/ros2_ws/install/diagnostic_msgs/include/diagnostic_msgs/diagnostic_msgs/srv/detail/self_test__builder.hpp
[21.738s] -- Installing: /home/e/ros2_ws/install/diagnostic_msgs/include/diagnostic_msgs/diagnostic_msgs/srv/detail/add_diagnostics__struct.hpp
[21.739s] -- Installing: /home/e/ros2_ws/install/diagnostic_msgs/include/diagnostic_msgs/diagnostic_msgs/srv/detail/add_diagnostics__traits.hpp
[21.740s] -- Installing: /home/e/ros2_ws/install/diagnostic_msgs/include/diagnostic_msgs/diagnostic_msgs/srv/detail/add_diagnostics__builder.hpp
[21.740s] -- Installing: /home/e/ros2_ws/install/diagnostic_msgs/include/diagnostic_msgs/diagnostic_msgs/srv/detail/self_test__type_support.hpp
[21.740s] -- Installing: /home/e/ros2_ws/install/diagnostic_msgs/include/diagnostic_msgs/diagnostic_msgs/srv/self_test.hpp
[21.740s] -- Up-to-date: /home/e/ros2_ws/install/diagnostic_msgs/include/diagnostic_msgs/diagnostic_msgs
[21.740s] -- Up-to-date: /home/e/ros2_ws/install/diagnostic_msgs/include/diagnostic_msgs/diagnostic_msgs/msg
[21.741s] -- Installing: /home/e/ros2_ws/install/diagnostic_msgs/include/diagnostic_msgs/diagnostic_msgs/msg/rosidl_typesupport_microxrcedds_cpp__visibility_control.h
[21.741s] -- Up-to-date: /home/e/ros2_ws/install/diagnostic_msgs/include/diagnostic_msgs/diagnostic_msgs/msg/detail
[21.741s] -- Up-to-date: /home/e/ros2_ws/install/diagnostic_msgs/include/diagnostic_msgs/diagnostic_msgs/msg/detail/microxrcedds
[21.741s] -- Installing: /home/e/ros2_ws/install/diagnostic_msgs/include/diagnostic_msgs/diagnostic_msgs/msg/detail/diagnostic_status__rosidl_typesupport_microxrcedds_cpp.hpp
[21.741s] -- Installing: /home/e/ros2_ws/install/diagnostic_msgs/include/diagnostic_msgs/diagnostic_msgs/msg/detail/diagnostic_array__rosidl_typesupport_microxrcedds_cpp.hpp
[21.741s] -- Installing: /home/e/ros2_ws/install/diagnostic_msgs/include/diagnostic_msgs/diagnostic_msgs/msg/detail/key_value__rosidl_typesupport_microxrcedds_cpp.hpp
[21.741s] -- Up-to-date: /home/e/ros2_ws/install/diagnostic_msgs/include/diagnostic_msgs/diagnostic_msgs/srv
[21.741s] -- Up-to-date: /home/e/ros2_ws/install/diagnostic_msgs/include/diagnostic_msgs/diagnostic_msgs/srv/detail
[21.742s] -- Up-to-date: /home/e/ros2_ws/install/diagnostic_msgs/include/diagnostic_msgs/diagnostic_msgs/srv/detail/microxrcedds
[21.742s] -- Installing: /home/e/ros2_ws/install/diagnostic_msgs/include/diagnostic_msgs/diagnostic_msgs/srv/detail/self_test__rosidl_typesupport_microxrcedds_cpp.hpp
[21.742s] -- Installing: /home/e/ros2_ws/install/diagnostic_msgs/include/diagnostic_msgs/diagnostic_msgs/srv/detail/add_diagnostics__rosidl_typesupport_microxrcedds_cpp.hpp
[21.742s] -- Installing: /home/e/ros2_ws/install/diagnostic_msgs/lib/libdiagnostic_msgs__rosidl_typesupport_microxrcedds_cpp.so
[21.742s] -- Set runtime path of "/home/e/ros2_ws/install/diagnostic_msgs/lib/libdiagnostic_msgs__rosidl_typesupport_microxrcedds_cpp.so" to ""
[21.743s] -- Up-to-date: /home/e/ros2_ws/install/diagnostic_msgs/include/diagnostic_msgs/diagnostic_msgs
[21.743s] -- Up-to-date: /home/e/ros2_ws/install/diagnostic_msgs/include/diagnostic_msgs/diagnostic_msgs/msg
[21.743s] -- Installing: /home/e/ros2_ws/install/diagnostic_msgs/include/diagnostic_msgs/diagnostic_msgs/msg/rosidl_typesupport_fastrtps_cpp__visibility_control.h
[21.743s] -- Up-to-date: /home/e/ros2_ws/install/diagnostic_msgs/include/diagnostic_msgs/diagnostic_msgs/msg/detail
[21.743s] -- Installing: /home/e/ros2_ws/install/diagnostic_msgs/include/diagnostic_msgs/diagnostic_msgs/msg/detail/diagnostic_array__rosidl_typesupport_fastrtps_cpp.hpp
[21.743s] -- Installing: /home/e/ros2_ws/install/diagnostic_msgs/include/diagnostic_msgs/diagnostic_msgs/msg/detail/dds_fastrtps
[21.743s] -- Installing: /home/e/ros2_ws/install/diagnostic_msgs/include/diagnostic_msgs/diagnostic_msgs/msg/detail/diagnostic_status__rosidl_typesupport_fastrtps_cpp.hpp
[21.744s] -- Installing: /home/e/ros2_ws/install/diagnostic_msgs/include/diagnostic_msgs/diagnostic_msgs/msg/detail/key_value__rosidl_typesupport_fastrtps_cpp.hpp
[21.744s] -- Up-to-date: /home/e/ros2_ws/install/diagnostic_msgs/include/diagnostic_msgs/diagnostic_msgs/srv
[21.744s] -- Up-to-date: /home/e/ros2_ws/install/diagnostic_msgs/include/diagnostic_msgs/diagnostic_msgs/srv/detail
[21.744s] -- Installing: /home/e/ros2_ws/install/diagnostic_msgs/include/diagnostic_msgs/diagnostic_msgs/srv/detail/add_diagnostics__rosidl_typesupport_fastrtps_cpp.hpp
[21.744s] -- Installing: /home/e/ros2_ws/install/diagnostic_msgs/include/diagnostic_msgs/diagnostic_msgs/srv/detail/dds_fastrtps
[21.744s] -- Installing: /home/e/ros2_ws/install/diagnostic_msgs/include/diagnostic_msgs/diagnostic_msgs/srv/detail/self_test__rosidl_typesupport_fastrtps_cpp.hpp
[21.745s] -- Installing: /home/e/ros2_ws/install/diagnostic_msgs/lib/libdiagnostic_msgs__rosidl_typesupport_fastrtps_cpp.so
[21.745s] -- Set runtime path of "/home/e/ros2_ws/install/diagnostic_msgs/lib/libdiagnostic_msgs__rosidl_typesupport_fastrtps_cpp.so" to ""
[21.745s] -- Up-to-date: /home/e/ros2_ws/install/diagnostic_msgs/include/diagnostic_msgs/diagnostic_msgs
[21.745s] -- Up-to-date: /home/e/ros2_ws/install/diagnostic_msgs/include/diagnostic_msgs/diagnostic_msgs/msg
[21.745s] -- Up-to-date: /home/e/ros2_ws/install/diagnostic_msgs/include/diagnostic_msgs/diagnostic_msgs/msg/detail
[21.745s] -- Installing: /home/e/ros2_ws/install/diagnostic_msgs/include/diagnostic_msgs/diagnostic_msgs/msg/detail/diagnostic_status__type_support.cpp
[21.745s] -- Installing: /home/e/ros2_ws/install/diagnostic_msgs/include/diagnostic_msgs/diagnostic_msgs/msg/detail/key_value__rosidl_typesupport_introspection_cpp.hpp
[21.746s] -- Installing: /home/e/ros2_ws/install/diagnostic_msgs/include/diagnostic_msgs/diagnostic_msgs/msg/detail/diagnostic_array__rosidl_typesupport_introspection_cpp.hpp
[21.746s] -- Installing: /home/e/ros2_ws/install/diagnostic_msgs/include/diagnostic_msgs/diagnostic_msgs/msg/detail/key_value__type_support.cpp
[21.746s] -- Installing: /home/e/ros2_ws/install/diagnostic_msgs/include/diagnostic_msgs/diagnostic_msgs/msg/detail/diagnostic_array__type_support.cpp
[21.746s] -- Installing: /home/e/ros2_ws/install/diagnostic_msgs/include/diagnostic_msgs/diagnostic_msgs/msg/detail/diagnostic_status__rosidl_typesupport_introspection_cpp.hpp
[21.747s] -- Up-to-date: /home/e/ros2_ws/install/diagnostic_msgs/include/diagnostic_msgs/diagnostic_msgs/srv
[21.747s] -- Up-to-date: /home/e/ros2_ws/install/diagnostic_msgs/include/diagnostic_msgs/diagnostic_msgs/srv/detail
[21.747s] -- Installing: /home/e/ros2_ws/install/diagnostic_msgs/include/diagnostic_msgs/diagnostic_msgs/srv/detail/add_diagnostics__rosidl_typesupport_introspection_cpp.hpp
[21.747s] -- Installing: /home/e/ros2_ws/install/diagnostic_msgs/include/diagnostic_msgs/diagnostic_msgs/srv/detail/add_diagnostics__type_support.cpp
[21.748s] -- Installing: /home/e/ros2_ws/install/diagnostic_msgs/include/diagnostic_msgs/diagnostic_msgs/srv/detail/self_test__type_support.cpp
[21.748s] -- Installing: /home/e/ros2_ws/install/diagnostic_msgs/include/diagnostic_msgs/diagnostic_msgs/srv/detail/self_test__rosidl_typesupport_introspection_cpp.hpp
[21.749s] -- Installing: /home/e/ros2_ws/install/diagnostic_msgs/lib/libdiagnostic_msgs__rosidl_typesupport_introspection_cpp.so
[21.751s] -- Set runtime path of "/home/e/ros2_ws/install/diagnostic_msgs/lib/libdiagnostic_msgs__rosidl_typesupport_introspection_cpp.so" to ""
[21.751s] -- Installing: /home/e/ros2_ws/install/diagnostic_msgs/lib/libdiagnostic_msgs__rosidl_typesupport_cpp.so
[21.752s] -- Set runtime path of "/home/e/ros2_ws/install/diagnostic_msgs/lib/libdiagnostic_msgs__rosidl_typesupport_cpp.so" to ""
[21.752s] -- Installing: /home/e/ros2_ws/install/diagnostic_msgs/share/diagnostic_msgs/environment/pythonpath.sh
[21.752s] -- Installing: /home/e/ros2_ws/install/diagnostic_msgs/share/diagnostic_msgs/environment/pythonpath.dsv
[21.752s] -- Installing: /home/e/ros2_ws/install/diagnostic_msgs/local/lib/python3.10/dist-packages/diagnostic_msgs-4.9.0-py3.10.egg-info
[21.753s] -- Installing: /home/e/ros2_ws/install/diagnostic_msgs/local/lib/python3.10/dist-packages/diagnostic_msgs-4.9.0-py3.10.egg-info/PKG-INFO
[21.753s] -- Installing: /home/e/ros2_ws/install/diagnostic_msgs/local/lib/python3.10/dist-packages/diagnostic_msgs-4.9.0-py3.10.egg-info/top_level.txt
[21.754s] -- Installing: /home/e/ros2_ws/install/diagnostic_msgs/local/lib/python3.10/dist-packages/diagnostic_msgs-4.9.0-py3.10.egg-info/SOURCES.txt
[21.754s] -- Installing: /home/e/ros2_ws/install/diagnostic_msgs/local/lib/python3.10/dist-packages/diagnostic_msgs-4.9.0-py3.10.egg-info/dependency_links.txt
[21.754s] -- Installing: /home/e/ros2_ws/install/diagnostic_msgs/local/lib/python3.10/dist-packages/diagnostic_msgs
[21.754s] -- Installing: /home/e/ros2_ws/install/diagnostic_msgs/local/lib/python3.10/dist-packages/diagnostic_msgs/msg
[21.755s] -- Installing: /home/e/ros2_ws/install/diagnostic_msgs/local/lib/python3.10/dist-packages/diagnostic_msgs/msg/_diagnostic_status_s.c
[21.755s] -- Installing: /home/e/ros2_ws/install/diagnostic_msgs/local/lib/python3.10/dist-packages/diagnostic_msgs/msg/_diagnostic_status.py
[21.755s] -- Installing: /home/e/ros2_ws/install/diagnostic_msgs/local/lib/python3.10/dist-packages/diagnostic_msgs/msg/_diagnostic_array.py
[21.755s] -- Installing: /home/e/ros2_ws/install/diagnostic_msgs/local/lib/python3.10/dist-packages/diagnostic_msgs/msg/_key_value_s.c
[21.756s] -- Installing: /home/e/ros2_ws/install/diagnostic_msgs/local/lib/python3.10/dist-packages/diagnostic_msgs/msg/__init__.py
[21.756s] -- Installing: /home/e/ros2_ws/install/diagnostic_msgs/local/lib/python3.10/dist-packages/diagnostic_msgs/msg/_diagnostic_array_s.c
[21.756s] -- Installing: /home/e/ros2_ws/install/diagnostic_msgs/local/lib/python3.10/dist-packages/diagnostic_msgs/msg/_key_value.py
[21.756s] -- Installing: /home/e/ros2_ws/install/diagnostic_msgs/local/lib/python3.10/dist-packages/diagnostic_msgs/srv
[21.757s] -- Installing: /home/e/ros2_ws/install/diagnostic_msgs/local/lib/python3.10/dist-packages/diagnostic_msgs/srv/_add_diagnostics.py
[21.757s] -- Installing: /home/e/ros2_ws/install/diagnostic_msgs/local/lib/python3.10/dist-packages/diagnostic_msgs/srv/_self_test.py
[21.757s] -- Installing: /home/e/ros2_ws/install/diagnostic_msgs/local/lib/python3.10/dist-packages/diagnostic_msgs/srv/__init__.py
[21.757s] -- Installing: /home/e/ros2_ws/install/diagnostic_msgs/local/lib/python3.10/dist-packages/diagnostic_msgs/srv/_add_diagnostics_s.c
[21.758s] -- Installing: /home/e/ros2_ws/install/diagnostic_msgs/local/lib/python3.10/dist-packages/diagnostic_msgs/srv/_self_test_s.c
[21.758s] -- Installing: /home/e/ros2_ws/install/diagnostic_msgs/local/lib/python3.10/dist-packages/diagnostic_msgs/diagnostic_msgs_s__rosidl_typesupport_fastrtps_c.cpython-310-x86_64-linux-gnu.so
[21.758s] -- Installing: /home/e/ros2_ws/install/diagnostic_msgs/local/lib/python3.10/dist-packages/diagnostic_msgs/diagnostic_msgs_s__rosidl_typesupport_c.cpython-310-x86_64-linux-gnu.so
[21.758s] -- Installing: /home/e/ros2_ws/install/diagnostic_msgs/local/lib/python3.10/dist-packages/diagnostic_msgs/_diagnostic_msgs_s.ep.rosidl_typesupport_introspection_c.c
[21.758s] -- Installing: /home/e/ros2_ws/install/diagnostic_msgs/local/lib/python3.10/dist-packages/diagnostic_msgs/libdiagnostic_msgs__rosidl_generator_py.so
[21.759s] -- Installing: /home/e/ros2_ws/install/diagnostic_msgs/local/lib/python3.10/dist-packages/diagnostic_msgs/diagnostic_msgs_s__rosidl_typesupport_introspection_c.cpython-310-x86_64-linux-gnu.so
[21.759s] -- Installing: /home/e/ros2_ws/install/diagnostic_msgs/local/lib/python3.10/dist-packages/diagnostic_msgs/diagnostic_msgs_s__rosidl_typesupport_microxrcedds_c.cpython-310-x86_64-linux-gnu.so
[21.759s] -- Installing: /home/e/ros2_ws/install/diagnostic_msgs/local/lib/python3.10/dist-packages/diagnostic_msgs/__init__.py
[21.760s] -- Installing: /home/e/ros2_ws/install/diagnostic_msgs/local/lib/python3.10/dist-packages/diagnostic_msgs/_diagnostic_msgs_s.ep.rosidl_typesupport_fastrtps_c.c
[21.760s] -- Installing: /home/e/ros2_ws/install/diagnostic_msgs/local/lib/python3.10/dist-packages/diagnostic_msgs/_diagnostic_msgs_s.ep.rosidl_typesupport_microxrcedds_c.c
[21.761s] -- Installing: /home/e/ros2_ws/install/diagnostic_msgs/local/lib/python3.10/dist-packages/diagnostic_msgs/_diagnostic_msgs_s.ep.rosidl_typesupport_c.c
[21.799s] Listing '/home/e/ros2_ws/install/diagnostic_msgs/local/lib/python3.10/dist-packages/diagnostic_msgs'...
[21.799s] Compiling '/home/e/ros2_ws/install/diagnostic_msgs/local/lib/python3.10/dist-packages/diagnostic_msgs/__init__.py'...
[21.799s] Listing '/home/e/ros2_ws/install/diagnostic_msgs/local/lib/python3.10/dist-packages/diagnostic_msgs/msg'...
[21.799s] Compiling '/home/e/ros2_ws/install/diagnostic_msgs/local/lib/python3.10/dist-packages/diagnostic_msgs/msg/__init__.py'...
[21.799s] Compiling '/home/e/ros2_ws/install/diagnostic_msgs/local/lib/python3.10/dist-packages/diagnostic_msgs/msg/_diagnostic_array.py'...
[21.799s] Compiling '/home/e/ros2_ws/install/diagnostic_msgs/local/lib/python3.10/dist-packages/diagnostic_msgs/msg/_diagnostic_status.py'...
[21.799s] Compiling '/home/e/ros2_ws/install/diagnostic_msgs/local/lib/python3.10/dist-packages/diagnostic_msgs/msg/_key_value.py'...
[21.799s] Listing '/home/e/ros2_ws/install/diagnostic_msgs/local/lib/python3.10/dist-packages/diagnostic_msgs/srv'...
[21.800s] Compiling '/home/e/ros2_ws/install/diagnostic_msgs/local/lib/python3.10/dist-packages/diagnostic_msgs/srv/__init__.py'...
[21.800s] Compiling '/home/e/ros2_ws/install/diagnostic_msgs/local/lib/python3.10/dist-packages/diagnostic_msgs/srv/_add_diagnostics.py'...
[21.800s] Compiling '/home/e/ros2_ws/install/diagnostic_msgs/local/lib/python3.10/dist-packages/diagnostic_msgs/srv/_self_test.py'...
[21.806s] -- Installing: /home/e/ros2_ws/install/diagnostic_msgs/local/lib/python3.10/dist-packages/diagnostic_msgs/diagnostic_msgs_s__rosidl_typesupport_microxrcedds_c.cpython-310-x86_64-linux-gnu.so
[21.807s] -- Set runtime path of "/home/e/ros2_ws/install/diagnostic_msgs/local/lib/python3.10/dist-packages/diagnostic_msgs/diagnostic_msgs_s__rosidl_typesupport_microxrcedds_c.cpython-310-x86_64-linux-gnu.so" to ""
[21.807s] -- Installing: /home/e/ros2_ws/install/diagnostic_msgs/local/lib/python3.10/dist-packages/diagnostic_msgs/diagnostic_msgs_s__rosidl_typesupport_fastrtps_c.cpython-310-x86_64-linux-gnu.so
[21.807s] -- Set runtime path of "/home/e/ros2_ws/install/diagnostic_msgs/local/lib/python3.10/dist-packages/diagnostic_msgs/diagnostic_msgs_s__rosidl_typesupport_fastrtps_c.cpython-310-x86_64-linux-gnu.so" to ""
[21.808s] -- Installing: /home/e/ros2_ws/install/diagnostic_msgs/local/lib/python3.10/dist-packages/diagnostic_msgs/diagnostic_msgs_s__rosidl_typesupport_introspection_c.cpython-310-x86_64-linux-gnu.so
[21.808s] -- Set runtime path of "/home/e/ros2_ws/install/diagnostic_msgs/local/lib/python3.10/dist-packages/diagnostic_msgs/diagnostic_msgs_s__rosidl_typesupport_introspection_c.cpython-310-x86_64-linux-gnu.so" to ""
[21.809s] -- Installing: /home/e/ros2_ws/install/diagnostic_msgs/local/lib/python3.10/dist-packages/diagnostic_msgs/diagnostic_msgs_s__rosidl_typesupport_c.cpython-310-x86_64-linux-gnu.so
[21.809s] -- Set runtime path of "/home/e/ros2_ws/install/diagnostic_msgs/local/lib/python3.10/dist-packages/diagnostic_msgs/diagnostic_msgs_s__rosidl_typesupport_c.cpython-310-x86_64-linux-gnu.so" to ""
[21.810s] -- Installing: /home/e/ros2_ws/install/diagnostic_msgs/lib/libdiagnostic_msgs__rosidl_generator_py.so
[21.810s] -- Set runtime path of "/home/e/ros2_ws/install/diagnostic_msgs/lib/libdiagnostic_msgs__rosidl_generator_py.so" to ""
[21.811s] -- Installing: /home/e/ros2_ws/install/diagnostic_msgs/share/diagnostic_msgs/msg/DiagnosticArray.idl
[21.811s] -- Installing: /home/e/ros2_ws/install/diagnostic_msgs/share/diagnostic_msgs/msg/DiagnosticStatus.idl
[21.811s] -- Installing: /home/e/ros2_ws/install/diagnostic_msgs/share/diagnostic_msgs/msg/KeyValue.idl
[21.811s] -- Installing: /home/e/ros2_ws/install/diagnostic_msgs/share/diagnostic_msgs/srv/AddDiagnostics.idl
[21.812s] -- Installing: /home/e/ros2_ws/install/diagnostic_msgs/share/diagnostic_msgs/srv/SelfTest.idl
[21.812s] -- Installing: /home/e/ros2_ws/install/diagnostic_msgs/share/diagnostic_msgs/msg/DiagnosticArray.msg
[21.812s] -- Installing: /home/e/ros2_ws/install/diagnostic_msgs/share/diagnostic_msgs/msg/DiagnosticStatus.msg
[21.812s] -- Installing: /home/e/ros2_ws/install/diagnostic_msgs/share/diagnostic_msgs/msg/KeyValue.msg
[21.812s] -- Installing: /home/e/ros2_ws/install/diagnostic_msgs/share/diagnostic_msgs/srv/AddDiagnostics.srv
[21.813s] -- Installing: /home/e/ros2_ws/install/diagnostic_msgs/share/diagnostic_msgs/srv/AddDiagnostics_Request.msg
[21.813s] -- Installing: /home/e/ros2_ws/install/diagnostic_msgs/share/diagnostic_msgs/srv/AddDiagnostics_Response.msg
[21.813s] -- Installing: /home/e/ros2_ws/install/diagnostic_msgs/share/diagnostic_msgs/srv/SelfTest.srv
[21.813s] -- Installing: /home/e/ros2_ws/install/diagnostic_msgs/share/diagnostic_msgs/srv/SelfTest_Request.msg
[21.814s] -- Installing: /home/e/ros2_ws/install/diagnostic_msgs/share/diagnostic_msgs/srv/SelfTest_Response.msg
[21.814s] -- Installing: /home/e/ros2_ws/install/diagnostic_msgs/share/ament_index/resource_index/package_run_dependencies/diagnostic_msgs
[21.814s] -- Installing: /home/e/ros2_ws/install/diagnostic_msgs/share/ament_index/resource_index/parent_prefix_path/diagnostic_msgs
[21.814s] -- Installing: /home/e/ros2_ws/install/diagnostic_msgs/share/diagnostic_msgs/environment/ament_prefix_path.sh
[21.814s] -- Installing: /home/e/ros2_ws/install/diagnostic_msgs/share/diagnostic_msgs/environment/ament_prefix_path.dsv
[21.815s] -- Installing: /home/e/ros2_ws/install/diagnostic_msgs/share/diagnostic_msgs/environment/path.sh
[21.815s] -- Installing: /home/e/ros2_ws/install/diagnostic_msgs/share/diagnostic_msgs/environment/path.dsv
[21.815s] -- Installing: /home/e/ros2_ws/install/diagnostic_msgs/share/diagnostic_msgs/local_setup.bash
[21.815s] -- Installing: /home/e/ros2_ws/install/diagnostic_msgs/share/diagnostic_msgs/local_setup.sh
[21.815s] -- Installing: /home/e/ros2_ws/install/diagnostic_msgs/share/diagnostic_msgs/local_setup.zsh
[21.815s] -- Installing: /home/e/ros2_ws/install/diagnostic_msgs/share/diagnostic_msgs/local_setup.dsv
[21.816s] -- Installing: /home/e/ros2_ws/install/diagnostic_msgs/share/diagnostic_msgs/package.dsv
[21.816s] -- Installing: /home/e/ros2_ws/install/diagnostic_msgs/share/ament_index/resource_index/packages/diagnostic_msgs
[21.816s] -- Installing: /home/e/ros2_ws/install/diagnostic_msgs/share/diagnostic_msgs/cmake/export_diagnostic_msgs__rosidl_generator_cExport.cmake
[21.816s] -- Installing: /home/e/ros2_ws/install/diagnostic_msgs/share/diagnostic_msgs/cmake/export_diagnostic_msgs__rosidl_generator_cExport-noconfig.cmake
[21.817s] -- Installing: /home/e/ros2_ws/install/diagnostic_msgs/share/diagnostic_msgs/cmake/export_diagnostic_msgs__rosidl_typesupport_fastrtps_cExport.cmake
[21.817s] -- Installing: /home/e/ros2_ws/install/diagnostic_msgs/share/diagnostic_msgs/cmake/export_diagnostic_msgs__rosidl_typesupport_fastrtps_cExport-noconfig.cmake
[21.817s] -- Installing: /home/e/ros2_ws/install/diagnostic_msgs/share/diagnostic_msgs/cmake/diagnostic_msgs__rosidl_typesupport_introspection_cExport.cmake
[21.817s] -- Installing: /home/e/ros2_ws/install/diagnostic_msgs/share/diagnostic_msgs/cmake/diagnostic_msgs__rosidl_typesupport_introspection_cExport-noconfig.cmake
[21.817s] -- Installing: /home/e/ros2_ws/install/diagnostic_msgs/share/diagnostic_msgs/cmake/diagnostic_msgs__rosidl_typesupport_cExport.cmake
[21.818s] -- Installing: /home/e/ros2_ws/install/diagnostic_msgs/share/diagnostic_msgs/cmake/diagnostic_msgs__rosidl_typesupport_cExport-noconfig.cmake
[21.818s] -- Installing: /home/e/ros2_ws/install/diagnostic_msgs/share/diagnostic_msgs/cmake/export_diagnostic_msgs__rosidl_generator_cppExport.cmake
[21.818s] -- Installing: /home/e/ros2_ws/install/diagnostic_msgs/share/diagnostic_msgs/cmake/export_diagnostic_msgs__rosidl_typesupport_fastrtps_cppExport.cmake
[21.818s] -- Installing: /home/e/ros2_ws/install/diagnostic_msgs/share/diagnostic_msgs/cmake/export_diagnostic_msgs__rosidl_typesupport_fastrtps_cppExport-noconfig.cmake
[21.818s] -- Installing: /home/e/ros2_ws/install/diagnostic_msgs/share/diagnostic_msgs/cmake/diagnostic_msgs__rosidl_typesupport_introspection_cppExport.cmake
[21.819s] -- Installing: /home/e/ros2_ws/install/diagnostic_msgs/share/diagnostic_msgs/cmake/diagnostic_msgs__rosidl_typesupport_introspection_cppExport-noconfig.cmake
[21.819s] -- Installing: /home/e/ros2_ws/install/diagnostic_msgs/share/diagnostic_msgs/cmake/diagnostic_msgs__rosidl_typesupport_cppExport.cmake
[21.819s] -- Installing: /home/e/ros2_ws/install/diagnostic_msgs/share/diagnostic_msgs/cmake/diagnostic_msgs__rosidl_typesupport_cppExport-noconfig.cmake
[21.819s] -- Installing: /home/e/ros2_ws/install/diagnostic_msgs/share/diagnostic_msgs/cmake/export_diagnostic_msgs__rosidl_generator_pyExport.cmake
[21.820s] -- Installing: /home/e/ros2_ws/install/diagnostic_msgs/share/diagnostic_msgs/cmake/export_diagnostic_msgs__rosidl_generator_pyExport-noconfig.cmake
[21.820s] -- Installing: /home/e/ros2_ws/install/diagnostic_msgs/share/diagnostic_msgs/cmake/rosidl_cmake-extras.cmake
[21.820s] -- Installing: /home/e/ros2_ws/install/diagnostic_msgs/share/diagnostic_msgs/cmake/ament_cmake_export_dependencies-extras.cmake
[21.820s] -- Installing: /home/e/ros2_ws/install/diagnostic_msgs/share/diagnostic_msgs/cmake/ament_cmake_export_include_directories-extras.cmake
[21.820s] -- Installing: /home/e/ros2_ws/install/diagnostic_msgs/share/diagnostic_msgs/cmake/ament_cmake_export_libraries-extras.cmake
[21.820s] -- Installing: /home/e/ros2_ws/install/diagnostic_msgs/share/diagnostic_msgs/cmake/ament_cmake_export_targets-extras.cmake
[21.821s] -- Installing: /home/e/ros2_ws/install/diagnostic_msgs/share/diagnostic_msgs/cmake/rosidl_cmake_export_typesupport_targets-extras.cmake
[21.821s] -- Installing: /home/e/ros2_ws/install/diagnostic_msgs/share/diagnostic_msgs/cmake/rosidl_cmake_export_typesupport_libraries-extras.cmake
[21.822s] -- Installing: /home/e/ros2_ws/install/diagnostic_msgs/share/diagnostic_msgs/cmake/diagnostic_msgsConfig.cmake
[21.822s] -- Installing: /home/e/ros2_ws/install/diagnostic_msgs/share/diagnostic_msgs/cmake/diagnostic_msgsConfig-version.cmake
[21.823s] -- Installing: /home/e/ros2_ws/install/diagnostic_msgs/share/diagnostic_msgs/package.xml
[21.824s] Invoked command in '/home/e/ros2_ws/build/diagnostic_msgs' returned '0': AMENT_PREFIX_PATH=/home/e/ros2_ws/install/geometry_msgs:/home/e/ros2_ws/install/std_msgs:/home/e/ros2_ws/install/builtin_interfaces:${AMENT_PREFIX_PATH} CMAKE_PREFIX_PATH=/home/e/ros2_ws/install/geometry_msgs:/home/e/ros2_ws/install/std_msgs:/home/e/ros2_ws/install/builtin_interfaces:/home/e/ros2_ws/install/rosidl_typesupport_microxrcedds_cpp:/home/e/ros2_ws/install/rosidl_typesupport_microxrcedds_c:/home/e/ros2_ws/install/microcdr:/home/e/ros2_ws/install/micro_ros_setup:/opt/ros/humble LD_LIBRARY_PATH=/home/e/ros2_ws/install/geometry_msgs/lib:/home/e/ros2_ws/install/std_msgs/lib:/home/e/ros2_ws/install/builtin_interfaces/lib:${LD_LIBRARY_PATH} PYTHONPATH=/home/e/ros2_ws/install/geometry_msgs/local/lib/python3.10/dist-packages:/home/e/ros2_ws/install/std_msgs/local/lib/python3.10/dist-packages:/home/e/ros2_ws/install/builtin_interfaces/local/lib/python3.10/dist-packages:${PYTHONPATH} /usr/bin/cmake --install /home/e/ros2_ws/build/diagnostic_msgs
