[0.009s] Invoking command in '/home/e/ros2_ws/build/complex_msgs': AMENT_PREFIX_PATH=/home/e/ros2_ws/install/builtin_interfaces:${AMENT_PREFIX_PATH} CMAKE_PREFIX_PATH=/home/e/ros2_ws/install/builtin_interfaces:/home/e/ros2_ws/install/rosidl_typesupport_microxrcedds_cpp:/home/e/ros2_ws/install/rosidl_typesupport_microxrcedds_c:/home/e/ros2_ws/install/microcdr:/home/e/ros2_ws/install/micro_ros_setup:/opt/ros/humble LD_LIBRARY_PATH=/home/e/ros2_ws/install/builtin_interfaces/lib:${LD_LIBRARY_PATH} PYTHONPATH=/home/e/ros2_ws/install/builtin_interfaces/local/lib/python3.10/dist-packages:${PYTHONPATH} /usr/bin/cmake /home/e/ros2_ws/src/uros/micro-ROS-demos/messages/complex_msg -DBUILD_TESTING=OFF -DBUILD_SHARED_LIBS=ON -DCMAKE_INSTALL_PREFIX=/home/e/ros2_ws/install/complex_msgs
[0.067s] -- The C compiler identification is GNU 11.4.0
[0.119s] -- The CXX compiler identification is GNU 11.4.0
[0.126s] -- Detecting C compiler ABI info
[0.191s] -- Detecting C compiler ABI info - done
[0.197s] -- Check for working C compiler: /usr/bin/cc - skipped
[0.198s] -- Detecting C compile features
[0.198s] -- Detecting C compile features - done
[0.201s] -- Detecting CXX compiler ABI info
[0.286s] -- Detecting CXX compiler ABI info - done
[0.293s] -- Check for working CXX compiler: /usr/bin/c++ - skipped
[0.293s] -- Detecting CXX compile features
[0.294s] -- Detecting CXX compile features - done
[0.300s] -- Found ament_cmake: 1.3.12 (/opt/ros/humble/share/ament_cmake/cmake)
[0.449s] -- Found Python3: /usr/bin/python3 (found version "3.10.12") found components: Interpreter 
[0.529s] -- Found builtin_interfaces: 1.2.2 (/home/e/ros2_ws/install/builtin_interfaces/share/builtin_interfaces/cmake)
[0.559s] -- Found rosidl_generator_c: 3.1.7 (/opt/ros/humble/share/rosidl_generator_c/cmake)
[0.565s] -- Found rosidl_adapter: 3.1.7 (/opt/ros/humble/share/rosidl_adapter/cmake)
[0.571s] -- Found rosidl_generator_cpp: 3.1.7 (/opt/ros/humble/share/rosidl_generator_cpp/cmake)
[0.582s] -- Using all available rosidl_typesupport_c: rosidl_typesupport_microxrcedds_c;rosidl_typesupport_fastrtps_c;rosidl_typesupport_introspection_c
[0.608s] -- Using all available rosidl_typesupport_cpp: rosidl_typesupport_microxrcedds_cpp;rosidl_typesupport_fastrtps_cpp;rosidl_typesupport_introspection_cpp
[0.625s] -- Found rosidl_default_generators: 1.2.0 (/opt/ros/humble/share/rosidl_default_generators/cmake)
[0.881s] -- Found ament_cmake_ros: 0.10.0 (/opt/ros/humble/share/ament_cmake_ros/cmake)
[1.237s] -- Using all available rosidl_typesupport_c: rosidl_typesupport_microxrcedds_c;rosidl_typesupport_fastrtps_c;rosidl_typesupport_introspection_c
[1.420s] -- Using all available rosidl_typesupport_cpp: rosidl_typesupport_microxrcedds_cpp;rosidl_typesupport_fastrtps_cpp;rosidl_typesupport_introspection_cpp
[1.442s] -- Found PythonInterp: /usr/bin/python3 (found suitable version "3.10.12", minimum required is "3.6") 
[1.442s] -- Found python_cmake_module: 0.10.0 (/opt/ros/humble/share/python_cmake_module/cmake)
[1.468s] -- Found PythonLibs: /usr/lib/x86_64-linux-gnu/libpython3.10.so (found suitable version "3.10.12", minimum required is "3.5") 
[1.468s] -- Using PYTHON_EXECUTABLE: /usr/bin/python3
[1.468s] -- Using PYTHON_INCLUDE_DIRS: /usr/include/python3.10
[1.468s] -- Using PYTHON_LIBRARIES: /usr/lib/x86_64-linux-gnu/libpython3.10.so
[1.492s] -- Found PythonExtra: .so  
[1.530s] -- Configuring done
[1.561s] -- Generating done
[1.581s] -- Build files have been written to: /home/e/ros2_ws/build/complex_msgs
[1.592s] Invoked command in '/home/e/ros2_ws/build/complex_msgs' returned '0': AMENT_PREFIX_PATH=/home/e/ros2_ws/install/builtin_interfaces:${AMENT_PREFIX_PATH} CMAKE_PREFIX_PATH=/home/e/ros2_ws/install/builtin_interfaces:/home/e/ros2_ws/install/rosidl_typesupport_microxrcedds_cpp:/home/e/ros2_ws/install/rosidl_typesupport_microxrcedds_c:/home/e/ros2_ws/install/microcdr:/home/e/ros2_ws/install/micro_ros_setup:/opt/ros/humble LD_LIBRARY_PATH=/home/e/ros2_ws/install/builtin_interfaces/lib:${LD_LIBRARY_PATH} PYTHONPATH=/home/e/ros2_ws/install/builtin_interfaces/local/lib/python3.10/dist-packages:${PYTHONPATH} /usr/bin/cmake /home/e/ros2_ws/src/uros/micro-ROS-demos/messages/complex_msg -DBUILD_TESTING=OFF -DBUILD_SHARED_LIBS=ON -DCMAKE_INSTALL_PREFIX=/home/e/ros2_ws/install/complex_msgs
[1.596s] Invoking command in '/home/e/ros2_ws/build/complex_msgs': AMENT_PREFIX_PATH=/home/e/ros2_ws/install/builtin_interfaces:${AMENT_PREFIX_PATH} CMAKE_PREFIX_PATH=/home/e/ros2_ws/install/builtin_interfaces:/home/e/ros2_ws/install/rosidl_typesupport_microxrcedds_cpp:/home/e/ros2_ws/install/rosidl_typesupport_microxrcedds_c:/home/e/ros2_ws/install/microcdr:/home/e/ros2_ws/install/micro_ros_setup:/opt/ros/humble LD_LIBRARY_PATH=/home/e/ros2_ws/install/builtin_interfaces/lib:${LD_LIBRARY_PATH} PYTHONPATH=/home/e/ros2_ws/install/builtin_interfaces/local/lib/python3.10/dist-packages:${PYTHONPATH} /usr/bin/cmake --build /home/e/ros2_ws/build/complex_msgs -- -j2 -l2
[1.642s] [  2%] [34m[1mGenerating C code for ROS interfaces[0m
[2.096s] [  4%] [32mBuilding C object CMakeFiles/complex_msgs__rosidl_generator_c.dir/rosidl_generator_c/complex_msgs/msg/detail/multi_string_test__functions.c.o[0m
[2.139s] [  6%] [32mBuilding C object CMakeFiles/complex_msgs__rosidl_generator_c.dir/rosidl_generator_c/complex_msgs/msg/detail/nested_msg_test__functions.c.o[0m
[2.189s] [  8%] [32m[1mLinking C shared library libcomplex_msgs__rosidl_generator_c.so[0m
[2.224s] [  8%] Built target complex_msgs__rosidl_generator_c
[2.245s] [ 10%] [34m[1mGenerating C++ code for ROS interfaces[0m
[2.617s] [ 10%] Built target complex_msgs__cpp
[2.646s] [ 10%] Built target ament_cmake_python_copy_complex_msgs
[2.656s] [ 12%] [34m[1mGenerating C type support for eProsima Micro XRCE-DDS[0m
[2.948s] [ 14%] [32mBuilding C object CMakeFiles/complex_msgs__rosidl_typesupport_microxrcedds_c.dir/rosidl_typesupport_microxrcedds_c/complex_msgs/msg/detail/microxrcedds/multi_string_test__type_support_c.c.o[0m
[3.000s] [ 16%] [32mBuilding C object CMakeFiles/complex_msgs__rosidl_typesupport_microxrcedds_c.dir/rosidl_typesupport_microxrcedds_c/complex_msgs/msg/detail/microxrcedds/nested_msg_test__type_support_c.c.o[0m
[3.041s] [ 18%] [32m[1mLinking C shared library libcomplex_msgs__rosidl_typesupport_microxrcedds_c.so[0m
[3.097s] [ 18%] Built target complex_msgs__rosidl_typesupport_microxrcedds_c
[3.107s] [ 20%] [34m[1mGenerating C introspection for ROS interfaces[0m
[3.415s] [ 22%] [32mBuilding C object CMakeFiles/complex_msgs__rosidl_typesupport_introspection_c.dir/rosidl_typesupport_introspection_c/complex_msgs/msg/detail/multi_string_test__type_support.c.o[0m
[3.446s] [ 24%] [32mBuilding C object CMakeFiles/complex_msgs__rosidl_typesupport_introspection_c.dir/rosidl_typesupport_introspection_c/complex_msgs/msg/detail/nested_msg_test__type_support.c.o[0m
[3.479s] [ 26%] [32m[1mLinking C shared library libcomplex_msgs__rosidl_typesupport_introspection_c.so[0m
[3.513s] [ 26%] Built target complex_msgs__rosidl_typesupport_introspection_c
[3.526s] [ 28%] [34m[1mGenerating C type support dispatch for ROS interfaces[0m
[3.799s] [ 30%] [32mBuilding CXX object CMakeFiles/complex_msgs__rosidl_typesupport_c.dir/rosidl_typesupport_c/complex_msgs/msg/multi_string_test__type_support.cpp.o[0m
[3.828s] [ 32%] [32mBuilding CXX object CMakeFiles/complex_msgs__rosidl_typesupport_c.dir/rosidl_typesupport_c/complex_msgs/msg/nested_msg_test__type_support.cpp.o[0m
[3.856s] [ 34%] [32m[1mLinking CXX shared library libcomplex_msgs__rosidl_typesupport_c.so[0m
[3.898s] [ 34%] Built target complex_msgs__rosidl_typesupport_c
[3.911s] [ 36%] [34m[1mGenerating C++ type support for eProsima Micro XRCE-DDS[0m
[4.338s] [ 38%] [32mBuilding CXX object CMakeFiles/complex_msgs__rosidl_typesupport_microxrcedds_cpp.dir/rosidl_typesupport_microxrcedds_cpp/complex_msgs/msg/detail/microxrcedds/multi_string_test__type_support_cpp.cpp.o[0m
[4.786s] [ 40%] [32mBuilding CXX object CMakeFiles/complex_msgs__rosidl_typesupport_microxrcedds_cpp.dir/rosidl_typesupport_microxrcedds_cpp/complex_msgs/msg/detail/microxrcedds/nested_msg_test__type_support_cpp.cpp.o[0m
[5.151s] [ 42%] [32m[1mLinking CXX shared library libcomplex_msgs__rosidl_typesupport_microxrcedds_cpp.so[0m
[5.269s] [ 42%] Built target complex_msgs__rosidl_typesupport_microxrcedds_cpp
[5.280s] [ 44%] [34m[1mGenerating C++ introspection for ROS interfaces[0m
[5.553s] [ 46%] [32mBuilding CXX object CMakeFiles/complex_msgs__rosidl_typesupport_introspection_cpp.dir/rosidl_typesupport_introspection_cpp/complex_msgs/msg/detail/multi_string_test__type_support.cpp.o[0m
[5.899s] [ 48%] [32mBuilding CXX object CMakeFiles/complex_msgs__rosidl_typesupport_introspection_cpp.dir/rosidl_typesupport_introspection_cpp/complex_msgs/msg/detail/nested_msg_test__type_support.cpp.o[0m
[6.249s] [ 51%] [32m[1mLinking CXX shared library libcomplex_msgs__rosidl_typesupport_introspection_cpp.so[0m
[6.321s] [ 51%] Built target complex_msgs__rosidl_typesupport_introspection_cpp
[6.336s] [ 53%] [34m[1mGenerating C++ type support dispatch for ROS interfaces[0m
[6.579s] [ 55%] [32mBuilding CXX object CMakeFiles/complex_msgs__rosidl_typesupport_cpp.dir/rosidl_typesupport_cpp/complex_msgs/msg/multi_string_test__type_support.cpp.o[0m
[6.817s] [ 57%] [32mBuilding CXX object CMakeFiles/complex_msgs__rosidl_typesupport_cpp.dir/rosidl_typesupport_cpp/complex_msgs/msg/nested_msg_test__type_support.cpp.o[0m
[7.053s] [ 59%] [32m[1mLinking CXX shared library libcomplex_msgs__rosidl_typesupport_cpp.so[0m
[7.096s] [ 59%] Built target complex_msgs__rosidl_typesupport_cpp
[7.108s] [ 61%] [34m[1mGenerating C type support for eProsima Fast-RTPS[0m
[7.404s] [ 63%] [32mBuilding CXX object CMakeFiles/complex_msgs__rosidl_typesupport_fastrtps_c.dir/rosidl_typesupport_fastrtps_c/complex_msgs/msg/detail/multi_string_test__type_support_c.cpp.o[0m
[7.830s] [ 65%] [32mBuilding CXX object CMakeFiles/complex_msgs__rosidl_typesupport_fastrtps_c.dir/rosidl_typesupport_fastrtps_c/complex_msgs/msg/detail/nested_msg_test__type_support_c.cpp.o[0m
[8.142s] [ 67%] [32m[1mLinking CXX shared library libcomplex_msgs__rosidl_typesupport_fastrtps_c.so[0m
[8.216s] [ 67%] Built target complex_msgs__rosidl_typesupport_fastrtps_c
[8.231s] [ 69%] [34m[1mGenerating C++ type support for eProsima Fast-RTPS[0m
[8.512s] [ 71%] [32mBuilding CXX object CMakeFiles/complex_msgs__rosidl_typesupport_fastrtps_cpp.dir/rosidl_typesupport_fastrtps_cpp/complex_msgs/msg/detail/dds_fastrtps/multi_string_test__type_support.cpp.o[0m
[8.892s] [ 73%] [32mBuilding CXX object CMakeFiles/complex_msgs__rosidl_typesupport_fastrtps_cpp.dir/rosidl_typesupport_fastrtps_cpp/complex_msgs/msg/detail/dds_fastrtps/nested_msg_test__type_support.cpp.o[0m
[9.272s] [ 75%] [32m[1mLinking CXX shared library libcomplex_msgs__rosidl_typesupport_fastrtps_cpp.so[0m
[9.351s] [ 75%] Built target complex_msgs__rosidl_typesupport_fastrtps_cpp
[9.565s] running egg_info
[9.566s] creating complex_msgs.egg-info
[9.566s] writing complex_msgs.egg-info/PKG-INFO
[9.567s] writing dependency_links to complex_msgs.egg-info/dependency_links.txt
[9.567s] writing top-level names to complex_msgs.egg-info/top_level.txt
[9.567s] writing manifest file 'complex_msgs.egg-info/SOURCES.txt'
[9.570s] reading manifest file 'complex_msgs.egg-info/SOURCES.txt'
[9.571s] writing manifest file 'complex_msgs.egg-info/SOURCES.txt'
[9.606s] [ 75%] Built target ament_cmake_python_build_complex_msgs_egg
[9.629s] [ 75%] Built target complex_msgs
[9.648s] [ 77%] [34m[1mGenerating Python code for ROS interfaces[0m
[10.110s] [ 77%] Built target complex_msgs__py
[10.134s] [ 79%] [32mBuilding C object CMakeFiles/complex_msgs__rosidl_generator_py.dir/rosidl_generator_py/complex_msgs/msg/_multi_string_test_s.c.o[0m
[10.233s] [ 81%] [32mBuilding C object CMakeFiles/complex_msgs__rosidl_generator_py.dir/rosidl_generator_py/complex_msgs/msg/_nested_msg_test_s.c.o[0m
[10.337s] [ 83%] [32m[1mLinking C shared library rosidl_generator_py/complex_msgs/libcomplex_msgs__rosidl_generator_py.so[0m
[10.379s] [ 83%] Built target complex_msgs__rosidl_generator_py
[10.400s] [ 85%] [32mBuilding C object CMakeFiles/complex_msgs__rosidl_typesupport_microxrcedds_c__pyext.dir/rosidl_generator_py/complex_msgs/_complex_msgs_s.ep.rosidl_typesupport_microxrcedds_c.c.o[0m
[10.499s] [ 87%] [32m[1mLinking C shared library rosidl_generator_py/complex_msgs/complex_msgs_s__rosidl_typesupport_microxrcedds_c.cpython-310-x86_64-linux-gnu.so[0m
[10.537s] [ 87%] Built target complex_msgs__rosidl_typesupport_microxrcedds_c__pyext
[10.565s] [ 89%] [32mBuilding C object CMakeFiles/complex_msgs__rosidl_typesupport_fastrtps_c__pyext.dir/rosidl_generator_py/complex_msgs/_complex_msgs_s.ep.rosidl_typesupport_fastrtps_c.c.o[0m
[10.674s] [ 91%] [32m[1mLinking C shared library rosidl_generator_py/complex_msgs/complex_msgs_s__rosidl_typesupport_fastrtps_c.cpython-310-x86_64-linux-gnu.so[0m
[10.710s] [ 91%] Built target complex_msgs__rosidl_typesupport_fastrtps_c__pyext
[10.734s] [ 93%] [32mBuilding C object CMakeFiles/complex_msgs__rosidl_typesupport_introspection_c__pyext.dir/rosidl_generator_py/complex_msgs/_complex_msgs_s.ep.rosidl_typesupport_introspection_c.c.o[0m
[10.830s] [ 95%] [32m[1mLinking C shared library rosidl_generator_py/complex_msgs/complex_msgs_s__rosidl_typesupport_introspection_c.cpython-310-x86_64-linux-gnu.so[0m
[10.866s] [ 95%] Built target complex_msgs__rosidl_typesupport_introspection_c__pyext
[10.889s] [ 97%] [32mBuilding C object CMakeFiles/complex_msgs__rosidl_typesupport_c__pyext.dir/rosidl_generator_py/complex_msgs/_complex_msgs_s.ep.rosidl_typesupport_c.c.o[0m
[10.984s] [100%] [32m[1mLinking C shared library rosidl_generator_py/complex_msgs/complex_msgs_s__rosidl_typesupport_c.cpython-310-x86_64-linux-gnu.so[0m
[11.028s] [100%] Built target complex_msgs__rosidl_typesupport_c__pyext
[11.042s] Invoked command in '/home/e/ros2_ws/build/complex_msgs' returned '0': AMENT_PREFIX_PATH=/home/e/ros2_ws/install/builtin_interfaces:${AMENT_PREFIX_PATH} CMAKE_PREFIX_PATH=/home/e/ros2_ws/install/builtin_interfaces:/home/e/ros2_ws/install/rosidl_typesupport_microxrcedds_cpp:/home/e/ros2_ws/install/rosidl_typesupport_microxrcedds_c:/home/e/ros2_ws/install/microcdr:/home/e/ros2_ws/install/micro_ros_setup:/opt/ros/humble LD_LIBRARY_PATH=/home/e/ros2_ws/install/builtin_interfaces/lib:${LD_LIBRARY_PATH} PYTHONPATH=/home/e/ros2_ws/install/builtin_interfaces/local/lib/python3.10/dist-packages:${PYTHONPATH} /usr/bin/cmake --build /home/e/ros2_ws/build/complex_msgs -- -j2 -l2
[11.043s] Invoking command in '/home/e/ros2_ws/build/complex_msgs': AMENT_PREFIX_PATH=/home/e/ros2_ws/install/builtin_interfaces:${AMENT_PREFIX_PATH} CMAKE_PREFIX_PATH=/home/e/ros2_ws/install/builtin_interfaces:/home/e/ros2_ws/install/rosidl_typesupport_microxrcedds_cpp:/home/e/ros2_ws/install/rosidl_typesupport_microxrcedds_c:/home/e/ros2_ws/install/microcdr:/home/e/ros2_ws/install/micro_ros_setup:/opt/ros/humble LD_LIBRARY_PATH=/home/e/ros2_ws/install/builtin_interfaces/lib:${LD_LIBRARY_PATH} PYTHONPATH=/home/e/ros2_ws/install/builtin_interfaces/local/lib/python3.10/dist-packages:${PYTHONPATH} /usr/bin/cmake --install /home/e/ros2_ws/build/complex_msgs
[11.049s] -- Install configuration: ""
[11.050s] -- Installing: /home/e/ros2_ws/install/complex_msgs/share/ament_index/resource_index/rosidl_interfaces/complex_msgs
[11.050s] -- Installing: /home/e/ros2_ws/install/complex_msgs/include/complex_msgs/complex_msgs
[11.050s] -- Installing: /home/e/ros2_ws/install/complex_msgs/include/complex_msgs/complex_msgs/msg
[11.050s] -- Installing: /home/e/ros2_ws/install/complex_msgs/include/complex_msgs/complex_msgs/msg/rosidl_generator_c__visibility_control.h
[11.051s] -- Installing: /home/e/ros2_ws/install/complex_msgs/include/complex_msgs/complex_msgs/msg/multi_string_test.h
[11.051s] -- Installing: /home/e/ros2_ws/install/complex_msgs/include/complex_msgs/complex_msgs/msg/nested_msg_test.h
[11.051s] -- Installing: /home/e/ros2_ws/install/complex_msgs/include/complex_msgs/complex_msgs/msg/detail
[11.051s] -- Installing: /home/e/ros2_ws/install/complex_msgs/include/complex_msgs/complex_msgs/msg/detail/nested_msg_test__functions.c
[11.051s] -- Installing: /home/e/ros2_ws/install/complex_msgs/include/complex_msgs/complex_msgs/msg/detail/multi_string_test__functions.c
[11.051s] -- Installing: /home/e/ros2_ws/install/complex_msgs/include/complex_msgs/complex_msgs/msg/detail/multi_string_test__struct.h
[11.052s] -- Installing: /home/e/ros2_ws/install/complex_msgs/include/complex_msgs/complex_msgs/msg/detail/nested_msg_test__type_support.h
[11.052s] -- Installing: /home/e/ros2_ws/install/complex_msgs/include/complex_msgs/complex_msgs/msg/detail/nested_msg_test__struct.h
[11.052s] -- Installing: /home/e/ros2_ws/install/complex_msgs/include/complex_msgs/complex_msgs/msg/detail/multi_string_test__functions.h
[11.052s] -- Installing: /home/e/ros2_ws/install/complex_msgs/include/complex_msgs/complex_msgs/msg/detail/multi_string_test__type_support.h
[11.053s] -- Installing: /home/e/ros2_ws/install/complex_msgs/include/complex_msgs/complex_msgs/msg/detail/nested_msg_test__functions.h
[11.053s] -- Installing: /home/e/ros2_ws/install/complex_msgs/share/complex_msgs/environment/library_path.sh
[11.053s] -- Installing: /home/e/ros2_ws/install/complex_msgs/share/complex_msgs/environment/library_path.dsv
[11.053s] -- Installing: /home/e/ros2_ws/install/complex_msgs/lib/libcomplex_msgs__rosidl_generator_c.so
[11.054s] -- Set runtime path of "/home/e/ros2_ws/install/complex_msgs/lib/libcomplex_msgs__rosidl_generator_c.so" to ""
[11.054s] -- Up-to-date: /home/e/ros2_ws/install/complex_msgs/include/complex_msgs/complex_msgs
[11.056s] -- Up-to-date: /home/e/ros2_ws/install/complex_msgs/include/complex_msgs/complex_msgs/msg
[11.056s] -- Up-to-date: /home/e/ros2_ws/install/complex_msgs/include/complex_msgs/complex_msgs/msg/detail
[11.056s] -- Installing: /home/e/ros2_ws/install/complex_msgs/include/complex_msgs/complex_msgs/msg/detail/nested_msg_test__rosidl_typesupport_fastrtps_c.h
[11.056s] -- Installing: /home/e/ros2_ws/install/complex_msgs/include/complex_msgs/complex_msgs/msg/detail/multi_string_test__rosidl_typesupport_fastrtps_c.h
[11.056s] -- Installing: /home/e/ros2_ws/install/complex_msgs/include/complex_msgs/complex_msgs/msg/rosidl_typesupport_fastrtps_c__visibility_control.h
[11.056s] -- Installing: /home/e/ros2_ws/install/complex_msgs/lib/libcomplex_msgs__rosidl_typesupport_fastrtps_c.so
[11.056s] -- Set runtime path of "/home/e/ros2_ws/install/complex_msgs/lib/libcomplex_msgs__rosidl_typesupport_fastrtps_c.so" to ""
[11.056s] -- Up-to-date: /home/e/ros2_ws/install/complex_msgs/include/complex_msgs/complex_msgs
[11.056s] -- Up-to-date: /home/e/ros2_ws/install/complex_msgs/include/complex_msgs/complex_msgs/msg
[11.056s] -- Installing: /home/e/ros2_ws/install/complex_msgs/include/complex_msgs/complex_msgs/msg/multi_string_test.hpp
[11.056s] -- Installing: /home/e/ros2_ws/install/complex_msgs/include/complex_msgs/complex_msgs/msg/nested_msg_test.hpp
[11.056s] -- Installing: /home/e/ros2_ws/install/complex_msgs/include/complex_msgs/complex_msgs/msg/rosidl_generator_cpp__visibility_control.hpp
[11.056s] -- Up-to-date: /home/e/ros2_ws/install/complex_msgs/include/complex_msgs/complex_msgs/msg/detail
[11.056s] -- Installing: /home/e/ros2_ws/install/complex_msgs/include/complex_msgs/complex_msgs/msg/detail/nested_msg_test__type_support.hpp
[11.056s] -- Installing: /home/e/ros2_ws/install/complex_msgs/include/complex_msgs/complex_msgs/msg/detail/multi_string_test__type_support.hpp
[11.056s] -- Installing: /home/e/ros2_ws/install/complex_msgs/include/complex_msgs/complex_msgs/msg/detail/multi_string_test__builder.hpp
[11.056s] -- Installing: /home/e/ros2_ws/install/complex_msgs/include/complex_msgs/complex_msgs/msg/detail/multi_string_test__traits.hpp
[11.057s] -- Installing: /home/e/ros2_ws/install/complex_msgs/include/complex_msgs/complex_msgs/msg/detail/multi_string_test__struct.hpp
[11.057s] -- Installing: /home/e/ros2_ws/install/complex_msgs/include/complex_msgs/complex_msgs/msg/detail/nested_msg_test__builder.hpp
[11.057s] -- Installing: /home/e/ros2_ws/install/complex_msgs/include/complex_msgs/complex_msgs/msg/detail/nested_msg_test__struct.hpp
[11.057s] -- Installing: /home/e/ros2_ws/install/complex_msgs/include/complex_msgs/complex_msgs/msg/detail/nested_msg_test__traits.hpp
[11.057s] -- Up-to-date: /home/e/ros2_ws/install/complex_msgs/include/complex_msgs/complex_msgs
[11.057s] -- Up-to-date: /home/e/ros2_ws/install/complex_msgs/include/complex_msgs/complex_msgs/msg
[11.057s] -- Installing: /home/e/ros2_ws/install/complex_msgs/include/complex_msgs/complex_msgs/msg/rosidl_typesupport_fastrtps_cpp__visibility_control.h
[11.057s] -- Up-to-date: /home/e/ros2_ws/install/complex_msgs/include/complex_msgs/complex_msgs/msg/detail
[11.057s] -- Installing: /home/e/ros2_ws/install/complex_msgs/include/complex_msgs/complex_msgs/msg/detail/dds_fastrtps
[11.057s] -- Installing: /home/e/ros2_ws/install/complex_msgs/include/complex_msgs/complex_msgs/msg/detail/multi_string_test__rosidl_typesupport_fastrtps_cpp.hpp
[11.057s] -- Installing: /home/e/ros2_ws/install/complex_msgs/include/complex_msgs/complex_msgs/msg/detail/nested_msg_test__rosidl_typesupport_fastrtps_cpp.hpp
[11.057s] -- Installing: /home/e/ros2_ws/install/complex_msgs/lib/libcomplex_msgs__rosidl_typesupport_fastrtps_cpp.so
[11.057s] -- Set runtime path of "/home/e/ros2_ws/install/complex_msgs/lib/libcomplex_msgs__rosidl_typesupport_fastrtps_cpp.so" to ""
[11.057s] -- Up-to-date: /home/e/ros2_ws/install/complex_msgs/include/complex_msgs/complex_msgs
[11.057s] -- Up-to-date: /home/e/ros2_ws/install/complex_msgs/include/complex_msgs/complex_msgs/msg
[11.057s] -- Installing: /home/e/ros2_ws/install/complex_msgs/include/complex_msgs/complex_msgs/msg/rosidl_typesupport_microxrcedds_c__visibility_control.h
[11.057s] -- Up-to-date: /home/e/ros2_ws/install/complex_msgs/include/complex_msgs/complex_msgs/msg/detail
[11.057s] -- Installing: /home/e/ros2_ws/install/complex_msgs/include/complex_msgs/complex_msgs/msg/detail/microxrcedds
[11.058s] -- Installing: /home/e/ros2_ws/install/complex_msgs/include/complex_msgs/complex_msgs/msg/detail/multi_string_test__rosidl_typesupport_microxrcedds_c.h
[11.058s] -- Installing: /home/e/ros2_ws/install/complex_msgs/include/complex_msgs/complex_msgs/msg/detail/nested_msg_test__rosidl_typesupport_microxrcedds_c.h
[11.058s] -- Installing: /home/e/ros2_ws/install/complex_msgs/lib/libcomplex_msgs__rosidl_typesupport_microxrcedds_c.so
[11.058s] -- Set runtime path of "/home/e/ros2_ws/install/complex_msgs/lib/libcomplex_msgs__rosidl_typesupport_microxrcedds_c.so" to ""
[11.058s] -- Up-to-date: /home/e/ros2_ws/install/complex_msgs/include/complex_msgs/complex_msgs
[11.059s] -- Up-to-date: /home/e/ros2_ws/install/complex_msgs/include/complex_msgs/complex_msgs/msg
[11.059s] -- Up-to-date: /home/e/ros2_ws/install/complex_msgs/include/complex_msgs/complex_msgs/msg/detail
[11.059s] -- Installing: /home/e/ros2_ws/install/complex_msgs/include/complex_msgs/complex_msgs/msg/detail/nested_msg_test__type_support.c
[11.059s] -- Installing: /home/e/ros2_ws/install/complex_msgs/include/complex_msgs/complex_msgs/msg/detail/nested_msg_test__rosidl_typesupport_introspection_c.h
[11.059s] -- Installing: /home/e/ros2_ws/install/complex_msgs/include/complex_msgs/complex_msgs/msg/detail/multi_string_test__rosidl_typesupport_introspection_c.h
[11.059s] -- Installing: /home/e/ros2_ws/install/complex_msgs/include/complex_msgs/complex_msgs/msg/detail/multi_string_test__type_support.c
[11.060s] -- Installing: /home/e/ros2_ws/install/complex_msgs/include/complex_msgs/complex_msgs/msg/rosidl_typesupport_introspection_c__visibility_control.h
[11.060s] -- Installing: /home/e/ros2_ws/install/complex_msgs/lib/libcomplex_msgs__rosidl_typesupport_introspection_c.so
[11.060s] -- Set runtime path of "/home/e/ros2_ws/install/complex_msgs/lib/libcomplex_msgs__rosidl_typesupport_introspection_c.so" to ""
[11.060s] -- Installing: /home/e/ros2_ws/install/complex_msgs/lib/libcomplex_msgs__rosidl_typesupport_c.so
[11.061s] -- Set runtime path of "/home/e/ros2_ws/install/complex_msgs/lib/libcomplex_msgs__rosidl_typesupport_c.so" to ""
[11.061s] -- Up-to-date: /home/e/ros2_ws/install/complex_msgs/include/complex_msgs/complex_msgs
[11.061s] -- Up-to-date: /home/e/ros2_ws/install/complex_msgs/include/complex_msgs/complex_msgs/msg
[11.061s] -- Installing: /home/e/ros2_ws/install/complex_msgs/include/complex_msgs/complex_msgs/msg/rosidl_typesupport_microxrcedds_cpp__visibility_control.h
[11.061s] -- Up-to-date: /home/e/ros2_ws/install/complex_msgs/include/complex_msgs/complex_msgs/msg/detail
[11.062s] -- Up-to-date: /home/e/ros2_ws/install/complex_msgs/include/complex_msgs/complex_msgs/msg/detail/microxrcedds
[11.062s] -- Installing: /home/e/ros2_ws/install/complex_msgs/include/complex_msgs/complex_msgs/msg/detail/nested_msg_test__rosidl_typesupport_microxrcedds_cpp.hpp
[11.062s] -- Installing: /home/e/ros2_ws/install/complex_msgs/include/complex_msgs/complex_msgs/msg/detail/multi_string_test__rosidl_typesupport_microxrcedds_cpp.hpp
[11.062s] -- Installing: /home/e/ros2_ws/install/complex_msgs/lib/libcomplex_msgs__rosidl_typesupport_microxrcedds_cpp.so
[11.062s] -- Set runtime path of "/home/e/ros2_ws/install/complex_msgs/lib/libcomplex_msgs__rosidl_typesupport_microxrcedds_cpp.so" to ""
[11.063s] -- Up-to-date: /home/e/ros2_ws/install/complex_msgs/include/complex_msgs/complex_msgs
[11.063s] -- Up-to-date: /home/e/ros2_ws/install/complex_msgs/include/complex_msgs/complex_msgs/msg
[11.063s] -- Up-to-date: /home/e/ros2_ws/install/complex_msgs/include/complex_msgs/complex_msgs/msg/detail
[11.063s] -- Installing: /home/e/ros2_ws/install/complex_msgs/include/complex_msgs/complex_msgs/msg/detail/multi_string_test__rosidl_typesupport_introspection_cpp.hpp
[11.063s] -- Installing: /home/e/ros2_ws/install/complex_msgs/include/complex_msgs/complex_msgs/msg/detail/nested_msg_test__type_support.cpp
[11.063s] -- Installing: /home/e/ros2_ws/install/complex_msgs/include/complex_msgs/complex_msgs/msg/detail/multi_string_test__type_support.cpp
[11.063s] -- Installing: /home/e/ros2_ws/install/complex_msgs/include/complex_msgs/complex_msgs/msg/detail/nested_msg_test__rosidl_typesupport_introspection_cpp.hpp
[11.063s] -- Installing: /home/e/ros2_ws/install/complex_msgs/lib/libcomplex_msgs__rosidl_typesupport_introspection_cpp.so
[11.064s] -- Set runtime path of "/home/e/ros2_ws/install/complex_msgs/lib/libcomplex_msgs__rosidl_typesupport_introspection_cpp.so" to ""
[11.064s] -- Installing: /home/e/ros2_ws/install/complex_msgs/lib/libcomplex_msgs__rosidl_typesupport_cpp.so
[11.064s] -- Set runtime path of "/home/e/ros2_ws/install/complex_msgs/lib/libcomplex_msgs__rosidl_typesupport_cpp.so" to ""
[11.064s] -- Installing: /home/e/ros2_ws/install/complex_msgs/share/complex_msgs/environment/pythonpath.sh
[11.064s] -- Installing: /home/e/ros2_ws/install/complex_msgs/share/complex_msgs/environment/pythonpath.dsv
[11.065s] -- Installing: /home/e/ros2_ws/install/complex_msgs/local/lib/python3.10/dist-packages/complex_msgs-3.0.2-py3.10.egg-info
[11.065s] -- Installing: /home/e/ros2_ws/install/complex_msgs/local/lib/python3.10/dist-packages/complex_msgs-3.0.2-py3.10.egg-info/PKG-INFO
[11.065s] -- Installing: /home/e/ros2_ws/install/complex_msgs/local/lib/python3.10/dist-packages/complex_msgs-3.0.2-py3.10.egg-info/top_level.txt
[11.065s] -- Installing: /home/e/ros2_ws/install/complex_msgs/local/lib/python3.10/dist-packages/complex_msgs-3.0.2-py3.10.egg-info/SOURCES.txt
[11.066s] -- Installing: /home/e/ros2_ws/install/complex_msgs/local/lib/python3.10/dist-packages/complex_msgs-3.0.2-py3.10.egg-info/dependency_links.txt
[11.066s] -- Installing: /home/e/ros2_ws/install/complex_msgs/local/lib/python3.10/dist-packages/complex_msgs
[11.066s] -- Installing: /home/e/ros2_ws/install/complex_msgs/local/lib/python3.10/dist-packages/complex_msgs/_complex_msgs_s.ep.rosidl_typesupport_introspection_c.c
[11.066s] -- Installing: /home/e/ros2_ws/install/complex_msgs/local/lib/python3.10/dist-packages/complex_msgs/complex_msgs_s__rosidl_typesupport_c.cpython-310-x86_64-linux-gnu.so
[11.066s] -- Installing: /home/e/ros2_ws/install/complex_msgs/local/lib/python3.10/dist-packages/complex_msgs/libcomplex_msgs__rosidl_generator_py.so
[11.066s] -- Installing: /home/e/ros2_ws/install/complex_msgs/local/lib/python3.10/dist-packages/complex_msgs/msg
[11.066s] -- Installing: /home/e/ros2_ws/install/complex_msgs/local/lib/python3.10/dist-packages/complex_msgs/msg/_multi_string_test.py
[11.067s] -- Installing: /home/e/ros2_ws/install/complex_msgs/local/lib/python3.10/dist-packages/complex_msgs/msg/_multi_string_test_s.c
[11.067s] -- Installing: /home/e/ros2_ws/install/complex_msgs/local/lib/python3.10/dist-packages/complex_msgs/msg/__init__.py
[11.067s] -- Installing: /home/e/ros2_ws/install/complex_msgs/local/lib/python3.10/dist-packages/complex_msgs/msg/_nested_msg_test_s.c
[11.067s] -- Installing: /home/e/ros2_ws/install/complex_msgs/local/lib/python3.10/dist-packages/complex_msgs/msg/_nested_msg_test.py
[11.067s] -- Installing: /home/e/ros2_ws/install/complex_msgs/local/lib/python3.10/dist-packages/complex_msgs/complex_msgs_s__rosidl_typesupport_introspection_c.cpython-310-x86_64-linux-gnu.so
[11.068s] -- Installing: /home/e/ros2_ws/install/complex_msgs/local/lib/python3.10/dist-packages/complex_msgs/_complex_msgs_s.ep.rosidl_typesupport_fastrtps_c.c
[11.068s] -- Installing: /home/e/ros2_ws/install/complex_msgs/local/lib/python3.10/dist-packages/complex_msgs/_complex_msgs_s.ep.rosidl_typesupport_microxrcedds_c.c
[11.068s] -- Installing: /home/e/ros2_ws/install/complex_msgs/local/lib/python3.10/dist-packages/complex_msgs/complex_msgs_s__rosidl_typesupport_fastrtps_c.cpython-310-x86_64-linux-gnu.so
[11.069s] -- Installing: /home/e/ros2_ws/install/complex_msgs/local/lib/python3.10/dist-packages/complex_msgs/__init__.py
[11.069s] -- Installing: /home/e/ros2_ws/install/complex_msgs/local/lib/python3.10/dist-packages/complex_msgs/complex_msgs_s__rosidl_typesupport_microxrcedds_c.cpython-310-x86_64-linux-gnu.so
[11.069s] -- Installing: /home/e/ros2_ws/install/complex_msgs/local/lib/python3.10/dist-packages/complex_msgs/_complex_msgs_s.ep.rosidl_typesupport_c.c
[11.104s] Listing '/home/e/ros2_ws/install/complex_msgs/local/lib/python3.10/dist-packages/complex_msgs'...
[11.104s] Compiling '/home/e/ros2_ws/install/complex_msgs/local/lib/python3.10/dist-packages/complex_msgs/__init__.py'...
[11.104s] Listing '/home/e/ros2_ws/install/complex_msgs/local/lib/python3.10/dist-packages/complex_msgs/msg'...
[11.104s] Compiling '/home/e/ros2_ws/install/complex_msgs/local/lib/python3.10/dist-packages/complex_msgs/msg/__init__.py'...
[11.104s] Compiling '/home/e/ros2_ws/install/complex_msgs/local/lib/python3.10/dist-packages/complex_msgs/msg/_multi_string_test.py'...
[11.104s] Compiling '/home/e/ros2_ws/install/complex_msgs/local/lib/python3.10/dist-packages/complex_msgs/msg/_nested_msg_test.py'...
[11.110s] -- Installing: /home/e/ros2_ws/install/complex_msgs/local/lib/python3.10/dist-packages/complex_msgs/complex_msgs_s__rosidl_typesupport_microxrcedds_c.cpython-310-x86_64-linux-gnu.so
[11.111s] -- Set runtime path of "/home/e/ros2_ws/install/complex_msgs/local/lib/python3.10/dist-packages/complex_msgs/complex_msgs_s__rosidl_typesupport_microxrcedds_c.cpython-310-x86_64-linux-gnu.so" to ""
[11.111s] -- Installing: /home/e/ros2_ws/install/complex_msgs/local/lib/python3.10/dist-packages/complex_msgs/complex_msgs_s__rosidl_typesupport_fastrtps_c.cpython-310-x86_64-linux-gnu.so
[11.112s] -- Set runtime path of "/home/e/ros2_ws/install/complex_msgs/local/lib/python3.10/dist-packages/complex_msgs/complex_msgs_s__rosidl_typesupport_fastrtps_c.cpython-310-x86_64-linux-gnu.so" to ""
[11.112s] -- Installing: /home/e/ros2_ws/install/complex_msgs/local/lib/python3.10/dist-packages/complex_msgs/complex_msgs_s__rosidl_typesupport_introspection_c.cpython-310-x86_64-linux-gnu.so
[11.112s] -- Set runtime path of "/home/e/ros2_ws/install/complex_msgs/local/lib/python3.10/dist-packages/complex_msgs/complex_msgs_s__rosidl_typesupport_introspection_c.cpython-310-x86_64-linux-gnu.so" to ""
[11.113s] -- Installing: /home/e/ros2_ws/install/complex_msgs/local/lib/python3.10/dist-packages/complex_msgs/complex_msgs_s__rosidl_typesupport_c.cpython-310-x86_64-linux-gnu.so
[11.113s] -- Set runtime path of "/home/e/ros2_ws/install/complex_msgs/local/lib/python3.10/dist-packages/complex_msgs/complex_msgs_s__rosidl_typesupport_c.cpython-310-x86_64-linux-gnu.so" to ""
[11.113s] -- Installing: /home/e/ros2_ws/install/complex_msgs/lib/libcomplex_msgs__rosidl_generator_py.so
[11.114s] -- Set runtime path of "/home/e/ros2_ws/install/complex_msgs/lib/libcomplex_msgs__rosidl_generator_py.so" to ""
[11.114s] -- Installing: /home/e/ros2_ws/install/complex_msgs/share/complex_msgs/msg/MultiStringTest.idl
[11.114s] -- Installing: /home/e/ros2_ws/install/complex_msgs/share/complex_msgs/msg/NestedMsgTest.idl
[11.114s] -- Installing: /home/e/ros2_ws/install/complex_msgs/share/complex_msgs/msg/MultiStringTest.msg
[11.115s] -- Installing: /home/e/ros2_ws/install/complex_msgs/share/complex_msgs/msg/NestedMsgTest.msg
[11.115s] -- Installing: /home/e/ros2_ws/install/complex_msgs/share/ament_index/resource_index/package_run_dependencies/complex_msgs
[11.115s] -- Installing: /home/e/ros2_ws/install/complex_msgs/share/ament_index/resource_index/parent_prefix_path/complex_msgs
[11.115s] -- Installing: /home/e/ros2_ws/install/complex_msgs/share/complex_msgs/environment/ament_prefix_path.sh
[11.115s] -- Installing: /home/e/ros2_ws/install/complex_msgs/share/complex_msgs/environment/ament_prefix_path.dsv
[11.116s] -- Installing: /home/e/ros2_ws/install/complex_msgs/share/complex_msgs/environment/path.sh
[11.116s] -- Installing: /home/e/ros2_ws/install/complex_msgs/share/complex_msgs/environment/path.dsv
[11.116s] -- Installing: /home/e/ros2_ws/install/complex_msgs/share/complex_msgs/local_setup.bash
[11.116s] -- Installing: /home/e/ros2_ws/install/complex_msgs/share/complex_msgs/local_setup.sh
[11.117s] -- Installing: /home/e/ros2_ws/install/complex_msgs/share/complex_msgs/local_setup.zsh
[11.117s] -- Installing: /home/e/ros2_ws/install/complex_msgs/share/complex_msgs/local_setup.dsv
[11.117s] -- Installing: /home/e/ros2_ws/install/complex_msgs/share/complex_msgs/package.dsv
[11.117s] -- Installing: /home/e/ros2_ws/install/complex_msgs/share/ament_index/resource_index/packages/complex_msgs
[11.117s] -- Installing: /home/e/ros2_ws/install/complex_msgs/share/complex_msgs/cmake/export_complex_msgs__rosidl_generator_cExport.cmake
[11.118s] -- Installing: /home/e/ros2_ws/install/complex_msgs/share/complex_msgs/cmake/export_complex_msgs__rosidl_generator_cExport-noconfig.cmake
[11.118s] -- Installing: /home/e/ros2_ws/install/complex_msgs/share/complex_msgs/cmake/export_complex_msgs__rosidl_typesupport_fastrtps_cExport.cmake
[11.118s] -- Installing: /home/e/ros2_ws/install/complex_msgs/share/complex_msgs/cmake/export_complex_msgs__rosidl_typesupport_fastrtps_cExport-noconfig.cmake
[11.119s] -- Installing: /home/e/ros2_ws/install/complex_msgs/share/complex_msgs/cmake/export_complex_msgs__rosidl_generator_cppExport.cmake
[11.119s] -- Installing: /home/e/ros2_ws/install/complex_msgs/share/complex_msgs/cmake/export_complex_msgs__rosidl_typesupport_fastrtps_cppExport.cmake
[11.119s] -- Installing: /home/e/ros2_ws/install/complex_msgs/share/complex_msgs/cmake/export_complex_msgs__rosidl_typesupport_fastrtps_cppExport-noconfig.cmake
[11.119s] -- Installing: /home/e/ros2_ws/install/complex_msgs/share/complex_msgs/cmake/complex_msgs__rosidl_typesupport_introspection_cExport.cmake
[11.120s] -- Installing: /home/e/ros2_ws/install/complex_msgs/share/complex_msgs/cmake/complex_msgs__rosidl_typesupport_introspection_cExport-noconfig.cmake
[11.120s] -- Installing: /home/e/ros2_ws/install/complex_msgs/share/complex_msgs/cmake/complex_msgs__rosidl_typesupport_cExport.cmake
[11.120s] -- Installing: /home/e/ros2_ws/install/complex_msgs/share/complex_msgs/cmake/complex_msgs__rosidl_typesupport_cExport-noconfig.cmake
[11.120s] -- Installing: /home/e/ros2_ws/install/complex_msgs/share/complex_msgs/cmake/complex_msgs__rosidl_typesupport_introspection_cppExport.cmake
[11.121s] -- Installing: /home/e/ros2_ws/install/complex_msgs/share/complex_msgs/cmake/complex_msgs__rosidl_typesupport_introspection_cppExport-noconfig.cmake
[11.121s] -- Installing: /home/e/ros2_ws/install/complex_msgs/share/complex_msgs/cmake/complex_msgs__rosidl_typesupport_cppExport.cmake
[11.122s] -- Installing: /home/e/ros2_ws/install/complex_msgs/share/complex_msgs/cmake/complex_msgs__rosidl_typesupport_cppExport-noconfig.cmake
[11.122s] -- Installing: /home/e/ros2_ws/install/complex_msgs/share/complex_msgs/cmake/export_complex_msgs__rosidl_generator_pyExport.cmake
[11.122s] -- Installing: /home/e/ros2_ws/install/complex_msgs/share/complex_msgs/cmake/export_complex_msgs__rosidl_generator_pyExport-noconfig.cmake
[11.122s] -- Installing: /home/e/ros2_ws/install/complex_msgs/share/complex_msgs/cmake/rosidl_cmake-extras.cmake
[11.122s] -- Installing: /home/e/ros2_ws/install/complex_msgs/share/complex_msgs/cmake/ament_cmake_export_dependencies-extras.cmake
[11.123s] -- Installing: /home/e/ros2_ws/install/complex_msgs/share/complex_msgs/cmake/ament_cmake_export_include_directories-extras.cmake
[11.123s] -- Installing: /home/e/ros2_ws/install/complex_msgs/share/complex_msgs/cmake/ament_cmake_export_libraries-extras.cmake
[11.123s] -- Installing: /home/e/ros2_ws/install/complex_msgs/share/complex_msgs/cmake/ament_cmake_export_targets-extras.cmake
[11.123s] -- Installing: /home/e/ros2_ws/install/complex_msgs/share/complex_msgs/cmake/rosidl_cmake_export_typesupport_targets-extras.cmake
[11.123s] -- Installing: /home/e/ros2_ws/install/complex_msgs/share/complex_msgs/cmake/rosidl_cmake_export_typesupport_libraries-extras.cmake
[11.123s] -- Installing: /home/e/ros2_ws/install/complex_msgs/share/complex_msgs/cmake/complex_msgsConfig.cmake
[11.124s] -- Installing: /home/e/ros2_ws/install/complex_msgs/share/complex_msgs/cmake/complex_msgsConfig-version.cmake
[11.125s] -- Installing: /home/e/ros2_ws/install/complex_msgs/share/complex_msgs/package.xml
[11.126s] Invoked command in '/home/e/ros2_ws/build/complex_msgs' returned '0': AMENT_PREFIX_PATH=/home/e/ros2_ws/install/builtin_interfaces:${AMENT_PREFIX_PATH} CMAKE_PREFIX_PATH=/home/e/ros2_ws/install/builtin_interfaces:/home/e/ros2_ws/install/rosidl_typesupport_microxrcedds_cpp:/home/e/ros2_ws/install/rosidl_typesupport_microxrcedds_c:/home/e/ros2_ws/install/microcdr:/home/e/ros2_ws/install/micro_ros_setup:/opt/ros/humble LD_LIBRARY_PATH=/home/e/ros2_ws/install/builtin_interfaces/lib:${LD_LIBRARY_PATH} PYTHONPATH=/home/e/ros2_ws/install/builtin_interfaces/local/lib/python3.10/dist-packages:${PYTHONPATH} /usr/bin/cmake --install /home/e/ros2_ws/build/complex_msgs
