[0.012s] Invoking command in '/home/e/ros2_ws/build/std_srvs': CMAKE_PREFIX_PATH=${CMAKE_PREFIX_PATH}:/opt/ros/humble /usr/bin/cmake /home/e/ros2_ws/src/ros2/common_interfaces/std_srvs -DBUILD_TESTING=OFF -DBUILD_SHARED_LIBS=ON -DCMAKE_INSTALL_PREFIX=/home/e/ros2_ws/install/std_srvs
[0.685s] -- The C compiler identification is GNU 11.4.0
[0.730s] -- The CXX compiler identification is GNU 11.4.0
[0.737s] -- Detecting C compiler ABI info
[0.801s] -- Detecting C compiler ABI info - done
[0.806s] -- Check for working C compiler: /usr/bin/cc - skipped
[0.806s] -- Detecting C compile features
[0.807s] -- Detecting C compile features - done
[0.814s] -- Detecting CXX compiler ABI info
[0.897s] -- Detecting CXX compiler ABI info - done
[0.904s] -- Check for working CXX compiler: /usr/bin/c++ - skipped
[0.904s] -- Detecting CXX compile features
[0.904s] -- Detecting CXX compile features - done
[0.905s] -- Found ament_cmake: 1.3.12 (/opt/ros/humble/share/ament_cmake/cmake)
[1.299s] -- Found Python3: /usr/bin/python3 (found version "3.10.12") found components: Interpreter 
[1.369s] -- Found rosidl_default_generators: 1.2.0 (/opt/ros/humble/share/rosidl_default_generators/cmake)
[1.372s] -- Using all available rosidl_typesupport_c: rosidl_typesupport_microxrcedds_c;rosidl_typesupport_fastrtps_c;rosidl_typesupport_introspection_c
[1.377s] -- Found rosidl_adapter: 3.1.7 (/opt/ros/humble/share/rosidl_adapter/cmake)
[1.414s] -- Using all available rosidl_typesupport_cpp: rosidl_typesupport_microxrcedds_cpp;rosidl_typesupport_fastrtps_cpp;rosidl_typesupport_introspection_cpp
[3.665s] -- Found ament_cmake_ros: 0.10.0 (/opt/ros/humble/share/ament_cmake_ros/cmake)
[3.935s] -- Using all available rosidl_typesupport_c: rosidl_typesupport_microxrcedds_c;rosidl_typesupport_fastrtps_c;rosidl_typesupport_introspection_c
[4.241s] -- Using all available rosidl_typesupport_cpp: rosidl_typesupport_microxrcedds_cpp;rosidl_typesupport_fastrtps_cpp;rosidl_typesupport_introspection_cpp
[4.263s] -- Found PythonInterp: /usr/bin/python3 (found suitable version "3.10.12", minimum required is "3.6") 
[4.265s] -- Found python_cmake_module: 0.10.0 (/opt/ros/humble/share/python_cmake_module/cmake)
[4.298s] -- Found PythonLibs: /usr/lib/x86_64-linux-gnu/libpython3.10.so (found suitable version "3.10.12", minimum required is "3.5") 
[4.300s] -- Using PYTHON_EXECUTABLE: /usr/bin/python3
[4.300s] -- Using PYTHON_INCLUDE_DIRS: /usr/include/python3.10
[4.300s] -- Using PYTHON_LIBRARIES: /usr/lib/x86_64-linux-gnu/libpython3.10.so
[4.319s] -- Found PythonExtra: .so  
[4.356s] -- Configuring done
[4.401s] -- Generating done
[4.409s] -- Build files have been written to: /home/e/ros2_ws/build/std_srvs
[4.419s] Invoked command in '/home/e/ros2_ws/build/std_srvs' returned '0': CMAKE_PREFIX_PATH=${CMAKE_PREFIX_PATH}:/opt/ros/humble /usr/bin/cmake /home/e/ros2_ws/src/ros2/common_interfaces/std_srvs -DBUILD_TESTING=OFF -DBUILD_SHARED_LIBS=ON -DCMAKE_INSTALL_PREFIX=/home/e/ros2_ws/install/std_srvs
[4.419s] Invoking command in '/home/e/ros2_ws/build/std_srvs': CMAKE_PREFIX_PATH=${CMAKE_PREFIX_PATH}:/opt/ros/humble /usr/bin/cmake --build /home/e/ros2_ws/build/std_srvs -- -j2 -l2
[4.462s] [  1%] [34m[1mGenerating C code for ROS interfaces[0m
[5.000s] [  3%] [32mBuilding C object CMakeFiles/std_srvs__rosidl_generator_c.dir/rosidl_generator_c/std_srvs/srv/detail/empty__functions.c.o[0m
[5.052s] [  5%] [32mBuilding C object CMakeFiles/std_srvs__rosidl_generator_c.dir/rosidl_generator_c/std_srvs/srv/detail/set_bool__functions.c.o[0m
[5.101s] [  6%] [32mBuilding C object CMakeFiles/std_srvs__rosidl_generator_c.dir/rosidl_generator_c/std_srvs/srv/detail/trigger__functions.c.o[0m
[5.154s] [  8%] [32m[1mLinking C shared library libstd_srvs__rosidl_generator_c.so[0m
[5.191s] [  8%] Built target std_srvs__rosidl_generator_c
[5.225s] [ 10%] [34m[1mGenerating C++ code for ROS interfaces[0m
[5.782s] [ 10%] Built target std_srvs__cpp
[5.809s] [ 10%] Built target ament_cmake_python_copy_std_srvs
[5.821s] [ 11%] [34m[1mGenerating C type support for eProsima Micro XRCE-DDS[0m
[6.272s] [ 13%] [32mBuilding C object CMakeFiles/std_srvs__rosidl_typesupport_microxrcedds_c.dir/rosidl_typesupport_microxrcedds_c/std_srvs/srv/detail/microxrcedds/empty__type_support_c.c.o[0m
[6.309s] [ 15%] [32mBuilding C object CMakeFiles/std_srvs__rosidl_typesupport_microxrcedds_c.dir/rosidl_typesupport_microxrcedds_c/std_srvs/srv/detail/microxrcedds/set_bool__type_support_c.c.o[0m
[6.352s] [ 16%] [32mBuilding C object CMakeFiles/std_srvs__rosidl_typesupport_microxrcedds_c.dir/rosidl_typesupport_microxrcedds_c/std_srvs/srv/detail/microxrcedds/trigger__type_support_c.c.o[0m
[6.398s] [ 18%] [32m[1mLinking C shared library libstd_srvs__rosidl_typesupport_microxrcedds_c.so[0m
[6.432s] [ 18%] Built target std_srvs__rosidl_typesupport_microxrcedds_c
[6.443s] [ 20%] [34m[1mGenerating C type support for eProsima Fast-RTPS[0m
[6.850s] [ 22%] [32mBuilding CXX object CMakeFiles/std_srvs__rosidl_typesupport_fastrtps_c.dir/rosidl_typesupport_fastrtps_c/std_srvs/srv/detail/empty__type_support_c.cpp.o[0m
[7.208s] [ 23%] [32mBuilding CXX object CMakeFiles/std_srvs__rosidl_typesupport_fastrtps_c.dir/rosidl_typesupport_fastrtps_c/std_srvs/srv/detail/set_bool__type_support_c.cpp.o[0m
[7.542s] [ 25%] [32mBuilding CXX object CMakeFiles/std_srvs__rosidl_typesupport_fastrtps_c.dir/rosidl_typesupport_fastrtps_c/std_srvs/srv/detail/trigger__type_support_c.cpp.o[0m
[7.882s] [ 27%] [32m[1mLinking CXX shared library libstd_srvs__rosidl_typesupport_fastrtps_c.so[0m
[7.963s] [ 27%] Built target std_srvs__rosidl_typesupport_fastrtps_c
[7.977s] [ 28%] [34m[1mGenerating C introspection for ROS interfaces[0m
[8.407s] [ 30%] [32mBuilding C object CMakeFiles/std_srvs__rosidl_typesupport_introspection_c.dir/rosidl_typesupport_introspection_c/std_srvs/srv/detail/empty__type_support.c.o[0m
[8.440s] [ 32%] [32mBuilding C object CMakeFiles/std_srvs__rosidl_typesupport_introspection_c.dir/rosidl_typesupport_introspection_c/std_srvs/srv/detail/set_bool__type_support.c.o[0m
[8.487s] [ 33%] [32mBuilding C object CMakeFiles/std_srvs__rosidl_typesupport_introspection_c.dir/rosidl_typesupport_introspection_c/std_srvs/srv/detail/trigger__type_support.c.o[0m
[8.522s] [ 35%] [32m[1mLinking C shared library libstd_srvs__rosidl_typesupport_introspection_c.so[0m
[8.556s] [ 35%] Built target std_srvs__rosidl_typesupport_introspection_c
[8.566s] [ 37%] [34m[1mGenerating C type support dispatch for ROS interfaces[0m
[8.920s] [ 38%] [32mBuilding CXX object CMakeFiles/std_srvs__rosidl_typesupport_c.dir/rosidl_typesupport_c/std_srvs/srv/empty__type_support.cpp.o[0m
[8.955s] [ 40%] [32mBuilding CXX object CMakeFiles/std_srvs__rosidl_typesupport_c.dir/rosidl_typesupport_c/std_srvs/srv/set_bool__type_support.cpp.o[0m
[8.995s] [ 42%] [32mBuilding CXX object CMakeFiles/std_srvs__rosidl_typesupport_c.dir/rosidl_typesupport_c/std_srvs/srv/trigger__type_support.cpp.o[0m
[9.026s] [ 44%] [32m[1mLinking CXX shared library libstd_srvs__rosidl_typesupport_c.so[0m
[9.063s] [ 44%] Built target std_srvs__rosidl_typesupport_c
[9.075s] [ 45%] [34m[1mGenerating C++ type support for eProsima Micro XRCE-DDS[0m
[9.487s] [ 47%] [32mBuilding CXX object CMakeFiles/std_srvs__rosidl_typesupport_microxrcedds_cpp.dir/rosidl_typesupport_microxrcedds_cpp/std_srvs/srv/detail/microxrcedds/empty__type_support_cpp.cpp.o[0m
[9.770s] [ 49%] [32mBuilding CXX object CMakeFiles/std_srvs__rosidl_typesupport_microxrcedds_cpp.dir/rosidl_typesupport_microxrcedds_cpp/std_srvs/srv/detail/microxrcedds/set_bool__type_support_cpp.cpp.o[0m
[10.055s] [ 50%] [32mBuilding CXX object CMakeFiles/std_srvs__rosidl_typesupport_microxrcedds_cpp.dir/rosidl_typesupport_microxrcedds_cpp/std_srvs/srv/detail/microxrcedds/trigger__type_support_cpp.cpp.o[0m
[10.328s] [ 52%] [32m[1mLinking CXX shared library libstd_srvs__rosidl_typesupport_microxrcedds_cpp.so[0m
[10.428s] [ 52%] Built target std_srvs__rosidl_typesupport_microxrcedds_cpp
[10.443s] [ 54%] [34m[1mGenerating C++ type support for eProsima Fast-RTPS[0m
[10.870s] [ 55%] [32mBuilding CXX object CMakeFiles/std_srvs__rosidl_typesupport_fastrtps_cpp.dir/rosidl_typesupport_fastrtps_cpp/std_srvs/srv/detail/dds_fastrtps/empty__type_support.cpp.o[0m
[11.204s] [ 57%] [32mBuilding CXX object CMakeFiles/std_srvs__rosidl_typesupport_fastrtps_cpp.dir/rosidl_typesupport_fastrtps_cpp/std_srvs/srv/detail/dds_fastrtps/set_bool__type_support.cpp.o[0m
[11.573s] [ 59%] [32mBuilding CXX object CMakeFiles/std_srvs__rosidl_typesupport_fastrtps_cpp.dir/rosidl_typesupport_fastrtps_cpp/std_srvs/srv/detail/dds_fastrtps/trigger__type_support.cpp.o[0m
[11.925s] [ 61%] [32m[1mLinking CXX shared library libstd_srvs__rosidl_typesupport_fastrtps_cpp.so[0m
[12.013s] [ 61%] Built target std_srvs__rosidl_typesupport_fastrtps_cpp
[12.024s] [ 62%] [34m[1mGenerating C++ introspection for ROS interfaces[0m
[12.444s] [ 64%] [32mBuilding CXX object CMakeFiles/std_srvs__rosidl_typesupport_introspection_cpp.dir/rosidl_typesupport_introspection_cpp/std_srvs/srv/detail/empty__type_support.cpp.o[0m
[12.773s] [ 66%] [32mBuilding CXX object CMakeFiles/std_srvs__rosidl_typesupport_introspection_cpp.dir/rosidl_typesupport_introspection_cpp/std_srvs/srv/detail/set_bool__type_support.cpp.o[0m
[13.110s] [ 67%] [32mBuilding CXX object CMakeFiles/std_srvs__rosidl_typesupport_introspection_cpp.dir/rosidl_typesupport_introspection_cpp/std_srvs/srv/detail/trigger__type_support.cpp.o[0m
[13.473s] [ 69%] [32m[1mLinking CXX shared library libstd_srvs__rosidl_typesupport_introspection_cpp.so[0m
[13.543s] [ 69%] Built target std_srvs__rosidl_typesupport_introspection_cpp
[13.553s] [ 71%] [34m[1mGenerating C++ type support dispatch for ROS interfaces[0m
[13.910s] [ 72%] [32mBuilding CXX object CMakeFiles/std_srvs__rosidl_typesupport_cpp.dir/rosidl_typesupport_cpp/std_srvs/srv/empty__type_support.cpp.o[0m
[14.170s] [ 74%] [32mBuilding CXX object CMakeFiles/std_srvs__rosidl_typesupport_cpp.dir/rosidl_typesupport_cpp/std_srvs/srv/set_bool__type_support.cpp.o[0m
[14.397s] [ 76%] [32mBuilding CXX object CMakeFiles/std_srvs__rosidl_typesupport_cpp.dir/rosidl_typesupport_cpp/std_srvs/srv/trigger__type_support.cpp.o[0m
[14.617s] [ 77%] [32m[1mLinking CXX shared library libstd_srvs__rosidl_typesupport_cpp.so[0m
[14.657s] [ 77%] Built target std_srvs__rosidl_typesupport_cpp
[14.881s] running egg_info
[14.885s] creating std_srvs.egg-info
[14.886s] writing std_srvs.egg-info/PKG-INFO
[14.886s] writing dependency_links to std_srvs.egg-info/dependency_links.txt
[14.886s] writing top-level names to std_srvs.egg-info/top_level.txt
[14.886s] writing manifest file 'std_srvs.egg-info/SOURCES.txt'
[14.886s] reading manifest file 'std_srvs.egg-info/SOURCES.txt'
[14.886s] writing manifest file 'std_srvs.egg-info/SOURCES.txt'
[14.916s] [ 77%] Built target ament_cmake_python_build_std_srvs_egg
[14.937s] [ 77%] Built target std_srvs
[14.956s] [ 79%] [34m[1mGenerating Python code for ROS interfaces[0m
[15.689s] [ 79%] Built target std_srvs__py
[15.708s] [ 81%] [32mBuilding C object CMakeFiles/std_srvs__rosidl_generator_py.dir/rosidl_generator_py/std_srvs/srv/_empty_s.c.o[0m
[15.796s] [ 83%] [32mBuilding C object CMakeFiles/std_srvs__rosidl_generator_py.dir/rosidl_generator_py/std_srvs/srv/_set_bool_s.c.o[0m
[15.891s] [ 84%] [32mBuilding C object CMakeFiles/std_srvs__rosidl_generator_py.dir/rosidl_generator_py/std_srvs/srv/_trigger_s.c.o[0m
[15.978s] [ 86%] [32m[1mLinking C shared library rosidl_generator_py/std_srvs/libstd_srvs__rosidl_generator_py.so[0m
[16.020s] [ 86%] Built target std_srvs__rosidl_generator_py
[16.040s] [ 88%] [32mBuilding C object CMakeFiles/std_srvs__rosidl_typesupport_microxrcedds_c__pyext.dir/rosidl_generator_py/std_srvs/_std_srvs_s.ep.rosidl_typesupport_microxrcedds_c.c.o[0m
[16.137s] [ 89%] [32m[1mLinking C shared library rosidl_generator_py/std_srvs/std_srvs_s__rosidl_typesupport_microxrcedds_c.cpython-310-x86_64-linux-gnu.so[0m
[16.169s] [ 89%] Built target std_srvs__rosidl_typesupport_microxrcedds_c__pyext
[16.190s] [ 91%] [32mBuilding C object CMakeFiles/std_srvs__rosidl_typesupport_fastrtps_c__pyext.dir/rosidl_generator_py/std_srvs/_std_srvs_s.ep.rosidl_typesupport_fastrtps_c.c.o[0m
[16.288s] [ 93%] [32m[1mLinking C shared library rosidl_generator_py/std_srvs/std_srvs_s__rosidl_typesupport_fastrtps_c.cpython-310-x86_64-linux-gnu.so[0m
[16.325s] [ 93%] Built target std_srvs__rosidl_typesupport_fastrtps_c__pyext
[16.343s] [ 94%] [32mBuilding C object CMakeFiles/std_srvs__rosidl_typesupport_introspection_c__pyext.dir/rosidl_generator_py/std_srvs/_std_srvs_s.ep.rosidl_typesupport_introspection_c.c.o[0m
[16.447s] [ 96%] [32m[1mLinking C shared library rosidl_generator_py/std_srvs/std_srvs_s__rosidl_typesupport_introspection_c.cpython-310-x86_64-linux-gnu.so[0m
[16.490s] [ 96%] Built target std_srvs__rosidl_typesupport_introspection_c__pyext
[16.512s] [ 98%] [32mBuilding C object CMakeFiles/std_srvs__rosidl_typesupport_c__pyext.dir/rosidl_generator_py/std_srvs/_std_srvs_s.ep.rosidl_typesupport_c.c.o[0m
[16.621s] [100%] [32m[1mLinking C shared library rosidl_generator_py/std_srvs/std_srvs_s__rosidl_typesupport_c.cpython-310-x86_64-linux-gnu.so[0m
[16.664s] [100%] Built target std_srvs__rosidl_typesupport_c__pyext
[16.680s] Invoked command in '/home/e/ros2_ws/build/std_srvs' returned '0': CMAKE_PREFIX_PATH=${CMAKE_PREFIX_PATH}:/opt/ros/humble /usr/bin/cmake --build /home/e/ros2_ws/build/std_srvs -- -j2 -l2
[16.680s] Invoking command in '/home/e/ros2_ws/build/std_srvs': CMAKE_PREFIX_PATH=${CMAKE_PREFIX_PATH}:/opt/ros/humble /usr/bin/cmake --install /home/e/ros2_ws/build/std_srvs
[16.688s] -- Install configuration: ""
[16.688s] -- Installing: /home/e/ros2_ws/install/std_srvs/share/ament_index/resource_index/rosidl_interfaces/std_srvs
[16.688s] -- Installing: /home/e/ros2_ws/install/std_srvs/include/std_srvs/std_srvs
[16.688s] -- Installing: /home/e/ros2_ws/install/std_srvs/include/std_srvs/std_srvs/msg
[16.688s] -- Installing: /home/e/ros2_ws/install/std_srvs/include/std_srvs/std_srvs/msg/rosidl_generator_c__visibility_control.h
[16.688s] -- Installing: /home/e/ros2_ws/install/std_srvs/include/std_srvs/std_srvs/srv
[16.688s] -- Installing: /home/e/ros2_ws/install/std_srvs/include/std_srvs/std_srvs/srv/empty.h
[16.688s] -- Installing: /home/e/ros2_ws/install/std_srvs/include/std_srvs/std_srvs/srv/set_bool.h
[16.688s] -- Installing: /home/e/ros2_ws/install/std_srvs/include/std_srvs/std_srvs/srv/detail
[16.689s] -- Installing: /home/e/ros2_ws/install/std_srvs/include/std_srvs/std_srvs/srv/detail/set_bool__functions.h
[16.689s] -- Installing: /home/e/ros2_ws/install/std_srvs/include/std_srvs/std_srvs/srv/detail/empty__functions.h
[16.689s] -- Installing: /home/e/ros2_ws/install/std_srvs/include/std_srvs/std_srvs/srv/detail/set_bool__functions.c
[16.689s] -- Installing: /home/e/ros2_ws/install/std_srvs/include/std_srvs/std_srvs/srv/detail/empty__type_support.h
[16.689s] -- Installing: /home/e/ros2_ws/install/std_srvs/include/std_srvs/std_srvs/srv/detail/empty__functions.c
[16.689s] -- Installing: /home/e/ros2_ws/install/std_srvs/include/std_srvs/std_srvs/srv/detail/trigger__functions.c
[16.689s] -- Installing: /home/e/ros2_ws/install/std_srvs/include/std_srvs/std_srvs/srv/detail/set_bool__struct.h
[16.689s] -- Installing: /home/e/ros2_ws/install/std_srvs/include/std_srvs/std_srvs/srv/detail/trigger__functions.h
[16.689s] -- Installing: /home/e/ros2_ws/install/std_srvs/include/std_srvs/std_srvs/srv/detail/trigger__struct.h
[16.689s] -- Installing: /home/e/ros2_ws/install/std_srvs/include/std_srvs/std_srvs/srv/detail/empty__struct.h
[16.689s] -- Installing: /home/e/ros2_ws/install/std_srvs/include/std_srvs/std_srvs/srv/detail/trigger__type_support.h
[16.689s] -- Installing: /home/e/ros2_ws/install/std_srvs/include/std_srvs/std_srvs/srv/detail/set_bool__type_support.h
[16.692s] -- Installing: /home/e/ros2_ws/install/std_srvs/include/std_srvs/std_srvs/srv/trigger.h
[16.692s] -- Installing: /home/e/ros2_ws/install/std_srvs/share/std_srvs/environment/library_path.sh
[16.692s] -- Installing: /home/e/ros2_ws/install/std_srvs/share/std_srvs/environment/library_path.dsv
[16.692s] -- Installing: /home/e/ros2_ws/install/std_srvs/lib/libstd_srvs__rosidl_generator_c.so
[16.692s] -- Set runtime path of "/home/e/ros2_ws/install/std_srvs/lib/libstd_srvs__rosidl_generator_c.so" to ""
[16.693s] -- Up-to-date: /home/e/ros2_ws/install/std_srvs/include/std_srvs/std_srvs
[16.693s] -- Up-to-date: /home/e/ros2_ws/install/std_srvs/include/std_srvs/std_srvs/msg
[16.693s] -- Installing: /home/e/ros2_ws/install/std_srvs/include/std_srvs/std_srvs/msg/rosidl_typesupport_microxrcedds_c__visibility_control.h
[16.693s] -- Up-to-date: /home/e/ros2_ws/install/std_srvs/include/std_srvs/std_srvs/srv
[16.693s] -- Up-to-date: /home/e/ros2_ws/install/std_srvs/include/std_srvs/std_srvs/srv/detail
[16.693s] -- Installing: /home/e/ros2_ws/install/std_srvs/include/std_srvs/std_srvs/srv/detail/microxrcedds
[16.693s] -- Installing: /home/e/ros2_ws/install/std_srvs/include/std_srvs/std_srvs/srv/detail/empty__rosidl_typesupport_microxrcedds_c.h
[16.693s] -- Installing: /home/e/ros2_ws/install/std_srvs/include/std_srvs/std_srvs/srv/detail/trigger__rosidl_typesupport_microxrcedds_c.h
[16.693s] -- Installing: /home/e/ros2_ws/install/std_srvs/include/std_srvs/std_srvs/srv/detail/set_bool__rosidl_typesupport_microxrcedds_c.h
[16.693s] -- Installing: /home/e/ros2_ws/install/std_srvs/lib/libstd_srvs__rosidl_typesupport_microxrcedds_c.so
[16.693s] -- Set runtime path of "/home/e/ros2_ws/install/std_srvs/lib/libstd_srvs__rosidl_typesupport_microxrcedds_c.so" to ""
[16.693s] -- Up-to-date: /home/e/ros2_ws/install/std_srvs/include/std_srvs/std_srvs
[16.693s] -- Up-to-date: /home/e/ros2_ws/install/std_srvs/include/std_srvs/std_srvs/msg
[16.693s] -- Installing: /home/e/ros2_ws/install/std_srvs/include/std_srvs/std_srvs/msg/rosidl_typesupport_fastrtps_c__visibility_control.h
[16.693s] -- Up-to-date: /home/e/ros2_ws/install/std_srvs/include/std_srvs/std_srvs/srv
[16.693s] -- Up-to-date: /home/e/ros2_ws/install/std_srvs/include/std_srvs/std_srvs/srv/detail
[16.693s] -- Installing: /home/e/ros2_ws/install/std_srvs/include/std_srvs/std_srvs/srv/detail/set_bool__rosidl_typesupport_fastrtps_c.h
[16.693s] -- Installing: /home/e/ros2_ws/install/std_srvs/include/std_srvs/std_srvs/srv/detail/trigger__rosidl_typesupport_fastrtps_c.h
[16.693s] -- Installing: /home/e/ros2_ws/install/std_srvs/include/std_srvs/std_srvs/srv/detail/empty__rosidl_typesupport_fastrtps_c.h
[16.693s] -- Installing: /home/e/ros2_ws/install/std_srvs/lib/libstd_srvs__rosidl_typesupport_fastrtps_c.so
[16.694s] -- Set runtime path of "/home/e/ros2_ws/install/std_srvs/lib/libstd_srvs__rosidl_typesupport_fastrtps_c.so" to ""
[16.694s] -- Up-to-date: /home/e/ros2_ws/install/std_srvs/include/std_srvs/std_srvs
[16.694s] -- Up-to-date: /home/e/ros2_ws/install/std_srvs/include/std_srvs/std_srvs/msg
[16.694s] -- Installing: /home/e/ros2_ws/install/std_srvs/include/std_srvs/std_srvs/msg/rosidl_typesupport_introspection_c__visibility_control.h
[16.695s] -- Up-to-date: /home/e/ros2_ws/install/std_srvs/include/std_srvs/std_srvs/srv
[16.695s] -- Up-to-date: /home/e/ros2_ws/install/std_srvs/include/std_srvs/std_srvs/srv/detail
[16.695s] -- Installing: /home/e/ros2_ws/install/std_srvs/include/std_srvs/std_srvs/srv/detail/empty__rosidl_typesupport_introspection_c.h
[16.695s] -- Installing: /home/e/ros2_ws/install/std_srvs/include/std_srvs/std_srvs/srv/detail/trigger__type_support.c
[16.695s] -- Installing: /home/e/ros2_ws/install/std_srvs/include/std_srvs/std_srvs/srv/detail/set_bool__rosidl_typesupport_introspection_c.h
[16.695s] -- Installing: /home/e/ros2_ws/install/std_srvs/include/std_srvs/std_srvs/srv/detail/set_bool__type_support.c
[16.695s] -- Installing: /home/e/ros2_ws/install/std_srvs/include/std_srvs/std_srvs/srv/detail/empty__type_support.c
[16.695s] -- Installing: /home/e/ros2_ws/install/std_srvs/include/std_srvs/std_srvs/srv/detail/trigger__rosidl_typesupport_introspection_c.h
[16.695s] -- Installing: /home/e/ros2_ws/install/std_srvs/lib/libstd_srvs__rosidl_typesupport_introspection_c.so
[16.695s] -- Set runtime path of "/home/e/ros2_ws/install/std_srvs/lib/libstd_srvs__rosidl_typesupport_introspection_c.so" to ""
[16.696s] -- Installing: /home/e/ros2_ws/install/std_srvs/lib/libstd_srvs__rosidl_typesupport_c.so
[16.698s] -- Set runtime path of "/home/e/ros2_ws/install/std_srvs/lib/libstd_srvs__rosidl_typesupport_c.so" to ""
[16.698s] -- Up-to-date: /home/e/ros2_ws/install/std_srvs/include/std_srvs/std_srvs
[16.698s] -- Up-to-date: /home/e/ros2_ws/install/std_srvs/include/std_srvs/std_srvs/msg
[16.698s] -- Installing: /home/e/ros2_ws/install/std_srvs/include/std_srvs/std_srvs/msg/rosidl_generator_cpp__visibility_control.hpp
[16.698s] -- Up-to-date: /home/e/ros2_ws/install/std_srvs/include/std_srvs/std_srvs/srv
[16.698s] -- Installing: /home/e/ros2_ws/install/std_srvs/include/std_srvs/std_srvs/srv/empty.hpp
[16.698s] -- Installing: /home/e/ros2_ws/install/std_srvs/include/std_srvs/std_srvs/srv/set_bool.hpp
[16.698s] -- Installing: /home/e/ros2_ws/install/std_srvs/include/std_srvs/std_srvs/srv/trigger.hpp
[16.698s] -- Up-to-date: /home/e/ros2_ws/install/std_srvs/include/std_srvs/std_srvs/srv/detail
[16.698s] -- Installing: /home/e/ros2_ws/install/std_srvs/include/std_srvs/std_srvs/srv/detail/set_bool__builder.hpp
[16.699s] -- Installing: /home/e/ros2_ws/install/std_srvs/include/std_srvs/std_srvs/srv/detail/empty__struct.hpp
[16.699s] -- Installing: /home/e/ros2_ws/install/std_srvs/include/std_srvs/std_srvs/srv/detail/trigger__struct.hpp
[16.699s] -- Installing: /home/e/ros2_ws/install/std_srvs/include/std_srvs/std_srvs/srv/detail/trigger__traits.hpp
[16.699s] -- Installing: /home/e/ros2_ws/install/std_srvs/include/std_srvs/std_srvs/srv/detail/set_bool__struct.hpp
[16.699s] -- Installing: /home/e/ros2_ws/install/std_srvs/include/std_srvs/std_srvs/srv/detail/trigger__type_support.hpp
[16.699s] -- Installing: /home/e/ros2_ws/install/std_srvs/include/std_srvs/std_srvs/srv/detail/empty__builder.hpp
[16.699s] -- Installing: /home/e/ros2_ws/install/std_srvs/include/std_srvs/std_srvs/srv/detail/set_bool__traits.hpp
[16.699s] -- Installing: /home/e/ros2_ws/install/std_srvs/include/std_srvs/std_srvs/srv/detail/empty__traits.hpp
[16.699s] -- Installing: /home/e/ros2_ws/install/std_srvs/include/std_srvs/std_srvs/srv/detail/empty__type_support.hpp
[16.699s] -- Installing: /home/e/ros2_ws/install/std_srvs/include/std_srvs/std_srvs/srv/detail/set_bool__type_support.hpp
[16.699s] -- Installing: /home/e/ros2_ws/install/std_srvs/include/std_srvs/std_srvs/srv/detail/trigger__builder.hpp
[16.699s] -- Up-to-date: /home/e/ros2_ws/install/std_srvs/include/std_srvs/std_srvs
[16.699s] -- Up-to-date: /home/e/ros2_ws/install/std_srvs/include/std_srvs/std_srvs/msg
[16.699s] -- Installing: /home/e/ros2_ws/install/std_srvs/include/std_srvs/std_srvs/msg/rosidl_typesupport_microxrcedds_cpp__visibility_control.h
[16.699s] -- Up-to-date: /home/e/ros2_ws/install/std_srvs/include/std_srvs/std_srvs/srv
[16.699s] -- Up-to-date: /home/e/ros2_ws/install/std_srvs/include/std_srvs/std_srvs/srv/detail
[16.699s] -- Up-to-date: /home/e/ros2_ws/install/std_srvs/include/std_srvs/std_srvs/srv/detail/microxrcedds
[16.699s] -- Installing: /home/e/ros2_ws/install/std_srvs/include/std_srvs/std_srvs/srv/detail/empty__rosidl_typesupport_microxrcedds_cpp.hpp
[16.699s] -- Installing: /home/e/ros2_ws/install/std_srvs/include/std_srvs/std_srvs/srv/detail/trigger__rosidl_typesupport_microxrcedds_cpp.hpp
[16.699s] -- Installing: /home/e/ros2_ws/install/std_srvs/include/std_srvs/std_srvs/srv/detail/set_bool__rosidl_typesupport_microxrcedds_cpp.hpp
[16.699s] -- Installing: /home/e/ros2_ws/install/std_srvs/lib/libstd_srvs__rosidl_typesupport_microxrcedds_cpp.so
[16.699s] -- Set runtime path of "/home/e/ros2_ws/install/std_srvs/lib/libstd_srvs__rosidl_typesupport_microxrcedds_cpp.so" to ""
[16.701s] -- Up-to-date: /home/e/ros2_ws/install/std_srvs/include/std_srvs/std_srvs
[16.702s] -- Up-to-date: /home/e/ros2_ws/install/std_srvs/include/std_srvs/std_srvs/msg
[16.702s] -- Installing: /home/e/ros2_ws/install/std_srvs/include/std_srvs/std_srvs/msg/rosidl_typesupport_fastrtps_cpp__visibility_control.h
[16.702s] -- Up-to-date: /home/e/ros2_ws/install/std_srvs/include/std_srvs/std_srvs/srv
[16.702s] -- Up-to-date: /home/e/ros2_ws/install/std_srvs/include/std_srvs/std_srvs/srv/detail
[16.702s] -- Installing: /home/e/ros2_ws/install/std_srvs/include/std_srvs/std_srvs/srv/detail/empty__rosidl_typesupport_fastrtps_cpp.hpp
[16.702s] -- Installing: /home/e/ros2_ws/install/std_srvs/include/std_srvs/std_srvs/srv/detail/dds_fastrtps
[16.702s] -- Installing: /home/e/ros2_ws/install/std_srvs/include/std_srvs/std_srvs/srv/detail/trigger__rosidl_typesupport_fastrtps_cpp.hpp
[16.702s] -- Installing: /home/e/ros2_ws/install/std_srvs/include/std_srvs/std_srvs/srv/detail/set_bool__rosidl_typesupport_fastrtps_cpp.hpp
[16.702s] -- Installing: /home/e/ros2_ws/install/std_srvs/lib/libstd_srvs__rosidl_typesupport_fastrtps_cpp.so
[16.702s] -- Set runtime path of "/home/e/ros2_ws/install/std_srvs/lib/libstd_srvs__rosidl_typesupport_fastrtps_cpp.so" to ""
[16.703s] -- Up-to-date: /home/e/ros2_ws/install/std_srvs/include/std_srvs/std_srvs
[16.703s] -- Up-to-date: /home/e/ros2_ws/install/std_srvs/include/std_srvs/std_srvs/srv
[16.703s] -- Up-to-date: /home/e/ros2_ws/install/std_srvs/include/std_srvs/std_srvs/srv/detail
[16.703s] -- Installing: /home/e/ros2_ws/install/std_srvs/include/std_srvs/std_srvs/srv/detail/trigger__rosidl_typesupport_introspection_cpp.hpp
[16.703s] -- Installing: /home/e/ros2_ws/install/std_srvs/include/std_srvs/std_srvs/srv/detail/empty__rosidl_typesupport_introspection_cpp.hpp
[16.703s] -- Installing: /home/e/ros2_ws/install/std_srvs/include/std_srvs/std_srvs/srv/detail/trigger__type_support.cpp
[16.703s] -- Installing: /home/e/ros2_ws/install/std_srvs/include/std_srvs/std_srvs/srv/detail/empty__type_support.cpp
[16.703s] -- Installing: /home/e/ros2_ws/install/std_srvs/include/std_srvs/std_srvs/srv/detail/set_bool__rosidl_typesupport_introspection_cpp.hpp
[16.703s] -- Installing: /home/e/ros2_ws/install/std_srvs/include/std_srvs/std_srvs/srv/detail/set_bool__type_support.cpp
[16.703s] -- Installing: /home/e/ros2_ws/install/std_srvs/lib/libstd_srvs__rosidl_typesupport_introspection_cpp.so
[16.706s] -- Set runtime path of "/home/e/ros2_ws/install/std_srvs/lib/libstd_srvs__rosidl_typesupport_introspection_cpp.so" to ""
[16.706s] -- Installing: /home/e/ros2_ws/install/std_srvs/lib/libstd_srvs__rosidl_typesupport_cpp.so
[16.706s] -- Set runtime path of "/home/e/ros2_ws/install/std_srvs/lib/libstd_srvs__rosidl_typesupport_cpp.so" to ""
[16.706s] -- Installing: /home/e/ros2_ws/install/std_srvs/share/std_srvs/environment/pythonpath.sh
[16.706s] -- Installing: /home/e/ros2_ws/install/std_srvs/share/std_srvs/environment/pythonpath.dsv
[16.706s] -- Installing: /home/e/ros2_ws/install/std_srvs/local/lib/python3.10/dist-packages/std_srvs-4.9.0-py3.10.egg-info
[16.706s] -- Installing: /home/e/ros2_ws/install/std_srvs/local/lib/python3.10/dist-packages/std_srvs-4.9.0-py3.10.egg-info/PKG-INFO
[16.706s] -- Installing: /home/e/ros2_ws/install/std_srvs/local/lib/python3.10/dist-packages/std_srvs-4.9.0-py3.10.egg-info/top_level.txt
[16.706s] -- Installing: /home/e/ros2_ws/install/std_srvs/local/lib/python3.10/dist-packages/std_srvs-4.9.0-py3.10.egg-info/SOURCES.txt
[16.706s] -- Installing: /home/e/ros2_ws/install/std_srvs/local/lib/python3.10/dist-packages/std_srvs-4.9.0-py3.10.egg-info/dependency_links.txt
[16.706s] -- Installing: /home/e/ros2_ws/install/std_srvs/local/lib/python3.10/dist-packages/std_srvs
[16.706s] -- Installing: /home/e/ros2_ws/install/std_srvs/local/lib/python3.10/dist-packages/std_srvs/_std_srvs_s.ep.rosidl_typesupport_microxrcedds_c.c
[16.706s] -- Installing: /home/e/ros2_ws/install/std_srvs/local/lib/python3.10/dist-packages/std_srvs/_std_srvs_s.ep.rosidl_typesupport_c.c
[16.706s] -- Installing: /home/e/ros2_ws/install/std_srvs/local/lib/python3.10/dist-packages/std_srvs/std_srvs_s__rosidl_typesupport_microxrcedds_c.cpython-310-x86_64-linux-gnu.so
[16.706s] -- Installing: /home/e/ros2_ws/install/std_srvs/local/lib/python3.10/dist-packages/std_srvs/srv
[16.706s] -- Installing: /home/e/ros2_ws/install/std_srvs/local/lib/python3.10/dist-packages/std_srvs/srv/_set_bool.py
[16.706s] -- Installing: /home/e/ros2_ws/install/std_srvs/local/lib/python3.10/dist-packages/std_srvs/srv/_set_bool_s.c
[16.706s] -- Installing: /home/e/ros2_ws/install/std_srvs/local/lib/python3.10/dist-packages/std_srvs/srv/_trigger.py
[16.706s] -- Installing: /home/e/ros2_ws/install/std_srvs/local/lib/python3.10/dist-packages/std_srvs/srv/_trigger_s.c
[16.706s] -- Installing: /home/e/ros2_ws/install/std_srvs/local/lib/python3.10/dist-packages/std_srvs/srv/__init__.py
[16.706s] -- Installing: /home/e/ros2_ws/install/std_srvs/local/lib/python3.10/dist-packages/std_srvs/srv/_empty.py
[16.707s] -- Installing: /home/e/ros2_ws/install/std_srvs/local/lib/python3.10/dist-packages/std_srvs/srv/_empty_s.c
[16.707s] -- Installing: /home/e/ros2_ws/install/std_srvs/local/lib/python3.10/dist-packages/std_srvs/std_srvs_s__rosidl_typesupport_introspection_c.cpython-310-x86_64-linux-gnu.so
[16.707s] -- Installing: /home/e/ros2_ws/install/std_srvs/local/lib/python3.10/dist-packages/std_srvs/std_srvs_s__rosidl_typesupport_fastrtps_c.cpython-310-x86_64-linux-gnu.so
[16.707s] -- Installing: /home/e/ros2_ws/install/std_srvs/local/lib/python3.10/dist-packages/std_srvs/_std_srvs_s.ep.rosidl_typesupport_introspection_c.c
[16.707s] -- Installing: /home/e/ros2_ws/install/std_srvs/local/lib/python3.10/dist-packages/std_srvs/std_srvs_s__rosidl_typesupport_c.cpython-310-x86_64-linux-gnu.so
[16.707s] -- Installing: /home/e/ros2_ws/install/std_srvs/local/lib/python3.10/dist-packages/std_srvs/libstd_srvs__rosidl_generator_py.so
[16.707s] -- Installing: /home/e/ros2_ws/install/std_srvs/local/lib/python3.10/dist-packages/std_srvs/__init__.py
[16.707s] -- Installing: /home/e/ros2_ws/install/std_srvs/local/lib/python3.10/dist-packages/std_srvs/_std_srvs_s.ep.rosidl_typesupport_fastrtps_c.c
[16.746s] Listing '/home/e/ros2_ws/install/std_srvs/local/lib/python3.10/dist-packages/std_srvs'...
[16.746s] Compiling '/home/e/ros2_ws/install/std_srvs/local/lib/python3.10/dist-packages/std_srvs/__init__.py'...
[16.746s] Listing '/home/e/ros2_ws/install/std_srvs/local/lib/python3.10/dist-packages/std_srvs/srv'...
[16.746s] Compiling '/home/e/ros2_ws/install/std_srvs/local/lib/python3.10/dist-packages/std_srvs/srv/__init__.py'...
[16.746s] Compiling '/home/e/ros2_ws/install/std_srvs/local/lib/python3.10/dist-packages/std_srvs/srv/_empty.py'...
[16.746s] Compiling '/home/e/ros2_ws/install/std_srvs/local/lib/python3.10/dist-packages/std_srvs/srv/_set_bool.py'...
[16.747s] Compiling '/home/e/ros2_ws/install/std_srvs/local/lib/python3.10/dist-packages/std_srvs/srv/_trigger.py'...
[16.751s] -- Installing: /home/e/ros2_ws/install/std_srvs/local/lib/python3.10/dist-packages/std_srvs/std_srvs_s__rosidl_typesupport_microxrcedds_c.cpython-310-x86_64-linux-gnu.so
[16.751s] -- Set runtime path of "/home/e/ros2_ws/install/std_srvs/local/lib/python3.10/dist-packages/std_srvs/std_srvs_s__rosidl_typesupport_microxrcedds_c.cpython-310-x86_64-linux-gnu.so" to ""
[16.752s] -- Installing: /home/e/ros2_ws/install/std_srvs/local/lib/python3.10/dist-packages/std_srvs/std_srvs_s__rosidl_typesupport_fastrtps_c.cpython-310-x86_64-linux-gnu.so
[16.752s] -- Set runtime path of "/home/e/ros2_ws/install/std_srvs/local/lib/python3.10/dist-packages/std_srvs/std_srvs_s__rosidl_typesupport_fastrtps_c.cpython-310-x86_64-linux-gnu.so" to ""
[16.752s] -- Installing: /home/e/ros2_ws/install/std_srvs/local/lib/python3.10/dist-packages/std_srvs/std_srvs_s__rosidl_typesupport_introspection_c.cpython-310-x86_64-linux-gnu.so
[16.752s] -- Set runtime path of "/home/e/ros2_ws/install/std_srvs/local/lib/python3.10/dist-packages/std_srvs/std_srvs_s__rosidl_typesupport_introspection_c.cpython-310-x86_64-linux-gnu.so" to ""
[16.752s] -- Installing: /home/e/ros2_ws/install/std_srvs/local/lib/python3.10/dist-packages/std_srvs/std_srvs_s__rosidl_typesupport_c.cpython-310-x86_64-linux-gnu.so
[16.752s] -- Set runtime path of "/home/e/ros2_ws/install/std_srvs/local/lib/python3.10/dist-packages/std_srvs/std_srvs_s__rosidl_typesupport_c.cpython-310-x86_64-linux-gnu.so" to ""
[16.753s] -- Installing: /home/e/ros2_ws/install/std_srvs/lib/libstd_srvs__rosidl_generator_py.so
[16.753s] -- Set runtime path of "/home/e/ros2_ws/install/std_srvs/lib/libstd_srvs__rosidl_generator_py.so" to ""
[16.753s] -- Installing: /home/e/ros2_ws/install/std_srvs/share/std_srvs/srv/Empty.idl
[16.753s] -- Installing: /home/e/ros2_ws/install/std_srvs/share/std_srvs/srv/SetBool.idl
[16.753s] -- Installing: /home/e/ros2_ws/install/std_srvs/share/std_srvs/srv/Trigger.idl
[16.753s] -- Installing: /home/e/ros2_ws/install/std_srvs/share/std_srvs/srv/Empty.srv
[16.754s] -- Installing: /home/e/ros2_ws/install/std_srvs/share/std_srvs/srv/Empty_Request.msg
[16.755s] -- Installing: /home/e/ros2_ws/install/std_srvs/share/std_srvs/srv/Empty_Response.msg
[16.755s] -- Installing: /home/e/ros2_ws/install/std_srvs/share/std_srvs/srv/SetBool.srv
[16.755s] -- Installing: /home/e/ros2_ws/install/std_srvs/share/std_srvs/srv/SetBool_Request.msg
[16.755s] -- Installing: /home/e/ros2_ws/install/std_srvs/share/std_srvs/srv/SetBool_Response.msg
[16.755s] -- Installing: /home/e/ros2_ws/install/std_srvs/share/std_srvs/srv/Trigger.srv
[16.755s] -- Installing: /home/e/ros2_ws/install/std_srvs/share/std_srvs/srv/Trigger_Request.msg
[16.755s] -- Installing: /home/e/ros2_ws/install/std_srvs/share/std_srvs/srv/Trigger_Response.msg
[16.755s] -- Installing: /home/e/ros2_ws/install/std_srvs/share/ament_index/resource_index/package_run_dependencies/std_srvs
[16.755s] -- Installing: /home/e/ros2_ws/install/std_srvs/share/ament_index/resource_index/parent_prefix_path/std_srvs
[16.755s] -- Installing: /home/e/ros2_ws/install/std_srvs/share/std_srvs/environment/ament_prefix_path.sh
[16.755s] -- Installing: /home/e/ros2_ws/install/std_srvs/share/std_srvs/environment/ament_prefix_path.dsv
[16.755s] -- Installing: /home/e/ros2_ws/install/std_srvs/share/std_srvs/environment/path.sh
[16.755s] -- Installing: /home/e/ros2_ws/install/std_srvs/share/std_srvs/environment/path.dsv
[16.755s] -- Installing: /home/e/ros2_ws/install/std_srvs/share/std_srvs/local_setup.bash
[16.755s] -- Installing: /home/e/ros2_ws/install/std_srvs/share/std_srvs/local_setup.sh
[16.755s] -- Installing: /home/e/ros2_ws/install/std_srvs/share/std_srvs/local_setup.zsh
[16.755s] -- Installing: /home/e/ros2_ws/install/std_srvs/share/std_srvs/local_setup.dsv
[16.756s] -- Installing: /home/e/ros2_ws/install/std_srvs/share/std_srvs/package.dsv
[16.756s] -- Installing: /home/e/ros2_ws/install/std_srvs/share/ament_index/resource_index/packages/std_srvs
[16.756s] -- Installing: /home/e/ros2_ws/install/std_srvs/share/std_srvs/cmake/export_std_srvs__rosidl_generator_cExport.cmake
[16.756s] -- Installing: /home/e/ros2_ws/install/std_srvs/share/std_srvs/cmake/export_std_srvs__rosidl_generator_cExport-noconfig.cmake
[16.756s] -- Installing: /home/e/ros2_ws/install/std_srvs/share/std_srvs/cmake/export_std_srvs__rosidl_typesupport_fastrtps_cExport.cmake
[16.757s] -- Installing: /home/e/ros2_ws/install/std_srvs/share/std_srvs/cmake/export_std_srvs__rosidl_typesupport_fastrtps_cExport-noconfig.cmake
[16.757s] -- Installing: /home/e/ros2_ws/install/std_srvs/share/std_srvs/cmake/std_srvs__rosidl_typesupport_introspection_cExport.cmake
[16.758s] -- Installing: /home/e/ros2_ws/install/std_srvs/share/std_srvs/cmake/std_srvs__rosidl_typesupport_introspection_cExport-noconfig.cmake
[16.758s] -- Installing: /home/e/ros2_ws/install/std_srvs/share/std_srvs/cmake/std_srvs__rosidl_typesupport_cExport.cmake
[16.758s] -- Installing: /home/e/ros2_ws/install/std_srvs/share/std_srvs/cmake/std_srvs__rosidl_typesupport_cExport-noconfig.cmake
[16.758s] -- Installing: /home/e/ros2_ws/install/std_srvs/share/std_srvs/cmake/export_std_srvs__rosidl_generator_cppExport.cmake
[16.758s] -- Installing: /home/e/ros2_ws/install/std_srvs/share/std_srvs/cmake/export_std_srvs__rosidl_typesupport_fastrtps_cppExport.cmake
[16.758s] -- Installing: /home/e/ros2_ws/install/std_srvs/share/std_srvs/cmake/export_std_srvs__rosidl_typesupport_fastrtps_cppExport-noconfig.cmake
[16.758s] -- Installing: /home/e/ros2_ws/install/std_srvs/share/std_srvs/cmake/std_srvs__rosidl_typesupport_introspection_cppExport.cmake
[16.758s] -- Installing: /home/e/ros2_ws/install/std_srvs/share/std_srvs/cmake/std_srvs__rosidl_typesupport_introspection_cppExport-noconfig.cmake
[16.758s] -- Installing: /home/e/ros2_ws/install/std_srvs/share/std_srvs/cmake/std_srvs__rosidl_typesupport_cppExport.cmake
[16.758s] -- Installing: /home/e/ros2_ws/install/std_srvs/share/std_srvs/cmake/std_srvs__rosidl_typesupport_cppExport-noconfig.cmake
[16.758s] -- Installing: /home/e/ros2_ws/install/std_srvs/share/std_srvs/cmake/export_std_srvs__rosidl_generator_pyExport.cmake
[16.758s] -- Installing: /home/e/ros2_ws/install/std_srvs/share/std_srvs/cmake/export_std_srvs__rosidl_generator_pyExport-noconfig.cmake
[16.758s] -- Installing: /home/e/ros2_ws/install/std_srvs/share/std_srvs/cmake/rosidl_cmake-extras.cmake
[16.758s] -- Installing: /home/e/ros2_ws/install/std_srvs/share/std_srvs/cmake/ament_cmake_export_include_directories-extras.cmake
[16.758s] -- Installing: /home/e/ros2_ws/install/std_srvs/share/std_srvs/cmake/ament_cmake_export_libraries-extras.cmake
[16.758s] -- Installing: /home/e/ros2_ws/install/std_srvs/share/std_srvs/cmake/ament_cmake_export_targets-extras.cmake
[16.758s] -- Installing: /home/e/ros2_ws/install/std_srvs/share/std_srvs/cmake/rosidl_cmake_export_typesupport_targets-extras.cmake
[16.758s] -- Installing: /home/e/ros2_ws/install/std_srvs/share/std_srvs/cmake/ament_cmake_export_dependencies-extras.cmake
[16.758s] -- Installing: /home/e/ros2_ws/install/std_srvs/share/std_srvs/cmake/rosidl_cmake_export_typesupport_libraries-extras.cmake
[16.758s] -- Installing: /home/e/ros2_ws/install/std_srvs/share/std_srvs/cmake/std_srvsConfig.cmake
[16.758s] -- Installing: /home/e/ros2_ws/install/std_srvs/share/std_srvs/cmake/std_srvsConfig-version.cmake
[16.758s] -- Installing: /home/e/ros2_ws/install/std_srvs/share/std_srvs/package.xml
[16.760s] Invoked command in '/home/e/ros2_ws/build/std_srvs' returned '0': CMAKE_PREFIX_PATH=${CMAKE_PREFIX_PATH}:/opt/ros/humble /usr/bin/cmake --install /home/e/ros2_ws/build/std_srvs
