[0.647s] Invoking command in '/home/e/ros2_ws/src/ros2/common_interfaces/sensor_msgs_py': AMENT_PREFIX_PATH=/home/e/ros2_ws/install/sensor_msgs:/home/e/ros2_ws/install/geometry_msgs:/home/e/ros2_ws/install/std_msgs:/home/e/ros2_ws/install/builtin_interfaces:${AMENT_PREFIX_PATH} CMAKE_PREFIX_PATH=/home/e/ros2_ws/install/sensor_msgs:/home/e/ros2_ws/install/geometry_msgs:/home/e/ros2_ws/install/std_msgs:/home/e/ros2_ws/install/builtin_interfaces:${CMAKE_PREFIX_PATH} LD_LIBRARY_PATH=/home/e/ros2_ws/install/sensor_msgs/lib:/home/e/ros2_ws/install/geometry_msgs/lib:/home/e/ros2_ws/install/std_msgs/lib:/home/e/ros2_ws/install/builtin_interfaces/lib:${LD_LIBRARY_PATH} PYTHONPATH=/home/e/ros2_ws/build/sensor_msgs_py/prefix_override:/usr/lib/python3/dist-packages/colcon_core/task/python/colcon_distutils_commands:/home/e/ros2_ws/install/sensor_msgs_py/lib/python3.10/site-packages:/home/e/ros2_ws/install/sensor_msgs/local/lib/python3.10/dist-packages:/home/e/ros2_ws/install/geometry_msgs/local/lib/python3.10/dist-packages:/home/e/ros2_ws/install/std_msgs/local/lib/python3.10/dist-packages:/home/e/ros2_ws/install/builtin_interfaces/local/lib/python3.10/dist-packages:${PYTHONPATH} /usr/bin/python3 -W ignore:setup.py install is deprecated -W ignore:easy_install command is deprecated setup.py egg_info --egg-base ../../../../build/sensor_msgs_py build --build-base /home/e/ros2_ws/build/sensor_msgs_py/build install --record /home/e/ros2_ws/build/sensor_msgs_py/install.log --single-version-externally-managed install_data
[0.922s] running egg_info
[0.923s] creating ../../../../build/sensor_msgs_py/sensor_msgs_py.egg-info
[0.923s] writing ../../../../build/sensor_msgs_py/sensor_msgs_py.egg-info/PKG-INFO
[0.924s] writing dependency_links to ../../../../build/sensor_msgs_py/sensor_msgs_py.egg-info/dependency_links.txt
[0.924s] writing requirements to ../../../../build/sensor_msgs_py/sensor_msgs_py.egg-info/requires.txt
[0.924s] writing top-level names to ../../../../build/sensor_msgs_py/sensor_msgs_py.egg-info/top_level.txt
[0.925s] writing manifest file '../../../../build/sensor_msgs_py/sensor_msgs_py.egg-info/SOURCES.txt'
[0.927s] reading manifest file '../../../../build/sensor_msgs_py/sensor_msgs_py.egg-info/SOURCES.txt'
[0.928s] adding license file 'LICENSE'
[0.929s] writing manifest file '../../../../build/sensor_msgs_py/sensor_msgs_py.egg-info/SOURCES.txt'
[0.929s] running build
[0.929s] running build_py
[0.929s] creating /home/e/ros2_ws/build/sensor_msgs_py/build
[0.929s] creating /home/e/ros2_ws/build/sensor_msgs_py/build/lib
[0.929s] creating /home/e/ros2_ws/build/sensor_msgs_py/build/lib/sensor_msgs_py
[0.929s] copying sensor_msgs_py/numpy_compat.py -> /home/e/ros2_ws/build/sensor_msgs_py/build/lib/sensor_msgs_py
[0.930s] copying sensor_msgs_py/__init__.py -> /home/e/ros2_ws/build/sensor_msgs_py/build/lib/sensor_msgs_py
[0.931s] copying sensor_msgs_py/point_cloud2.py -> /home/e/ros2_ws/build/sensor_msgs_py/build/lib/sensor_msgs_py
[0.931s] running install
[0.932s] running install_lib
[0.933s] creating /home/e/ros2_ws/install/sensor_msgs_py/lib/python3.10/site-packages/sensor_msgs_py
[0.933s] copying /home/e/ros2_ws/build/sensor_msgs_py/build/lib/sensor_msgs_py/numpy_compat.py -> /home/e/ros2_ws/install/sensor_msgs_py/lib/python3.10/site-packages/sensor_msgs_py
[0.933s] copying /home/e/ros2_ws/build/sensor_msgs_py/build/lib/sensor_msgs_py/__init__.py -> /home/e/ros2_ws/install/sensor_msgs_py/lib/python3.10/site-packages/sensor_msgs_py
[0.934s] copying /home/e/ros2_ws/build/sensor_msgs_py/build/lib/sensor_msgs_py/point_cloud2.py -> /home/e/ros2_ws/install/sensor_msgs_py/lib/python3.10/site-packages/sensor_msgs_py
[0.934s] byte-compiling /home/e/ros2_ws/install/sensor_msgs_py/lib/python3.10/site-packages/sensor_msgs_py/numpy_compat.py to numpy_compat.cpython-310.pyc
[0.935s] byte-compiling /home/e/ros2_ws/install/sensor_msgs_py/lib/python3.10/site-packages/sensor_msgs_py/__init__.py to __init__.cpython-310.pyc
[0.936s] byte-compiling /home/e/ros2_ws/install/sensor_msgs_py/lib/python3.10/site-packages/sensor_msgs_py/point_cloud2.py to point_cloud2.cpython-310.pyc
[0.938s] running install_data
[0.939s] creating /home/e/ros2_ws/install/sensor_msgs_py/share/ament_index
[0.939s] creating /home/e/ros2_ws/install/sensor_msgs_py/share/ament_index/resource_index
[0.939s] creating /home/e/ros2_ws/install/sensor_msgs_py/share/ament_index/resource_index/packages
[0.939s] copying resource/sensor_msgs_py -> /home/e/ros2_ws/install/sensor_msgs_py/share/ament_index/resource_index/packages
[0.939s] copying package.xml -> /home/e/ros2_ws/install/sensor_msgs_py/share/sensor_msgs_py
[0.940s] running install_egg_info
[0.944s] Copying ../../../../build/sensor_msgs_py/sensor_msgs_py.egg-info to /home/e/ros2_ws/install/sensor_msgs_py/lib/python3.10/site-packages/sensor_msgs_py-4.9.0-py3.10.egg-info
[0.945s] running install_scripts
[0.964s] writing list of installed files to '/home/e/ros2_ws/build/sensor_msgs_py/install.log'
[0.993s] Invoked command in '/home/e/ros2_ws/src/ros2/common_interfaces/sensor_msgs_py' returned '0': AMENT_PREFIX_PATH=/home/e/ros2_ws/install/sensor_msgs:/home/e/ros2_ws/install/geometry_msgs:/home/e/ros2_ws/install/std_msgs:/home/e/ros2_ws/install/builtin_interfaces:${AMENT_PREFIX_PATH} CMAKE_PREFIX_PATH=/home/e/ros2_ws/install/sensor_msgs:/home/e/ros2_ws/install/geometry_msgs:/home/e/ros2_ws/install/std_msgs:/home/e/ros2_ws/install/builtin_interfaces:${CMAKE_PREFIX_PATH} LD_LIBRARY_PATH=/home/e/ros2_ws/install/sensor_msgs/lib:/home/e/ros2_ws/install/geometry_msgs/lib:/home/e/ros2_ws/install/std_msgs/lib:/home/e/ros2_ws/install/builtin_interfaces/lib:${LD_LIBRARY_PATH} PYTHONPATH=/home/e/ros2_ws/build/sensor_msgs_py/prefix_override:/usr/lib/python3/dist-packages/colcon_core/task/python/colcon_distutils_commands:/home/e/ros2_ws/install/sensor_msgs_py/lib/python3.10/site-packages:/home/e/ros2_ws/install/sensor_msgs/local/lib/python3.10/dist-packages:/home/e/ros2_ws/install/geometry_msgs/local/lib/python3.10/dist-packages:/home/e/ros2_ws/install/std_msgs/local/lib/python3.10/dist-packages:/home/e/ros2_ws/install/builtin_interfaces/local/lib/python3.10/dist-packages:${PYTHONPATH} /usr/bin/python3 -W ignore:setup.py install is deprecated -W ignore:easy_install command is deprecated setup.py egg_info --egg-base ../../../../build/sensor_msgs_py build --build-base /home/e/ros2_ws/build/sensor_msgs_py/build install --record /home/e/ros2_ws/build/sensor_msgs_py/install.log --single-version-externally-managed install_data
